2026-04-22 02:56:42,777 fflow.py init [line:848] INFO PROCESS ID:	334897
2026-04-22 02:56:42,777 fflow.py init [line:849] INFO Initializing devices: cuda:0 will be used for this running.
2026-04-22 02:56:42,777 fflow.py init [line:852] INFO BENCHMARK:	task.domainnet_c6
2026-04-22 02:56:42,777 fflow.py init [line:853] INFO TASK:			task/domainnet_c6
2026-04-22 02:56:42,777 fflow.py init [line:854] INFO MODEL:		task.domainnet_c6.model.default_model
2026-04-22 02:56:42,778 fflow.py init [line:855] INFO ALGORITHM:	fedbn
2026-04-22 02:56:42,780 fflow.py init [line:901] INFO SCENE:		horizontal FL with 1 <class 'flgo.algorithm.fedbase.BasicServer'>, 6 <class 'algorithm.fedbn.Client'>
2026-04-22 02:56:43,179 fflow.py init [line:918] INFO SIMULATOR:	<class 'flgo.simulator.default_simulator.Simulator'>
2026-04-22 02:56:43,180 fflow.py init [line:931] INFO Ready to start.
2026-04-22 02:56:43,180 fedbase.py run [line:300] INFO --------------Initial Evaluation--------------
2026-04-22 02:57:36,162 __init__.py log_once [line:227] INFO local_val_accuracy            0.0900
2026-04-22 02:57:36,162 __init__.py log_once [line:227] INFO mean_local_val_accuracy       0.0876
2026-04-22 02:57:36,162 __init__.py log_once [line:227] INFO std_local_val_accuracy        0.0206
2026-04-22 02:57:36,162 __init__.py log_once [line:227] INFO min_local_val_accuracy        0.0510
2026-04-22 02:57:36,162 __init__.py log_once [line:227] INFO max_local_val_accuracy        0.1148
2026-04-22 02:57:36,162 __init__.py log_once [line:227] INFO local_val_loss                2.3037
2026-04-22 02:57:36,162 __init__.py log_once [line:227] INFO mean_local_val_loss           2.3040
2026-04-22 02:57:36,162 __init__.py log_once [line:227] INFO std_local_val_loss            0.0018
2026-04-22 02:57:36,162 __init__.py log_once [line:227] INFO min_local_val_loss            2.3018
2026-04-22 02:57:36,162 __init__.py log_once [line:227] INFO max_local_val_loss            2.3062
2026-04-22 02:57:36,162 __init__.py log_once [line:227] INFO local_test_accuracy           0.1049
2026-04-22 02:57:36,162 __init__.py log_once [line:227] INFO mean_local_test_accuracy      0.1017
2026-04-22 02:57:36,162 __init__.py log_once [line:227] INFO std_local_test_accuracy       0.0261
2026-04-22 02:57:36,162 __init__.py log_once [line:227] INFO min_local_test_accuracy       0.0658
2026-04-22 02:57:36,163 __init__.py log_once [line:227] INFO max_local_test_accuracy       0.1334
2026-04-22 02:57:36,163 __init__.py log_once [line:227] INFO local_test_loss               2.3035
2026-04-22 02:57:36,163 __init__.py log_once [line:227] INFO mean_local_test_loss          2.3038
2026-04-22 02:57:36,163 __init__.py log_once [line:227] INFO std_local_test_loss           0.0016
2026-04-22 02:57:36,163 __init__.py log_once [line:227] INFO min_local_test_loss           2.3021
2026-04-22 02:57:36,163 __init__.py log_once [line:227] INFO max_local_test_loss           2.3068
2026-04-22 02:57:36,163 fedbase.py run [line:303] INFO Eval Time Cost:               52.9831s
