2026-04-22 02:56:46,615 fflow.py init [line:848] INFO PROCESS ID:	335031
2026-04-22 02:56:46,615 fflow.py init [line:849] INFO Initializing devices: cuda:0 will be used for this running.
2026-04-22 02:56:46,615 fflow.py init [line:852] INFO BENCHMARK:	task.domainnet_c6
2026-04-22 02:56:46,615 fflow.py init [line:853] INFO TASK:			task/domainnet_c6
2026-04-22 02:56:46,615 fflow.py init [line:854] INFO MODEL:		task.domainnet_c6.model.default_model
2026-04-22 02:56:46,615 fflow.py init [line:855] INFO ALGORITHM:	fedbn
2026-04-22 02:56:46,618 fflow.py init [line:901] INFO SCENE:		horizontal FL with 1 <class 'flgo.algorithm.fedbase.BasicServer'>, 6 <class 'algorithm.fedbn.Client'>
2026-04-22 02:56:46,978 fflow.py init [line:918] INFO SIMULATOR:	<class 'flgo.simulator.default_simulator.Simulator'>
2026-04-22 02:56:46,979 fflow.py init [line:931] INFO Ready to start.
2026-04-22 02:56:46,979 fedbase.py run [line:300] INFO --------------Initial Evaluation--------------
2026-04-22 02:57:40,015 __init__.py log_once [line:227] INFO local_val_accuracy            0.0986
2026-04-22 02:57:40,015 __init__.py log_once [line:227] INFO mean_local_val_accuracy       0.0974
2026-04-22 02:57:40,015 __init__.py log_once [line:227] INFO std_local_val_accuracy        0.0245
2026-04-22 02:57:40,015 __init__.py log_once [line:227] INFO min_local_val_accuracy        0.0699
2026-04-22 02:57:40,015 __init__.py log_once [line:227] INFO max_local_val_accuracy        0.1260
2026-04-22 02:57:40,015 __init__.py log_once [line:227] INFO local_val_loss                2.3030
2026-04-22 02:57:40,015 __init__.py log_once [line:227] INFO mean_local_val_loss           2.3032
2026-04-22 02:57:40,015 __init__.py log_once [line:227] INFO std_local_val_loss            0.0011
2026-04-22 02:57:40,015 __init__.py log_once [line:227] INFO min_local_val_loss            2.3016
2026-04-22 02:57:40,015 __init__.py log_once [line:227] INFO max_local_val_loss            2.3053
2026-04-22 02:57:40,015 __init__.py log_once [line:227] INFO local_test_accuracy           0.0994
2026-04-22 02:57:40,015 __init__.py log_once [line:227] INFO mean_local_test_accuracy      0.0968
2026-04-22 02:57:40,015 __init__.py log_once [line:227] INFO std_local_test_accuracy       0.0244
2026-04-22 02:57:40,015 __init__.py log_once [line:227] INFO min_local_test_accuracy       0.0669
2026-04-22 02:57:40,015 __init__.py log_once [line:227] INFO max_local_test_accuracy       0.1312
2026-04-22 02:57:40,015 __init__.py log_once [line:227] INFO local_test_loss               2.3030
2026-04-22 02:57:40,015 __init__.py log_once [line:227] INFO mean_local_test_loss          2.3031
2026-04-22 02:57:40,015 __init__.py log_once [line:227] INFO std_local_test_loss           0.0007
2026-04-22 02:57:40,015 __init__.py log_once [line:227] INFO min_local_test_loss           2.3024
2026-04-22 02:57:40,016 __init__.py log_once [line:227] INFO max_local_test_loss           2.3045
2026-04-22 02:57:40,016 fedbase.py run [line:303] INFO Eval Time Cost:               53.0369s
