[Tee] 日志同步写入: /root/autodl-tmp/federated-learning/experiments/baselines/EXP-005_pacs_fedproto/terminal.log
==================================================
Start time: 2026-04-06 02:08:54
goal = test
device = cuda
device_id = 0
dataset = PACS
num_classes = 7
model = ResNet18
batch_size = 32
local_learning_rate = 0.005
learning_rate_decay = False
learning_rate_decay_gamma = 0.99
global_rounds = 50
top_cnt = 100
local_epochs = 5
algorithm = FedProto
join_ratio = 1.0
random_join_ratio = False
num_clients = 4
prev = 0
times = 1
eval_gap = 5
save_folder_name = items
auto_break = False
dlg_eval = False
dlg_gap = 100
batch_num_per_client = 2
num_new_clients = 0
fine_tuning_epoch_new = 0
feature_dim = 512
vocab_size = 80
max_len = 200
few_shot = 0
client_drop_rate = 0.0
train_slow_rate = 0.0
send_slow_rate = 0.0
time_select = False
time_threthold = 10000
beta = 0.0
lamda = 1.0
mu = 0.0
K = 5
p_learning_rate = 0.01
M = 5
itk = 4000
alphaK = 1.0
sigma = 1.0
alpha = 1.0
plocal_epochs = 1
tau = 1.0
fine_tuning_epochs = 10
dr_learning_rate = 0.0
L = 1.0
noise_dim = 512
generator_learning_rate = 0.005
hidden_dim = 512
server_epochs = 1000
localize_feature_extractor = False
server_learning_rate = 1.0
eta = 1.0
rand_percent = 80
layer_idx = 2
mentee_learning_rate = 0.005
T_start = 0.95
T_end = 0.98
momentum = 0.1
kl_weight = 0.0
first_stage_bound = 0
fedcross_alpha = 0.99
collaberative_model_select_strategy = 1
feat_dim = 512
proj_dim = 128
lambda_orth = 1.0
lambda_hsic = 0.1
lambda_sem = 1.0
warmup_rounds = 10
style_dispatch_num = 5
style_dedup = 0.95
style_bank_max = 50
exp_dir = /root/autodl-tmp/federated-learning/experiments/baselines/EXP-005_pacs_fedproto
pretrained = True
==================================================

============= Running time: 0th =============
Creating server and clients ...
[Model] ResNet18 pretrained=True, fc replaced: 512 -> 7
ResNet(
  (conv1): Conv2d(3, 64, kernel_size=(7, 7), stride=(2, 2), padding=(3, 3), bias=False)
  (bn1): BatchNorm2d(64, eps=1e-05, momentum=0.1, affine=True, track_running_stats=True)
  (relu): ReLU(inplace=True)
  (maxpool): MaxPool2d(kernel_size=3, stride=2, padding=1, dilation=1, ceil_mode=False)
  (layer1): Sequential(
    (0): BasicBlock(
      (conv1): Conv2d(64, 64, kernel_size=(3, 3), stride=(1, 1), padding=(1, 1), bias=False)
      (bn1): BatchNorm2d(64, eps=1e-05, momentum=0.1, affine=True, track_running_stats=True)
      (relu): ReLU(inplace=True)
      (conv2): Conv2d(64, 64, kernel_size=(3, 3), stride=(1, 1), padding=(1, 1), bias=False)
      (bn2): BatchNorm2d(64, eps=1e-05, momentum=0.1, affine=True, track_running_stats=True)
    )
    (1): BasicBlock(
      (conv1): Conv2d(64, 64, kernel_size=(3, 3), stride=(1, 1), padding=(1, 1), bias=False)
      (bn1): BatchNorm2d(64, eps=1e-05, momentum=0.1, affine=True, track_running_stats=True)
      (relu): ReLU(inplace=True)
      (conv2): Conv2d(64, 64, kernel_size=(3, 3), stride=(1, 1), padding=(1, 1), bias=False)
      (bn2): BatchNorm2d(64, eps=1e-05, momentum=0.1, affine=True, track_running_stats=True)
    )
  )
  (layer2): Sequential(
    (0): BasicBlock(
      (conv1): Conv2d(64, 128, kernel_size=(3, 3), stride=(2, 2), padding=(1, 1), bias=False)
      (bn1): BatchNorm2d(128, eps=1e-05, momentum=0.1, affine=True, track_running_stats=True)
      (relu): ReLU(inplace=True)
      (conv2): Conv2d(128, 128, kernel_size=(3, 3), stride=(1, 1), padding=(1, 1), bias=False)
      (bn2): BatchNorm2d(128, eps=1e-05, momentum=0.1, affine=True, track_running_stats=True)
      (downsample): Sequential(
        (0): Conv2d(64, 128, kernel_size=(1, 1), stride=(2, 2), bias=False)
        (1): BatchNorm2d(128, eps=1e-05, momentum=0.1, affine=True, track_running_stats=True)
      )
    )
    (1): BasicBlock(
      (conv1): Conv2d(128, 128, kernel_size=(3, 3), stride=(1, 1), padding=(1, 1), bias=False)
      (bn1): BatchNorm2d(128, eps=1e-05, momentum=0.1, affine=True, track_running_stats=True)
      (relu): ReLU(inplace=True)
      (conv2): Conv2d(128, 128, kernel_size=(3, 3), stride=(1, 1), padding=(1, 1), bias=False)
      (bn2): BatchNorm2d(128, eps=1e-05, momentum=0.1, affine=True, track_running_stats=True)
    )
  )
  (layer3): Sequential(
    (0): BasicBlock(
      (conv1): Conv2d(128, 256, kernel_size=(3, 3), stride=(2, 2), padding=(1, 1), bias=False)
      (bn1): BatchNorm2d(256, eps=1e-05, momentum=0.1, affine=True, track_running_stats=True)
      (relu): ReLU(inplace=True)
      (conv2): Conv2d(256, 256, kernel_size=(3, 3), stride=(1, 1), padding=(1, 1), bias=False)
      (bn2): BatchNorm2d(256, eps=1e-05, momentum=0.1, affine=True, track_running_stats=True)
      (downsample): Sequential(
        (0): Conv2d(128, 256, kernel_size=(1, 1), stride=(2, 2), bias=False)
        (1): BatchNorm2d(256, eps=1e-05, momentum=0.1, affine=True, track_running_stats=True)
      )
    )
    (1): BasicBlock(
      (conv1): Conv2d(256, 256, kernel_size=(3, 3), stride=(1, 1), padding=(1, 1), bias=False)
      (bn1): BatchNorm2d(256, eps=1e-05, momentum=0.1, affine=True, track_running_stats=True)
      (relu): ReLU(inplace=True)
      (conv2): Conv2d(256, 256, kernel_size=(3, 3), stride=(1, 1), padding=(1, 1), bias=False)
      (bn2): BatchNorm2d(256, eps=1e-05, momentum=0.1, affine=True, track_running_stats=True)
    )
  )
  (layer4): Sequential(
    (0): BasicBlock(
      (conv1): Conv2d(256, 512, kernel_size=(3, 3), stride=(2, 2), padding=(1, 1), bias=False)
      (bn1): BatchNorm2d(512, eps=1e-05, momentum=0.1, affine=True, track_running_stats=True)
      (relu): ReLU(inplace=True)
      (conv2): Conv2d(512, 512, kernel_size=(3, 3), stride=(1, 1), padding=(1, 1), bias=False)
      (bn2): BatchNorm2d(512, eps=1e-05, momentum=0.1, affine=True, track_running_stats=True)
      (downsample): Sequential(
        (0): Conv2d(256, 512, kernel_size=(1, 1), stride=(2, 2), bias=False)
        (1): BatchNorm2d(512, eps=1e-05, momentum=0.1, affine=True, track_running_stats=True)
      )
    )
    (1): BasicBlock(
      (conv1): Conv2d(512, 512, kernel_size=(3, 3), stride=(1, 1), padding=(1, 1), bias=False)
      (bn1): BatchNorm2d(512, eps=1e-05, momentum=0.1, affine=True, track_running_stats=True)
      (relu): ReLU(inplace=True)
      (conv2): Conv2d(512, 512, kernel_size=(3, 3), stride=(1, 1), padding=(1, 1), bias=False)
      (bn2): BatchNorm2d(512, eps=1e-05, momentum=0.1, affine=True, track_running_stats=True)
    )
  )
  (avgpool): AdaptiveAvgPool2d(output_size=(1, 1))
  (fc): Linear(in_features=512, out_features=7, bias=True)
)

Join ratio / total clients: 1.0 / 4
Finished creating server and clients.

-------------Round number: 0-------------

Evaluate personalized models
Averaged Train Loss: 2.1261
Averaged Test Accuracy: 0.0000
Std Test Accuracy: 0.0000
-------------------------------------------------- 611.3114986419678
-------------------------------------------------- 502.79415583610535
-------------------------------------------------- 431.3824908733368
-------------------------------------------------- 349.6400213241577
-------------------------------------------------- 240.94897556304932

-------------Round number: 5-------------

Evaluate personalized models
Averaged Train Loss: 0.1511
Averaged Test Accuracy: 0.9332
Std Test Accuracy: 0.0263
-------------------------------------------------- 516.1996021270752
-------------------------------------------------- 364.0205476284027
-------------------------------------------------- 322.17805099487305
-------------------------------------------------- 260.967223405838
-------------------------------------------------- 281.9081702232361

-------------Round number: 10-------------

Evaluate personalized models
Averaged Train Loss: 0.0560
Averaged Test Accuracy: 0.9340
Std Test Accuracy: 0.0281
-------------------------------------------------- 471.2206254005432
-------------------------------------------------- 287.5245842933655
-------------------------------------------------- 149.73887491226196
-------------------------------------------------- 290.04879999160767
-------------------------------------------------- 339.0738694667816

-------------Round number: 15-------------

Evaluate personalized models
Averaged Train Loss: 0.0336
Averaged Test Accuracy: 0.9336
Std Test Accuracy: 0.0256
-------------------------------------------------- 599.013573884964
-------------------------------------------------- 201.60519909858704
-------------------------------------------------- 256.56237840652466
-------------------------------------------------- 373.231853723526
-------------------------------------------------- 372.92046666145325

-------------Round number: 20-------------

Evaluate personalized models
Averaged Train Loss: 0.0240
Averaged Test Accuracy: 0.9360
Std Test Accuracy: 0.0247
-------------------------------------------------- 339.7147512435913
-------------------------------------------------- 312.48753094673157
-------------------------------------------------- 347.1866567134857
-------------------------------------------------- 301.10926938056946
-------------------------------------------------- 356.27534103393555

-------------Round number: 25-------------

Evaluate personalized models
Averaged Train Loss: 0.0187
Averaged Test Accuracy: 0.9356
Std Test Accuracy: 0.0262
-------------------------------------------------- 491.41088604927063
-------------------------------------------------- 340.4797456264496
-------------------------------------------------- 337.8980004787445
-------------------------------------------------- 303.1226546764374
-------------------------------------------------- 135.33444094657898

-------------Round number: 30-------------

Evaluate personalized models
Averaged Train Loss: 0.0146
Averaged Test Accuracy: 0.9372
Std Test Accuracy: 0.0248
-------------------------------------------------- 401.36905550956726
-------------------------------------------------- 373.59972643852234
-------------------------------------------------- 285.9839017391205
-------------------------------------------------- 244.32079672813416
-------------------------------------------------- 404.32564759254456

-------------Round number: 35-------------

Evaluate personalized models
Averaged Train Loss: 0.0125
Averaged Test Accuracy: 0.9340
Std Test Accuracy: 0.0239
-------------------------------------------------- 430.45362615585327
-------------------------------------------------- 339.02556681632996
-------------------------------------------------- 146.79435634613037
-------------------------------------------------- 350.8887531757355
-------------------------------------------------- 479.80949115753174

-------------Round number: 40-------------

Evaluate personalized models
Averaged Train Loss: 0.0109
Averaged Test Accuracy: 0.9372
Std Test Accuracy: 0.0255
-------------------------------------------------- 759.6767330169678
-------------------------------------------------- 271.11142206192017
-------------------------------------------------- 173.77945756912231
-------------------------------------------------- 55.224973917007446
-------------------------------------------------- 54.94071698188782

-------------Round number: 45-------------

Evaluate personalized models
Averaged Train Loss: 0.0097
Averaged Test Accuracy: 0.9368
Std Test Accuracy: 0.0256
-------------------------------------------------- 89.5580506324768
-------------------------------------------------- 55.631149768829346
-------------------------------------------------- 56.927180767059326
-------------------------------------------------- 54.975624084472656
-------------------------------------------------- 55.65574097633362

-------------Round number: 50-------------

Evaluate personalized models
Averaged Train Loss: 0.0086
Averaged Test Accuracy: 0.9376
Std Test Accuracy: 0.0226
-------------------------------------------------- 88.6286404132843

Best accuracy.
0.9375750300120048
300.9735870552063
File path: ../results/PACS_FedProto_test_0.h5

Average time cost: 15690.33s.
Length:  11
std for best accuracy: 0.0
mean for best accuracy: 0.9375750300120048
All done!

Storage on cuda:0
-------------------------------------------------------------------------------
Total Tensors: 156597082 	Used Memory: 426.88M
The allocated memory on cuda:0: 457.50M
Memory differs due to the matrix alignment or invisible gradient buffer tensors
-------------------------------------------------------------------------------

Total time cost: 15690.62s.
