2026-04-17 03:07:06,082 fflow.py init [line:848] INFO PROCESS ID:	61659
2026-04-17 03:07:06,082 fflow.py init [line:849] INFO Initializing devices: cuda:0 will be used for this running.
2026-04-17 03:07:06,082 fflow.py init [line:852] INFO BENCHMARK:	task.PACS_c4
2026-04-17 03:07:06,082 fflow.py init [line:853] INFO TASK:			task/PACS_c4
2026-04-17 03:07:06,082 fflow.py init [line:854] INFO MODEL:		algorithm.feddsa_scheduled
2026-04-17 03:07:06,082 fflow.py init [line:855] INFO ALGORITHM:	feddsa_scheduled
2026-04-17 03:07:06,084 fflow.py init [line:901] INFO SCENE:		horizontal FL with 1 <class 'algorithm.feddsa_scheduled.Server'>, 4 <class 'algorithm.feddsa_scheduled.Client'>
2026-04-17 03:07:06,504 fflow.py init [line:918] INFO SIMULATOR:	<class 'flgo.simulator.default_simulator.Simulator'>
2026-04-17 03:07:06,505 fflow.py init [line:931] INFO Ready to start.
2026-04-17 03:07:06,505 fedbase.py run [line:300] INFO --------------Initial Evaluation--------------
2026-04-17 03:07:12,432 __init__.py log_once [line:227] INFO local_val_accuracy            0.1692
2026-04-17 03:07:12,433 __init__.py log_once [line:227] INFO mean_local_val_accuracy       0.1617
2026-04-17 03:07:12,433 __init__.py log_once [line:227] INFO std_local_val_accuracy        0.0272
2026-04-17 03:07:12,433 __init__.py log_once [line:227] INFO min_local_val_accuracy        0.1198
2026-04-17 03:07:12,433 __init__.py log_once [line:227] INFO max_local_val_accuracy        0.1934
2026-04-17 03:07:12,433 __init__.py log_once [line:227] INFO local_val_loss                1.9416
2026-04-17 03:07:12,433 __init__.py log_once [line:227] INFO mean_local_val_loss           1.9405
2026-04-17 03:07:12,433 __init__.py log_once [line:227] INFO std_local_val_loss            0.0033
2026-04-17 03:07:12,433 __init__.py log_once [line:227] INFO min_local_val_loss            1.9376
2026-04-17 03:07:12,433 __init__.py log_once [line:227] INFO max_local_val_loss            1.9460
2026-04-17 03:07:12,433 __init__.py log_once [line:227] INFO local_test_accuracy           0.1956
2026-04-17 03:07:12,433 __init__.py log_once [line:227] INFO mean_local_test_accuracy      0.1837
2026-04-17 03:07:12,433 __init__.py log_once [line:227] INFO std_local_test_accuracy       0.0409
2026-04-17 03:07:12,433 __init__.py log_once [line:227] INFO min_local_test_accuracy       0.1257
2026-04-17 03:07:12,433 __init__.py log_once [line:227] INFO max_local_test_accuracy       0.2372
2026-04-17 03:07:12,433 __init__.py log_once [line:227] INFO local_test_loss               1.9397
2026-04-17 03:07:12,433 __init__.py log_once [line:227] INFO mean_local_test_loss          1.9402
2026-04-17 03:07:12,433 __init__.py log_once [line:227] INFO std_local_test_loss           0.0021
2026-04-17 03:07:12,433 __init__.py log_once [line:227] INFO min_local_test_loss           1.9381
2026-04-17 03:07:12,433 __init__.py log_once [line:227] INFO max_local_test_loss           1.9428
2026-04-17 03:07:12,433 fedbase.py run [line:303] INFO Eval Time Cost:               5.9280s
2026-04-17 03:09:15,441 fedbase.py run [line:311] INFO --------------Round 1--------------
2026-04-17 03:09:21,712 __init__.py log_once [line:227] INFO local_val_accuracy            0.4606
2026-04-17 03:09:21,712 __init__.py log_once [line:227] INFO mean_local_val_accuracy       0.4514
2026-04-17 03:09:21,712 __init__.py log_once [line:227] INFO std_local_val_accuracy        0.1813
2026-04-17 03:09:21,712 __init__.py log_once [line:227] INFO min_local_val_accuracy        0.1415
2026-04-17 03:09:21,712 __init__.py log_once [line:227] INFO max_local_val_accuracy        0.5928
2026-04-17 03:09:21,712 __init__.py log_once [line:227] INFO local_val_loss                2.0278
2026-04-17 03:09:21,712 __init__.py log_once [line:227] INFO mean_local_val_loss           2.0116
2026-04-17 03:09:21,712 __init__.py log_once [line:227] INFO std_local_val_loss            0.8614
2026-04-17 03:09:21,712 __init__.py log_once [line:227] INFO min_local_val_loss            1.1545
2026-04-17 03:09:21,712 __init__.py log_once [line:227] INFO max_local_val_loss            3.4066
2026-04-17 03:09:21,712 __init__.py log_once [line:227] INFO local_test_accuracy           0.4622
2026-04-17 03:09:21,712 __init__.py log_once [line:227] INFO mean_local_test_accuracy      0.4555
2026-04-17 03:09:21,712 __init__.py log_once [line:227] INFO std_local_test_accuracy       0.1716
2026-04-17 03:09:21,712 __init__.py log_once [line:227] INFO min_local_test_accuracy       0.1667
2026-04-17 03:09:21,712 __init__.py log_once [line:227] INFO max_local_test_accuracy       0.6026
2026-04-17 03:09:21,712 __init__.py log_once [line:227] INFO local_test_loss               2.0667
2026-04-17 03:09:21,712 __init__.py log_once [line:227] INFO mean_local_test_loss          2.0339
2026-04-17 03:09:21,712 __init__.py log_once [line:227] INFO std_local_test_loss           0.7938
2026-04-17 03:09:21,712 __init__.py log_once [line:227] INFO min_local_test_loss           1.3263
2026-04-17 03:09:21,712 __init__.py log_once [line:227] INFO max_local_test_loss           3.2727
2026-04-17 03:09:21,712 fedbase.py run [line:316] INFO Eval Time Cost:               6.2711s
2026-04-17 03:11:25,906 fedbase.py run [line:311] INFO --------------Round 2--------------
2026-04-17 03:11:32,061 __init__.py log_once [line:227] INFO local_val_accuracy            0.6256
2026-04-17 03:11:32,061 __init__.py log_once [line:227] INFO mean_local_val_accuracy       0.5938
2026-04-17 03:11:32,061 __init__.py log_once [line:227] INFO std_local_val_accuracy        0.1626
2026-04-17 03:11:32,061 __init__.py log_once [line:227] INFO min_local_val_accuracy        0.3610
2026-04-17 03:11:32,061 __init__.py log_once [line:227] INFO max_local_val_accuracy        0.7913
2026-04-17 03:11:32,061 __init__.py log_once [line:227] INFO local_val_loss                1.3566
2026-04-17 03:11:32,061 __init__.py log_once [line:227] INFO mean_local_val_loss           1.4824
2026-04-17 03:11:32,061 __init__.py log_once [line:227] INFO std_local_val_loss            0.5551
2026-04-17 03:11:32,061 __init__.py log_once [line:227] INFO min_local_val_loss            0.7250
2026-04-17 03:11:32,061 __init__.py log_once [line:227] INFO max_local_val_loss            2.2126
2026-04-17 03:11:32,061 __init__.py log_once [line:227] INFO local_test_accuracy           0.6097
2026-04-17 03:11:32,061 __init__.py log_once [line:227] INFO mean_local_test_accuracy      0.5731
2026-04-17 03:11:32,061 __init__.py log_once [line:227] INFO std_local_test_accuracy       0.1723
2026-04-17 03:11:32,061 __init__.py log_once [line:227] INFO min_local_test_accuracy       0.3088
2026-04-17 03:11:32,061 __init__.py log_once [line:227] INFO max_local_test_accuracy       0.7832
2026-04-17 03:11:32,061 __init__.py log_once [line:227] INFO local_test_loss               1.3492
2026-04-17 03:11:32,061 __init__.py log_once [line:227] INFO mean_local_test_loss          1.5080
2026-04-17 03:11:32,062 __init__.py log_once [line:227] INFO std_local_test_loss           0.5831
2026-04-17 03:11:32,062 __init__.py log_once [line:227] INFO min_local_test_loss           0.6866
2026-04-17 03:11:32,062 __init__.py log_once [line:227] INFO max_local_test_loss           2.3313
2026-04-17 03:11:32,062 fedbase.py run [line:316] INFO Eval Time Cost:               6.1554s
2026-04-17 03:13:35,983 fedbase.py run [line:311] INFO --------------Round 3--------------
2026-04-17 03:13:42,236 __init__.py log_once [line:227] INFO local_val_accuracy            0.6777
2026-04-17 03:13:42,236 __init__.py log_once [line:227] INFO mean_local_val_accuracy       0.6388
2026-04-17 03:13:42,236 __init__.py log_once [line:227] INFO std_local_val_accuracy        0.1705
2026-04-17 03:13:42,236 __init__.py log_once [line:227] INFO min_local_val_accuracy        0.3707
2026-04-17 03:13:42,236 __init__.py log_once [line:227] INFO max_local_val_accuracy        0.8448
2026-04-17 03:13:42,236 __init__.py log_once [line:227] INFO local_val_loss                1.2704
2026-04-17 03:13:42,236 __init__.py log_once [line:227] INFO mean_local_val_loss           1.4479
2026-04-17 03:13:42,236 __init__.py log_once [line:227] INFO std_local_val_loss            0.7203
2026-04-17 03:13:42,236 __init__.py log_once [line:227] INFO min_local_val_loss            0.5359
2026-04-17 03:13:42,236 __init__.py log_once [line:227] INFO max_local_val_loss            2.5466
2026-04-17 03:13:42,236 __init__.py log_once [line:227] INFO local_test_accuracy           0.6569
2026-04-17 03:13:42,236 __init__.py log_once [line:227] INFO mean_local_test_accuracy      0.6146
2026-04-17 03:13:42,236 __init__.py log_once [line:227] INFO std_local_test_accuracy       0.1873
2026-04-17 03:13:42,236 __init__.py log_once [line:227] INFO min_local_test_accuracy       0.3186
2026-04-17 03:13:42,236 __init__.py log_once [line:227] INFO max_local_test_accuracy       0.8214
2026-04-17 03:13:42,236 __init__.py log_once [line:227] INFO local_test_loss               1.3619
2026-04-17 03:13:42,236 __init__.py log_once [line:227] INFO mean_local_test_loss          1.5600
2026-04-17 03:13:42,236 __init__.py log_once [line:227] INFO std_local_test_loss           0.8566
2026-04-17 03:13:42,236 __init__.py log_once [line:227] INFO min_local_test_loss           0.5910
2026-04-17 03:13:42,236 __init__.py log_once [line:227] INFO max_local_test_loss           2.9007
2026-04-17 03:13:42,237 fedbase.py run [line:316] INFO Eval Time Cost:               6.2529s
2026-04-17 03:15:46,743 fedbase.py run [line:311] INFO --------------Round 4--------------
2026-04-17 03:15:52,933 __init__.py log_once [line:227] INFO local_val_accuracy            0.7308
2026-04-17 03:15:52,933 __init__.py log_once [line:227] INFO mean_local_val_accuracy       0.6990
2026-04-17 03:15:52,933 __init__.py log_once [line:227] INFO std_local_val_accuracy        0.1906
2026-04-17 03:15:52,933 __init__.py log_once [line:227] INFO min_local_val_accuracy        0.3756
2026-04-17 03:15:52,934 __init__.py log_once [line:227] INFO max_local_val_accuracy        0.8626
2026-04-17 03:15:52,934 __init__.py log_once [line:227] INFO local_val_loss                1.1114
2026-04-17 03:15:52,934 __init__.py log_once [line:227] INFO mean_local_val_loss           1.2327
2026-04-17 03:15:52,934 __init__.py log_once [line:227] INFO std_local_val_loss            0.8633
2026-04-17 03:15:52,934 __init__.py log_once [line:227] INFO min_local_val_loss            0.5468
2026-04-17 03:15:52,934 __init__.py log_once [line:227] INFO max_local_val_loss            2.7118
2026-04-17 03:15:52,934 __init__.py log_once [line:227] INFO local_test_accuracy           0.7241
2026-04-17 03:15:52,934 __init__.py log_once [line:227] INFO mean_local_test_accuracy      0.6855
2026-04-17 03:15:52,934 __init__.py log_once [line:227] INFO std_local_test_accuracy       0.1890
2026-04-17 03:15:52,934 __init__.py log_once [line:227] INFO min_local_test_accuracy       0.3775
2026-04-17 03:15:52,934 __init__.py log_once [line:227] INFO max_local_test_accuracy       0.8750
2026-04-17 03:15:52,934 __init__.py log_once [line:227] INFO local_test_loss               1.1944
2026-04-17 03:15:52,934 __init__.py log_once [line:227] INFO mean_local_test_loss          1.3818
2026-04-17 03:15:52,934 __init__.py log_once [line:227] INFO std_local_test_loss           0.9064
2026-04-17 03:15:52,934 __init__.py log_once [line:227] INFO min_local_test_loss           0.4809
2026-04-17 03:15:52,934 __init__.py log_once [line:227] INFO max_local_test_loss           2.8444
2026-04-17 03:15:52,934 fedbase.py run [line:316] INFO Eval Time Cost:               6.1907s
2026-04-17 03:17:55,175 fedbase.py run [line:311] INFO --------------Round 5--------------
2026-04-17 03:18:01,387 __init__.py log_once [line:227] INFO local_val_accuracy            0.7448
2026-04-17 03:18:01,387 __init__.py log_once [line:227] INFO mean_local_val_accuracy       0.7143
2026-04-17 03:18:01,387 __init__.py log_once [line:227] INFO std_local_val_accuracy        0.1927
2026-04-17 03:18:01,387 __init__.py log_once [line:227] INFO min_local_val_accuracy        0.3854
2026-04-17 03:18:01,387 __init__.py log_once [line:227] INFO max_local_val_accuracy        0.8753
2026-04-17 03:18:01,387 __init__.py log_once [line:227] INFO local_val_loss                0.9976
2026-04-17 03:18:01,387 __init__.py log_once [line:227] INFO mean_local_val_loss           1.1174
2026-04-17 03:18:01,387 __init__.py log_once [line:227] INFO std_local_val_loss            0.7735
2026-04-17 03:18:01,388 __init__.py log_once [line:227] INFO min_local_val_loss            0.4403
2026-04-17 03:18:01,388 __init__.py log_once [line:227] INFO max_local_val_loss            2.4295
2026-04-17 03:18:01,388 __init__.py log_once [line:227] INFO local_test_accuracy           0.7541
2026-04-17 03:18:01,388 __init__.py log_once [line:227] INFO mean_local_test_accuracy      0.7206
2026-04-17 03:18:01,388 __init__.py log_once [line:227] INFO std_local_test_accuracy       0.2081
2026-04-17 03:18:01,388 __init__.py log_once [line:227] INFO min_local_test_accuracy       0.3676
2026-04-17 03:18:01,388 __init__.py log_once [line:227] INFO max_local_test_accuracy       0.8878
2026-04-17 03:18:01,388 __init__.py log_once [line:227] INFO local_test_loss               1.0137
2026-04-17 03:18:01,388 __init__.py log_once [line:227] INFO mean_local_test_loss          1.1658
2026-04-17 03:18:01,388 __init__.py log_once [line:227] INFO std_local_test_loss           0.8098
2026-04-17 03:18:01,388 __init__.py log_once [line:227] INFO min_local_test_loss           0.4252
2026-04-17 03:18:01,388 __init__.py log_once [line:227] INFO max_local_test_loss           2.5056
2026-04-17 03:18:01,388 fedbase.py run [line:316] INFO Eval Time Cost:               6.2126s
