2026-04-17 03:09:01,912 fflow.py init [line:848] INFO PROCESS ID:	61891
2026-04-17 03:09:01,913 fflow.py init [line:849] INFO Initializing devices: cuda:0 will be used for this running.
2026-04-17 03:09:01,913 fflow.py init [line:852] INFO BENCHMARK:	task.PACS_c4
2026-04-17 03:09:01,913 fflow.py init [line:853] INFO TASK:			task/PACS_c4
2026-04-17 03:09:01,913 fflow.py init [line:854] INFO MODEL:		algorithm.feddsa_scheduled
2026-04-17 03:09:01,913 fflow.py init [line:855] INFO ALGORITHM:	feddsa_scheduled
2026-04-17 03:09:01,915 fflow.py init [line:901] INFO SCENE:		horizontal FL with 1 <class 'algorithm.feddsa_scheduled.Server'>, 4 <class 'algorithm.feddsa_scheduled.Client'>
2026-04-17 03:09:02,258 fflow.py init [line:918] INFO SIMULATOR:	<class 'flgo.simulator.default_simulator.Simulator'>
2026-04-17 03:09:02,259 fflow.py init [line:931] INFO Ready to start.
2026-04-17 03:09:02,259 fedbase.py run [line:300] INFO --------------Initial Evaluation--------------
2026-04-17 03:09:08,244 __init__.py log_once [line:227] INFO local_val_accuracy            0.1692
2026-04-17 03:09:08,244 __init__.py log_once [line:227] INFO mean_local_val_accuracy       0.1617
2026-04-17 03:09:08,244 __init__.py log_once [line:227] INFO std_local_val_accuracy        0.0272
2026-04-17 03:09:08,244 __init__.py log_once [line:227] INFO min_local_val_accuracy        0.1198
2026-04-17 03:09:08,244 __init__.py log_once [line:227] INFO max_local_val_accuracy        0.1934
2026-04-17 03:09:08,244 __init__.py log_once [line:227] INFO local_val_loss                1.9416
2026-04-17 03:09:08,244 __init__.py log_once [line:227] INFO mean_local_val_loss           1.9405
2026-04-17 03:09:08,244 __init__.py log_once [line:227] INFO std_local_val_loss            0.0033
2026-04-17 03:09:08,244 __init__.py log_once [line:227] INFO min_local_val_loss            1.9376
2026-04-17 03:09:08,244 __init__.py log_once [line:227] INFO max_local_val_loss            1.9460
2026-04-17 03:09:08,244 __init__.py log_once [line:227] INFO local_test_accuracy           0.1956
2026-04-17 03:09:08,244 __init__.py log_once [line:227] INFO mean_local_test_accuracy      0.1837
2026-04-17 03:09:08,244 __init__.py log_once [line:227] INFO std_local_test_accuracy       0.0409
2026-04-17 03:09:08,244 __init__.py log_once [line:227] INFO min_local_test_accuracy       0.1257
2026-04-17 03:09:08,244 __init__.py log_once [line:227] INFO max_local_test_accuracy       0.2372
2026-04-17 03:09:08,244 __init__.py log_once [line:227] INFO local_test_loss               1.9397
2026-04-17 03:09:08,244 __init__.py log_once [line:227] INFO mean_local_test_loss          1.9402
2026-04-17 03:09:08,244 __init__.py log_once [line:227] INFO std_local_test_loss           0.0021
2026-04-17 03:09:08,244 __init__.py log_once [line:227] INFO min_local_test_loss           1.9381
2026-04-17 03:09:08,244 __init__.py log_once [line:227] INFO max_local_test_loss           1.9428
2026-04-17 03:09:08,244 fedbase.py run [line:303] INFO Eval Time Cost:               5.9850s
2026-04-17 03:11:11,931 fedbase.py run [line:311] INFO --------------Round 1--------------
2026-04-17 03:11:18,280 __init__.py log_once [line:227] INFO local_val_accuracy            0.5376
2026-04-17 03:11:18,280 __init__.py log_once [line:227] INFO mean_local_val_accuracy       0.4935
2026-04-17 03:11:18,280 __init__.py log_once [line:227] INFO std_local_val_accuracy        0.1853
2026-04-17 03:11:18,280 __init__.py log_once [line:227] INFO min_local_val_accuracy        0.2634
2026-04-17 03:11:18,280 __init__.py log_once [line:227] INFO max_local_val_accuracy        0.6795
2026-04-17 03:11:18,280 __init__.py log_once [line:227] INFO local_val_loss                1.7521
2026-04-17 03:11:18,280 __init__.py log_once [line:227] INFO mean_local_val_loss           1.8624
2026-04-17 03:11:18,280 __init__.py log_once [line:227] INFO std_local_val_loss            0.6336
2026-04-17 03:11:18,280 __init__.py log_once [line:227] INFO min_local_val_loss            1.0041
2026-04-17 03:11:18,280 __init__.py log_once [line:227] INFO max_local_val_loss            2.5642
2026-04-17 03:11:18,280 __init__.py log_once [line:227] INFO local_test_accuracy           0.5235
2026-04-17 03:11:18,280 __init__.py log_once [line:227] INFO mean_local_test_accuracy      0.4768
2026-04-17 03:11:18,280 __init__.py log_once [line:227] INFO std_local_test_accuracy       0.2087
2026-04-17 03:11:18,280 __init__.py log_once [line:227] INFO min_local_test_accuracy       0.2206
2026-04-17 03:11:18,280 __init__.py log_once [line:227] INFO max_local_test_accuracy       0.7051
2026-04-17 03:11:18,280 __init__.py log_once [line:227] INFO local_test_loss               1.6604
2026-04-17 03:11:18,280 __init__.py log_once [line:227] INFO mean_local_test_loss          1.7879
2026-04-17 03:11:18,280 __init__.py log_once [line:227] INFO std_local_test_loss           0.6660
2026-04-17 03:11:18,280 __init__.py log_once [line:227] INFO min_local_test_loss           0.9344
2026-04-17 03:11:18,280 __init__.py log_once [line:227] INFO max_local_test_loss           2.5449
2026-04-17 03:11:18,280 fedbase.py run [line:316] INFO Eval Time Cost:               6.3493s
2026-04-17 03:13:25,073 fedbase.py run [line:311] INFO --------------Round 2--------------
2026-04-17 03:13:31,461 __init__.py log_once [line:227] INFO local_val_accuracy            0.4176
2026-04-17 03:13:31,462 __init__.py log_once [line:227] INFO mean_local_val_accuracy       0.4156
2026-04-17 03:13:31,462 __init__.py log_once [line:227] INFO std_local_val_accuracy        0.1637
2026-04-17 03:13:31,462 __init__.py log_once [line:227] INFO min_local_val_accuracy        0.2146
2026-04-17 03:13:31,462 __init__.py log_once [line:227] INFO max_local_val_accuracy        0.6709
2026-04-17 03:13:31,462 __init__.py log_once [line:227] INFO local_val_loss                2.3870
2026-04-17 03:13:31,462 __init__.py log_once [line:227] INFO mean_local_val_loss           2.1664
2026-04-17 03:13:31,462 __init__.py log_once [line:227] INFO std_local_val_loss            0.8552
2026-04-17 03:13:31,462 __init__.py log_once [line:227] INFO min_local_val_loss            1.0830
2026-04-17 03:13:31,462 __init__.py log_once [line:227] INFO max_local_val_loss            3.4792
2026-04-17 03:13:31,462 __init__.py log_once [line:227] INFO local_test_accuracy           0.4172
2026-04-17 03:13:31,462 __init__.py log_once [line:227] INFO mean_local_test_accuracy      0.4210
2026-04-17 03:13:31,462 __init__.py log_once [line:227] INFO std_local_test_accuracy       0.1611
2026-04-17 03:13:31,462 __init__.py log_once [line:227] INFO min_local_test_accuracy       0.2402
2026-04-17 03:13:31,462 __init__.py log_once [line:227] INFO max_local_test_accuracy       0.6795
2026-04-17 03:13:31,462 __init__.py log_once [line:227] INFO local_test_loss               2.4469
2026-04-17 03:13:31,462 __init__.py log_once [line:227] INFO mean_local_test_loss          2.2141
2026-04-17 03:13:31,462 __init__.py log_once [line:227] INFO std_local_test_loss           0.9149
2026-04-17 03:13:31,462 __init__.py log_once [line:227] INFO min_local_test_loss           1.0446
2026-04-17 03:13:31,462 __init__.py log_once [line:227] INFO max_local_test_loss           3.6122
2026-04-17 03:13:31,462 fedbase.py run [line:316] INFO Eval Time Cost:               6.3886s
2026-04-17 03:15:36,320 fedbase.py run [line:311] INFO --------------Round 3--------------
2026-04-17 03:15:42,623 __init__.py log_once [line:227] INFO local_val_accuracy            0.6547
2026-04-17 03:15:42,623 __init__.py log_once [line:227] INFO mean_local_val_accuracy       0.6082
2026-04-17 03:15:42,623 __init__.py log_once [line:227] INFO std_local_val_accuracy        0.1585
2026-04-17 03:15:42,623 __init__.py log_once [line:227] INFO min_local_val_accuracy        0.4098
2026-04-17 03:15:42,623 __init__.py log_once [line:227] INFO max_local_val_accuracy        0.8244
2026-04-17 03:15:42,623 __init__.py log_once [line:227] INFO local_val_loss                1.1507
2026-04-17 03:15:42,623 __init__.py log_once [line:227] INFO mean_local_val_loss           1.2898
2026-04-17 03:15:42,623 __init__.py log_once [line:227] INFO std_local_val_loss            0.5718
2026-04-17 03:15:42,623 __init__.py log_once [line:227] INFO min_local_val_loss            0.5939
2026-04-17 03:15:42,623 __init__.py log_once [line:227] INFO max_local_val_loss            2.1687
2026-04-17 03:15:42,623 __init__.py log_once [line:227] INFO local_test_accuracy           0.6319
2026-04-17 03:15:42,623 __init__.py log_once [line:227] INFO mean_local_test_accuracy      0.5809
2026-04-17 03:15:42,623 __init__.py log_once [line:227] INFO std_local_test_accuracy       0.1947
2026-04-17 03:15:42,624 __init__.py log_once [line:227] INFO min_local_test_accuracy       0.3382
2026-04-17 03:15:42,624 __init__.py log_once [line:227] INFO max_local_test_accuracy       0.7985
2026-04-17 03:15:42,624 __init__.py log_once [line:227] INFO local_test_loss               1.2395
2026-04-17 03:15:42,624 __init__.py log_once [line:227] INFO mean_local_test_loss          1.4009
2026-04-17 03:15:42,624 __init__.py log_once [line:227] INFO std_local_test_loss           0.6609
2026-04-17 03:15:42,624 __init__.py log_once [line:227] INFO min_local_test_loss           0.6624
2026-04-17 03:15:42,624 __init__.py log_once [line:227] INFO max_local_test_loss           2.3687
2026-04-17 03:15:42,624 fedbase.py run [line:316] INFO Eval Time Cost:               6.3031s
2026-04-17 03:17:48,309 fedbase.py run [line:311] INFO --------------Round 4--------------
2026-04-17 03:17:54,544 __init__.py log_once [line:227] INFO local_val_accuracy            0.5816
2026-04-17 03:17:54,544 __init__.py log_once [line:227] INFO mean_local_val_accuracy       0.5782
2026-04-17 03:17:54,544 __init__.py log_once [line:227] INFO std_local_val_accuracy        0.1768
2026-04-17 03:17:54,544 __init__.py log_once [line:227] INFO min_local_val_accuracy        0.2878
2026-04-17 03:17:54,544 __init__.py log_once [line:227] INFO max_local_val_accuracy        0.7665
2026-04-17 03:17:54,544 __init__.py log_once [line:227] INFO local_val_loss                1.6951
2026-04-17 03:17:54,544 __init__.py log_once [line:227] INFO mean_local_val_loss           1.7281
2026-04-17 03:17:54,544 __init__.py log_once [line:227] INFO std_local_val_loss            0.9145
2026-04-17 03:17:54,545 __init__.py log_once [line:227] INFO min_local_val_loss            0.7568
2026-04-17 03:17:54,545 __init__.py log_once [line:227] INFO max_local_val_loss            3.2281
2026-04-17 03:17:54,545 __init__.py log_once [line:227] INFO local_test_accuracy           0.5495
2026-04-17 03:17:54,545 __init__.py log_once [line:227] INFO mean_local_test_accuracy      0.5390
2026-04-17 03:17:54,545 __init__.py log_once [line:227] INFO std_local_test_accuracy       0.1785
2026-04-17 03:17:54,545 __init__.py log_once [line:227] INFO min_local_test_accuracy       0.2353
2026-04-17 03:17:54,545 __init__.py log_once [line:227] INFO max_local_test_accuracy       0.6946
2026-04-17 03:17:54,545 __init__.py log_once [line:227] INFO local_test_loss               1.7083
2026-04-17 03:17:54,545 __init__.py log_once [line:227] INFO mean_local_test_loss          1.7507
2026-04-17 03:17:54,545 __init__.py log_once [line:227] INFO std_local_test_loss           0.8038
2026-04-17 03:17:54,545 __init__.py log_once [line:227] INFO min_local_test_loss           0.9231
2026-04-17 03:17:54,545 __init__.py log_once [line:227] INFO max_local_test_loss           3.0719
2026-04-17 03:17:54,545 fedbase.py run [line:316] INFO Eval Time Cost:               6.2361s
