/root/miniconda3/lib/python3.10/site-packages/torch/cuda/__init__.py:51: FutureWarning: The pynvml package is deprecated. Please install nvidia-ml-py instead. If you did not install pynvml directly, please report this to the maintainers of the package that installed pynvml for you.
  import pynvml  # type: ignore[import]
f2dc_pg_ml_10_fl_pacs_100_10
selected_domain_list for 10 clients as:
['photo' 'photo' 'art' 'art' 'art' 'cartoon' 'cartoon' 'sketch' 'sketch'
 'sketch']
[ML diag] {'mask3_sparsity_mean': 0.49505325588628935, 'mask3_sparsity_std': 0.00020470568704731443, 'aux3_loss_mean': 1.6812205320033087, 'main_loss_mean': 7.445591770196003, 'aux3_over_main_ratio': 0.22580079379762327, 'mask_sparsity_mean': 0.49661053965489066}
The 0 Communcation Time: 243.914
The 0 Communcation Accuracy: 10.312 Method: f2dc_pg_ml epoch loss: 7.916
[11.08, 9.07, 5.56, 15.54]

[ML diag] {'mask3_sparsity_mean': 0.495105018386656, 'mask3_sparsity_std': 0.000206758189266367, 'aux3_loss_mean': 1.5910205992597468, 'main_loss_mean': 5.2177231074145025, 'aux3_over_main_ratio': 0.30492622289574367, 'mask_sparsity_mean': 0.4931322739149133}
The 1 Communcation Time: 243.226
The 1 Communcation Accuracy: 18.898 Method: f2dc_pg_ml epoch loss: 5.593
[15.57, 20.1, 20.3, 19.62]

[ML diag] {'mask3_sparsity_mean': 0.4947795775449938, 'mask3_sparsity_std': 0.00016284058447748917, 'aux3_loss_mean': 1.5097667352788462, 'main_loss_mean': 4.679178242975071, 'aux3_over_main_ratio': 0.3226563847071833, 'mask_sparsity_mean': 0.49190859124064445}
The 2 Communcation Time: 243.549
The 2 Communcation Accuracy: 20.31 Method: f2dc_pg_ml epoch loss: 5.031
[20.36, 17.89, 23.5, 19.49]

[ML diag] {'mask3_sparsity_mean': 0.49458041275820513, 'mask3_sparsity_std': 0.00019601419160262778, 'aux3_loss_mean': 1.4402625866142202, 'main_loss_mean': 4.367162404394892, 'aux3_over_main_ratio': 0.3297936859789809, 'mask_sparsity_mean': 0.48931992385122514}
The 3 Communcation Time: 249.655
The 3 Communcation Accuracy: 19.07 Method: f2dc_pg_ml epoch loss: 4.734
[12.57, 14.95, 29.27, 19.49]

[ML diag] {'mask3_sparsity_mean': 0.4941767105196876, 'mask3_sparsity_std': 0.0002042908367881475, 'aux3_loss_mean': 1.3899816037946766, 'main_loss_mean': 4.134804877030714, 'aux3_over_main_ratio': 0.33616619045705737, 'mask_sparsity_mean': 0.4873168816169103}
The 4 Communcation Time: 243.61
The 4 Communcation Accuracy: 24.693 Method: f2dc_pg_ml epoch loss: 4.524
[21.26, 20.59, 29.91, 27.01]

[ML diag] {'mask3_sparsity_mean': 0.493715922712882, 'mask3_sparsity_std': 0.0002537042055585525, 'aux3_loss_mean': 1.3379437569382295, 'main_loss_mean': 3.8919931682236677, 'aux3_over_main_ratio': 0.34376826965214746, 'mask_sparsity_mean': 0.4858641761044661}
The 5 Communcation Time: 241.738
The 5 Communcation Accuracy: 30.77 Method: f2dc_pg_ml epoch loss: 4.26
[33.83, 20.1, 35.26, 33.89]

[ML diag] {'mask3_sparsity_mean': 0.4931888426182228, 'mask3_sparsity_std': 0.00022465915876041892, 'aux3_loss_mean': 1.3089505989529726, 'main_loss_mean': 3.7482359153421756, 'aux3_over_main_ratio': 0.34921777297827283, 'mask_sparsity_mean': 0.4845151975750923}
The 6 Communcation Time: 238.088
The 6 Communcation Accuracy: 34.375 Method: f2dc_pg_ml epoch loss: 4.142
[39.22, 30.15, 36.54, 31.59]

[ML diag] {'mask3_sparsity_mean': 0.4924522350442834, 'mask3_sparsity_std': 0.0002754912198834057, 'aux3_loss_mean': 1.261274024662839, 'main_loss_mean': 3.48429829211196, 'aux3_over_main_ratio': 0.36198795824060603, 'mask_sparsity_mean': 0.4834394514560699}
The 7 Communcation Time: 240.553
The 7 Communcation Accuracy: 34.958 Method: f2dc_pg_ml epoch loss: 3.863
[36.83, 31.37, 38.89, 32.74]

[ML diag] {'mask3_sparsity_mean': 0.4916296064872772, 'mask3_sparsity_std': 0.00034013641300872227, 'aux3_loss_mean': 1.2247311740352935, 'main_loss_mean': 3.2840400302997654, 'aux3_over_main_ratio': 0.3729343012677896, 'mask_sparsity_mean': 0.4826865626706018}
The 8 Communcation Time: 245.689
The 8 Communcation Accuracy: 40.065 Method: f2dc_pg_ml epoch loss: 3.658
[41.02, 32.84, 44.87, 41.53]

[ML diag] {'mask3_sparsity_mean': 0.49079380380094567, 'mask3_sparsity_std': 0.00032425687640512526, 'aux3_loss_mean': 1.1996857637558345, 'main_loss_mean': 3.1525993741865737, 'aux3_over_main_ratio': 0.3805386036611057, 'mask_sparsity_mean': 0.48147471124927205}
The 9 Communcation Time: 249.771
The 9 Communcation Accuracy: 41.768 Method: f2dc_pg_ml epoch loss: 3.524
[40.72, 31.62, 45.94, 48.79]

[ML diag] {'mask3_sparsity_mean': 0.48982336354097383, 'mask3_sparsity_std': 0.00033904504923760163, 'aux3_loss_mean': 1.1681601875646288, 'main_loss_mean': 3.021826874442383, 'aux3_over_main_ratio': 0.3865741606326104, 'mask_sparsity_mean': 0.48003728687763214}
The 10 Communcation Time: 243.079
The 10 Communcation Accuracy: 41.885 Method: f2dc_pg_ml epoch loss: 3.398
[40.72, 29.66, 53.21, 43.95]

[ML diag] {'mask3_sparsity_mean': 0.4886428643230881, 'mask3_sparsity_std': 0.0003243762557336966, 'aux3_loss_mean': 1.1393690300965733, 'main_loss_mean': 2.891452894552999, 'aux3_over_main_ratio': 0.3940472391035486, 'mask_sparsity_mean': 0.48018026947975156}
The 11 Communcation Time: 237.352
The 11 Communcation Accuracy: 42.388 Method: f2dc_pg_ml epoch loss: 3.255
[44.61, 32.35, 49.79, 42.8]

[ML diag] {'mask3_sparsity_mean': 0.48750984933350106, 'mask3_sparsity_std': 0.0003467283040944285, 'aux3_loss_mean': 1.1254074096584, 'main_loss_mean': 2.7939104111222552, 'aux3_over_main_ratio': 0.4028072643912542, 'mask_sparsity_mean': 0.4788546450436115}
The 12 Communcation Time: 245.127
The 12 Communcation Accuracy: 40.705 Method: f2dc_pg_ml epoch loss: 3.152
[44.31, 34.07, 49.15, 35.29]

[ML diag] {'mask3_sparsity_mean': 0.4862733817555839, 'mask3_sparsity_std': 0.0003840234126528131, 'aux3_loss_mean': 1.0903137012581743, 'main_loss_mean': 2.608849669450128, 'aux3_over_main_ratio': 0.417928910977834, 'mask_sparsity_mean': 0.4783617928624153}
The 13 Communcation Time: 244.625
The 13 Communcation Accuracy: 40.995 Method: f2dc_pg_ml epoch loss: 2.96
[47.31, 34.07, 48.08, 34.52]

[ML diag] {'mask3_sparsity_mean': 0.4849517878528345, 'mask3_sparsity_std': 0.0004055544562228784, 'aux3_loss_mean': 1.0736439779647224, 'main_loss_mean': 2.5921436609244304, 'aux3_over_main_ratio': 0.41419154121335666, 'mask_sparsity_mean': 0.4779463531449437}
The 14 Communcation Time: 241.644
The 14 Communcation Accuracy: 45.745 Method: f2dc_pg_ml epoch loss: 2.933
[47.9, 32.6, 50.0, 52.48]

[ML diag] {'mask3_sparsity_mean': 0.48369243755492664, 'mask3_sparsity_std': 0.00034249673776334534, 'aux3_loss_mean': 1.049909966151583, 'main_loss_mean': 2.463108778889785, 'aux3_over_main_ratio': 0.42625399866619634, 'mask_sparsity_mean': 0.4776196666061878}
The 15 Communcation Time: 235.677
The 15 Communcation Accuracy: 49.11 Method: f2dc_pg_ml epoch loss: 2.8
[48.8, 37.5, 52.56, 57.58]

[ML diag] {'mask3_sparsity_mean': 0.48222845909732676, 'mask3_sparsity_std': 0.00038843714777633007, 'aux3_loss_mean': 1.0301172092190942, 'main_loss_mean': 2.405539684772951, 'aux3_over_main_ratio': 0.42822706926837617, 'mask_sparsity_mean': 0.4772375678574597}
The 16 Communcation Time: 246.753
The 16 Communcation Accuracy: 47.85 Method: f2dc_pg_ml epoch loss: 2.73
[50.6, 37.75, 52.35, 50.7]

[ML diag] {'mask3_sparsity_mean': 0.48087033868948537, 'mask3_sparsity_std': 0.0003766868586472117, 'aux3_loss_mean': 1.00971579624229, 'main_loss_mean': 2.3272329764565947, 'aux3_over_main_ratio': 0.4338696668778156, 'mask_sparsity_mean': 0.4768172247069223}
The 17 Communcation Time: 241.113
The 17 Communcation Accuracy: 48.323 Method: f2dc_pg_ml epoch loss: 2.646
[51.2, 35.29, 53.42, 53.38]

[ML diag] {'mask3_sparsity_mean': 0.47936206324131475, 'mask3_sparsity_std': 0.0004807488317661244, 'aux3_loss_mean': 0.9871582129637375, 'main_loss_mean': 2.24787946838995, 'aux3_over_main_ratio': 0.4391508650020245, 'mask_sparsity_mean': 0.47641097257534665}
The 18 Communcation Time: 240.657
The 18 Communcation Accuracy: 48.89 Method: f2dc_pg_ml epoch loss: 2.567
[52.4, 37.99, 51.92, 53.25]

[ML diag] {'mask3_sparsity_mean': 0.4779220880926484, 'mask3_sparsity_std': 0.00044865096660571803, 'aux3_loss_mean': 0.9654768254118108, 'main_loss_mean': 2.161772438589538, 'aux3_over_main_ratio': 0.4466135325704042, 'mask_sparsity_mean': 0.4761076867580414}
The 19 Communcation Time: 240.798
The 19 Communcation Accuracy: 52.495 Method: f2dc_pg_ml epoch loss: 2.472
[51.2, 40.69, 60.26, 57.83]

[ML diag] {'mask3_sparsity_mean': 0.47645715298526214, 'mask3_sparsity_std': 0.00045322446348834613, 'aux3_loss_mean': 0.9371837925109077, 'main_loss_mean': 2.0712362120499446, 'aux3_over_main_ratio': 0.4524755733115335, 'mask_sparsity_mean': 0.4758339623610179}
The 20 Communcation Time: 249.044
The 20 Communcation Accuracy: 53.192 Method: f2dc_pg_ml epoch loss: 2.346
[51.2, 40.2, 55.13, 66.24]

[ML diag] {'mask3_sparsity_mean': 0.474912677296916, 'mask3_sparsity_std': 0.00037522417290996695, 'aux3_loss_mean': 0.9190457526859339, 'main_loss_mean': 2.0186768144412186, 'aux3_over_main_ratio': 0.4552713669227588, 'mask_sparsity_mean': 0.475635290145874}
The 21 Communcation Time: 247.225
The 21 Communcation Accuracy: 54.98 Method: f2dc_pg_ml epoch loss: 2.284
[49.4, 43.63, 62.18, 64.71]

[ML diag] {'mask3_sparsity_mean': 0.4732007602302285, 'mask3_sparsity_std': 0.0004979114085518919, 'aux3_loss_mean': 0.9021119197627517, 'main_loss_mean': 1.976421697039458, 'aux3_over_main_ratio': 0.4564369643958334, 'mask_sparsity_mean': 0.47542790571848553}
The 22 Communcation Time: 243.956
The 22 Communcation Accuracy: 52.78 Method: f2dc_pg_ml epoch loss: 2.249
[51.2, 39.22, 56.62, 64.08]

[ML diag] {'mask3_sparsity_mean': 0.4715984209054892, 'mask3_sparsity_std': 0.0004112480309153317, 'aux3_loss_mean': 0.8810518816828747, 'main_loss_mean': 1.9276318091893774, 'aux3_over_main_ratio': 0.45706440279867633, 'mask_sparsity_mean': 0.47539920210838316}
The 23 Communcation Time: 242.555
The 23 Communcation Accuracy: 57.18 Method: f2dc_pg_ml epoch loss: 2.174
[53.59, 44.12, 61.97, 69.04]

[ML diag] {'mask3_sparsity_mean': 0.4701089180822958, 'mask3_sparsity_std': 0.0004968698336539485, 'aux3_loss_mean': 0.865092208310256, 'main_loss_mean': 1.9054401696388557, 'aux3_over_main_ratio': 0.454011740748711, 'mask_sparsity_mean': 0.47519970188538235}
The 24 Communcation Time: 247.443
The 24 Communcation Accuracy: 57.382 Method: f2dc_pg_ml epoch loss: 2.159
[55.39, 43.14, 61.32, 69.68]

[ML diag] {'mask3_sparsity_mean': 0.4685435070024571, 'mask3_sparsity_std': 0.0005151724647312794, 'aux3_loss_mean': 0.8479587541056743, 'main_loss_mean': 1.8477567612789936, 'aux3_over_main_ratio': 0.4589125429684414, 'mask_sparsity_mean': 0.4750598631799221}
The 25 Communcation Time: 235.741
The 25 Communcation Accuracy: 57.142 Method: f2dc_pg_ml epoch loss: 2.098
[56.29, 44.12, 59.62, 68.54]

[ML diag] {'mask3_sparsity_mean': 0.46697818138810626, 'mask3_sparsity_std': 0.0004531375752187028, 'aux3_loss_mean': 0.8259794854509216, 'main_loss_mean': 1.813665661220088, 'aux3_over_main_ratio': 0.45541992833192263, 'mask_sparsity_mean': 0.47496843338012695}
The 26 Communcation Time: 239.612
The 26 Communcation Accuracy: 58.723 Method: f2dc_pg_ml epoch loss: 2.043
[56.89, 46.57, 61.75, 69.68]

[ML diag] {'mask3_sparsity_mean': 0.4653085576646635, 'mask3_sparsity_std': 0.0005074902728558803, 'aux3_loss_mean': 0.8094662091086698, 'main_loss_mean': 1.7939000011380324, 'aux3_over_main_ratio': 0.451232626453622, 'mask_sparsity_mean': 0.47484200820326805}
The 27 Communcation Time: 240.683
The 27 Communcation Accuracy: 58.13 Method: f2dc_pg_ml epoch loss: 2.017
[55.69, 44.85, 60.26, 71.72]

[ML diag] {'mask3_sparsity_mean': 0.4638720499638719, 'mask3_sparsity_std': 0.000471898971448588, 'aux3_loss_mean': 0.7833338514920087, 'main_loss_mean': 1.7038335036726209, 'aux3_over_main_ratio': 0.4597478860484484, 'mask_sparsity_mean': 0.47482945237840923}
The 28 Communcation Time: 247.969
The 28 Communcation Accuracy: 58.838 Method: f2dc_pg_ml epoch loss: 1.928
[54.19, 43.38, 65.81, 71.97]

[ML diag] {'mask3_sparsity_mean': 0.46226968623315673, 'mask3_sparsity_std': 0.0005737150570423511, 'aux3_loss_mean': 0.7725055652218582, 'main_loss_mean': 1.717165194633857, 'aux3_over_main_ratio': 0.4498725967868082, 'mask_sparsity_mean': 0.47468292216459906}
The 29 Communcation Time: 242.236
The 29 Communcation Accuracy: 60.468 Method: f2dc_pg_ml epoch loss: 1.939
[57.78, 45.59, 65.38, 73.12]

[ML diag] {'mask3_sparsity_mean': 0.46058798279704005, 'mask3_sparsity_std': 0.0005575498147254685, 'aux3_loss_mean': 0.7498107463748177, 'main_loss_mean': 1.679260047360702, 'aux3_over_main_ratio': 0.44651258603650906, 'mask_sparsity_mean': 0.4746565971937445}
The 30 Communcation Time: 243.284
The 30 Communcation Accuracy: 59.658 Method: f2dc_pg_ml epoch loss: 1.898
[57.19, 46.57, 62.39, 72.48]

[ML diag] {'mask3_sparsity_mean': 0.4590278685964518, 'mask3_sparsity_std': 0.0005137243052309697, 'aux3_loss_mean': 0.7283222648473168, 'main_loss_mean': 1.6301367518683272, 'aux3_over_main_ratio': 0.4467859914283721, 'mask_sparsity_mean': 0.4746508399645487, 'attn_entropy_mean': 0.9996879137317837, 'proto_signal_ratio_mean': 0.003388032229274463}
The 31 Communcation Time: 249.322
The 31 Communcation Accuracy: 59.88 Method: f2dc_pg_ml epoch loss: 1.841
[58.68, 44.36, 61.32, 75.16]

[ML diag] {'mask3_sparsity_mean': 0.45748665913706155, 'mask3_sparsity_std': 0.0005335539371893383, 'aux3_loss_mean': 0.7151369895975631, 'main_loss_mean': 1.614593182810621, 'aux3_over_main_ratio': 0.44292085288795807, 'mask_sparsity_mean': 0.4745752016703288, 'attn_entropy_mean': 0.9996841359421074, 'proto_signal_ratio_mean': 0.003092459279751263}
The 32 Communcation Time: 248.626
The 32 Communcation Accuracy: 58.968 Method: f2dc_pg_ml epoch loss: 1.812
[59.58, 46.57, 60.04, 69.68]

[ML diag] {'mask3_sparsity_mean': 0.4559461647300494, 'mask3_sparsity_std': 0.0006075229305919035, 'aux3_loss_mean': 0.6986590271524106, 'main_loss_mean': 1.5784802893054373, 'aux3_over_main_ratio': 0.44261498346604916, 'mask_sparsity_mean': 0.47455632500350475, 'attn_entropy_mean': 0.9996973531008526, 'proto_signal_ratio_mean': 0.0033265658914401067}
The 33 Communcation Time: 250.867
The 33 Communcation Accuracy: 62.228 Method: f2dc_pg_ml epoch loss: 1.785
[59.28, 48.53, 67.09, 74.01]

[ML diag] {'mask3_sparsity_mean': 0.45434343461081667, 'mask3_sparsity_std': 0.0007734310847367221, 'aux3_loss_mean': 0.6844724161281577, 'main_loss_mean': 1.5855044880931843, 'aux3_over_main_ratio': 0.4317063882621627, 'mask_sparsity_mean': 0.47445744276046753, 'attn_entropy_mean': 0.9996842839906217, 'proto_signal_ratio_mean': 0.0038445872070682285}
The 34 Communcation Time: 249.459
The 34 Communcation Accuracy: 62.832 Method: f2dc_pg_ml epoch loss: 1.786
[58.08, 49.26, 66.67, 77.32]

[ML diag] {'mask3_sparsity_mean': 0.45286793443905377, 'mask3_sparsity_std': 0.0006360012399309956, 'aux3_loss_mean': 0.6697996988239479, 'main_loss_mean': 1.5467877245079478, 'aux3_over_main_ratio': 0.4330262570689972, 'mask_sparsity_mean': 0.4744731145245688, 'attn_entropy_mean': 0.9996911932616321, 'proto_signal_ratio_mean': 0.005198139601005338}
The 35 Communcation Time: 243.754
The 35 Communcation Accuracy: 61.01 Method: f2dc_pg_ml epoch loss: 1.729
[60.48, 46.32, 66.03, 71.21]

[ML diag] {'mask3_sparsity_mean': 0.4513086478564984, 'mask3_sparsity_std': 0.0006352909499291182, 'aux3_loss_mean': 0.6447305068017238, 'main_loss_mean': 1.4925531429221723, 'aux3_over_main_ratio': 0.4319648582424664, 'mask_sparsity_mean': 0.47447551041841507, 'attn_entropy_mean': 0.9996822980984813, 'proto_signal_ratio_mean': 0.006041399245037567}
The 36 Communcation Time: 242.944
The 36 Communcation Accuracy: 62.022 Method: f2dc_pg_ml epoch loss: 1.673
[62.87, 45.83, 64.1, 75.29]

[ML diag] {'mask3_sparsity_mean': 0.44978450075678883, 'mask3_sparsity_std': 0.0005328502109343124, 'aux3_loss_mean': 0.6311139958295993, 'main_loss_mean': 1.457844486810132, 'aux3_over_main_ratio': 0.43290899786610426, 'mask_sparsity_mean': 0.4744916756947835, 'attn_entropy_mean': 0.9996763271487445, 'proto_signal_ratio_mean': 0.00685839195138049}
The 37 Communcation Time: 241.361
The 37 Communcation Accuracy: 63.575 Method: f2dc_pg_ml epoch loss: 1.628
[60.18, 51.72, 69.02, 73.38]

[ML diag] {'mask3_sparsity_mean': 0.4480720332199148, 'mask3_sparsity_std': 0.0006262009935381454, 'aux3_loss_mean': 0.618387651607588, 'main_loss_mean': 1.4763851361292708, 'aux3_over_main_ratio': 0.4188525314125369, 'mask_sparsity_mean': 0.47450195040021625, 'attn_entropy_mean': 0.999655136301222, 'proto_signal_ratio_mean': 0.007896558121078106}
The 38 Communcation Time: 241.966
The 38 Communcation Accuracy: 61.372 Method: f2dc_pg_ml epoch loss: 1.645
[61.08, 47.06, 64.74, 72.61]

[ML diag] {'mask3_sparsity_mean': 0.4468941299334081, 'mask3_sparsity_std': 0.0005576762810781091, 'aux3_loss_mean': 0.6040130331760656, 'main_loss_mean': 1.462851543150164, 'aux3_over_main_ratio': 0.4129011149520746, 'mask_sparsity_mean': 0.47442952791849774, 'attn_entropy_mean': 0.9996757431228811, 'proto_signal_ratio_mean': 0.008704786380010845}
The 39 Communcation Time: 244.922
The 39 Communcation Accuracy: 62.88 Method: f2dc_pg_ml epoch loss: 1.631
[60.18, 49.51, 66.03, 75.8]

[ML diag] {'mask3_sparsity_mean': 0.44542859274695107, 'mask3_sparsity_std': 0.0005841486377861909, 'aux3_loss_mean': 0.5980559903979397, 'main_loss_mean': 1.4757832091450596, 'aux3_over_main_ratio': 0.405246506866277, 'mask_sparsity_mean': 0.4744841811202821, 'attn_entropy_mean': 0.9996661659155399, 'proto_signal_ratio_mean': 0.010255503498699164}
The 40 Communcation Time: 251.148
The 40 Communcation Accuracy: 62.315 Method: f2dc_pg_ml epoch loss: 1.664
[58.38, 51.72, 68.59, 70.57]

[ML diag] {'mask3_sparsity_mean': 0.44412756144780385, 'mask3_sparsity_std': 0.0006093397556432848, 'aux3_loss_mean': 0.5693887526073431, 'main_loss_mean': 1.4032473192865267, 'aux3_over_main_ratio': 0.4057650741829642, 'mask_sparsity_mean': 0.47446220802764094, 'attn_entropy_mean': 0.9996669827349294, 'proto_signal_ratio_mean': 0.010986230293063781}
The 41 Communcation Time: 243.639
The 41 Communcation Accuracy: 62.287 Method: f2dc_pg_ml epoch loss: 1.558
[60.48, 48.04, 66.24, 74.39]

[ML diag] {'mask3_sparsity_mean': 0.44262732931272886, 'mask3_sparsity_std': 0.000771083690421005, 'aux3_loss_mean': 0.5601192036286884, 'main_loss_mean': 1.3936118571605933, 'aux3_over_main_ratio': 0.40191908582774266, 'mask_sparsity_mean': 0.4744256973266602, 'attn_entropy_mean': 0.9996537706813055, 'proto_signal_ratio_mean': 0.011665434466056472}
The 42 Communcation Time: 245.997
The 42 Communcation Accuracy: 64.488 Method: f2dc_pg_ml epoch loss: 1.551
[59.88, 51.47, 69.02, 77.58]

[ML diag] {'mask3_sparsity_mean': 0.4412882280249166, 'mask3_sparsity_std': 0.0006391300595244509, 'aux3_loss_mean': 0.5387971428208451, 'main_loss_mean': 1.3651148503273367, 'aux3_over_main_ratio': 0.394689972562857, 'mask_sparsity_mean': 0.47445940474669135, 'attn_entropy_mean': 0.9996690579666907, 'proto_signal_ratio_mean': 0.013034602714093582}
The 43 Communcation Time: 237.209
The 43 Communcation Accuracy: 62.168 Method: f2dc_pg_ml epoch loss: 1.499
[61.68, 47.3, 64.53, 75.16]

[ML diag] {'mask3_sparsity_mean': 0.4399381017625806, 'mask3_sparsity_std': 0.0007027426875690508, 'aux3_loss_mean': 0.5293462942984881, 'main_loss_mean': 1.3653656891278765, 'aux3_over_main_ratio': 0.3876956177480969, 'mask_sparsity_mean': 0.4745332059406099, 'attn_entropy_mean': 0.9996568822526669, 'proto_signal_ratio_mean': 0.014291031429945424}
The 44 Communcation Time: 244.173
The 44 Communcation Accuracy: 64.765 Method: f2dc_pg_ml epoch loss: 1.519
[61.38, 52.45, 68.8, 76.43]

[ML diag] {'mask3_sparsity_mean': 0.4387903142807318, 'mask3_sparsity_std': 0.0005821899879807241, 'aux3_loss_mean': 0.5195435433029688, 'main_loss_mean': 1.3478663578971581, 'aux3_over_main_ratio': 0.3854562733604557, 'mask_sparsity_mean': 0.47454563114378184, 'attn_entropy_mean': 0.9996474097003102, 'proto_signal_ratio_mean': 0.014834040777493484}
The 45 Communcation Time: 238.918
The 45 Communcation Accuracy: 63.743 Method: f2dc_pg_ml epoch loss: 1.488
[63.17, 50.98, 67.95, 72.87]

[ML diag] {'mask3_sparsity_mean': 0.43745212944754386, 'mask3_sparsity_std': 0.000577232075921117, 'aux3_loss_mean': 0.4982925313226023, 'main_loss_mean': 1.3193887850066635, 'aux3_over_main_ratio': 0.3776692184935358, 'mask_sparsity_mean': 0.4745284981197781, 'attn_entropy_mean': 0.9996484715655164, 'proto_signal_ratio_mean': 0.015748628278367403}
The 46 Communcation Time: 251.644
The 46 Communcation Accuracy: 64.2 Method: f2dc_pg_ml epoch loss: 1.459
[64.37, 51.96, 67.09, 73.38]

[ML diag] {'mask3_sparsity_mean': 0.43630017796854564, 'mask3_sparsity_std': 0.0008107866153777203, 'aux3_loss_mean': 0.49309064450798307, 'main_loss_mean': 1.3511546023117058, 'aux3_over_main_ratio': 0.3649402101464545, 'mask_sparsity_mean': 0.4745229512453079, 'attn_entropy_mean': 0.9996528231708137, 'proto_signal_ratio_mean': 0.016931166763227007}
The 47 Communcation Time: 243.972
The 47 Communcation Accuracy: 65.485 Method: f2dc_pg_ml epoch loss: 1.487
[65.27, 49.26, 70.09, 77.32]

[ML diag] {'mask3_sparsity_mean': 0.43525834781073386, 'mask3_sparsity_std': 0.0007590883343004649, 'aux3_loss_mean': 0.4750159466318304, 'main_loss_mean': 1.2941478018394001, 'aux3_over_main_ratio': 0.36704922417414765, 'mask_sparsity_mean': 0.4746327420075735, 'attn_entropy_mean': 0.9996418349079773, 'proto_signal_ratio_mean': 0.01814109472302252}
The 48 Communcation Time: 240.685
The 48 Communcation Accuracy: 64.692 Method: f2dc_pg_ml epoch loss: 1.422
[62.57, 50.49, 69.02, 76.69]

[ML diag] {'mask3_sparsity_mean': 0.4339582044835019, 'mask3_sparsity_std': 0.0007546301484157901, 'aux3_loss_mean': 0.4658274851147331, 'main_loss_mean': 1.2936287330086453, 'aux3_over_main_ratio': 0.3600936445121616, 'mask_sparsity_mean': 0.4745209336280823, 'attn_entropy_mean': 0.9996586920181266, 'proto_signal_ratio_mean': 0.01803804645297568}
The 49 Communcation Time: 246.482
The 49 Communcation Accuracy: 65.435 Method: f2dc_pg_ml epoch loss: 1.422
[63.77, 49.75, 70.51, 77.71]

[ML diag] {'mask3_sparsity_mean': 0.432699660162131, 'mask3_sparsity_std': 0.0007951380098402836, 'aux3_loss_mean': 0.4594319001995631, 'main_loss_mean': 1.3309743565949645, 'aux3_over_main_ratio': 0.34518463704659874, 'mask_sparsity_mean': 0.47467948123812675, 'attn_entropy_mean': 0.9996434583365138, 'proto_signal_ratio_mean': 0.019664045851731933}
The 50 Communcation Time: 246.602
The 50 Communcation Accuracy: 66.43 Method: f2dc_pg_ml epoch loss: 1.457
[66.77, 50.74, 69.23, 78.98]

[ML diag] {'mask3_sparsity_mean': 0.43163151576760905, 'mask3_sparsity_std': 0.0008211769824374795, 'aux3_loss_mean': 0.43832080245214167, 'main_loss_mean': 1.306303041044256, 'aux3_over_main_ratio': 0.33554297026036844, 'mask_sparsity_mean': 0.4746120462814966, 'attn_entropy_mean': 0.9996364796358553, 'proto_signal_ratio_mean': 0.019416468359756453}
The 51 Communcation Time: 248.289
The 51 Communcation Accuracy: 66.83 Method: f2dc_pg_ml epoch loss: 1.423
[63.47, 53.92, 72.22, 77.71]

[ML diag] {'mask3_sparsity_mean': 0.43048538302930145, 'mask3_sparsity_std': 0.0008011600341607985, 'aux3_loss_mean': 0.4264152717319532, 'main_loss_mean': 1.2667173258889677, 'aux3_over_main_ratio': 0.33663017234938336, 'mask_sparsity_mean': 0.4746507888748532, 'attn_entropy_mean': 0.9996370626406946, 'proto_signal_ratio_mean': 0.020124642935541663}
The 52 Communcation Time: 237.866
The 52 Communcation Accuracy: 65.443 Method: f2dc_pg_ml epoch loss: 1.402
[66.47, 50.74, 69.02, 75.54]

[ML diag] {'mask3_sparsity_mean': 0.4294801317537442, 'mask3_sparsity_std': 0.0007172660724482756, 'aux3_loss_mean': 0.41670393673680645, 'main_loss_mean': 1.258892692351613, 'aux3_over_main_ratio': 0.33100830536906445, 'mask_sparsity_mean': 0.4746748421873365, 'attn_entropy_mean': 0.9996292191325076, 'proto_signal_ratio_mean': 0.01995313137968383}
The 53 Communcation Time: 247.947
The 53 Communcation Accuracy: 64.878 Method: f2dc_pg_ml epoch loss: 1.396
[63.47, 52.21, 68.8, 75.03]

[ML diag] {'mask3_sparsity_mean': 0.42817837744346016, 'mask3_sparsity_std': 0.0006968524316378142, 'aux3_loss_mean': 0.39068256869952817, 'main_loss_mean': 1.2002760786222864, 'aux3_over_main_ratio': 0.32549392232157587, 'mask_sparsity_mean': 0.4747958183288574, 'attn_entropy_mean': 0.9996240486657726, 'proto_signal_ratio_mean': 0.020389960499453973}
The 54 Communcation Time: 244.867
The 54 Communcation Accuracy: 65.058 Method: f2dc_pg_ml epoch loss: 1.317
[64.37, 50.98, 72.01, 72.87]

[ML diag] {'mask3_sparsity_mean': 0.4273349504807761, 'mask3_sparsity_std': 0.0006160477238586869, 'aux3_loss_mean': 0.3863535711170678, 'main_loss_mean': 1.2159857579536089, 'aux3_over_main_ratio': 0.3177286975525643, 'mask_sparsity_mean': 0.4748098272830248, 'attn_entropy_mean': 0.9996337483960219, 'proto_signal_ratio_mean': 0.020291953742967668}
The 55 Communcation Time: 244.988
The 55 Communcation Accuracy: 66.935 Method: f2dc_pg_ml epoch loss: 1.324
[64.07, 52.94, 70.73, 80.0]

[ML diag] {'mask3_sparsity_mean': 0.4260470657165395, 'mask3_sparsity_std': 0.000856868738696171, 'aux3_loss_mean': 0.3893146897401965, 'main_loss_mean': 1.2437037624168747, 'aux3_over_main_ratio': 0.31302847310170223, 'mask_sparsity_mean': 0.4747396185994148, 'attn_entropy_mean': 0.9996317420833967, 'proto_signal_ratio_mean': 0.01948204014574828}
The 56 Communcation Time: 243.962
The 56 Communcation Accuracy: 65.808 Method: f2dc_pg_ml epoch loss: 1.348
[65.27, 49.75, 69.23, 78.98]

[ML diag] {'mask3_sparsity_mean': 0.42526848635579617, 'mask3_sparsity_std': 0.0006875438791381851, 'aux3_loss_mean': 0.36813835583987253, 'main_loss_mean': 1.1973313769208693, 'aux3_over_main_ratio': 0.3074657216338886, 'mask_sparsity_mean': 0.47487865956056685, 'attn_entropy_mean': 0.9996276375659647, 'proto_signal_ratio_mean': 0.01938503319496125}
The 57 Communcation Time: 247.84
The 57 Communcation Accuracy: 67.26 Method: f2dc_pg_ml epoch loss: 1.312
[64.37, 54.9, 73.72, 76.05]

[ML diag] {'mask3_sparsity_mean': 0.4242735622789846, 'mask3_sparsity_std': 0.0008472596871471916, 'aux3_loss_mean': 0.35984045004702087, 'main_loss_mean': 1.1909933003353104, 'aux3_over_main_ratio': 0.30213473908351285, 'mask_sparsity_mean': 0.47490125000476835, 'attn_entropy_mean': 0.9996098028251087, 'proto_signal_ratio_mean': 0.019667156930631875}
The 58 Communcation Time: 242.182
The 58 Communcation Accuracy: 67.848 Method: f2dc_pg_ml epoch loss: 1.292
[64.97, 55.39, 71.79, 79.24]

[ML diag] {'mask3_sparsity_mean': 0.4232192115738891, 'mask3_sparsity_std': 0.0009406552447661666, 'aux3_loss_mean': 0.3637284160899511, 'main_loss_mean': 1.2121267193344358, 'aux3_over_main_ratio': 0.3000745799000867, 'mask_sparsity_mean': 0.4749141459663709, 'attn_entropy_mean': 0.9996121077873232, 'proto_signal_ratio_mean': 0.01974093656740031}
The 59 Communcation Time: 246.952
The 59 Communcation Accuracy: 65.552 Method: f2dc_pg_ml epoch loss: 1.334
[61.98, 54.9, 69.66, 75.67]

[ML diag] {'mask3_sparsity_mean': 0.422265480014712, 'mask3_sparsity_std': 0.0007367167920302481, 'aux3_loss_mean': 0.336547450283487, 'main_loss_mean': 1.1538458466529846, 'aux3_over_main_ratio': 0.29167453456605674, 'mask_sparsity_mean': 0.4749690762587956, 'attn_entropy_mean': 0.9996132896228773, 'proto_signal_ratio_mean': 0.020339081802728923}
The 60 Communcation Time: 247.402
The 60 Communcation Accuracy: 66.918 Method: f2dc_pg_ml epoch loss: 1.258
[60.78, 55.64, 73.29, 77.96]

[ML diag] {'mask3_sparsity_mean': 0.42145121503917, 'mask3_sparsity_std': 0.0008929254861423227, 'aux3_loss_mean': 0.33252344724406285, 'main_loss_mean': 1.1648289216226895, 'aux3_over_main_ratio': 0.285469772488851, 'mask_sparsity_mean': 0.4749284565448761, 'attn_entropy_mean': 0.9996010041487482, 'proto_signal_ratio_mean': 0.020215144858895855}
The 61 Communcation Time: 242.963
The 61 Communcation Accuracy: 65.477 Method: f2dc_pg_ml epoch loss: 1.259
[64.07, 53.19, 71.15, 73.5]

[ML diag] {'mask3_sparsity_mean': 0.42053269537614624, 'mask3_sparsity_std': 0.0008667021082225427, 'aux3_loss_mean': 0.32586908459084474, 'main_loss_mean': 1.1629909418447957, 'aux3_over_main_ratio': 0.2801991596546182, 'mask_sparsity_mean': 0.47495395243167876, 'attn_entropy_mean': 0.9996071966607444, 'proto_signal_ratio_mean': 0.019750869547032302}
The 62 Communcation Time: 252.401
The 62 Communcation Accuracy: 68.968 Method: f2dc_pg_ml epoch loss: 1.261
[65.57, 55.39, 74.15, 80.76]

[ML diag] {'mask3_sparsity_mean': 0.41969924777391415, 'mask3_sparsity_std': 0.0008911837799875629, 'aux3_loss_mean': 0.3216750681290257, 'main_loss_mean': 1.1734822013430197, 'aux3_over_main_ratio': 0.2741201083074605, 'mask_sparsity_mean': 0.47501293250492643, 'attn_entropy_mean': 0.9996012109061562, 'proto_signal_ratio_mean': 0.020122248791867366}
The 63 Communcation Time: 240.561
The 63 Communcation Accuracy: 67.12 Method: f2dc_pg_ml epoch loss: 1.264
[66.17, 53.92, 70.94, 77.45]

[ML diag] {'mask3_sparsity_mean': 0.4188734470540654, 'mask3_sparsity_std': 0.0008922637735483647, 'aux3_loss_mean': 0.3249446645558483, 'main_loss_mean': 1.1871100406065704, 'aux3_over_main_ratio': 0.2737275007713803, 'mask_sparsity_mean': 0.47508377112724165, 'attn_entropy_mean': 0.9996059181925394, 'proto_signal_ratio_mean': 0.01942609925055019}
The 64 Communcation Time: 244.211
The 64 Communcation Accuracy: 65.342 Method: f2dc_pg_ml epoch loss: 1.288
[64.97, 50.49, 68.59, 77.32]

[ML diag] {'mask3_sparsity_mean': 0.41809504483128546, 'mask3_sparsity_std': 0.0009312915997890268, 'aux3_loss_mean': 0.3077083117703715, 'main_loss_mean': 1.1458259500657637, 'aux3_over_main_ratio': 0.2685471661317418, 'mask_sparsity_mean': 0.47510127652259104, 'attn_entropy_mean': 0.9996081104774363, 'proto_signal_ratio_mean': 0.020283126562315026}
The 65 Communcation Time: 249.509
The 65 Communcation Accuracy: 68.202 Method: f2dc_pg_ml epoch loss: 1.252
[67.37, 55.64, 72.22, 77.58]

[ML diag] {'mask3_sparsity_mean': 0.4172383141452428, 'mask3_sparsity_std': 0.0008797352720944117, 'aux3_loss_mean': 0.29847340283864265, 'main_loss_mean': 1.1300110340424614, 'aux3_over_main_ratio': 0.2641331755592638, 'mask_sparsity_mean': 0.47514046132564547, 'attn_entropy_mean': 0.999601969016652, 'proto_signal_ratio_mean': 0.01986742433581034}
The 66 Communcation Time: 240.928
The 66 Communcation Accuracy: 67.682 Method: f2dc_pg_ml epoch loss: 1.222
[67.37, 54.41, 72.01, 76.94]

[ML diag] {'mask3_sparsity_mean': 0.4164761190639451, 'mask3_sparsity_std': 0.0006994862105097991, 'aux3_loss_mean': 0.27734079294565744, 'main_loss_mean': 1.0568642670652002, 'aux3_over_main_ratio': 0.262418554196939, 'mask_sparsity_mean': 0.4751748177740309, 'attn_entropy_mean': 0.999597696030221, 'proto_signal_ratio_mean': 0.020297091130890028}
The 67 Communcation Time: 244.851
The 67 Communcation Accuracy: 66.265 Method: f2dc_pg_ml epoch loss: 1.135
[65.87, 55.64, 71.58, 71.97]

[ML diag] {'mask3_sparsity_mean': 0.41536916560242104, 'mask3_sparsity_std': 0.0009433752940485995, 'aux3_loss_mean': 0.2874944381126385, 'main_loss_mean': 1.1399419024919197, 'aux3_over_main_ratio': 0.2522009564559158, 'mask_sparsity_mean': 0.47517434472129455, 'attn_entropy_mean': 0.9995941285715377, 'proto_signal_ratio_mean': 0.020121634428330006}
The 68 Communcation Time: 244.196
The 68 Communcation Accuracy: 66.852 Method: f2dc_pg_ml epoch loss: 1.233
[66.77, 52.45, 71.37, 76.82]

[ML diag] {'mask3_sparsity_mean': 0.4150333700052703, 'mask3_sparsity_std': 0.001093010767307238, 'aux3_loss_mean': 0.2892135220650523, 'main_loss_mean': 1.1764961180564086, 'aux3_over_main_ratio': 0.24582615924210435, 'mask_sparsity_mean': 0.4752321019768715, 'attn_entropy_mean': 0.9996027868570657, 'proto_signal_ratio_mean': 0.020169525097930564}
The 69 Communcation Time: 242.11
The 69 Communcation Accuracy: 66.78 Method: f2dc_pg_ml epoch loss: 1.273
[65.87, 52.94, 70.09, 78.22]

[ML diag] {'mask3_sparsity_mean': 0.4140959871414056, 'mask3_sparsity_std': 0.0008610418078202474, 'aux3_loss_mean': 0.2698737915842735, 'main_loss_mean': 1.0925873801229393, 'aux3_over_main_ratio': 0.24700430967261122, 'mask_sparsity_mean': 0.47522103786468506, 'attn_entropy_mean': 0.9995805836640125, 'proto_signal_ratio_mean': 0.01982923455631197}
The 70 Communcation Time: 247.223
The 70 Communcation Accuracy: 67.4 Method: f2dc_pg_ml epoch loss: 1.187
[64.37, 54.41, 72.86, 77.96]

[ML diag] {'mask3_sparsity_mean': 0.4134742748500556, 'mask3_sparsity_std': 0.0009603968102762561, 'aux3_loss_mean': 0.2553911349238123, 'main_loss_mean': 1.0596886729769233, 'aux3_over_main_ratio': 0.24100581749765854, 'mask_sparsity_mean': 0.47526697628200054, 'attn_entropy_mean': 0.9995736151735963, 'proto_signal_ratio_mean': 0.020062405117056592}
The 71 Communcation Time: 246.507
The 71 Communcation Accuracy: 68.818 Method: f2dc_pg_ml epoch loss: 1.155
[67.37, 55.15, 74.15, 78.6]

[ML diag] {'mask3_sparsity_mean': 0.41271690620684465, 'mask3_sparsity_std': 0.0010326072356514682, 'aux3_loss_mean': 0.2595658842138713, 'main_loss_mean': 1.0827903438569417, 'aux3_over_main_ratio': 0.2397194301616021, 'mask_sparsity_mean': 0.47522458136081697, 'attn_entropy_mean': 0.9995873811328688, 'proto_signal_ratio_mean': 0.01986006851966031}
The 72 Communcation Time: 239.044
The 72 Communcation Accuracy: 67.642 Method: f2dc_pg_ml epoch loss: 1.169
[63.17, 54.41, 73.5, 79.49]

[ML diag] {'mask3_sparsity_mean': 0.4122308072978633, 'mask3_sparsity_std': 0.0011068845956023264, 'aux3_loss_mean': 0.2532062960878615, 'main_loss_mean': 1.0830394255615463, 'aux3_over_main_ratio': 0.23379231643074885, 'mask_sparsity_mean': 0.4753369117776553, 'attn_entropy_mean': 0.9995859236207708, 'proto_signal_ratio_mean': 0.02050723265220433}
The 73 Communcation Time: 241.46
The 73 Communcation Accuracy: 67.995 Method: f2dc_pg_ml epoch loss: 1.179
[66.17, 56.13, 72.86, 76.82]

[ML diag] {'mask3_sparsity_mean': 0.41129511211481357, 'mask3_sparsity_std': 0.0009542949853488709, 'aux3_loss_mean': 0.2468119740742113, 'main_loss_mean': 1.0635077490586877, 'aux3_over_main_ratio': 0.2320735079670693, 'mask_sparsity_mean': 0.4754264610154288, 'attn_entropy_mean': 0.9995782250980255, 'proto_signal_ratio_mean': 0.019976425253965355}
The 74 Communcation Time: 238.116
The 74 Communcation Accuracy: 66.968 Method: f2dc_pg_ml epoch loss: 1.154
[67.37, 50.25, 69.23, 81.02]

[ML diag] {'mask3_sparsity_mean': 0.4108696285999699, 'mask3_sparsity_std': 0.0009729788237023975, 'aux3_loss_mean': 0.2495846425193733, 'main_loss_mean': 1.1052483086248026, 'aux3_over_main_ratio': 0.2258177104382247, 'mask_sparsity_mean': 0.47535489582353163, 'attn_entropy_mean': 0.9995798127907136, 'proto_signal_ratio_mean': 0.019254539777304996}
The 75 Communcation Time: 255.563
The 75 Communcation Accuracy: 69.645 Method: f2dc_pg_ml epoch loss: 1.203
[67.37, 57.35, 75.64, 78.22]

[ML diag] {'mask3_sparsity_mean': 0.41019525879954, 'mask3_sparsity_std': 0.0009296011957970138, 'aux3_loss_mean': 0.2421532425614991, 'main_loss_mean': 1.087600074743149, 'aux3_over_main_ratio': 0.2226491595439498, 'mask_sparsity_mean': 0.47541336466868717, 'attn_entropy_mean': 0.9995739265859886, 'proto_signal_ratio_mean': 0.019915554841933206}
The 76 Communcation Time: 255.908
The 76 Communcation Accuracy: 68.158 Method: f2dc_pg_ml epoch loss: 1.158
[65.87, 55.88, 75.21, 75.67]

[ML diag] {'mask3_sparsity_mean': 0.409362816147474, 'mask3_sparsity_std': 0.0008124418295893391, 'aux3_loss_mean': 0.21902467028552905, 'main_loss_mean': 1.0056641433973492, 'aux3_over_main_ratio': 0.21779107043194035, 'mask_sparsity_mean': 0.47544535994529724, 'attn_entropy_mean': 0.9995751196528093, 'proto_signal_ratio_mean': 0.020053240249520855}
The 77 Communcation Time: 246.624
The 77 Communcation Accuracy: 70.25 Method: f2dc_pg_ml epoch loss: 1.085
[66.77, 59.56, 76.07, 78.6]

[ML diag] {'mask3_sparsity_mean': 0.40891603429467127, 'mask3_sparsity_std': 0.0010049656240850072, 'aux3_loss_mean': 0.2264963883992125, 'main_loss_mean': 1.045147319412438, 'aux3_over_main_ratio': 0.21671240426329988, 'mask_sparsity_mean': 0.4754690945148468, 'attn_entropy_mean': 0.9995741103703513, 'proto_signal_ratio_mean': 0.01958307319326394}
The 78 Communcation Time: 246.57
The 78 Communcation Accuracy: 69.17 Method: f2dc_pg_ml epoch loss: 1.162
[67.66, 56.62, 73.29, 79.11]

[ML diag] {'mask3_sparsity_mean': 0.40818043664430254, 'mask3_sparsity_std': 0.0008692993713422615, 'aux3_loss_mean': 0.22830781899601924, 'main_loss_mean': 1.0434071937453633, 'aux3_over_main_ratio': 0.21880989546995233, 'mask_sparsity_mean': 0.4755716307295693, 'attn_entropy_mean': 0.9995661647597405, 'proto_signal_ratio_mean': 0.020373796784406876}
The 79 Communcation Time: 246.16
The 79 Communcation Accuracy: 67.883 Method: f2dc_pg_ml epoch loss: 1.111
[68.56, 55.39, 71.15, 76.43]

[ML diag] {'mask3_sparsity_mean': 0.4074262450379389, 'mask3_sparsity_std': 0.0009469321081388559, 'aux3_loss_mean': 0.22388474848566955, 'main_loss_mean': 1.0572396555362573, 'aux3_over_main_ratio': 0.21176347984422683, 'mask_sparsity_mean': 0.4756072482892445, 'attn_entropy_mean': 0.9995556694474057, 'proto_signal_ratio_mean': 0.0208515942696077}
The 80 Communcation Time: 251.007
The 80 Communcation Accuracy: 69.09 Method: f2dc_pg_ml epoch loss: 1.141
[64.97, 58.09, 74.57, 78.73]

[ML diag] {'mask3_sparsity_mean': 0.40690041567386165, 'mask3_sparsity_std': 0.001145813775147078, 'aux3_loss_mean': 0.2001789289228959, 'main_loss_mean': 0.983289375890218, 'aux3_over_main_ratio': 0.20358089269668406, 'mask_sparsity_mean': 0.47561704615751904, 'attn_entropy_mean': 0.9995565359906755, 'proto_signal_ratio_mean': 0.020203632529419285}
The 81 Communcation Time: 249.019
The 81 Communcation Accuracy: 69.63 Method: f2dc_pg_ml epoch loss: 1.048
[67.66, 58.33, 75.21, 77.32]

[ML diag] {'mask3_sparsity_mean': 0.4062248696359522, 'mask3_sparsity_std': 0.0010303216193020522, 'aux3_loss_mean': 0.20676820201999324, 'main_loss_mean': 1.036646358266193, 'aux3_over_main_ratio': 0.19945876467054421, 'mask_sparsity_mean': 0.4756112418004445, 'attn_entropy_mean': 0.9995575759038606, 'proto_signal_ratio_mean': 0.020035970415264354}
The 82 Communcation Time: 250.478
The 82 Communcation Accuracy: 69.305 Method: f2dc_pg_ml epoch loss: 1.105
[65.87, 58.82, 74.57, 77.96]

[ML diag] {'mask3_sparsity_mean': 0.40538478246805054, 'mask3_sparsity_std': 0.001040241366442951, 'aux3_loss_mean': 0.2015924159586932, 'main_loss_mean': 1.0275883816767513, 'aux3_over_main_ratio': 0.19618012382521097, 'mask_sparsity_mean': 0.4756156099694116, 'attn_entropy_mean': 0.9995471573725485, 'proto_signal_ratio_mean': 0.02087093940173786}
The 83 Communcation Time: 243.952
The 83 Communcation Accuracy: 69.21 Method: f2dc_pg_ml epoch loss: 1.101
[67.07, 58.82, 72.22, 78.73]

[ML diag] {'mask3_sparsity_mean': 0.4051763249756325, 'mask3_sparsity_std': 0.0011072946058785845, 'aux3_loss_mean': 0.19137143936133208, 'main_loss_mean': 0.9814741388123573, 'aux3_over_main_ratio': 0.19498367994994042, 'mask_sparsity_mean': 0.47563564876715336, 'attn_entropy_mean': 0.9995356177566244, 'proto_signal_ratio_mean': 0.01992795252870643}
The 84 Communcation Time: 244.032
The 84 Communcation Accuracy: 68.68 Method: f2dc_pg_ml epoch loss: 1.057
[66.17, 57.6, 72.86, 78.09]

[ML diag] {'mask3_sparsity_mean': 0.40466298916264476, 'mask3_sparsity_std': 0.0009552465599666218, 'aux3_loss_mean': 0.18256188107758814, 'main_loss_mean': 0.9526953965066658, 'aux3_over_main_ratio': 0.19162670644468763, 'mask_sparsity_mean': 0.47573758102953434, 'attn_entropy_mean': 0.9995274674306541, 'proto_signal_ratio_mean': 0.020128521503159854}
The 85 Communcation Time: 240.762
The 85 Communcation Accuracy: 69.375 Method: f2dc_pg_ml epoch loss: 1.02
[72.16, 56.13, 72.01, 77.2]

[ML diag] {'mask3_sparsity_mean': 0.40378744748613193, 'mask3_sparsity_std': 0.001220492510155251, 'aux3_loss_mean': 0.18724325375676604, 'main_loss_mean': 0.9959398893439994, 'aux3_over_main_ratio': 0.18800658128082257, 'mask_sparsity_mean': 0.475712647040685, 'attn_entropy_mean': 0.999530002123322, 'proto_signal_ratio_mean': 0.02185697582862823}
The 86 Communcation Time: 247.134
The 86 Communcation Accuracy: 68.445 Method: f2dc_pg_ml epoch loss: 1.062
[67.07, 58.82, 72.22, 75.67]

[ML diag] {'mask3_sparsity_mean': 0.4037147259559387, 'mask3_sparsity_std': 0.0011923359983726125, 'aux3_loss_mean': 0.17942398295337553, 'main_loss_mean': 0.9523529923130601, 'aux3_over_main_ratio': 0.18840071318261242, 'mask_sparsity_mean': 0.4757887025674184, 'attn_entropy_mean': 0.9995266674581647, 'proto_signal_ratio_mean': 0.020293734037217844}
The 87 Communcation Time: 241.793
The 87 Communcation Accuracy: 68.41 Method: f2dc_pg_ml epoch loss: 1.037
[66.47, 59.56, 73.72, 73.89]

[ML diag] {'mask3_sparsity_mean': 0.40310794458220806, 'mask3_sparsity_std': 0.0009587867758965778, 'aux3_loss_mean': 0.18315969091976295, 'main_loss_mean': 0.9879081909701307, 'aux3_over_main_ratio': 0.18540153082433625, 'mask_sparsity_mean': 0.475747582813104, 'attn_entropy_mean': 0.9995339994332091, 'proto_signal_ratio_mean': 0.019918938855046895}
The 88 Communcation Time: 250.082
The 88 Communcation Accuracy: 69.88 Method: f2dc_pg_ml epoch loss: 1.066
[69.16, 54.9, 75.21, 80.25]

[ML diag] {'mask3_sparsity_mean': 0.4028716032348928, 'mask3_sparsity_std': 0.0010389654823550316, 'aux3_loss_mean': 0.17897540194661665, 'main_loss_mean': 0.9638755001337039, 'aux3_over_main_ratio': 0.18568311148254116, 'mask_sparsity_mean': 0.4757885873317719, 'attn_entropy_mean': 0.9995236758571509, 'proto_signal_ratio_mean': 0.020418098984861535}
The 89 Communcation Time: 238.594
The 89 Communcation Accuracy: 66.68 Method: f2dc_pg_ml epoch loss: 1.054
[65.27, 54.41, 72.01, 75.03]

[ML diag] {'mask3_sparsity_mean': 0.40211032730116114, 'mask3_sparsity_std': 0.000984291664515931, 'aux3_loss_mean': 0.16530651887174566, 'main_loss_mean': 0.9451817736998476, 'aux3_over_main_ratio': 0.17489389181158765, 'mask_sparsity_mean': 0.4758552511533101, 'attn_entropy_mean': 0.9995153836088119, 'proto_signal_ratio_mean': 0.020651898642652666}
The 90 Communcation Time: 239.338
The 90 Communcation Accuracy: 67.528 Method: f2dc_pg_ml epoch loss: 0.996
[67.07, 56.37, 73.29, 73.38]

[ML diag] {'mask3_sparsity_mean': 0.40180841508880605, 'mask3_sparsity_std': 0.0007429138259483029, 'aux3_loss_mean': 0.17325276359509056, 'main_loss_mean': 0.965440870627945, 'aux3_over_main_ratio': 0.17945455684137648, 'mask_sparsity_mean': 0.47586013873418176, 'attn_entropy_mean': 0.999521593988732, 'proto_signal_ratio_mean': 0.020565591228971922}
The 91 Communcation Time: 242.439
The 91 Communcation Accuracy: 66.41 Method: f2dc_pg_ml epoch loss: 1.038
[64.97, 55.15, 72.65, 72.87]

[ML diag] {'mask3_sparsity_mean': 0.40100175636628316, 'mask3_sparsity_std': 0.0010589737704301127, 'aux3_loss_mean': 0.1713953425848507, 'main_loss_mean': 0.9664026033861103, 'aux3_over_main_ratio': 0.17735397440394984, 'mask_sparsity_mean': 0.4758640499342056, 'attn_entropy_mean': 0.999517608931136, 'proto_signal_ratio_mean': 0.020740405794115516}
The 92 Communcation Time: 247.294
The 92 Communcation Accuracy: 67.662 Method: f2dc_pg_ml epoch loss: 1.043
[66.17, 55.15, 72.01, 77.32]

[ML diag] {'mask3_sparsity_mean': 0.4012223775788469, 'mask3_sparsity_std': 0.0009779634863126949, 'aux3_loss_mean': 0.16142434148313164, 'main_loss_mean': 0.9567705920045344, 'aux3_over_main_ratio': 0.16871791716019488, 'mask_sparsity_mean': 0.47594858705997467, 'attn_entropy_mean': 0.9995007599891804, 'proto_signal_ratio_mean': 0.020153734870723417}
The 93 Communcation Time: 246.765
The 93 Communcation Accuracy: 68.08 Method: f2dc_pg_ml epoch loss: 1.037
[68.26, 54.9, 72.22, 76.94]

[ML diag] {'mask3_sparsity_mean': 0.4003593129533901, 'mask3_sparsity_std': 0.0011097203244137695, 'aux3_loss_mean': 0.15950750448449616, 'main_loss_mean': 0.9501502312240181, 'aux3_over_main_ratio': 0.16787608868864115, 'mask_sparsity_mean': 0.47594027717908227, 'attn_entropy_mean': 0.9995201611513864, 'proto_signal_ratio_mean': 0.020728341000772997}
The 94 Communcation Time: 247.026
The 94 Communcation Accuracy: 69.655 Method: f2dc_pg_ml epoch loss: 0.992
[68.26, 57.84, 72.01, 80.51]

[ML diag] {'mask3_sparsity_mean': 0.400149852577785, 'mask3_sparsity_std': 0.0012517882196128455, 'aux3_loss_mean': 0.1698005502891327, 'main_loss_mean': 0.995721707234587, 'aux3_over_main_ratio': 0.1705301281024785, 'mask_sparsity_mean': 0.47596390332494465, 'attn_entropy_mean': 0.999510490350157, 'proto_signal_ratio_mean': 0.020572572119561018}
The 95 Communcation Time: 252.371
The 95 Communcation Accuracy: 67.51 Method: f2dc_pg_ml epoch loss: 1.065
[67.37, 54.17, 74.36, 74.14]

[ML diag] {'mask3_sparsity_mean': 0.3997537413154672, 'mask3_sparsity_std': 0.0013228436317478931, 'aux3_loss_mean': 0.15751917476938201, 'main_loss_mean': 0.9478741143924464, 'aux3_over_main_ratio': 0.1661815344227922, 'mask_sparsity_mean': 0.4759353667497635, 'attn_entropy_mean': 0.9995173485699554, 'proto_signal_ratio_mean': 0.02077002264604927}
The 96 Communcation Time: 247.529
The 96 Communcation Accuracy: 69.038 Method: f2dc_pg_ml epoch loss: 1.031
[68.86, 55.64, 75.85, 75.8]

[ML diag] {'mask3_sparsity_mean': 0.39962817229681746, 'mask3_sparsity_std': 0.001132435955611206, 'aux3_loss_mean': 0.15669936534620763, 'main_loss_mean': 0.947893063484101, 'aux3_over_main_ratio': 0.16531333689713823, 'mask_sparsity_mean': 0.4760286029842165, 'attn_entropy_mean': 0.9995094284849507, 'proto_signal_ratio_mean': 0.02079214228532003}
The 97 Communcation Time: 248.18
The 97 Communcation Accuracy: 69.422 Method: f2dc_pg_ml epoch loss: 1.013
[66.77, 57.11, 75.21, 78.6]

[ML diag] {'mask3_sparsity_mean': 0.3992461376058426, 'mask3_sparsity_std': 0.0010676401938044108, 'aux3_loss_mean': 0.15455839549059575, 'main_loss_mean': 0.9568443487038446, 'aux3_over_main_ratio': 0.16152929752886436, 'mask_sparsity_mean': 0.475953359802564, 'attn_entropy_mean': 0.9994952668787864, 'proto_signal_ratio_mean': 0.02055771935972306}
The 98 Communcation Time: 248.425
The 98 Communcation Accuracy: 69.322 Method: f2dc_pg_ml epoch loss: 1.039
[72.16, 56.86, 72.86, 75.41]

[ML diag] {'mask3_sparsity_mean': 0.3984358627303787, 'mask3_sparsity_std': 0.0011501724813588515, 'aux3_loss_mean': 0.14425522268223934, 'main_loss_mean': 0.9110115912326516, 'aux3_over_main_ratio': 0.15834619896224772, 'mask_sparsity_mean': 0.47608033177398507, 'attn_entropy_mean': 0.9995018198123382, 'proto_signal_ratio_mean': 0.020460771846910537}
The 99 Communcation Time: 242.645
The 99 Communcation Accuracy: 67.588 Method: f2dc_pg_ml epoch loss: 0.959
[67.37, 55.88, 73.72, 73.38]

ALL Loss:  [7.916, 5.593, 5.031, 4.734, 4.524, 4.26, 4.142, 3.863, 3.658, 3.524, 3.398, 3.255, 3.152, 2.96, 2.933, 2.8, 2.73, 2.646, 2.567, 2.472, 2.346, 2.284, 2.249, 2.174, 2.159, 2.098, 2.043, 2.017, 1.928, 1.939, 1.898, 1.841, 1.812, 1.785, 1.786, 1.729, 1.673, 1.628, 1.645, 1.631, 1.664, 1.558, 1.551, 1.499, 1.519, 1.488, 1.459, 1.487, 1.422, 1.422, 1.457, 1.423, 1.402, 1.396, 1.317, 1.324, 1.348, 1.312, 1.292, 1.334, 1.258, 1.259, 1.261, 1.264, 1.288, 1.252, 1.222, 1.135, 1.233, 1.273, 1.187, 1.155, 1.169, 1.179, 1.154, 1.203, 1.158, 1.085, 1.162, 1.111, 1.141, 1.048, 1.105, 1.101, 1.057, 1.02, 1.062, 1.037, 1.066, 1.054, 0.996, 1.038, 1.043, 1.037, 0.992, 1.065, 1.031, 1.013, 1.039, 0.959]
Accuracy List f2dc_pg_ml (fl_pacs): [10.312, 18.898, 20.31, 19.07, 24.693, 30.77, 34.375, 34.958, 40.065, 41.768, 41.885, 42.388, 40.705, 40.995, 45.745, 49.11, 47.85, 48.323, 48.89, 52.495, 53.192, 54.98, 52.78, 57.18, 57.382, 57.142, 58.723, 58.13, 58.838, 60.468, 59.658, 59.88, 58.968, 62.228, 62.832, 61.01, 62.022, 63.575, 61.372, 62.88, 62.315, 62.287, 64.488, 62.168, 64.765, 63.743, 64.2, 65.485, 64.692, 65.435, 66.43, 66.83, 65.443, 64.878, 65.058, 66.935, 65.808, 67.26, 67.848, 65.552, 66.918, 65.477, 68.968, 67.12, 65.342, 68.202, 67.682, 66.265, 66.852, 66.78, 67.4, 68.818, 67.642, 67.995, 66.968, 69.645, 68.158, 70.25, 69.17, 67.883, 69.09, 69.63, 69.305, 69.21, 68.68, 69.375, 68.445, 68.41, 69.88, 66.68, 67.528, 66.41, 67.662, 68.08, 69.655, 67.51, 69.038, 69.422, 69.322, 67.588]
