/root/miniconda3/lib/python3.10/site-packages/torch/cuda/__init__.py:51: FutureWarning: The pynvml package is deprecated. Please install nvidia-ml-py instead. If you did not install pynvml directly, please report this to the maintainers of the package that installed pynvml for you.
  import pynvml  # type: ignore[import]
f2dc_pg_10_fl_pacs_100_10
selected_domain_list for 10 clients as:
['photo' 'photo' 'art' 'art' 'art' 'cartoon' 'cartoon' 'sketch' 'sketch'
 'sketch']
The 0 Communcation Time: 221.202
The 0 Communcation Accuracy: 10.312 Method: f2dc_pg epoch loss: 7.736
[11.08, 9.07, 5.56, 15.54]

The 1 Communcation Time: 217.873
The 1 Communcation Accuracy: 16.513 Method: f2dc_pg epoch loss: 5.416
[14.37, 16.91, 19.23, 15.54]

The 2 Communcation Time: 217.783
The 2 Communcation Accuracy: 22.078 Method: f2dc_pg epoch loss: 4.883
[24.25, 20.59, 24.36, 19.11]

The 3 Communcation Time: 217.299
The 3 Communcation Accuracy: 18.188 Method: f2dc_pg epoch loss: 4.586
[13.47, 12.75, 25.0, 21.53]

The 4 Communcation Time: 218.513
The 4 Communcation Accuracy: 29.667 Method: f2dc_pg epoch loss: 4.319
[29.94, 26.72, 29.91, 32.1]

The 5 Communcation Time: 217.238
The 5 Communcation Accuracy: 30.98 Method: f2dc_pg epoch loss: 4.101
[31.14, 26.72, 31.41, 34.65]

The 6 Communcation Time: 218.757
The 6 Communcation Accuracy: 34.49 Method: f2dc_pg epoch loss: 3.861
[31.74, 29.17, 37.18, 39.87]

The 7 Communcation Time: 219.042
The 7 Communcation Accuracy: 34.715 Method: f2dc_pg epoch loss: 3.682
[30.24, 29.66, 35.9, 43.06]

The 8 Communcation Time: 221.032
The 8 Communcation Accuracy: 38.308 Method: f2dc_pg epoch loss: 3.513
[33.23, 27.7, 38.03, 54.27]

The 9 Communcation Time: 219.203
The 9 Communcation Accuracy: 36.118 Method: f2dc_pg epoch loss: 3.314
[34.13, 27.94, 35.9, 46.5]

The 10 Communcation Time: 218.621
The 10 Communcation Accuracy: 40.142 Method: f2dc_pg epoch loss: 3.262
[36.23, 31.62, 37.18, 55.54]

The 11 Communcation Time: 219.569
The 11 Communcation Accuracy: 36.002 Method: f2dc_pg epoch loss: 3.096
[31.74, 25.74, 38.89, 47.64]

The 12 Communcation Time: 220.048
The 12 Communcation Accuracy: 38.558 Method: f2dc_pg epoch loss: 2.934
[35.03, 28.43, 44.02, 46.75]

The 13 Communcation Time: 216.823
The 13 Communcation Accuracy: 42.945 Method: f2dc_pg epoch loss: 2.813
[39.22, 29.17, 45.3, 58.09]

The 14 Communcation Time: 221.753
The 14 Communcation Accuracy: 43.362 Method: f2dc_pg epoch loss: 2.793
[38.32, 28.68, 46.58, 59.87]

The 15 Communcation Time: 221.538
The 15 Communcation Accuracy: 44.45 Method: f2dc_pg epoch loss: 2.586
[43.71, 30.64, 48.29, 55.16]

The 16 Communcation Time: 224.307
The 16 Communcation Accuracy: 44.555 Method: f2dc_pg epoch loss: 2.506
[44.01, 30.39, 46.37, 57.45]

The 17 Communcation Time: 217.627
The 17 Communcation Accuracy: 47.115 Method: f2dc_pg epoch loss: 2.416
[43.71, 33.09, 50.0, 61.66]

The 18 Communcation Time: 216.565
The 18 Communcation Accuracy: 49.705 Method: f2dc_pg epoch loss: 2.429
[43.11, 32.11, 52.14, 71.46]

The 19 Communcation Time: 217.899
The 19 Communcation Accuracy: 52.567 Method: f2dc_pg epoch loss: 2.323
[53.59, 33.82, 56.62, 66.24]

The 20 Communcation Time: 220.573
The 20 Communcation Accuracy: 51.79 Method: f2dc_pg epoch loss: 2.244
[51.8, 36.52, 51.07, 67.77]

The 21 Communcation Time: 222.858
The 21 Communcation Accuracy: 50.445 Method: f2dc_pg epoch loss: 2.155
[52.1, 33.33, 53.42, 62.93]

The 22 Communcation Time: 220.359
The 22 Communcation Accuracy: 53.168 Method: f2dc_pg epoch loss: 2.11
[56.29, 37.99, 53.42, 64.97]

The 23 Communcation Time: 219.271
The 23 Communcation Accuracy: 56.652 Method: f2dc_pg epoch loss: 2.093
[56.59, 41.91, 59.19, 68.92]

The 24 Communcation Time: 220.484
The 24 Communcation Accuracy: 55.19 Method: f2dc_pg epoch loss: 2.081
[54.49, 39.71, 57.26, 69.3]

The 25 Communcation Time: 218.612
The 25 Communcation Accuracy: 56.368 Method: f2dc_pg epoch loss: 2.011
[54.49, 37.75, 58.33, 74.9]

The 26 Communcation Time: 219.517
The 26 Communcation Accuracy: 57.08 Method: f2dc_pg epoch loss: 1.934
[56.89, 41.67, 59.19, 70.57]

The 27 Communcation Time: 221.974
The 27 Communcation Accuracy: 59.037 Method: f2dc_pg epoch loss: 1.89
[58.68, 44.12, 62.39, 70.96]

The 28 Communcation Time: 223.078
The 28 Communcation Accuracy: 60.43 Method: f2dc_pg epoch loss: 1.855
[58.38, 47.06, 63.03, 73.25]

The 29 Communcation Time: 218.235
The 29 Communcation Accuracy: 59.088 Method: f2dc_pg epoch loss: 1.79
[58.68, 44.12, 60.68, 72.87]

The 30 Communcation Time: 222.139
The 30 Communcation Accuracy: 60.348 Method: f2dc_pg epoch loss: 1.75
[58.38, 46.08, 64.96, 71.97]

The 31 Communcation Time: 224.996
The 31 Communcation Accuracy: 60.062 Method: f2dc_pg epoch loss: 1.765
[60.48, 42.89, 63.89, 72.99]

The 32 Communcation Time: 220.897
The 32 Communcation Accuracy: 59.405 Method: f2dc_pg epoch loss: 1.721
[58.38, 45.59, 64.1, 69.55]

The 33 Communcation Time: 220.835
The 33 Communcation Accuracy: 56.595 Method: f2dc_pg epoch loss: 1.75
[61.68, 41.18, 58.55, 64.97]

The 34 Communcation Time: 222.581
The 34 Communcation Accuracy: 60.842 Method: f2dc_pg epoch loss: 1.648
[60.78, 45.83, 65.17, 71.59]

[diag] heavy snapshot dumped: /root/autodl-tmp/federated-learning/experiments/ablation/EXP-137_pg_rerun_after_fix/diag_pgdfc_pacs_s333/best_R035.npz (acc=60.842)
The 35 Communcation Time: 224.647
The 35 Communcation Accuracy: 62.525 Method: f2dc_pg epoch loss: 1.592
[60.78, 49.75, 65.81, 73.76]

The 36 Communcation Time: 226.903
The 36 Communcation Accuracy: 61.993 Method: f2dc_pg epoch loss: 1.602
[60.78, 48.77, 65.81, 72.61]

The 37 Communcation Time: 225.165
The 37 Communcation Accuracy: 61.295 Method: f2dc_pg epoch loss: 1.578
[61.68, 45.59, 64.53, 73.38]

The 38 Communcation Time: 229.996
The 38 Communcation Accuracy: 63.385 Method: f2dc_pg epoch loss: 1.549
[61.98, 50.74, 67.95, 72.87]

The 39 Communcation Time: 220.188
The 39 Communcation Accuracy: 63.037 Method: f2dc_pg epoch loss: 1.558
[62.57, 47.79, 68.16, 73.63]

The 40 Communcation Time: 223.948
The 40 Communcation Accuracy: 63.78 Method: f2dc_pg epoch loss: 1.613
[63.17, 51.23, 67.09, 73.63]

[diag] heavy snapshot dumped: /root/autodl-tmp/federated-learning/experiments/ablation/EXP-137_pg_rerun_after_fix/diag_pgdfc_pacs_s333/best_R041.npz (acc=63.780)
The 41 Communcation Time: 225.875
The 41 Communcation Accuracy: 63.512 Method: f2dc_pg epoch loss: 1.506
[62.57, 47.3, 68.38, 75.8]

The 42 Communcation Time: 232.826
The 42 Communcation Accuracy: 62.195 Method: f2dc_pg epoch loss: 1.517
[64.97, 45.59, 66.88, 71.34]

The 43 Communcation Time: 274.926
The 43 Communcation Accuracy: 63.908 Method: f2dc_pg epoch loss: 1.435
[66.77, 47.06, 69.44, 72.36]

The 44 Communcation Time: 279.158
The 44 Communcation Accuracy: 65.668 Method: f2dc_pg epoch loss: 1.504
[64.97, 53.68, 71.15, 72.87]

The 45 Communcation Time: 272.802
The 45 Communcation Accuracy: 63.552 Method: f2dc_pg epoch loss: 1.401
[63.17, 47.79, 71.15, 72.1]

The 46 Communcation Time: 274.475
The 46 Communcation Accuracy: 63.512 Method: f2dc_pg epoch loss: 1.44
[60.78, 48.28, 70.09, 74.9]

The 47 Communcation Time: 274.564
The 47 Communcation Accuracy: 63.415 Method: f2dc_pg epoch loss: 1.391
[65.27, 48.77, 67.52, 72.1]

The 48 Communcation Time: 276.564
The 48 Communcation Accuracy: 64.608 Method: f2dc_pg epoch loss: 1.371
[62.28, 52.94, 70.73, 72.48]

The 49 Communcation Time: 276.792
The 49 Communcation Accuracy: 64.945 Method: f2dc_pg epoch loss: 1.367
[63.17, 51.96, 71.15, 73.5]

The 50 Communcation Time: 278.008
The 50 Communcation Accuracy: 66.11 Method: f2dc_pg epoch loss: 1.347
[64.07, 52.94, 72.65, 74.78]

[diag] heavy snapshot dumped: /root/autodl-tmp/federated-learning/experiments/ablation/EXP-137_pg_rerun_after_fix/diag_pgdfc_pacs_s333/best_R051.npz (acc=66.110)
The 51 Communcation Time: 279.466
The 51 Communcation Accuracy: 63.52 Method: f2dc_pg epoch loss: 1.349
[61.38, 50.98, 71.15, 70.57]

The 52 Communcation Time: 277.505
The 52 Communcation Accuracy: 62.885 Method: f2dc_pg epoch loss: 1.317
[64.37, 47.55, 67.52, 72.1]

The 53 Communcation Time: 260.445
The 53 Communcation Accuracy: 65.758 Method: f2dc_pg epoch loss: 1.331
[64.97, 52.21, 71.58, 74.27]

The 54 Communcation Time: 223.688
The 54 Communcation Accuracy: 65.67 Method: f2dc_pg epoch loss: 1.305
[67.37, 50.74, 70.94, 73.63]

The 55 Communcation Time: 222.743
The 55 Communcation Accuracy: 64.695 Method: f2dc_pg epoch loss: 1.347
[64.67, 50.0, 70.73, 73.38]

The 56 Communcation Time: 223.238
The 56 Communcation Accuracy: 68.44 Method: f2dc_pg epoch loss: 1.305
[67.37, 55.64, 73.93, 76.82]

[diag] heavy snapshot dumped: /root/autodl-tmp/federated-learning/experiments/ablation/EXP-137_pg_rerun_after_fix/diag_pgdfc_pacs_s333/best_R057.npz (acc=68.440)
The 57 Communcation Time: 220.568
The 57 Communcation Accuracy: 66.388 Method: f2dc_pg epoch loss: 1.254
[65.27, 52.45, 70.51, 77.32]

The 58 Communcation Time: 223.448
The 58 Communcation Accuracy: 65.605 Method: f2dc_pg epoch loss: 1.265
[64.07, 50.25, 71.79, 76.31]

The 59 Communcation Time: 223.809
The 59 Communcation Accuracy: 65.32 Method: f2dc_pg epoch loss: 1.21
[64.97, 51.23, 70.3, 74.78]

The 60 Communcation Time: 227.24
The 60 Communcation Accuracy: 65.27 Method: f2dc_pg epoch loss: 1.234
[63.47, 52.7, 71.79, 73.12]

The 61 Communcation Time: 219.732
The 61 Communcation Accuracy: 65.702 Method: f2dc_pg epoch loss: 1.242
[64.67, 52.45, 73.08, 72.61]

The 62 Communcation Time: 225.777
The 62 Communcation Accuracy: 65.287 Method: f2dc_pg epoch loss: 1.246
[64.07, 52.94, 70.51, 73.63]

The 63 Communcation Time: 225.433
The 63 Communcation Accuracy: 66.75 Method: f2dc_pg epoch loss: 1.226
[64.97, 56.13, 72.65, 73.25]

The 64 Communcation Time: 216.122
The 64 Communcation Accuracy: 67.412 Method: f2dc_pg epoch loss: 1.268
[63.17, 57.6, 73.72, 75.16]

The 65 Communcation Time: 221.676
The 65 Communcation Accuracy: 66.995 Method: f2dc_pg epoch loss: 1.144
[65.57, 54.17, 73.08, 75.16]

The 66 Communcation Time: 220.103
The 66 Communcation Accuracy: 65.232 Method: f2dc_pg epoch loss: 1.24
[66.77, 51.47, 68.8, 73.89]

The 67 Communcation Time: 224.343
The 67 Communcation Accuracy: 67.018 Method: f2dc_pg epoch loss: 1.206
[66.47, 53.92, 72.01, 75.67]

The 68 Communcation Time: 223.454
The 68 Communcation Accuracy: 68.695 Method: f2dc_pg epoch loss: 1.146
[66.17, 58.58, 73.72, 76.31]

The 69 Communcation Time: 227.935
The 69 Communcation Accuracy: 65.587 Method: f2dc_pg epoch loss: 1.123
[67.07, 52.45, 71.37, 71.46]

The 70 Communcation Time: 230.343
The 70 Communcation Accuracy: 67.075 Method: f2dc_pg epoch loss: 1.184
[64.07, 54.66, 74.79, 74.78]

The 71 Communcation Time: 225.527
The 71 Communcation Accuracy: 68.68 Method: f2dc_pg epoch loss: 1.216
[64.07, 58.33, 73.72, 78.6]

The 72 Communcation Time: 220.964
The 72 Communcation Accuracy: 66.702 Method: f2dc_pg epoch loss: 1.142
[65.27, 58.58, 70.73, 72.23]

The 73 Communcation Time: 216.764
The 73 Communcation Accuracy: 68.168 Method: f2dc_pg epoch loss: 1.114
[64.97, 56.62, 73.5, 77.58]

The 74 Communcation Time: 221.429
The 74 Communcation Accuracy: 68.175 Method: f2dc_pg epoch loss: 1.201
[66.17, 58.82, 71.79, 75.92]

The 75 Communcation Time: 218.924
The 75 Communcation Accuracy: 68.64 Method: f2dc_pg epoch loss: 1.063
[67.37, 57.11, 75.43, 74.65]

The 76 Communcation Time: 218.334
The 76 Communcation Accuracy: 68.592 Method: f2dc_pg epoch loss: 1.139
[66.47, 57.84, 72.86, 77.2]

The 77 Communcation Time: 222.734
The 77 Communcation Accuracy: 68.938 Method: f2dc_pg epoch loss: 1.1
[65.27, 57.6, 75.43, 77.45]

The 78 Communcation Time: 224.577
The 78 Communcation Accuracy: 67.598 Method: f2dc_pg epoch loss: 1.083
[64.67, 54.17, 73.08, 78.47]

The 79 Communcation Time: 222.933
The 79 Communcation Accuracy: 69.0 Method: f2dc_pg epoch loss: 1.043
[66.47, 59.8, 75.21, 74.52]

The 80 Communcation Time: 227.038
The 80 Communcation Accuracy: 68.168 Method: f2dc_pg epoch loss: 1.105
[67.37, 58.58, 74.36, 72.36]

The 81 Communcation Time: 222.075
The 81 Communcation Accuracy: 70.308 Method: f2dc_pg epoch loss: 1.139
[64.97, 56.62, 76.71, 82.93]

[diag] heavy snapshot dumped: /root/autodl-tmp/federated-learning/experiments/ablation/EXP-137_pg_rerun_after_fix/diag_pgdfc_pacs_s333/best_R082.npz (acc=70.308)
The 82 Communcation Time: 223.006
The 82 Communcation Accuracy: 67.285 Method: f2dc_pg epoch loss: 1.091
[66.47, 52.94, 73.93, 75.8]

The 83 Communcation Time: 219.141
The 83 Communcation Accuracy: 67.585 Method: f2dc_pg epoch loss: 1.082
[67.66, 52.7, 74.57, 75.41]

The 84 Communcation Time: 219.755
The 84 Communcation Accuracy: 68.47 Method: f2dc_pg epoch loss: 1.051
[64.07, 57.35, 76.28, 76.18]

The 85 Communcation Time: 221.128
The 85 Communcation Accuracy: 66.49 Method: f2dc_pg epoch loss: 1.034
[66.77, 52.45, 72.22, 74.52]

The 86 Communcation Time: 218.953
The 86 Communcation Accuracy: 68.455 Method: f2dc_pg epoch loss: 0.967
[65.57, 57.84, 73.72, 76.69]

The 87 Communcation Time: 222.985
The 87 Communcation Accuracy: 68.765 Method: f2dc_pg epoch loss: 1.029
[66.77, 58.09, 74.79, 75.41]

The 88 Communcation Time: 223.097
The 88 Communcation Accuracy: 67.542 Method: f2dc_pg epoch loss: 1.032
[65.87, 57.84, 73.08, 73.38]

The 89 Communcation Time: 223.605
The 89 Communcation Accuracy: 66.858 Method: f2dc_pg epoch loss: 1.043
[66.77, 55.15, 71.37, 74.14]

The 90 Communcation Time: 226.483
The 90 Communcation Accuracy: 68.622 Method: f2dc_pg epoch loss: 1.024
[69.16, 56.37, 73.93, 75.03]

The 91 Communcation Time: 224.994
The 91 Communcation Accuracy: 67.968 Method: f2dc_pg epoch loss: 1.072
[67.07, 58.09, 73.08, 73.63]

The 92 Communcation Time: 222.933
The 92 Communcation Accuracy: 66.26 Method: f2dc_pg epoch loss: 1.022
[65.87, 55.15, 71.15, 72.87]

The 93 Communcation Time: 224.599
The 93 Communcation Accuracy: 66.188 Method: f2dc_pg epoch loss: 1.026
[67.07, 53.92, 70.51, 73.25]

The 94 Communcation Time: 221.838
The 94 Communcation Accuracy: 68.808 Method: f2dc_pg epoch loss: 0.974
[69.16, 54.9, 73.72, 77.45]

The 95 Communcation Time: 226.405
The 95 Communcation Accuracy: 69.36 Method: f2dc_pg epoch loss: 0.979
[65.87, 56.13, 77.99, 77.45]

The 96 Communcation Time: 219.793
The 96 Communcation Accuracy: 69.378 Method: f2dc_pg epoch loss: 0.995
[67.66, 56.37, 76.28, 77.2]

The 97 Communcation Time: 226.792
The 97 Communcation Accuracy: 69.68 Method: f2dc_pg epoch loss: 0.973
[67.07, 57.84, 75.21, 78.6]

The 98 Communcation Time: 217.641
The 98 Communcation Accuracy: 68.18 Method: f2dc_pg epoch loss: 0.919
[65.57, 56.86, 75.64, 74.65]

The 99 Communcation Time: 224.541
The 99 Communcation Accuracy: 70.055 Method: f2dc_pg epoch loss: 0.896
[67.66, 57.84, 76.5, 78.22]

[diag] heavy snapshot dumped: /root/autodl-tmp/federated-learning/experiments/ablation/EXP-137_pg_rerun_after_fix/diag_pgdfc_pacs_s333/final_R100.npz (acc=70.055)
ALL Loss:  [7.736, 5.416, 4.883, 4.586, 4.319, 4.101, 3.861, 3.682, 3.513, 3.314, 3.262, 3.096, 2.934, 2.813, 2.793, 2.586, 2.506, 2.416, 2.429, 2.323, 2.244, 2.155, 2.11, 2.093, 2.081, 2.011, 1.934, 1.89, 1.855, 1.79, 1.75, 1.765, 1.721, 1.75, 1.648, 1.592, 1.602, 1.578, 1.549, 1.558, 1.613, 1.506, 1.517, 1.435, 1.504, 1.401, 1.44, 1.391, 1.371, 1.367, 1.347, 1.349, 1.317, 1.331, 1.305, 1.347, 1.305, 1.254, 1.265, 1.21, 1.234, 1.242, 1.246, 1.226, 1.268, 1.144, 1.24, 1.206, 1.146, 1.123, 1.184, 1.216, 1.142, 1.114, 1.201, 1.063, 1.139, 1.1, 1.083, 1.043, 1.105, 1.139, 1.091, 1.082, 1.051, 1.034, 0.967, 1.029, 1.032, 1.043, 1.024, 1.072, 1.022, 1.026, 0.974, 0.979, 0.995, 0.973, 0.919, 0.896]
Accuracy List f2dc_pg (fl_pacs): [10.312, 16.513, 22.078, 18.188, 29.667, 30.98, 34.49, 34.715, 38.308, 36.118, 40.142, 36.002, 38.558, 42.945, 43.362, 44.45, 44.555, 47.115, 49.705, 52.567, 51.79, 50.445, 53.168, 56.652, 55.19, 56.368, 57.08, 59.037, 60.43, 59.088, 60.348, 60.062, 59.405, 56.595, 60.842, 62.525, 61.993, 61.295, 63.385, 63.037, 63.78, 63.512, 62.195, 63.908, 65.668, 63.552, 63.512, 63.415, 64.608, 64.945, 66.11, 63.52, 62.885, 65.758, 65.67, 64.695, 68.44, 66.388, 65.605, 65.32, 65.27, 65.702, 65.287, 66.75, 67.412, 66.995, 65.232, 67.018, 68.695, 65.587, 67.075, 68.68, 66.702, 68.168, 68.175, 68.64, 68.592, 68.938, 67.598, 69.0, 68.168, 70.308, 67.285, 67.585, 68.47, 66.49, 68.455, 68.765, 67.542, 66.858, 68.622, 67.968, 66.26, 66.188, 68.808, 69.36, 69.378, 69.68, 68.18, 70.055]
