f2dc_pg_10_fl_pacs_100_10
selected_domain_list for 10 clients as:
['photo' 'photo' 'art' 'art' 'art' 'cartoon' 'cartoon' 'sketch' 'sketch'
 'sketch']
The 0 Communcation Time: 864.994
The 0 Communcation Accuracy: 10.312 Method: f2dc_pg epoch loss: 7.722
[11.08, 9.07, 5.56, 15.54]

The 1 Communcation Time: 902.107
The 1 Communcation Accuracy: 22.128 Method: f2dc_pg epoch loss: 5.478
[23.65, 24.51, 20.73, 19.62]

The 2 Communcation Time: 921.028
The 2 Communcation Accuracy: 20.468 Method: f2dc_pg epoch loss: 4.87
[24.85, 17.4, 20.51, 19.11]

The 3 Communcation Time: 892.82
The 3 Communcation Accuracy: 25.92 Method: f2dc_pg epoch loss: 4.578
[32.04, 25.0, 28.42, 18.22]

The 4 Communcation Time: 897.483
The 4 Communcation Accuracy: 27.712 Method: f2dc_pg epoch loss: 4.337
[32.63, 26.23, 35.68, 16.31]

The 5 Communcation Time: 896.207
The 5 Communcation Accuracy: 26.732 Method: f2dc_pg epoch loss: 4.128
[31.44, 26.96, 31.84, 16.69]

The 6 Communcation Time: 892.802
The 6 Communcation Accuracy: 26.452 Method: f2dc_pg epoch loss: 3.907
[32.63, 25.0, 30.98, 17.2]

The 7 Communcation Time: 879.599
The 7 Communcation Accuracy: 30.662 Method: f2dc_pg epoch loss: 3.716
[32.34, 27.94, 38.68, 23.69]

The 8 Communcation Time: 909.503
The 8 Communcation Accuracy: 37.48 Method: f2dc_pg epoch loss: 3.513
[38.32, 32.84, 45.51, 33.25]

The 9 Communcation Time: 919.705
The 9 Communcation Accuracy: 39.255 Method: f2dc_pg epoch loss: 3.418
[36.83, 31.86, 47.44, 40.89]

The 10 Communcation Time: 911.517
The 10 Communcation Accuracy: 39.798 Method: f2dc_pg epoch loss: 3.233
[41.92, 32.11, 43.38, 41.78]

The 11 Communcation Time: 884.633
The 11 Communcation Accuracy: 40.12 Method: f2dc_pg epoch loss: 3.099
[43.41, 34.8, 43.16, 39.11]

The 12 Communcation Time: 884.994
The 12 Communcation Accuracy: 44.08 Method: f2dc_pg epoch loss: 2.945
[44.31, 36.03, 49.36, 46.62]

The 13 Communcation Time: 900.764
The 13 Communcation Accuracy: 43.005 Method: f2dc_pg epoch loss: 2.861
[44.31, 35.05, 47.44, 45.22]

