f2dc_pg_10_fl_officecaltech_100_10
selected_domain_list for 10 clients as:
['caltech' 'caltech' 'caltech' 'amazon' 'amazon' 'webcam' 'webcam' 'dslr'
 'dslr' 'dslr']
The 0 Communcation Time: 59.922
The 0 Communcation Accuracy: 11.608 Method: f2dc_pg epoch loss: 15.794
[10.27, 14.21, 8.62, 13.33]

The 1 Communcation Time: 61.569
The 1 Communcation Accuracy: 31.575 Method: f2dc_pg epoch loss: 9.196
[37.05, 36.84, 22.41, 30.0]

The 2 Communcation Time: 61.082
The 2 Communcation Accuracy: 34.112 Method: f2dc_pg epoch loss: 5.336
[38.84, 48.42, 25.86, 23.33]

The 3 Communcation Time: 61.183
The 3 Communcation Accuracy: 38.22 Method: f2dc_pg epoch loss: 4.255
[47.32, 49.47, 32.76, 23.33]

The 4 Communcation Time: 61.008
The 4 Communcation Accuracy: 36.808 Method: f2dc_pg epoch loss: 3.803
[49.11, 50.53, 27.59, 20.0]

The 5 Communcation Time: 61.803
The 5 Communcation Accuracy: 42.412 Method: f2dc_pg epoch loss: 3.355
[47.77, 55.79, 32.76, 33.33]

The 6 Communcation Time: 61.014
The 6 Communcation Accuracy: 36.41 Method: f2dc_pg epoch loss: 3.079
[45.09, 61.58, 18.97, 20.0]

The 7 Communcation Time: 60.536
The 7 Communcation Accuracy: 43.305 Method: f2dc_pg epoch loss: 2.926
[50.0, 63.68, 36.21, 23.33]

The 8 Communcation Time: 60.513
The 8 Communcation Accuracy: 45.978 Method: f2dc_pg epoch loss: 2.747
[54.46, 68.42, 31.03, 30.0]

The 9 Communcation Time: 58.737
The 9 Communcation Accuracy: 50.11 Method: f2dc_pg epoch loss: 2.575
[54.46, 66.32, 39.66, 40.0]

The 10 Communcation Time: 60.424
The 10 Communcation Accuracy: 47.295 Method: f2dc_pg epoch loss: 2.419
[54.02, 68.95, 36.21, 30.0]

The 11 Communcation Time: 61.506
The 11 Communcation Accuracy: 45.255 Method: f2dc_pg epoch loss: 2.359
[51.34, 58.42, 37.93, 33.33]

The 12 Communcation Time: 60.401
The 12 Communcation Accuracy: 45.74 Method: f2dc_pg epoch loss: 2.212
[56.25, 65.79, 27.59, 33.33]

The 13 Communcation Time: 60.069
The 13 Communcation Accuracy: 48.128 Method: f2dc_pg epoch loss: 2.217
[55.8, 62.11, 37.93, 36.67]

The 14 Communcation Time: 61.184
The 14 Communcation Accuracy: 51.628 Method: f2dc_pg epoch loss: 2.112
[55.36, 66.32, 44.83, 40.0]

The 15 Communcation Time: 59.611
The 15 Communcation Accuracy: 50.165 Method: f2dc_pg epoch loss: 2.007
[54.02, 65.26, 41.38, 40.0]

The 16 Communcation Time: 60.597
The 16 Communcation Accuracy: 50.165 Method: f2dc_pg epoch loss: 1.935
[55.36, 67.37, 37.93, 40.0]

The 17 Communcation Time: 59.67
The 17 Communcation Accuracy: 50.03 Method: f2dc_pg epoch loss: 1.897
[53.12, 68.95, 41.38, 36.67]

The 18 Communcation Time: 61.57
The 18 Communcation Accuracy: 50.192 Method: f2dc_pg epoch loss: 1.886
[54.91, 66.32, 36.21, 43.33]

The 19 Communcation Time: 60.499
The 19 Communcation Accuracy: 53.092 Method: f2dc_pg epoch loss: 1.821
[56.7, 75.79, 46.55, 33.33]

The 20 Communcation Time: 58.908
The 20 Communcation Accuracy: 50.207 Method: f2dc_pg epoch loss: 1.79
[58.48, 69.47, 36.21, 36.67]

The 21 Communcation Time: 60.845
The 21 Communcation Accuracy: 52.743 Method: f2dc_pg epoch loss: 1.724
[56.7, 71.05, 46.55, 36.67]

The 22 Communcation Time: 59.128
The 22 Communcation Accuracy: 47.95 Method: f2dc_pg epoch loss: 1.685
[54.46, 62.63, 41.38, 33.33]

The 23 Communcation Time: 60.026
The 23 Communcation Accuracy: 51.293 Method: f2dc_pg epoch loss: 1.698
[60.71, 71.58, 36.21, 36.67]

The 24 Communcation Time: 59.662
The 24 Communcation Accuracy: 50.97 Method: f2dc_pg epoch loss: 1.688
[57.59, 71.58, 41.38, 33.33]

The 25 Communcation Time: 60.576
The 25 Communcation Accuracy: 50.835 Method: f2dc_pg epoch loss: 1.598
[58.04, 67.37, 37.93, 40.0]

The 26 Communcation Time: 60.589
The 26 Communcation Accuracy: 51.548 Method: f2dc_pg epoch loss: 1.54
[61.16, 65.26, 43.1, 36.67]

The 27 Communcation Time: 60.177
The 27 Communcation Accuracy: 48.98 Method: f2dc_pg epoch loss: 1.505
[57.14, 65.79, 39.66, 33.33]

The 28 Communcation Time: 63.693
The 28 Communcation Accuracy: 51.5 Method: f2dc_pg epoch loss: 1.522
[57.14, 71.05, 34.48, 43.33]

The 29 Communcation Time: 59.655
The 29 Communcation Accuracy: 50.175 Method: f2dc_pg epoch loss: 1.47
[58.48, 65.79, 43.1, 33.33]

The 30 Communcation Time: 59.988
The 30 Communcation Accuracy: 48.88 Method: f2dc_pg epoch loss: 1.42
[55.8, 66.84, 36.21, 36.67]

The 31 Communcation Time: 57.679
The 31 Communcation Accuracy: 50.502 Method: f2dc_pg epoch loss: 1.371
[56.25, 71.05, 41.38, 33.33]

The 32 Communcation Time: 59.822
The 32 Communcation Accuracy: 50.475 Method: f2dc_pg epoch loss: 1.344
[57.59, 73.16, 34.48, 36.67]

The 33 Communcation Time: 58.907
The 33 Communcation Accuracy: 52.182 Method: f2dc_pg epoch loss: 1.359
[58.93, 68.42, 41.38, 40.0]

The 34 Communcation Time: 60.145
The 34 Communcation Accuracy: 52.09 Method: f2dc_pg epoch loss: 1.353
[59.82, 72.11, 43.1, 33.33]

The 35 Communcation Time: 59.212
The 35 Communcation Accuracy: 49.165 Method: f2dc_pg epoch loss: 1.35
[58.48, 67.37, 24.14, 46.67]

The 36 Communcation Time: 59.871
The 36 Communcation Accuracy: 54.543 Method: f2dc_pg epoch loss: 1.277
[60.71, 72.63, 44.83, 40.0]

[diag] heavy snapshot dumped: /workspace/federated-learning/experiments/ablation/EXP-135_diag_full/diag_pgdfc_office_s15/best_R037.npz (acc=54.543)
The 37 Communcation Time: 59.584
The 37 Communcation Accuracy: 50.465 Method: f2dc_pg epoch loss: 1.193
[58.93, 66.84, 32.76, 43.33]

The 38 Communcation Time: 59.689
The 38 Communcation Accuracy: 51.35 Method: f2dc_pg epoch loss: 1.2
[59.38, 69.47, 46.55, 30.0]

The 39 Communcation Time: 57.867
The 39 Communcation Accuracy: 51.188 Method: f2dc_pg epoch loss: 1.196
[60.27, 66.32, 44.83, 33.33]

The 40 Communcation Time: 61.679
The 40 Communcation Accuracy: 51.317 Method: f2dc_pg epoch loss: 1.135
[58.04, 72.63, 37.93, 36.67]

The 41 Communcation Time: 61.107
The 41 Communcation Accuracy: 52.075 Method: f2dc_pg epoch loss: 1.162
[59.38, 74.21, 41.38, 33.33]

The 42 Communcation Time: 59.877
The 42 Communcation Accuracy: 52.003 Method: f2dc_pg epoch loss: 1.152
[57.59, 74.21, 36.21, 40.0]

The 43 Communcation Time: 56.863
The 43 Communcation Accuracy: 53.402 Method: f2dc_pg epoch loss: 1.129
[58.93, 71.58, 43.1, 40.0]

The 44 Communcation Time: 59.095
The 44 Communcation Accuracy: 52.262 Method: f2dc_pg epoch loss: 1.112
[57.59, 71.58, 46.55, 33.33]

The 45 Communcation Time: 59.123
The 45 Communcation Accuracy: 51.602 Method: f2dc_pg epoch loss: 1.1
[58.93, 71.05, 43.1, 33.33]

The 46 Communcation Time: 48.127
The 46 Communcation Accuracy: 50.225 Method: f2dc_pg epoch loss: 1.112
[55.8, 75.79, 29.31, 40.0]

The 47 Communcation Time: 46.974
The 47 Communcation Accuracy: 53.505 Method: f2dc_pg epoch loss: 1.086
[58.93, 68.42, 50.0, 36.67]

The 48 Communcation Time: 49.247
The 48 Communcation Accuracy: 50.67 Method: f2dc_pg epoch loss: 1.045
[60.27, 76.32, 32.76, 33.33]

The 49 Communcation Time: 45.292
The 49 Communcation Accuracy: 51.865 Method: f2dc_pg epoch loss: 0.985
[58.04, 66.32, 43.1, 40.0]

The 50 Communcation Time: 38.707
The 50 Communcation Accuracy: 51.98 Method: f2dc_pg epoch loss: 0.964
[59.38, 72.11, 43.1, 33.33]

The 51 Communcation Time: 38.38
The 51 Communcation Accuracy: 50.915 Method: f2dc_pg epoch loss: 0.946
[59.82, 65.79, 41.38, 36.67]

The 52 Communcation Time: 38.68
The 52 Communcation Accuracy: 53.312 Method: f2dc_pg epoch loss: 0.978
[59.38, 74.21, 39.66, 40.0]

The 53 Communcation Time: 39.688
The 53 Communcation Accuracy: 52.76 Method: f2dc_pg epoch loss: 0.94
[58.93, 72.11, 50.0, 30.0]

The 54 Communcation Time: 38.128
The 54 Communcation Accuracy: 50.33 Method: f2dc_pg epoch loss: 0.979
[58.48, 71.58, 37.93, 33.33]

The 55 Communcation Time: 38.411
The 55 Communcation Accuracy: 51.417 Method: f2dc_pg epoch loss: 0.958
[58.04, 69.47, 44.83, 33.33]

The 56 Communcation Time: 38.386
The 56 Communcation Accuracy: 53.523 Method: f2dc_pg epoch loss: 0.904
[59.82, 71.05, 46.55, 36.67]

The 57 Communcation Time: 38.663
The 57 Communcation Accuracy: 52.628 Method: f2dc_pg epoch loss: 0.911
[58.48, 70.53, 44.83, 36.67]

The 58 Communcation Time: 38.394
The 58 Communcation Accuracy: 52.952 Method: f2dc_pg epoch loss: 0.923
[60.27, 72.11, 32.76, 46.67]

The 59 Communcation Time: 37.877
The 59 Communcation Accuracy: 52.692 Method: f2dc_pg epoch loss: 0.917
[58.93, 73.68, 44.83, 33.33]

The 60 Communcation Time: 39.548
The 60 Communcation Accuracy: 49.308 Method: f2dc_pg epoch loss: 0.925
[58.48, 67.37, 41.38, 30.0]

The 61 Communcation Time: 37.658
The 61 Communcation Accuracy: 52.067 Method: f2dc_pg epoch loss: 0.844
[61.16, 68.95, 44.83, 33.33]

The 62 Communcation Time: 38.345
The 62 Communcation Accuracy: 55.912 Method: f2dc_pg epoch loss: 0.826
[61.16, 74.21, 48.28, 40.0]

[diag] heavy snapshot dumped: /workspace/federated-learning/experiments/ablation/EXP-135_diag_full/diag_pgdfc_office_s15/best_R063.npz (acc=55.912)
The 63 Communcation Time: 38.66
The 63 Communcation Accuracy: 54.14 Method: f2dc_pg epoch loss: 0.793
[62.95, 72.11, 44.83, 36.67]

The 64 Communcation Time: 38.519
The 64 Communcation Accuracy: 52.098 Method: f2dc_pg epoch loss: 0.788
[59.38, 65.79, 46.55, 36.67]

The 65 Communcation Time: 38.261
The 65 Communcation Accuracy: 54.66 Method: f2dc_pg epoch loss: 0.874
[60.71, 70.0, 37.93, 50.0]

The 66 Communcation Time: 39.081
The 66 Communcation Accuracy: 53.315 Method: f2dc_pg epoch loss: 0.891
[62.5, 74.21, 46.55, 30.0]

The 67 Communcation Time: 38.639
The 67 Communcation Accuracy: 53.26 Method: f2dc_pg epoch loss: 0.731
[61.16, 72.11, 43.1, 36.67]

The 68 Communcation Time: 38.309
The 68 Communcation Accuracy: 54.24 Method: f2dc_pg epoch loss: 0.783
[59.38, 72.63, 48.28, 36.67]

The 69 Communcation Time: 38.098
The 69 Communcation Accuracy: 50.745 Method: f2dc_pg epoch loss: 0.795
[58.04, 73.68, 37.93, 33.33]

The 70 Communcation Time: 37.597
The 70 Communcation Accuracy: 50.95 Method: f2dc_pg epoch loss: 0.838
[58.93, 72.11, 32.76, 40.0]

The 71 Communcation Time: 39.071
The 71 Communcation Accuracy: 50.933 Method: f2dc_pg epoch loss: 0.779
[56.25, 71.05, 43.1, 33.33]

The 72 Communcation Time: 39.451
The 72 Communcation Accuracy: 50.718 Method: f2dc_pg epoch loss: 0.753
[58.04, 73.68, 34.48, 36.67]

The 73 Communcation Time: 37.638
The 73 Communcation Accuracy: 55.668 Method: f2dc_pg epoch loss: 0.786
[60.71, 73.68, 48.28, 40.0]

The 74 Communcation Time: 37.45
The 74 Communcation Accuracy: 54.302 Method: f2dc_pg epoch loss: 0.71
[58.93, 70.0, 48.28, 40.0]

The 75 Communcation Time: 37.347
The 75 Communcation Accuracy: 51.207 Method: f2dc_pg epoch loss: 0.758
[58.93, 69.47, 43.1, 33.33]

The 76 Communcation Time: 37.217
The 76 Communcation Accuracy: 52.412 Method: f2dc_pg epoch loss: 0.76
[57.14, 72.63, 46.55, 33.33]

The 77 Communcation Time: 37.0
The 77 Communcation Accuracy: 52.72 Method: f2dc_pg epoch loss: 0.713
[59.38, 70.0, 44.83, 36.67]

The 78 Communcation Time: 37.964
The 78 Communcation Accuracy: 53.08 Method: f2dc_pg epoch loss: 0.733
[60.71, 73.68, 37.93, 40.0]

The 79 Communcation Time: 37.95
The 79 Communcation Accuracy: 53.765 Method: f2dc_pg epoch loss: 0.751
[59.82, 70.53, 41.38, 43.33]

The 80 Communcation Time: 37.452
The 80 Communcation Accuracy: 53.96 Method: f2dc_pg epoch loss: 0.655
[59.82, 69.47, 46.55, 40.0]

The 81 Communcation Time: 38.827
The 81 Communcation Accuracy: 54.725 Method: f2dc_pg epoch loss: 0.592
[60.27, 73.68, 48.28, 36.67]

The 82 Communcation Time: 40.366
The 82 Communcation Accuracy: 53.272 Method: f2dc_pg epoch loss: 0.63
[60.27, 73.16, 39.66, 40.0]

The 83 Communcation Time: 38.956
The 83 Communcation Accuracy: 54.3 Method: f2dc_pg epoch loss: 0.652
[61.61, 74.21, 41.38, 40.0]

The 84 Communcation Time: 37.604
The 84 Communcation Accuracy: 53.255 Method: f2dc_pg epoch loss: 0.628
[60.27, 76.32, 43.1, 33.33]

The 85 Communcation Time: 37.743
The 85 Communcation Accuracy: 56.63 Method: f2dc_pg epoch loss: 0.621
[60.27, 69.47, 53.45, 43.33]

The 86 Communcation Time: 37.812
The 86 Communcation Accuracy: 52.655 Method: f2dc_pg epoch loss: 0.621
[58.93, 75.26, 43.1, 33.33]

The 87 Communcation Time: 38.1
The 87 Communcation Accuracy: 53.372 Method: f2dc_pg epoch loss: 0.653
[61.61, 72.11, 43.1, 36.67]

The 88 Communcation Time: 37.987
The 88 Communcation Accuracy: 51.753 Method: f2dc_pg epoch loss: 0.642
[60.27, 70.53, 36.21, 40.0]

The 89 Communcation Time: 38.294
The 89 Communcation Accuracy: 52.84 Method: f2dc_pg epoch loss: 0.714
[58.93, 71.05, 41.38, 40.0]

The 90 Communcation Time: 38.4
The 90 Communcation Accuracy: 52.19 Method: f2dc_pg epoch loss: 0.629
[60.71, 70.0, 41.38, 36.67]

The 91 Communcation Time: 37.462
The 91 Communcation Accuracy: 54.31 Method: f2dc_pg epoch loss: 0.607
[60.71, 71.58, 48.28, 36.67]

The 92 Communcation Time: 38.597
The 92 Communcation Accuracy: 55.775 Method: f2dc_pg epoch loss: 0.67
[59.82, 73.16, 53.45, 36.67]

The 93 Communcation Time: 37.361
The 93 Communcation Accuracy: 50.152 Method: f2dc_pg epoch loss: 0.615
[58.04, 69.47, 43.1, 30.0]

The 94 Communcation Time: 36.088
The 94 Communcation Accuracy: 55.17 Method: f2dc_pg epoch loss: 0.617
[60.71, 71.58, 51.72, 36.67]

The 95 Communcation Time: 32.122
The 95 Communcation Accuracy: 55.732 Method: f2dc_pg epoch loss: 0.613
[60.27, 71.05, 48.28, 43.33]

The 96 Communcation Time: 30.995
The 96 Communcation Accuracy: 55.395 Method: f2dc_pg epoch loss: 0.635
[61.61, 75.26, 41.38, 43.33]

The 97 Communcation Time: 30.541
The 97 Communcation Accuracy: 53.17 Method: f2dc_pg epoch loss: 0.561
[61.16, 68.42, 43.1, 40.0]

The 98 Communcation Time: 27.748
The 98 Communcation Accuracy: 53.043 Method: f2dc_pg epoch loss: 0.681
[58.04, 72.63, 44.83, 36.67]

The 99 Communcation Time: 27.349
The 99 Communcation Accuracy: 51.865 Method: f2dc_pg epoch loss: 0.635
[58.04, 66.32, 43.1, 40.0]

[diag] heavy snapshot dumped: /workspace/federated-learning/experiments/ablation/EXP-135_diag_full/diag_pgdfc_office_s15/final_R100.npz (acc=51.865)
ALL Loss:  [15.794, 9.196, 5.336, 4.255, 3.803, 3.355, 3.079, 2.926, 2.747, 2.575, 2.419, 2.359, 2.212, 2.217, 2.112, 2.007, 1.935, 1.897, 1.886, 1.821, 1.79, 1.724, 1.685, 1.698, 1.688, 1.598, 1.54, 1.505, 1.522, 1.47, 1.42, 1.371, 1.344, 1.359, 1.353, 1.35, 1.277, 1.193, 1.2, 1.196, 1.135, 1.162, 1.152, 1.129, 1.112, 1.1, 1.112, 1.086, 1.045, 0.985, 0.964, 0.946, 0.978, 0.94, 0.979, 0.958, 0.904, 0.911, 0.923, 0.917, 0.925, 0.844, 0.826, 0.793, 0.788, 0.874, 0.891, 0.731, 0.783, 0.795, 0.838, 0.779, 0.753, 0.786, 0.71, 0.758, 0.76, 0.713, 0.733, 0.751, 0.655, 0.592, 0.63, 0.652, 0.628, 0.621, 0.621, 0.653, 0.642, 0.714, 0.629, 0.607, 0.67, 0.615, 0.617, 0.613, 0.635, 0.561, 0.681, 0.635]
Accuracy List f2dc_pg (fl_officecaltech): [11.608, 31.575, 34.112, 38.22, 36.808, 42.412, 36.41, 43.305, 45.978, 50.11, 47.295, 45.255, 45.74, 48.128, 51.628, 50.165, 50.165, 50.03, 50.192, 53.092, 50.207, 52.743, 47.95, 51.293, 50.97, 50.835, 51.548, 48.98, 51.5, 50.175, 48.88, 50.502, 50.475, 52.182, 52.09, 49.165, 54.543, 50.465, 51.35, 51.188, 51.317, 52.075, 52.003, 53.402, 52.262, 51.602, 50.225, 53.505, 50.67, 51.865, 51.98, 50.915, 53.312, 52.76, 50.33, 51.417, 53.523, 52.628, 52.952, 52.692, 49.308, 52.067, 55.912, 54.14, 52.098, 54.66, 53.315, 53.26, 54.24, 50.745, 50.95, 50.933, 50.718, 55.668, 54.302, 51.207, 52.412, 52.72, 53.08, 53.765, 53.96, 54.725, 53.272, 54.3, 53.255, 56.63, 52.655, 53.372, 51.753, 52.84, 52.19, 54.31, 55.775, 50.152, 55.17, 55.732, 55.395, 53.17, 53.043, 51.865]
