[Tee] 日志同步写入: /root/autodl-tmp/federated-learning/experiments/baselines/EXP-004_pacs_fedbn/terminal.log
==================================================
Start time: 2026-04-06 02:08:54
goal = test
device = cuda
device_id = 0
dataset = PACS
num_classes = 7
model = ResNet18
batch_size = 32
local_learning_rate = 0.005
learning_rate_decay = False
learning_rate_decay_gamma = 0.99
global_rounds = 50
top_cnt = 100
local_epochs = 5
algorithm = FedBN
join_ratio = 1.0
random_join_ratio = False
num_clients = 4
prev = 0
times = 1
eval_gap = 5
save_folder_name = items
auto_break = False
dlg_eval = False
dlg_gap = 100
batch_num_per_client = 2
num_new_clients = 0
fine_tuning_epoch_new = 0
feature_dim = 512
vocab_size = 80
max_len = 200
few_shot = 0
client_drop_rate = 0.0
train_slow_rate = 0.0
send_slow_rate = 0.0
time_select = False
time_threthold = 10000
beta = 0.0
lamda = 1.0
mu = 0.0
K = 5
p_learning_rate = 0.01
M = 5
itk = 4000
alphaK = 1.0
sigma = 1.0
alpha = 1.0
plocal_epochs = 1
tau = 1.0
fine_tuning_epochs = 10
dr_learning_rate = 0.0
L = 1.0
noise_dim = 512
generator_learning_rate = 0.005
hidden_dim = 512
server_epochs = 1000
localize_feature_extractor = False
server_learning_rate = 1.0
eta = 1.0
rand_percent = 80
layer_idx = 2
mentee_learning_rate = 0.005
T_start = 0.95
T_end = 0.98
momentum = 0.1
kl_weight = 0.0
first_stage_bound = 0
fedcross_alpha = 0.99
collaberative_model_select_strategy = 1
feat_dim = 512
proj_dim = 128
lambda_orth = 1.0
lambda_hsic = 0.1
lambda_sem = 1.0
warmup_rounds = 10
style_dispatch_num = 5
style_dedup = 0.95
style_bank_max = 50
exp_dir = /root/autodl-tmp/federated-learning/experiments/baselines/EXP-004_pacs_fedbn
pretrained = True
==================================================

============= Running time: 0th =============
Creating server and clients ...
[Model] ResNet18 pretrained=True, fc replaced: 512 -> 7
ResNet(
  (conv1): Conv2d(3, 64, kernel_size=(7, 7), stride=(2, 2), padding=(3, 3), bias=False)
  (bn1): BatchNorm2d(64, eps=1e-05, momentum=0.1, affine=True, track_running_stats=True)
  (relu): ReLU(inplace=True)
  (maxpool): MaxPool2d(kernel_size=3, stride=2, padding=1, dilation=1, ceil_mode=False)
  (layer1): Sequential(
    (0): BasicBlock(
      (conv1): Conv2d(64, 64, kernel_size=(3, 3), stride=(1, 1), padding=(1, 1), bias=False)
      (bn1): BatchNorm2d(64, eps=1e-05, momentum=0.1, affine=True, track_running_stats=True)
      (relu): ReLU(inplace=True)
      (conv2): Conv2d(64, 64, kernel_size=(3, 3), stride=(1, 1), padding=(1, 1), bias=False)
      (bn2): BatchNorm2d(64, eps=1e-05, momentum=0.1, affine=True, track_running_stats=True)
    )
    (1): BasicBlock(
      (conv1): Conv2d(64, 64, kernel_size=(3, 3), stride=(1, 1), padding=(1, 1), bias=False)
      (bn1): BatchNorm2d(64, eps=1e-05, momentum=0.1, affine=True, track_running_stats=True)
      (relu): ReLU(inplace=True)
      (conv2): Conv2d(64, 64, kernel_size=(3, 3), stride=(1, 1), padding=(1, 1), bias=False)
      (bn2): BatchNorm2d(64, eps=1e-05, momentum=0.1, affine=True, track_running_stats=True)
    )
  )
  (layer2): Sequential(
    (0): BasicBlock(
      (conv1): Conv2d(64, 128, kernel_size=(3, 3), stride=(2, 2), padding=(1, 1), bias=False)
      (bn1): BatchNorm2d(128, eps=1e-05, momentum=0.1, affine=True, track_running_stats=True)
      (relu): ReLU(inplace=True)
      (conv2): Conv2d(128, 128, kernel_size=(3, 3), stride=(1, 1), padding=(1, 1), bias=False)
      (bn2): BatchNorm2d(128, eps=1e-05, momentum=0.1, affine=True, track_running_stats=True)
      (downsample): Sequential(
        (0): Conv2d(64, 128, kernel_size=(1, 1), stride=(2, 2), bias=False)
        (1): BatchNorm2d(128, eps=1e-05, momentum=0.1, affine=True, track_running_stats=True)
      )
    )
    (1): BasicBlock(
      (conv1): Conv2d(128, 128, kernel_size=(3, 3), stride=(1, 1), padding=(1, 1), bias=False)
      (bn1): BatchNorm2d(128, eps=1e-05, momentum=0.1, affine=True, track_running_stats=True)
      (relu): ReLU(inplace=True)
      (conv2): Conv2d(128, 128, kernel_size=(3, 3), stride=(1, 1), padding=(1, 1), bias=False)
      (bn2): BatchNorm2d(128, eps=1e-05, momentum=0.1, affine=True, track_running_stats=True)
    )
  )
  (layer3): Sequential(
    (0): BasicBlock(
      (conv1): Conv2d(128, 256, kernel_size=(3, 3), stride=(2, 2), padding=(1, 1), bias=False)
      (bn1): BatchNorm2d(256, eps=1e-05, momentum=0.1, affine=True, track_running_stats=True)
      (relu): ReLU(inplace=True)
      (conv2): Conv2d(256, 256, kernel_size=(3, 3), stride=(1, 1), padding=(1, 1), bias=False)
      (bn2): BatchNorm2d(256, eps=1e-05, momentum=0.1, affine=True, track_running_stats=True)
      (downsample): Sequential(
        (0): Conv2d(128, 256, kernel_size=(1, 1), stride=(2, 2), bias=False)
        (1): BatchNorm2d(256, eps=1e-05, momentum=0.1, affine=True, track_running_stats=True)
      )
    )
    (1): BasicBlock(
      (conv1): Conv2d(256, 256, kernel_size=(3, 3), stride=(1, 1), padding=(1, 1), bias=False)
      (bn1): BatchNorm2d(256, eps=1e-05, momentum=0.1, affine=True, track_running_stats=True)
      (relu): ReLU(inplace=True)
      (conv2): Conv2d(256, 256, kernel_size=(3, 3), stride=(1, 1), padding=(1, 1), bias=False)
      (bn2): BatchNorm2d(256, eps=1e-05, momentum=0.1, affine=True, track_running_stats=True)
    )
  )
  (layer4): Sequential(
    (0): BasicBlock(
      (conv1): Conv2d(256, 512, kernel_size=(3, 3), stride=(2, 2), padding=(1, 1), bias=False)
      (bn1): BatchNorm2d(512, eps=1e-05, momentum=0.1, affine=True, track_running_stats=True)
      (relu): ReLU(inplace=True)
      (conv2): Conv2d(512, 512, kernel_size=(3, 3), stride=(1, 1), padding=(1, 1), bias=False)
      (bn2): BatchNorm2d(512, eps=1e-05, momentum=0.1, affine=True, track_running_stats=True)
      (downsample): Sequential(
        (0): Conv2d(256, 512, kernel_size=(1, 1), stride=(2, 2), bias=False)
        (1): BatchNorm2d(512, eps=1e-05, momentum=0.1, affine=True, track_running_stats=True)
      )
    )
    (1): BasicBlock(
      (conv1): Conv2d(512, 512, kernel_size=(3, 3), stride=(1, 1), padding=(1, 1), bias=False)
      (bn1): BatchNorm2d(512, eps=1e-05, momentum=0.1, affine=True, track_running_stats=True)
      (relu): ReLU(inplace=True)
      (conv2): Conv2d(512, 512, kernel_size=(3, 3), stride=(1, 1), padding=(1, 1), bias=False)
      (bn2): BatchNorm2d(512, eps=1e-05, momentum=0.1, affine=True, track_running_stats=True)
    )
  )
  (avgpool): AdaptiveAvgPool2d(output_size=(1, 1))
  (fc): Linear(in_features=512, out_features=7, bias=True)
)

Join ratio / total clients: 1.0 / 4
Finished creating server and clients.

-------------Round number: 0-------------

Evaluate personalized models
Averaged Train Loss: 2.1259
Averaged Test Accuracy: 0.1537
Averaged Test AUC: 0.4918
Std Test Accuracy: 0.0140
Std Test AUC: 0.0377
------------------------- time cost ------------------------- 722.7299327850342
------------------------- time cost ------------------------- 538.2147953510284
------------------------- time cost ------------------------- 329.9930100440979
------------------------- time cost ------------------------- 299.08030462265015
------------------------- time cost ------------------------- 210.43504905700684

-------------Round number: 5-------------

Evaluate personalized models
Averaged Train Loss: 0.0550
Averaged Test Accuracy: 0.9136
Averaged Test AUC: 0.9858
Std Test Accuracy: 0.0340
Std Test AUC: 0.0074
------------------------- time cost ------------------------- 398.07950711250305
------------------------- time cost ------------------------- 270.27329444885254
------------------------- time cost ------------------------- 290.3402144908905
------------------------- time cost ------------------------- 221.12924361228943
------------------------- time cost ------------------------- 294.0856366157532

-------------Round number: 10-------------

Evaluate personalized models
Averaged Train Loss: 0.0074
Averaged Test Accuracy: 0.9252
Averaged Test AUC: 0.9887
Std Test Accuracy: 0.0300
Std Test AUC: 0.0058
------------------------- time cost ------------------------- 332.45294761657715
------------------------- time cost ------------------------- 247.60921931266785
------------------------- time cost ------------------------- 207.35882830619812
------------------------- time cost ------------------------- 222.4050555229187
------------------------- time cost ------------------------- 170.91607284545898

-------------Round number: 15-------------

Evaluate personalized models
Averaged Train Loss: 0.0018
Averaged Test Accuracy: 0.9304
Averaged Test AUC: 0.9906
Std Test Accuracy: 0.0262
Std Test AUC: 0.0052
------------------------- time cost ------------------------- 322.1533007621765
------------------------- time cost ------------------------- 271.0895080566406
------------------------- time cost ------------------------- 173.8892481327057
------------------------- time cost ------------------------- 408.29842233657837
------------------------- time cost ------------------------- 241.6777801513672

-------------Round number: 20-------------

Evaluate personalized models
Averaged Train Loss: 0.0010
Averaged Test Accuracy: 0.9312
Averaged Test AUC: 0.9901
Std Test Accuracy: 0.0240
Std Test AUC: 0.0055
------------------------- time cost ------------------------- 301.5136103630066
------------------------- time cost ------------------------- 287.952476978302
------------------------- time cost ------------------------- 309.2894244194031
------------------------- time cost ------------------------- 210.0671455860138
------------------------- time cost ------------------------- 249.68772411346436

-------------Round number: 25-------------

Evaluate personalized models
Averaged Train Loss: 0.0005
Averaged Test Accuracy: 0.9316
Averaged Test AUC: 0.9914
Std Test Accuracy: 0.0250
Std Test AUC: 0.0050
------------------------- time cost ------------------------- 339.6913001537323
------------------------- time cost ------------------------- 258.9363431930542
------------------------- time cost ------------------------- 283.38942694664
------------------------- time cost ------------------------- 301.1942958831787
------------------------- time cost ------------------------- 208.4759602546692

-------------Round number: 30-------------

Evaluate personalized models
Averaged Train Loss: 0.0004
Averaged Test Accuracy: 0.9328
Averaged Test AUC: 0.9909
Std Test Accuracy: 0.0238
Std Test AUC: 0.0051
------------------------- time cost ------------------------- 446.5031101703644
------------------------- time cost ------------------------- 269.95670795440674
------------------------- time cost ------------------------- 299.6520791053772
------------------------- time cost ------------------------- 217.53476786613464
------------------------- time cost ------------------------- 210.47902178764343

-------------Round number: 35-------------

Evaluate personalized models
Averaged Train Loss: 0.0003
Averaged Test Accuracy: 0.9336
Averaged Test AUC: 0.9911
Std Test Accuracy: 0.0217
Std Test AUC: 0.0051
------------------------- time cost ------------------------- 221.27220106124878
------------------------- time cost ------------------------- 163.87223887443542
------------------------- time cost ------------------------- 290.6466269493103
------------------------- time cost ------------------------- 238.4594783782959
------------------------- time cost ------------------------- 261.5241436958313

-------------Round number: 40-------------

Evaluate personalized models
Averaged Train Loss: 0.0002
Averaged Test Accuracy: 0.9332
Averaged Test AUC: 0.9902
Std Test Accuracy: 0.0244
Std Test AUC: 0.0056
------------------------- time cost ------------------------- 337.62647318840027
------------------------- time cost ------------------------- 318.8113512992859
------------------------- time cost ------------------------- 211.2099540233612
------------------------- time cost ------------------------- 233.2759394645691
------------------------- time cost ------------------------- 317.4042592048645

-------------Round number: 45-------------

Evaluate personalized models
Averaged Train Loss: 0.0002
Averaged Test Accuracy: 0.9312
Averaged Test AUC: 0.9911
Std Test Accuracy: 0.0237
Std Test AUC: 0.0053
------------------------- time cost ------------------------- 312.43216013908386
------------------------- time cost ------------------------- 278.2331039905548
------------------------- time cost ------------------------- 391.2174973487854
------------------------- time cost ------------------------- 285.07761216163635
------------------------- time cost ------------------------- 475.3436026573181

-------------Round number: 50-------------

Evaluate personalized models
Averaged Train Loss: 0.0001
Averaged Test Accuracy: 0.9336
Averaged Test AUC: 0.9910
Std Test Accuracy: 0.0239
Std Test AUC: 0.0054
------------------------- time cost ------------------------- 409.3706192970276

Best accuracy.
0.9335734293717487

Average time cost per round.
287.7916418981552
File path: ../results/PACS_FedBN_test_0.h5

Average time cost: 15143.01s.
Length:  11
std for best accuracy: 0.0
mean for best accuracy: 0.9335734293717487
All done!

Storage on cuda:0
-------------------------------------------------------------------------------
Total Tensors: 156579162 	Used Memory: 426.81M
The allocated memory on cuda:0: 454.81M
Memory differs due to the matrix alignment or invisible gradient buffer tensors
-------------------------------------------------------------------------------

Total time cost: 15143.36s.
