2026-04-22 22:28:08,002 fflow.py init [line:848] INFO PROCESS ID:	382353
2026-04-22 22:28:08,002 fflow.py init [line:849] INFO Initializing devices: cuda:0 will be used for this running.
2026-04-22 22:28:08,002 fflow.py init [line:852] INFO BENCHMARK:	benchmark.office_caltech10_classification
2026-04-22 22:28:08,002 fflow.py init [line:853] INFO TASK:			task/office_caltech10_c4
2026-04-22 22:28:08,002 fflow.py init [line:854] INFO MODEL:		benchmark.office_caltech10_classification.model.default_model
2026-04-22 22:28:08,002 fflow.py init [line:855] INFO ALGORITHM:	centralized
2026-04-22 22:28:08,004 fflow.py init [line:901] INFO SCENE:		horizontal FL with 1 <class 'algorithm.centralized.Server'>, 4 <class 'algorithm.centralized.Client'>
2026-04-22 22:28:08,396 fflow.py init [line:918] INFO SIMULATOR:	<class 'flgo.simulator.default_simulator.Simulator'>
2026-04-22 22:28:08,396 fflow.py init [line:931] INFO Ready to start.
2026-04-22 22:28:08,412 centralized.py run [line:40] INFO --------------Initial Evaluation--------------
2026-04-22 22:28:11,144 __init__.py log_once [line:227] INFO local_val_accuracy            0.0905
2026-04-22 22:28:11,144 __init__.py log_once [line:227] INFO mean_local_val_accuracy       0.0875
2026-04-22 22:28:11,144 __init__.py log_once [line:227] INFO std_local_val_accuracy        0.0265
2026-04-22 22:28:11,144 __init__.py log_once [line:227] INFO min_local_val_accuracy        0.0625
2026-04-22 22:28:11,144 __init__.py log_once [line:227] INFO max_local_val_accuracy        0.1250
2026-04-22 22:28:11,144 __init__.py log_once [line:227] INFO local_val_loss                2.3031
2026-04-22 22:28:11,144 __init__.py log_once [line:227] INFO mean_local_val_loss           2.3023
2026-04-22 22:28:11,144 __init__.py log_once [line:227] INFO std_local_val_loss            0.0020
2026-04-22 22:28:11,144 __init__.py log_once [line:227] INFO min_local_val_loss            2.2995
2026-04-22 22:28:11,145 __init__.py log_once [line:227] INFO max_local_val_loss            2.3050
2026-04-22 22:28:11,145 __init__.py log_once [line:227] INFO local_test_accuracy           0.0955
2026-04-22 22:28:11,145 __init__.py log_once [line:227] INFO mean_local_test_accuracy      0.0792
2026-04-22 22:28:11,145 __init__.py log_once [line:227] INFO std_local_test_accuracy       0.0335
2026-04-22 22:28:11,145 __init__.py log_once [line:227] INFO min_local_test_accuracy       0.0345
2026-04-22 22:28:11,145 __init__.py log_once [line:227] INFO max_local_test_accuracy       0.1263
2026-04-22 22:28:11,145 __init__.py log_once [line:227] INFO local_test_loss               2.3024
2026-04-22 22:28:11,145 __init__.py log_once [line:227] INFO mean_local_test_loss          2.3032
2026-04-22 22:28:11,145 __init__.py log_once [line:227] INFO std_local_test_loss           0.0020
2026-04-22 22:28:11,145 __init__.py log_once [line:227] INFO min_local_test_loss           2.2998
2026-04-22 22:28:11,145 __init__.py log_once [line:227] INFO max_local_test_loss           2.3052
2026-04-22 22:28:11,145 centralized.py run [line:43] INFO Eval Time Cost:               2.7328s
2026-04-22 22:28:11,146 centralized.py run [line:71] INFO [centralized] training for 3 epochs on 2028 samples
2026-04-22 22:28:23,668 __init__.py log_once [line:227] INFO local_val_accuracy            0.1735
2026-04-22 22:28:23,668 __init__.py log_once [line:227] INFO mean_local_val_accuracy       0.1489
2026-04-22 22:28:23,668 __init__.py log_once [line:227] INFO std_local_val_accuracy        0.0427
2026-04-22 22:28:23,668 __init__.py log_once [line:227] INFO min_local_val_accuracy        0.1000
2026-04-22 22:28:23,668 __init__.py log_once [line:227] INFO max_local_val_accuracy        0.2143
2026-04-22 22:28:23,668 __init__.py log_once [line:227] INFO local_val_loss                37.2075
2026-04-22 22:28:23,669 __init__.py log_once [line:227] INFO mean_local_val_loss           29.6412
2026-04-22 22:28:23,669 __init__.py log_once [line:227] INFO std_local_val_loss            15.7531
2026-04-22 22:28:23,669 __init__.py log_once [line:227] INFO min_local_val_loss            8.0844
2026-04-22 22:28:23,669 __init__.py log_once [line:227] INFO max_local_val_loss            52.4389
2026-04-22 22:28:23,669 __init__.py log_once [line:227] INFO local_test_accuracy           0.1556
2026-04-22 22:28:23,669 __init__.py log_once [line:227] INFO mean_local_test_accuracy      0.1755
2026-04-22 22:28:23,669 __init__.py log_once [line:227] INFO std_local_test_accuracy       0.0535
2026-04-22 22:28:23,669 __init__.py log_once [line:227] INFO min_local_test_accuracy       0.1368
2026-04-22 22:28:23,669 __init__.py log_once [line:227] INFO max_local_test_accuracy       0.2667
2026-04-22 22:28:23,669 __init__.py log_once [line:227] INFO local_test_loss               41.7905
2026-04-22 22:28:23,669 __init__.py log_once [line:227] INFO mean_local_test_loss          31.0194
2026-04-22 22:28:23,669 __init__.py log_once [line:227] INFO std_local_test_loss           20.0611
2026-04-22 22:28:23,669 __init__.py log_once [line:227] INFO min_local_test_loss           6.2806
2026-04-22 22:28:23,669 __init__.py log_once [line:227] INFO max_local_test_loss           60.5338
2026-04-22 22:28:23,669 centralized.py run [line:102] INFO Eval Time Cost:               2.6584s
2026-04-22 22:28:34,773 __init__.py log_once [line:227] INFO local_val_accuracy            0.1773
2026-04-22 22:28:34,773 __init__.py log_once [line:227] INFO mean_local_val_accuracy       0.1388
2026-04-22 22:28:34,773 __init__.py log_once [line:227] INFO std_local_val_accuracy        0.0827
2026-04-22 22:28:34,773 __init__.py log_once [line:227] INFO min_local_val_accuracy        0.0000
2026-04-22 22:28:34,773 __init__.py log_once [line:227] INFO max_local_val_accuracy        0.2188
2026-04-22 22:28:34,773 __init__.py log_once [line:227] INFO local_val_loss                2.2486
2026-04-22 22:28:34,773 __init__.py log_once [line:227] INFO mean_local_val_loss           2.2777
2026-04-22 22:28:34,773 __init__.py log_once [line:227] INFO std_local_val_loss            0.1076
2026-04-22 22:28:34,774 __init__.py log_once [line:227] INFO min_local_val_loss            2.1831
2026-04-22 22:28:34,774 __init__.py log_once [line:227] INFO max_local_val_loss            2.4500
2026-04-22 22:28:34,774 __init__.py log_once [line:227] INFO local_test_accuracy           0.1233
2026-04-22 22:28:34,774 __init__.py log_once [line:227] INFO mean_local_test_accuracy      0.1076
2026-04-22 22:28:34,774 __init__.py log_once [line:227] INFO std_local_test_accuracy       0.0262
2026-04-22 22:28:34,774 __init__.py log_once [line:227] INFO min_local_test_accuracy       0.0667
2026-04-22 22:28:34,774 __init__.py log_once [line:227] INFO max_local_test_accuracy       0.1339
2026-04-22 22:28:34,774 __init__.py log_once [line:227] INFO local_test_loss               2.3007
2026-04-22 22:28:34,774 __init__.py log_once [line:227] INFO mean_local_test_loss          2.2816
2026-04-22 22:28:34,774 __init__.py log_once [line:227] INFO std_local_test_loss           0.0391
2026-04-22 22:28:34,774 __init__.py log_once [line:227] INFO min_local_test_loss           2.2236
2026-04-22 22:28:34,774 __init__.py log_once [line:227] INFO max_local_test_loss           2.3334
2026-04-22 22:28:34,774 centralized.py run [line:102] INFO Eval Time Cost:               2.0713s
2026-04-22 22:28:45,236 __init__.py log_once [line:227] INFO local_val_accuracy            0.2049
2026-04-22 22:28:45,237 __init__.py log_once [line:227] INFO mean_local_val_accuracy       0.1658
2026-04-22 22:28:45,237 __init__.py log_once [line:227] INFO std_local_val_accuracy        0.0968
2026-04-22 22:28:45,237 __init__.py log_once [line:227] INFO min_local_val_accuracy        0.0000
2026-04-22 22:28:45,237 __init__.py log_once [line:227] INFO max_local_val_accuracy        0.2333
2026-04-22 22:28:45,237 __init__.py log_once [line:227] INFO local_val_loss                2.2425
2026-04-22 22:28:45,237 __init__.py log_once [line:227] INFO mean_local_val_loss           2.2742
2026-04-22 22:28:45,237 __init__.py log_once [line:227] INFO std_local_val_loss            0.0831
2026-04-22 22:28:45,237 __init__.py log_once [line:227] INFO min_local_val_loss            2.1865
2026-04-22 22:28:45,237 __init__.py log_once [line:227] INFO max_local_val_loss            2.4087
2026-04-22 22:28:45,237 __init__.py log_once [line:227] INFO local_test_accuracy           0.1475
2026-04-22 22:28:45,237 __init__.py log_once [line:227] INFO mean_local_test_accuracy      0.1570
2026-04-22 22:28:45,237 __init__.py log_once [line:227] INFO std_local_test_accuracy       0.0250
2026-04-22 22:28:45,237 __init__.py log_once [line:227] INFO min_local_test_accuracy       0.1379
2026-04-22 22:28:45,237 __init__.py log_once [line:227] INFO max_local_test_accuracy       0.2000
2026-04-22 22:28:45,237 __init__.py log_once [line:227] INFO local_test_loss               2.3053
2026-04-22 22:28:45,237 __init__.py log_once [line:227] INFO mean_local_test_loss          2.3000
2026-04-22 22:28:45,237 __init__.py log_once [line:227] INFO std_local_test_loss           0.0298
2026-04-22 22:28:45,237 __init__.py log_once [line:227] INFO min_local_test_loss           2.2588
2026-04-22 22:28:45,237 __init__.py log_once [line:227] INFO max_local_test_loss           2.3324
2026-04-22 22:28:45,237 centralized.py run [line:102] INFO Eval Time Cost:               2.0354s
2026-04-22 22:28:45,238 centralized.py run [line:104] INFO =================End==================
2026-04-22 22:28:45,238 centralized.py run [line:105] INFO Total Time Cost:              36.8256s
