2026-04-11 02:08:49,796 fflow.py init [line:848] INFO PROCESS ID:	34589
2026-04-11 02:08:49,796 fflow.py init [line:849] INFO Initializing devices: cuda:0 will be used for this running.
2026-04-11 02:08:49,796 fflow.py init [line:852] INFO BENCHMARK:	benchmark.office_caltech10_classification
2026-04-11 02:08:49,796 fflow.py init [line:853] INFO TASK:			task/office_caltech10_c4
2026-04-11 02:08:49,796 fflow.py init [line:854] INFO MODEL:		algorithm.feddsa_stylehead_bank
2026-04-11 02:08:49,796 fflow.py init [line:855] INFO ALGORITHM:	feddsa_stylehead_bank
2026-04-11 02:08:49,798 fflow.py init [line:901] INFO SCENE:		horizontal FL with 1 <class 'algorithm.feddsa_stylehead_bank.Server'>, 4 <class 'algorithm.feddsa_stylehead_bank.Client'>
2026-04-11 02:08:50,203 fflow.py init [line:918] INFO SIMULATOR:	<class 'flgo.simulator.default_simulator.Simulator'>
2026-04-11 02:08:50,405 fflow.py init [line:931] INFO Ready to start.
2026-04-11 02:08:50,406 fedbase.py run [line:300] INFO --------------Initial Evaluation--------------
2026-04-11 02:08:53,529 __init__.py log_once [line:227] INFO local_val_accuracy            0.1300
2026-04-11 02:08:53,530 __init__.py log_once [line:227] INFO mean_local_val_accuracy       0.1159
2026-04-11 02:08:53,530 __init__.py log_once [line:227] INFO std_local_val_accuracy        0.0315
2026-04-11 02:08:53,530 __init__.py log_once [line:227] INFO min_local_val_accuracy        0.0625
2026-04-11 02:08:53,530 __init__.py log_once [line:227] INFO max_local_val_accuracy        0.1429
2026-04-11 02:08:53,530 __init__.py log_once [line:227] INFO local_val_loss                2.3042
2026-04-11 02:08:53,530 __init__.py log_once [line:227] INFO mean_local_val_loss           2.3036
2026-04-11 02:08:53,530 __init__.py log_once [line:227] INFO std_local_val_loss            0.0071
2026-04-11 02:08:53,530 __init__.py log_once [line:227] INFO min_local_val_loss            2.2923
2026-04-11 02:08:53,530 __init__.py log_once [line:227] INFO max_local_val_loss            2.3114
2026-04-11 02:08:53,530 __init__.py log_once [line:227] INFO local_test_accuracy           0.0839
2026-04-11 02:08:53,530 __init__.py log_once [line:227] INFO mean_local_test_accuracy      0.1041
2026-04-11 02:08:53,530 __init__.py log_once [line:227] INFO std_local_test_accuracy       0.0316
2026-04-11 02:08:53,530 __init__.py log_once [line:227] INFO min_local_test_accuracy       0.0714
2026-04-11 02:08:53,530 __init__.py log_once [line:227] INFO max_local_test_accuracy       0.1379
2026-04-11 02:08:53,530 __init__.py log_once [line:227] INFO local_test_loss               2.3082
2026-04-11 02:08:53,530 __init__.py log_once [line:227] INFO mean_local_test_loss          2.3048
2026-04-11 02:08:53,530 __init__.py log_once [line:227] INFO std_local_test_loss           0.0070
2026-04-11 02:08:53,530 __init__.py log_once [line:227] INFO min_local_test_loss           2.2973
2026-04-11 02:08:53,530 __init__.py log_once [line:227] INFO max_local_test_loss           2.3159
2026-04-11 02:08:53,530 fedbase.py run [line:303] INFO Eval Time Cost:               3.1247s
2026-04-11 02:09:04,937 fedbase.py run [line:311] INFO --------------Round 1--------------
2026-04-11 02:09:08,322 __init__.py log_once [line:227] INFO local_val_accuracy            0.0906
2026-04-11 02:09:08,322 __init__.py log_once [line:227] INFO mean_local_val_accuracy       0.0856
2026-04-11 02:09:08,322 __init__.py log_once [line:227] INFO std_local_val_accuracy        0.0185
2026-04-11 02:09:08,322 __init__.py log_once [line:227] INFO min_local_val_accuracy        0.0625
2026-04-11 02:09:08,322 __init__.py log_once [line:227] INFO max_local_val_accuracy        0.1071
2026-04-11 02:09:08,322 __init__.py log_once [line:227] INFO local_val_loss                2.3476
2026-04-11 02:09:08,322 __init__.py log_once [line:227] INFO mean_local_val_loss           2.3314
2026-04-11 02:09:08,322 __init__.py log_once [line:227] INFO std_local_val_loss            0.0554
2026-04-11 02:09:08,322 __init__.py log_once [line:227] INFO min_local_val_loss            2.2914
2026-04-11 02:09:08,323 __init__.py log_once [line:227] INFO max_local_val_loss            2.4269
2026-04-11 02:09:08,323 __init__.py log_once [line:227] INFO local_test_accuracy           0.1591
2026-04-11 02:09:08,323 __init__.py log_once [line:227] INFO mean_local_test_accuracy      0.1361
2026-04-11 02:09:08,323 __init__.py log_once [line:227] INFO std_local_test_accuracy       0.0482
2026-04-11 02:09:08,323 __init__.py log_once [line:227] INFO min_local_test_accuracy       0.0690
2026-04-11 02:09:08,323 __init__.py log_once [line:227] INFO max_local_test_accuracy       0.2054
2026-04-11 02:09:08,323 __init__.py log_once [line:227] INFO local_test_loss               2.2937
2026-04-11 02:09:08,323 __init__.py log_once [line:227] INFO mean_local_test_loss          2.2962
2026-04-11 02:09:08,323 __init__.py log_once [line:227] INFO std_local_test_loss           0.0172
2026-04-11 02:09:08,323 __init__.py log_once [line:227] INFO min_local_test_loss           2.2707
2026-04-11 02:09:08,323 __init__.py log_once [line:227] INFO max_local_test_loss           2.3191
2026-04-11 02:09:08,323 fedbase.py run [line:316] INFO Eval Time Cost:               3.3858s
2026-04-11 02:09:19,827 fedbase.py run [line:311] INFO --------------Round 2--------------
2026-04-11 02:09:23,220 __init__.py log_once [line:227] INFO local_val_accuracy            0.2720
2026-04-11 02:09:23,220 __init__.py log_once [line:227] INFO mean_local_val_accuracy       0.2301
2026-04-11 02:09:23,220 __init__.py log_once [line:227] INFO std_local_val_accuracy        0.0741
2026-04-11 02:09:23,220 __init__.py log_once [line:227] INFO min_local_val_accuracy        0.1333
2026-04-11 02:09:23,220 __init__.py log_once [line:227] INFO max_local_val_accuracy        0.3229
2026-04-11 02:09:23,220 __init__.py log_once [line:227] INFO local_val_loss                2.0666
2026-04-11 02:09:23,220 __init__.py log_once [line:227] INFO mean_local_val_loss           2.1559
2026-04-11 02:09:23,220 __init__.py log_once [line:227] INFO std_local_val_loss            0.1474
2026-04-11 02:09:23,220 __init__.py log_once [line:227] INFO min_local_val_loss            1.9650
2026-04-11 02:09:23,220 __init__.py log_once [line:227] INFO max_local_val_loss            2.3020
2026-04-11 02:09:23,220 __init__.py log_once [line:227] INFO local_test_accuracy           0.2943
2026-04-11 02:09:23,221 __init__.py log_once [line:227] INFO mean_local_test_accuracy      0.2288
2026-04-11 02:09:23,221 __init__.py log_once [line:227] INFO std_local_test_accuracy       0.1218
2026-04-11 02:09:23,221 __init__.py log_once [line:227] INFO min_local_test_accuracy       0.1034
2026-04-11 02:09:23,221 __init__.py log_once [line:227] INFO max_local_test_accuracy       0.4105
2026-04-11 02:09:23,221 __init__.py log_once [line:227] INFO local_test_loss               1.9889
2026-04-11 02:09:23,221 __init__.py log_once [line:227] INFO mean_local_test_loss          2.1068
2026-04-11 02:09:23,221 __init__.py log_once [line:227] INFO std_local_test_loss           0.2277
2026-04-11 02:09:23,221 __init__.py log_once [line:227] INFO min_local_test_loss           1.7538
2026-04-11 02:09:23,221 __init__.py log_once [line:227] INFO max_local_test_loss           2.3209
2026-04-11 02:09:23,221 fedbase.py run [line:316] INFO Eval Time Cost:               3.3936s
2026-04-11 02:09:34,765 fedbase.py run [line:311] INFO --------------Round 3--------------
2026-04-11 02:09:37,887 __init__.py log_once [line:227] INFO local_val_accuracy            0.3587
2026-04-11 02:09:37,888 __init__.py log_once [line:227] INFO mean_local_val_accuracy       0.2909
2026-04-11 02:09:37,888 __init__.py log_once [line:227] INFO std_local_val_accuracy        0.1256
2026-04-11 02:09:37,888 __init__.py log_once [line:227] INFO min_local_val_accuracy        0.1667
2026-04-11 02:09:37,888 __init__.py log_once [line:227] INFO max_local_val_accuracy        0.4792
2026-04-11 02:09:37,888 __init__.py log_once [line:227] INFO local_val_loss                1.8776
2026-04-11 02:09:37,888 __init__.py log_once [line:227] INFO mean_local_val_loss           2.0536
2026-04-11 02:09:37,888 __init__.py log_once [line:227] INFO std_local_val_loss            0.3137
2026-04-11 02:09:37,888 __init__.py log_once [line:227] INFO min_local_val_loss            1.6013
2026-04-11 02:09:37,888 __init__.py log_once [line:227] INFO max_local_val_loss            2.3700
2026-04-11 02:09:37,888 __init__.py log_once [line:227] INFO local_test_accuracy           0.3340
2026-04-11 02:09:37,888 __init__.py log_once [line:227] INFO mean_local_test_accuracy      0.2519
2026-04-11 02:09:37,888 __init__.py log_once [line:227] INFO std_local_test_accuracy       0.1379
2026-04-11 02:09:37,888 __init__.py log_once [line:227] INFO min_local_test_accuracy       0.1034
2026-04-11 02:09:37,888 __init__.py log_once [line:227] INFO max_local_test_accuracy       0.4316
2026-04-11 02:09:37,888 __init__.py log_once [line:227] INFO local_test_loss               1.8837
2026-04-11 02:09:37,888 __init__.py log_once [line:227] INFO mean_local_test_loss          2.0670
2026-04-11 02:09:37,888 __init__.py log_once [line:227] INFO std_local_test_loss           0.3644
2026-04-11 02:09:37,888 __init__.py log_once [line:227] INFO min_local_test_loss           1.4970
2026-04-11 02:09:37,888 __init__.py log_once [line:227] INFO max_local_test_loss           2.4286
2026-04-11 02:09:37,889 fedbase.py run [line:316] INFO Eval Time Cost:               3.1235s
2026-04-11 02:09:49,327 fedbase.py run [line:311] INFO --------------Round 4--------------
2026-04-11 02:09:52,599 __init__.py log_once [line:227] INFO local_val_accuracy            0.3550
2026-04-11 02:09:52,599 __init__.py log_once [line:227] INFO mean_local_val_accuracy       0.2485
2026-04-11 02:09:52,599 __init__.py log_once [line:227] INFO std_local_val_accuracy        0.1814
2026-04-11 02:09:52,600 __init__.py log_once [line:227] INFO min_local_val_accuracy        0.0000
2026-04-11 02:09:52,600 __init__.py log_once [line:227] INFO max_local_val_accuracy        0.4792
2026-04-11 02:09:52,600 __init__.py log_once [line:227] INFO local_val_loss                1.9223
2026-04-11 02:09:52,600 __init__.py log_once [line:227] INFO mean_local_val_loss           2.1418
2026-04-11 02:09:52,600 __init__.py log_once [line:227] INFO std_local_val_loss            0.3442
2026-04-11 02:09:52,600 __init__.py log_once [line:227] INFO min_local_val_loss            1.7539
2026-04-11 02:09:52,600 __init__.py log_once [line:227] INFO max_local_val_loss            2.5317
2026-04-11 02:09:52,600 __init__.py log_once [line:227] INFO local_test_accuracy           0.3739
2026-04-11 02:09:52,600 __init__.py log_once [line:227] INFO mean_local_test_accuracy      0.3022
2026-04-11 02:09:52,600 __init__.py log_once [line:227] INFO std_local_test_accuracy       0.1329
2026-04-11 02:09:52,600 __init__.py log_once [line:227] INFO min_local_test_accuracy       0.1333
2026-04-11 02:09:52,600 __init__.py log_once [line:227] INFO max_local_test_accuracy       0.4947
2026-04-11 02:09:52,600 __init__.py log_once [line:227] INFO local_test_loss               1.8925
2026-04-11 02:09:52,600 __init__.py log_once [line:227] INFO mean_local_test_loss          2.1368
2026-04-11 02:09:52,600 __init__.py log_once [line:227] INFO std_local_test_loss           0.4034
2026-04-11 02:09:52,600 __init__.py log_once [line:227] INFO min_local_test_loss           1.6375
2026-04-11 02:09:52,600 __init__.py log_once [line:227] INFO max_local_test_loss           2.5831
2026-04-11 02:09:52,600 fedbase.py run [line:316] INFO Eval Time Cost:               3.2731s
2026-04-11 02:10:04,222 fedbase.py run [line:311] INFO --------------Round 5--------------
2026-04-11 02:10:07,402 __init__.py log_once [line:227] INFO local_val_accuracy            0.3787
2026-04-11 02:10:07,402 __init__.py log_once [line:227] INFO mean_local_val_accuracy       0.2842
2026-04-11 02:10:07,402 __init__.py log_once [line:227] INFO std_local_val_accuracy        0.1511
2026-04-11 02:10:07,402 __init__.py log_once [line:227] INFO min_local_val_accuracy        0.0625
2026-04-11 02:10:07,402 __init__.py log_once [line:227] INFO max_local_val_accuracy        0.4554
2026-04-11 02:10:07,402 __init__.py log_once [line:227] INFO local_val_loss                2.0391
2026-04-11 02:10:07,402 __init__.py log_once [line:227] INFO mean_local_val_loss           2.1772
2026-04-11 02:10:07,402 __init__.py log_once [line:227] INFO std_local_val_loss            0.3993
2026-04-11 02:10:07,402 __init__.py log_once [line:227] INFO min_local_val_loss            1.5719
2026-04-11 02:10:07,402 __init__.py log_once [line:227] INFO max_local_val_loss            2.5800
2026-04-11 02:10:07,403 __init__.py log_once [line:227] INFO local_test_accuracy           0.4095
2026-04-11 02:10:07,403 __init__.py log_once [line:227] INFO mean_local_test_accuracy      0.3378
2026-04-11 02:10:07,403 __init__.py log_once [line:227] INFO std_local_test_accuracy       0.1266
2026-04-11 02:10:07,403 __init__.py log_once [line:227] INFO min_local_test_accuracy       0.1333
2026-04-11 02:10:07,403 __init__.py log_once [line:227] INFO max_local_test_accuracy       0.4732
2026-04-11 02:10:07,403 __init__.py log_once [line:227] INFO local_test_loss               2.0934
2026-04-11 02:10:07,403 __init__.py log_once [line:227] INFO mean_local_test_loss          2.2260
2026-04-11 02:10:07,403 __init__.py log_once [line:227] INFO std_local_test_loss           0.4935
2026-04-11 02:10:07,403 __init__.py log_once [line:227] INFO min_local_test_loss           1.5392
2026-04-11 02:10:07,403 __init__.py log_once [line:227] INFO max_local_test_loss           2.7116
2026-04-11 02:10:07,403 fedbase.py run [line:316] INFO Eval Time Cost:               3.1808s
2026-04-11 02:10:19,019 fedbase.py run [line:311] INFO --------------Round 6--------------
2026-04-11 02:10:22,152 __init__.py log_once [line:227] INFO local_val_accuracy            0.3470
2026-04-11 02:10:22,152 __init__.py log_once [line:227] INFO mean_local_val_accuracy       0.2744
2026-04-11 02:10:22,152 __init__.py log_once [line:227] INFO std_local_val_accuracy        0.1429
2026-04-11 02:10:22,152 __init__.py log_once [line:227] INFO min_local_val_accuracy        0.0625
2026-04-11 02:10:22,152 __init__.py log_once [line:227] INFO max_local_val_accuracy        0.4643
2026-04-11 02:10:22,152 __init__.py log_once [line:227] INFO local_val_loss                1.8051
2026-04-11 02:10:22,152 __init__.py log_once [line:227] INFO mean_local_val_loss           1.9714
2026-04-11 02:10:22,152 __init__.py log_once [line:227] INFO std_local_val_loss            0.3536
2026-04-11 02:10:22,152 __init__.py log_once [line:227] INFO min_local_val_loss            1.5850
2026-04-11 02:10:22,152 __init__.py log_once [line:227] INFO max_local_val_loss            2.5432
2026-04-11 02:10:22,152 __init__.py log_once [line:227] INFO local_test_accuracy           0.4609
2026-04-11 02:10:22,152 __init__.py log_once [line:227] INFO mean_local_test_accuracy      0.3617
2026-04-11 02:10:22,152 __init__.py log_once [line:227] INFO std_local_test_accuracy       0.1610
2026-04-11 02:10:22,152 __init__.py log_once [line:227] INFO min_local_test_accuracy       0.1333
2026-04-11 02:10:22,153 __init__.py log_once [line:227] INFO max_local_test_accuracy       0.5714
2026-04-11 02:10:22,153 __init__.py log_once [line:227] INFO local_test_loss               1.6556
2026-04-11 02:10:22,153 __init__.py log_once [line:227] INFO mean_local_test_loss          1.9131
2026-04-11 02:10:22,153 __init__.py log_once [line:227] INFO std_local_test_loss           0.4149
2026-04-11 02:10:22,153 __init__.py log_once [line:227] INFO min_local_test_loss           1.4189
2026-04-11 02:10:22,153 __init__.py log_once [line:227] INFO max_local_test_loss           2.5222
2026-04-11 02:10:22,153 fedbase.py run [line:316] INFO Eval Time Cost:               3.1333s
2026-04-11 02:10:33,606 fedbase.py run [line:311] INFO --------------Round 7--------------
2026-04-11 02:10:36,826 __init__.py log_once [line:227] INFO local_val_accuracy            0.3821
2026-04-11 02:10:36,826 __init__.py log_once [line:227] INFO mean_local_val_accuracy       0.3153
2026-04-11 02:10:36,826 __init__.py log_once [line:227] INFO std_local_val_accuracy        0.1618
2026-04-11 02:10:36,826 __init__.py log_once [line:227] INFO min_local_val_accuracy        0.0625
2026-04-11 02:10:36,826 __init__.py log_once [line:227] INFO max_local_val_accuracy        0.5104
2026-04-11 02:10:36,826 __init__.py log_once [line:227] INFO local_val_loss                2.2339
2026-04-11 02:10:36,826 __init__.py log_once [line:227] INFO mean_local_val_loss           2.2389
2026-04-11 02:10:36,826 __init__.py log_once [line:227] INFO std_local_val_loss            0.5949
2026-04-11 02:10:36,826 __init__.py log_once [line:227] INFO min_local_val_loss            1.5866
2026-04-11 02:10:36,826 __init__.py log_once [line:227] INFO max_local_val_loss            2.8428
2026-04-11 02:10:36,826 __init__.py log_once [line:227] INFO local_test_accuracy           0.4535
2026-04-11 02:10:36,827 __init__.py log_once [line:227] INFO mean_local_test_accuracy      0.3872
2026-04-11 02:10:36,827 __init__.py log_once [line:227] INFO std_local_test_accuracy       0.1540
2026-04-11 02:10:36,827 __init__.py log_once [line:227] INFO min_local_test_accuracy       0.1333
2026-04-11 02:10:36,827 __init__.py log_once [line:227] INFO max_local_test_accuracy       0.5474
2026-04-11 02:10:36,827 __init__.py log_once [line:227] INFO local_test_loss               2.0948
2026-04-11 02:10:36,827 __init__.py log_once [line:227] INFO mean_local_test_loss          2.1457
2026-04-11 02:10:36,827 __init__.py log_once [line:227] INFO std_local_test_loss           0.5672
2026-04-11 02:10:36,827 __init__.py log_once [line:227] INFO min_local_test_loss           1.5235
2026-04-11 02:10:36,827 __init__.py log_once [line:227] INFO max_local_test_loss           2.8134
2026-04-11 02:10:36,827 fedbase.py run [line:316] INFO Eval Time Cost:               3.2205s
2026-04-11 02:10:47,725 fedbase.py run [line:311] INFO --------------Round 8--------------
2026-04-11 02:10:50,903 __init__.py log_once [line:227] INFO local_val_accuracy            0.3901
2026-04-11 02:10:50,903 __init__.py log_once [line:227] INFO mean_local_val_accuracy       0.3344
2026-04-11 02:10:50,903 __init__.py log_once [line:227] INFO std_local_val_accuracy        0.0999
2026-04-11 02:10:50,903 __init__.py log_once [line:227] INFO min_local_val_accuracy        0.2333
2026-04-11 02:10:50,903 __init__.py log_once [line:227] INFO max_local_val_accuracy        0.4792
2026-04-11 02:10:50,903 __init__.py log_once [line:227] INFO local_val_loss                1.7847
2026-04-11 02:10:50,903 __init__.py log_once [line:227] INFO mean_local_val_loss           1.8165
2026-04-11 02:10:50,904 __init__.py log_once [line:227] INFO std_local_val_loss            0.1589
2026-04-11 02:10:50,904 __init__.py log_once [line:227] INFO min_local_val_loss            1.5496
2026-04-11 02:10:50,904 __init__.py log_once [line:227] INFO max_local_val_loss            1.9373
2026-04-11 02:10:50,904 __init__.py log_once [line:227] INFO local_test_accuracy           0.4455
2026-04-11 02:10:50,904 __init__.py log_once [line:227] INFO mean_local_test_accuracy      0.3760
2026-04-11 02:10:50,904 __init__.py log_once [line:227] INFO std_local_test_accuracy       0.1160
2026-04-11 02:10:50,904 __init__.py log_once [line:227] INFO min_local_test_accuracy       0.2000
2026-04-11 02:10:50,904 __init__.py log_once [line:227] INFO max_local_test_accuracy       0.4947
2026-04-11 02:10:50,904 __init__.py log_once [line:227] INFO local_test_loss               1.5914
2026-04-11 02:10:50,904 __init__.py log_once [line:227] INFO mean_local_test_loss          1.6886
2026-04-11 02:10:50,904 __init__.py log_once [line:227] INFO std_local_test_loss           0.1555
2026-04-11 02:10:50,904 __init__.py log_once [line:227] INFO min_local_test_loss           1.5081
2026-04-11 02:10:50,904 __init__.py log_once [line:227] INFO max_local_test_loss           1.9159
2026-04-11 02:10:50,904 fedbase.py run [line:316] INFO Eval Time Cost:               3.1787s
2026-04-11 02:11:02,371 fedbase.py run [line:311] INFO --------------Round 9--------------
2026-04-11 02:11:05,429 __init__.py log_once [line:227] INFO local_val_accuracy            0.3543
2026-04-11 02:11:05,429 __init__.py log_once [line:227] INFO mean_local_val_accuracy       0.3595
2026-04-11 02:11:05,429 __init__.py log_once [line:227] INFO std_local_val_accuracy        0.1347
2026-04-11 02:11:05,429 __init__.py log_once [line:227] INFO min_local_val_accuracy        0.2083
2026-04-11 02:11:05,429 __init__.py log_once [line:227] INFO max_local_val_accuracy        0.5333
2026-04-11 02:11:05,429 __init__.py log_once [line:227] INFO local_val_loss                2.1995
2026-04-11 02:11:05,429 __init__.py log_once [line:227] INFO mean_local_val_loss           2.0829
2026-04-11 02:11:05,429 __init__.py log_once [line:227] INFO std_local_val_loss            0.4568
2026-04-11 02:11:05,429 __init__.py log_once [line:227] INFO min_local_val_loss            1.4895
2026-04-11 02:11:05,429 __init__.py log_once [line:227] INFO max_local_val_loss            2.7521
2026-04-11 02:11:05,429 __init__.py log_once [line:227] INFO local_test_accuracy           0.4422
2026-04-11 02:11:05,429 __init__.py log_once [line:227] INFO mean_local_test_accuracy      0.4638
2026-04-11 02:11:05,429 __init__.py log_once [line:227] INFO std_local_test_accuracy       0.0793
2026-04-11 02:11:05,429 __init__.py log_once [line:227] INFO min_local_test_accuracy       0.3368
2026-04-11 02:11:05,429 __init__.py log_once [line:227] INFO max_local_test_accuracy       0.5517
2026-04-11 02:11:05,429 __init__.py log_once [line:227] INFO local_test_loss               1.8730
2026-04-11 02:11:05,429 __init__.py log_once [line:227] INFO mean_local_test_loss          1.8172
2026-04-11 02:11:05,429 __init__.py log_once [line:227] INFO std_local_test_loss           0.3278
2026-04-11 02:11:05,430 __init__.py log_once [line:227] INFO min_local_test_loss           1.3687
2026-04-11 02:11:05,430 __init__.py log_once [line:227] INFO max_local_test_loss           2.2426
2026-04-11 02:11:05,430 fedbase.py run [line:316] INFO Eval Time Cost:               3.0587s
2026-04-11 02:11:16,740 fedbase.py run [line:311] INFO --------------Round 10--------------
2026-04-11 02:11:19,780 __init__.py log_once [line:227] INFO local_val_accuracy            0.4129
2026-04-11 02:11:19,780 __init__.py log_once [line:227] INFO mean_local_val_accuracy       0.4635
2026-04-11 02:11:19,780 __init__.py log_once [line:227] INFO std_local_val_accuracy        0.0924
2026-04-11 02:11:19,780 __init__.py log_once [line:227] INFO min_local_val_accuracy        0.3125
2026-04-11 02:11:19,780 __init__.py log_once [line:227] INFO max_local_val_accuracy        0.5625
2026-04-11 02:11:19,780 __init__.py log_once [line:227] INFO local_val_loss                1.9460
2026-04-11 02:11:19,781 __init__.py log_once [line:227] INFO mean_local_val_loss           1.7023
2026-04-11 02:11:19,781 __init__.py log_once [line:227] INFO std_local_val_loss            0.4699
2026-04-11 02:11:19,781 __init__.py log_once [line:227] INFO min_local_val_loss            1.3637
2026-04-11 02:11:19,781 __init__.py log_once [line:227] INFO max_local_val_loss            2.5047
2026-04-11 02:11:19,781 __init__.py log_once [line:227] INFO local_test_accuracy           0.4706
2026-04-11 02:11:19,781 __init__.py log_once [line:227] INFO mean_local_test_accuracy      0.5015
2026-04-11 02:11:19,781 __init__.py log_once [line:227] INFO std_local_test_accuracy       0.0682
2026-04-11 02:11:19,781 __init__.py log_once [line:227] INFO min_local_test_accuracy       0.3839
2026-04-11 02:11:19,781 __init__.py log_once [line:227] INFO max_local_test_accuracy       0.5517
2026-04-11 02:11:19,781 __init__.py log_once [line:227] INFO local_test_loss               1.8076
2026-04-11 02:11:19,781 __init__.py log_once [line:227] INFO mean_local_test_loss          1.5669
2026-04-11 02:11:19,781 __init__.py log_once [line:227] INFO std_local_test_loss           0.4365
2026-04-11 02:11:19,781 __init__.py log_once [line:227] INFO min_local_test_loss           1.1935
2026-04-11 02:11:19,781 __init__.py log_once [line:227] INFO max_local_test_loss           2.2985
2026-04-11 02:11:19,781 fedbase.py run [line:316] INFO Eval Time Cost:               3.0407s
2026-04-11 02:11:30,690 fedbase.py run [line:311] INFO --------------Round 11--------------
2026-04-11 02:11:33,726 __init__.py log_once [line:227] INFO local_val_accuracy            0.5434
2026-04-11 02:11:33,726 __init__.py log_once [line:227] INFO mean_local_val_accuracy       0.5279
2026-04-11 02:11:33,726 __init__.py log_once [line:227] INFO std_local_val_accuracy        0.0387
2026-04-11 02:11:33,727 __init__.py log_once [line:227] INFO min_local_val_accuracy        0.5000
2026-04-11 02:11:33,727 __init__.py log_once [line:227] INFO max_local_val_accuracy        0.5938
2026-04-11 02:11:33,727 __init__.py log_once [line:227] INFO local_val_loss                1.6044
2026-04-11 02:11:33,727 __init__.py log_once [line:227] INFO mean_local_val_loss           1.6614
2026-04-11 02:11:33,727 __init__.py log_once [line:227] INFO std_local_val_loss            0.2898
2026-04-11 02:11:33,727 __init__.py log_once [line:227] INFO min_local_val_loss            1.3061
2026-04-11 02:11:33,727 __init__.py log_once [line:227] INFO max_local_val_loss            2.0846
2026-04-11 02:11:33,727 __init__.py log_once [line:227] INFO local_test_accuracy           0.5691
2026-04-11 02:11:33,727 __init__.py log_once [line:227] INFO mean_local_test_accuracy      0.5100
2026-04-11 02:11:33,727 __init__.py log_once [line:227] INFO std_local_test_accuracy       0.1068
2026-04-11 02:11:33,727 __init__.py log_once [line:227] INFO min_local_test_accuracy       0.3333
2026-04-11 02:11:33,727 __init__.py log_once [line:227] INFO max_local_test_accuracy       0.6000
2026-04-11 02:11:33,727 __init__.py log_once [line:227] INFO local_test_loss               1.4405
2026-04-11 02:11:33,727 __init__.py log_once [line:227] INFO mean_local_test_loss          1.5827
2026-04-11 02:11:33,727 __init__.py log_once [line:227] INFO std_local_test_loss           0.2368
2026-04-11 02:11:33,727 __init__.py log_once [line:227] INFO min_local_test_loss           1.2994
2026-04-11 02:11:33,727 __init__.py log_once [line:227] INFO max_local_test_loss           1.8658
2026-04-11 02:11:33,727 fedbase.py run [line:316] INFO Eval Time Cost:               3.0373s
2026-04-11 02:11:44,971 fedbase.py run [line:311] INFO --------------Round 12--------------
2026-04-11 02:11:48,123 __init__.py log_once [line:227] INFO local_val_accuracy            0.4171
2026-04-11 02:11:48,123 __init__.py log_once [line:227] INFO mean_local_val_accuracy       0.4882
2026-04-11 02:11:48,123 __init__.py log_once [line:227] INFO std_local_val_accuracy        0.1840
2026-04-11 02:11:48,123 __init__.py log_once [line:227] INFO min_local_val_accuracy        0.1875
2026-04-11 02:11:48,123 __init__.py log_once [line:227] INFO max_local_val_accuracy        0.6875
2026-04-11 02:11:48,123 __init__.py log_once [line:227] INFO local_val_loss                2.5929
2026-04-11 02:11:48,123 __init__.py log_once [line:227] INFO mean_local_val_loss           2.1954
2026-04-11 02:11:48,123 __init__.py log_once [line:227] INFO std_local_val_loss            1.0507
2026-04-11 02:11:48,124 __init__.py log_once [line:227] INFO min_local_val_loss            1.1527
2026-04-11 02:11:48,124 __init__.py log_once [line:227] INFO max_local_val_loss            3.9492
2026-04-11 02:11:48,124 __init__.py log_once [line:227] INFO local_test_accuracy           0.4219
2026-04-11 02:11:48,124 __init__.py log_once [line:227] INFO mean_local_test_accuracy      0.4111
2026-04-11 02:11:48,124 __init__.py log_once [line:227] INFO std_local_test_accuracy       0.1237
2026-04-11 02:11:48,124 __init__.py log_once [line:227] INFO min_local_test_accuracy       0.2526
2026-04-11 02:11:48,124 __init__.py log_once [line:227] INFO max_local_test_accuracy       0.5804
2026-04-11 02:11:48,124 __init__.py log_once [line:227] INFO local_test_loss               2.4512
2026-04-11 02:11:48,124 __init__.py log_once [line:227] INFO mean_local_test_loss          2.2921
2026-04-11 02:11:48,124 __init__.py log_once [line:227] INFO std_local_test_loss           0.9245
2026-04-11 02:11:48,124 __init__.py log_once [line:227] INFO min_local_test_loss           1.4581
2026-04-11 02:11:48,124 __init__.py log_once [line:227] INFO max_local_test_loss           3.8040
2026-04-11 02:11:48,124 fedbase.py run [line:316] INFO Eval Time Cost:               3.1526s
2026-04-11 02:11:58,711 fedbase.py run [line:311] INFO --------------Round 13--------------
2026-04-11 02:12:01,801 __init__.py log_once [line:227] INFO local_val_accuracy            0.6220
2026-04-11 02:12:01,801 __init__.py log_once [line:227] INFO mean_local_val_accuracy       0.6302
2026-04-11 02:12:01,801 __init__.py log_once [line:227] INFO std_local_val_accuracy        0.0227
2026-04-11 02:12:01,801 __init__.py log_once [line:227] INFO min_local_val_accuracy        0.6042
2026-04-11 02:12:01,801 __init__.py log_once [line:227] INFO max_local_val_accuracy        0.6667
2026-04-11 02:12:01,801 __init__.py log_once [line:227] INFO local_val_loss                1.2488
2026-04-11 02:12:01,801 __init__.py log_once [line:227] INFO mean_local_val_loss           1.1883
2026-04-11 02:12:01,802 __init__.py log_once [line:227] INFO std_local_val_loss            0.1182
2026-04-11 02:12:01,802 __init__.py log_once [line:227] INFO min_local_val_loss            0.9873
2026-04-11 02:12:01,802 __init__.py log_once [line:227] INFO max_local_val_loss            1.2807
2026-04-11 02:12:01,802 __init__.py log_once [line:227] INFO local_test_accuracy           0.6612
2026-04-11 02:12:01,802 __init__.py log_once [line:227] INFO mean_local_test_accuracy      0.6471
2026-04-11 02:12:01,802 __init__.py log_once [line:227] INFO std_local_test_accuracy       0.0482
2026-04-11 02:12:01,802 __init__.py log_once [line:227] INFO min_local_test_accuracy       0.5862
2026-04-11 02:12:01,802 __init__.py log_once [line:227] INFO max_local_test_accuracy       0.7143
2026-04-11 02:12:01,802 __init__.py log_once [line:227] INFO local_test_loss               1.0338
2026-04-11 02:12:01,802 __init__.py log_once [line:227] INFO mean_local_test_loss          1.1335
2026-04-11 02:12:01,802 __init__.py log_once [line:227] INFO std_local_test_loss           0.1716
2026-04-11 02:12:01,802 __init__.py log_once [line:227] INFO min_local_test_loss           0.9412
2026-04-11 02:12:01,802 __init__.py log_once [line:227] INFO max_local_test_loss           1.3779
2026-04-11 02:12:01,802 fedbase.py run [line:316] INFO Eval Time Cost:               3.0909s
2026-04-11 02:12:12,956 fedbase.py run [line:311] INFO --------------Round 14--------------
2026-04-11 02:12:15,937 __init__.py log_once [line:227] INFO local_val_accuracy            0.6375
2026-04-11 02:12:15,937 __init__.py log_once [line:227] INFO mean_local_val_accuracy       0.6655
2026-04-11 02:12:15,937 __init__.py log_once [line:227] INFO std_local_val_accuracy        0.0479
2026-04-11 02:12:15,937 __init__.py log_once [line:227] INFO min_local_val_accuracy        0.6161
2026-04-11 02:12:15,938 __init__.py log_once [line:227] INFO max_local_val_accuracy        0.7333
2026-04-11 02:12:15,938 __init__.py log_once [line:227] INFO local_val_loss                1.2854
2026-04-11 02:12:15,938 __init__.py log_once [line:227] INFO mean_local_val_loss           1.2032
2026-04-11 02:12:15,938 __init__.py log_once [line:227] INFO std_local_val_loss            0.1510
2026-04-11 02:12:15,938 __init__.py log_once [line:227] INFO min_local_val_loss            1.0113
2026-04-11 02:12:15,938 __init__.py log_once [line:227] INFO max_local_val_loss            1.4346
2026-04-11 02:12:15,938 __init__.py log_once [line:227] INFO local_test_accuracy           0.6217
2026-04-11 02:12:15,938 __init__.py log_once [line:227] INFO mean_local_test_accuracy      0.6430
2026-04-11 02:12:15,938 __init__.py log_once [line:227] INFO std_local_test_accuracy       0.0713
2026-04-11 02:12:15,938 __init__.py log_once [line:227] INFO min_local_test_accuracy       0.5714
2026-04-11 02:12:15,938 __init__.py log_once [line:227] INFO max_local_test_accuracy       0.7586
2026-04-11 02:12:15,938 __init__.py log_once [line:227] INFO local_test_loss               1.2728
2026-04-11 02:12:15,938 __init__.py log_once [line:227] INFO mean_local_test_loss          1.1923
2026-04-11 02:12:15,938 __init__.py log_once [line:227] INFO std_local_test_loss           0.2066
2026-04-11 02:12:15,938 __init__.py log_once [line:227] INFO min_local_test_loss           0.9040
2026-04-11 02:12:15,938 __init__.py log_once [line:227] INFO max_local_test_loss           1.4816
2026-04-11 02:12:15,938 fedbase.py run [line:316] INFO Eval Time Cost:               2.9819s
2026-04-11 02:12:26,993 fedbase.py run [line:311] INFO --------------Round 15--------------
2026-04-11 02:12:29,949 __init__.py log_once [line:227] INFO local_val_accuracy            0.7241
2026-04-11 02:12:29,949 __init__.py log_once [line:227] INFO mean_local_val_accuracy       0.7665
2026-04-11 02:12:29,949 __init__.py log_once [line:227] INFO std_local_val_accuracy        0.0827
2026-04-11 02:12:29,949 __init__.py log_once [line:227] INFO min_local_val_accuracy        0.6458
2026-04-11 02:12:29,949 __init__.py log_once [line:227] INFO max_local_val_accuracy        0.8667
2026-04-11 02:12:29,949 __init__.py log_once [line:227] INFO local_val_loss                0.9124
2026-04-11 02:12:29,949 __init__.py log_once [line:227] INFO mean_local_val_loss           0.7868
2026-04-11 02:12:29,949 __init__.py log_once [line:227] INFO std_local_val_loss            0.2114
2026-04-11 02:12:29,949 __init__.py log_once [line:227] INFO min_local_val_loss            0.5583
2026-04-11 02:12:29,949 __init__.py log_once [line:227] INFO max_local_val_loss            1.0629
2026-04-11 02:12:29,949 __init__.py log_once [line:227] INFO local_test_accuracy           0.7252
2026-04-11 02:12:29,949 __init__.py log_once [line:227] INFO mean_local_test_accuracy      0.7456
2026-04-11 02:12:29,949 __init__.py log_once [line:227] INFO std_local_test_accuracy       0.0456
2026-04-11 02:12:29,950 __init__.py log_once [line:227] INFO min_local_test_accuracy       0.6737
2026-04-11 02:12:29,950 __init__.py log_once [line:227] INFO max_local_test_accuracy       0.8000
2026-04-11 02:12:29,950 __init__.py log_once [line:227] INFO local_test_loss               0.9863
2026-04-11 02:12:29,950 __init__.py log_once [line:227] INFO mean_local_test_loss          0.8320
2026-04-11 02:12:29,950 __init__.py log_once [line:227] INFO std_local_test_loss           0.2687
2026-04-11 02:12:29,950 __init__.py log_once [line:227] INFO min_local_test_loss           0.5548
2026-04-11 02:12:29,950 __init__.py log_once [line:227] INFO max_local_test_loss           1.2158
2026-04-11 02:12:29,950 fedbase.py run [line:316] INFO Eval Time Cost:               2.9570s
2026-04-11 02:12:40,753 fedbase.py run [line:311] INFO --------------Round 16--------------
2026-04-11 02:12:43,728 __init__.py log_once [line:227] INFO local_val_accuracy            0.5542
2026-04-11 02:12:43,728 __init__.py log_once [line:227] INFO mean_local_val_accuracy       0.6519
2026-04-11 02:12:43,728 __init__.py log_once [line:227] INFO std_local_val_accuracy        0.2210
2026-04-11 02:12:43,728 __init__.py log_once [line:227] INFO min_local_val_accuracy        0.3304
2026-04-11 02:12:43,728 __init__.py log_once [line:227] INFO max_local_val_accuracy        0.9375
2026-04-11 02:12:43,728 __init__.py log_once [line:227] INFO local_val_loss                1.5944
2026-04-11 02:12:43,728 __init__.py log_once [line:227] INFO mean_local_val_loss           1.2935
2026-04-11 02:12:43,728 __init__.py log_once [line:227] INFO std_local_val_loss            0.7289
2026-04-11 02:12:43,728 __init__.py log_once [line:227] INFO min_local_val_loss            0.5867
2026-04-11 02:12:43,728 __init__.py log_once [line:227] INFO max_local_val_loss            2.4768
2026-04-11 02:12:43,728 __init__.py log_once [line:227] INFO local_test_accuracy           0.5948
2026-04-11 02:12:43,728 __init__.py log_once [line:227] INFO mean_local_test_accuracy      0.6696
2026-04-11 02:12:43,728 __init__.py log_once [line:227] INFO std_local_test_accuracy       0.1628
2026-04-11 02:12:43,728 __init__.py log_once [line:227] INFO min_local_test_accuracy       0.4196
2026-04-11 02:12:43,728 __init__.py log_once [line:227] INFO max_local_test_accuracy       0.8667
2026-04-11 02:12:43,728 __init__.py log_once [line:227] INFO local_test_loss               1.3616
2026-04-11 02:12:43,728 __init__.py log_once [line:227] INFO mean_local_test_loss          1.0914
2026-04-11 02:12:43,728 __init__.py log_once [line:227] INFO std_local_test_loss           0.5503
2026-04-11 02:12:43,729 __init__.py log_once [line:227] INFO min_local_test_loss           0.6482
2026-04-11 02:12:43,729 __init__.py log_once [line:227] INFO max_local_test_loss           2.0346
2026-04-11 02:12:43,729 fedbase.py run [line:316] INFO Eval Time Cost:               2.9753s
2026-04-11 02:12:54,245 fedbase.py run [line:311] INFO --------------Round 17--------------
2026-04-11 02:12:57,202 __init__.py log_once [line:227] INFO local_val_accuracy            0.4912
2026-04-11 02:12:57,203 __init__.py log_once [line:227] INFO mean_local_val_accuracy       0.6275
2026-04-11 02:12:57,203 __init__.py log_once [line:227] INFO std_local_val_accuracy        0.2479
2026-04-11 02:12:57,203 __init__.py log_once [line:227] INFO min_local_val_accuracy        0.2708
2026-04-11 02:12:57,203 __init__.py log_once [line:227] INFO max_local_val_accuracy        0.9000
2026-04-11 02:12:57,203 __init__.py log_once [line:227] INFO local_val_loss                2.1420
2026-04-11 02:12:57,203 __init__.py log_once [line:227] INFO mean_local_val_loss           1.5621
2026-04-11 02:12:57,203 __init__.py log_once [line:227] INFO std_local_val_loss            1.0871
2026-04-11 02:12:57,203 __init__.py log_once [line:227] INFO min_local_val_loss            0.4946
2026-04-11 02:12:57,203 __init__.py log_once [line:227] INFO max_local_val_loss            3.2069
2026-04-11 02:12:57,203 __init__.py log_once [line:227] INFO local_test_accuracy           0.5109
2026-04-11 02:12:57,203 __init__.py log_once [line:227] INFO mean_local_test_accuracy      0.6263
2026-04-11 02:12:57,203 __init__.py log_once [line:227] INFO std_local_test_accuracy       0.2065
2026-04-11 02:12:57,203 __init__.py log_once [line:227] INFO min_local_test_accuracy       0.3263
2026-04-11 02:12:57,203 __init__.py log_once [line:227] INFO max_local_test_accuracy       0.8667
2026-04-11 02:12:57,203 __init__.py log_once [line:227] INFO local_test_loss               1.8513
2026-04-11 02:12:57,203 __init__.py log_once [line:227] INFO mean_local_test_loss          1.3311
2026-04-11 02:12:57,203 __init__.py log_once [line:227] INFO std_local_test_loss           0.9060
2026-04-11 02:12:57,203 __init__.py log_once [line:227] INFO min_local_test_loss           0.3717
2026-04-11 02:12:57,203 __init__.py log_once [line:227] INFO max_local_test_loss           2.6248
2026-04-11 02:12:57,203 fedbase.py run [line:316] INFO Eval Time Cost:               2.9580s
2026-04-11 02:13:08,207 fedbase.py run [line:311] INFO --------------Round 18--------------
2026-04-11 02:13:11,186 __init__.py log_once [line:227] INFO local_val_accuracy            0.6422
2026-04-11 02:13:11,186 __init__.py log_once [line:227] INFO mean_local_val_accuracy       0.5856
2026-04-11 02:13:11,186 __init__.py log_once [line:227] INFO std_local_val_accuracy        0.0874
2026-04-11 02:13:11,186 __init__.py log_once [line:227] INFO min_local_val_accuracy        0.5000
2026-04-11 02:13:11,186 __init__.py log_once [line:227] INFO max_local_val_accuracy        0.6964
2026-04-11 02:13:11,186 __init__.py log_once [line:227] INFO local_val_loss                1.2083
2026-04-11 02:13:11,186 __init__.py log_once [line:227] INFO mean_local_val_loss           1.5082
2026-04-11 02:13:11,186 __init__.py log_once [line:227] INFO std_local_val_loss            0.5876
2026-04-11 02:13:11,186 __init__.py log_once [line:227] INFO min_local_val_loss            1.0416
2026-04-11 02:13:11,186 __init__.py log_once [line:227] INFO max_local_val_loss            2.5106
2026-04-11 02:13:11,186 __init__.py log_once [line:227] INFO local_test_accuracy           0.7091
2026-04-11 02:13:11,186 __init__.py log_once [line:227] INFO mean_local_test_accuracy      0.6923
2026-04-11 02:13:11,186 __init__.py log_once [line:227] INFO std_local_test_accuracy       0.0613
2026-04-11 02:13:11,187 __init__.py log_once [line:227] INFO min_local_test_accuracy       0.5862
2026-04-11 02:13:11,187 __init__.py log_once [line:227] INFO max_local_test_accuracy       0.7333
2026-04-11 02:13:11,187 __init__.py log_once [line:227] INFO local_test_loss               1.0192
2026-04-11 02:13:11,187 __init__.py log_once [line:227] INFO mean_local_test_loss          1.0145
2026-04-11 02:13:11,187 __init__.py log_once [line:227] INFO std_local_test_loss           0.2127
2026-04-11 02:13:11,187 __init__.py log_once [line:227] INFO min_local_test_loss           0.7310
2026-04-11 02:13:11,187 __init__.py log_once [line:227] INFO max_local_test_loss           1.3300
2026-04-11 02:13:11,187 fedbase.py run [line:316] INFO Eval Time Cost:               2.9795s
2026-04-11 02:13:22,544 fedbase.py run [line:311] INFO --------------Round 19--------------
2026-04-11 02:13:25,535 __init__.py log_once [line:227] INFO local_val_accuracy            0.8226
2026-04-11 02:13:25,535 __init__.py log_once [line:227] INFO mean_local_val_accuracy       0.8428
2026-04-11 02:13:25,535 __init__.py log_once [line:227] INFO std_local_val_accuracy        0.0349
2026-04-11 02:13:25,535 __init__.py log_once [line:227] INFO min_local_val_accuracy        0.7857
2026-04-11 02:13:25,535 __init__.py log_once [line:227] INFO max_local_val_accuracy        0.8750
2026-04-11 02:13:25,536 __init__.py log_once [line:227] INFO local_val_loss                0.6526
2026-04-11 02:13:25,536 __init__.py log_once [line:227] INFO mean_local_val_loss           0.5607
2026-04-11 02:13:25,536 __init__.py log_once [line:227] INFO std_local_val_loss            0.1645
2026-04-11 02:13:25,536 __init__.py log_once [line:227] INFO min_local_val_loss            0.4144
2026-04-11 02:13:25,536 __init__.py log_once [line:227] INFO max_local_val_loss            0.8348
2026-04-11 02:13:25,536 __init__.py log_once [line:227] INFO local_test_accuracy           0.7808
2026-04-11 02:13:25,536 __init__.py log_once [line:227] INFO mean_local_test_accuracy      0.7633
2026-04-11 02:13:25,536 __init__.py log_once [line:227] INFO std_local_test_accuracy       0.0643
2026-04-11 02:13:25,536 __init__.py log_once [line:227] INFO min_local_test_accuracy       0.6552
2026-04-11 02:13:25,536 __init__.py log_once [line:227] INFO max_local_test_accuracy       0.8211
2026-04-11 02:13:25,536 __init__.py log_once [line:227] INFO local_test_loss               0.7848
2026-04-11 02:13:25,536 __init__.py log_once [line:227] INFO mean_local_test_loss          0.7868
2026-04-11 02:13:25,536 __init__.py log_once [line:227] INFO std_local_test_loss           0.3283
2026-04-11 02:13:25,536 __init__.py log_once [line:227] INFO min_local_test_loss           0.4263
2026-04-11 02:13:25,536 __init__.py log_once [line:227] INFO max_local_test_loss           1.2615
2026-04-11 02:13:25,536 fedbase.py run [line:316] INFO Eval Time Cost:               2.9923s
2026-04-11 02:13:36,583 fedbase.py run [line:311] INFO --------------Round 20--------------
2026-04-11 02:13:39,441 __init__.py log_once [line:227] INFO local_val_accuracy            0.5942
2026-04-11 02:13:39,441 __init__.py log_once [line:227] INFO mean_local_val_accuracy       0.6783
2026-04-11 02:13:39,441 __init__.py log_once [line:227] INFO std_local_val_accuracy        0.2547
2026-04-11 02:13:39,441 __init__.py log_once [line:227] INFO min_local_val_accuracy        0.2396
2026-04-11 02:13:39,441 __init__.py log_once [line:227] INFO max_local_val_accuracy        0.8667
2026-04-11 02:13:39,441 __init__.py log_once [line:227] INFO local_val_loss                1.5333
2026-04-11 02:13:39,441 __init__.py log_once [line:227] INFO mean_local_val_loss           1.0969
2026-04-11 02:13:39,442 __init__.py log_once [line:227] INFO std_local_val_loss            1.0596
2026-04-11 02:13:39,442 __init__.py log_once [line:227] INFO min_local_val_loss            0.3107
2026-04-11 02:13:39,442 __init__.py log_once [line:227] INFO max_local_val_loss            2.8903
2026-04-11 02:13:39,442 __init__.py log_once [line:227] INFO local_test_accuracy           0.6221
2026-04-11 02:13:39,442 __init__.py log_once [line:227] INFO mean_local_test_accuracy      0.7224
2026-04-11 02:13:39,442 __init__.py log_once [line:227] INFO std_local_test_accuracy       0.2361
2026-04-11 02:13:39,442 __init__.py log_once [line:227] INFO min_local_test_accuracy       0.3263
2026-04-11 02:13:39,442 __init__.py log_once [line:227] INFO max_local_test_accuracy       0.9333
2026-04-11 02:13:39,442 __init__.py log_once [line:227] INFO local_test_loss               1.5057
2026-04-11 02:13:39,442 __init__.py log_once [line:227] INFO mean_local_test_loss          1.1439
2026-04-11 02:13:39,442 __init__.py log_once [line:227] INFO std_local_test_loss           0.9212
2026-04-11 02:13:39,442 __init__.py log_once [line:227] INFO min_local_test_loss           0.4822
2026-04-11 02:13:39,442 __init__.py log_once [line:227] INFO max_local_test_loss           2.7146
2026-04-11 02:13:39,442 fedbase.py run [line:316] INFO Eval Time Cost:               2.8588s
2026-04-11 02:13:50,788 fedbase.py run [line:311] INFO --------------Round 21--------------
2026-04-11 02:13:53,774 __init__.py log_once [line:227] INFO local_val_accuracy            0.7908
2026-04-11 02:13:53,774 __init__.py log_once [line:227] INFO mean_local_val_accuracy       0.8583
2026-04-11 02:13:53,774 __init__.py log_once [line:227] INFO std_local_val_accuracy        0.1145
2026-04-11 02:13:53,774 __init__.py log_once [line:227] INFO min_local_val_accuracy        0.7188
2026-04-11 02:13:53,774 __init__.py log_once [line:227] INFO max_local_val_accuracy        1.0000
2026-04-11 02:13:53,774 __init__.py log_once [line:227] INFO local_val_loss                0.7820
2026-04-11 02:13:53,774 __init__.py log_once [line:227] INFO mean_local_val_loss           0.5536
2026-04-11 02:13:53,774 __init__.py log_once [line:227] INFO std_local_val_loss            0.3851
2026-04-11 02:13:53,774 __init__.py log_once [line:227] INFO min_local_val_loss            0.0809
2026-04-11 02:13:53,774 __init__.py log_once [line:227] INFO max_local_val_loss            1.0189
2026-04-11 02:13:53,774 __init__.py log_once [line:227] INFO local_test_accuracy           0.7694
2026-04-11 02:13:53,774 __init__.py log_once [line:227] INFO mean_local_test_accuracy      0.8150
2026-04-11 02:13:53,774 __init__.py log_once [line:227] INFO std_local_test_accuracy       0.0756
2026-04-11 02:13:53,775 __init__.py log_once [line:227] INFO min_local_test_accuracy       0.7411
2026-04-11 02:13:53,775 __init__.py log_once [line:227] INFO max_local_test_accuracy       0.9333
2026-04-11 02:13:53,775 __init__.py log_once [line:227] INFO local_test_loss               0.9157
2026-04-11 02:13:53,775 __init__.py log_once [line:227] INFO mean_local_test_loss          0.7340
2026-04-11 02:13:53,775 __init__.py log_once [line:227] INFO std_local_test_loss           0.3144
2026-04-11 02:13:53,775 __init__.py log_once [line:227] INFO min_local_test_loss           0.2896
2026-04-11 02:13:53,775 __init__.py log_once [line:227] INFO max_local_test_loss           1.1308
2026-04-11 02:13:53,775 fedbase.py run [line:316] INFO Eval Time Cost:               2.9868s
2026-04-11 02:14:05,030 fedbase.py run [line:311] INFO --------------Round 22--------------
2026-04-11 02:14:08,057 __init__.py log_once [line:227] INFO local_val_accuracy            0.7089
2026-04-11 02:14:08,057 __init__.py log_once [line:227] INFO mean_local_val_accuracy       0.6946
2026-04-11 02:14:08,057 __init__.py log_once [line:227] INFO std_local_val_accuracy        0.0438
2026-04-11 02:14:08,058 __init__.py log_once [line:227] INFO min_local_val_accuracy        0.6562
2026-04-11 02:14:08,058 __init__.py log_once [line:227] INFO max_local_val_accuracy        0.7679
2026-04-11 02:14:08,058 __init__.py log_once [line:227] INFO local_val_loss                1.1894
2026-04-11 02:14:08,058 __init__.py log_once [line:227] INFO mean_local_val_loss           1.2099
2026-04-11 02:14:08,058 __init__.py log_once [line:227] INFO std_local_val_loss            0.2958
2026-04-11 02:14:08,058 __init__.py log_once [line:227] INFO min_local_val_loss            0.9151
2026-04-11 02:14:08,058 __init__.py log_once [line:227] INFO max_local_val_loss            1.5492
2026-04-11 02:14:08,058 __init__.py log_once [line:227] INFO local_test_accuracy           0.7053
2026-04-11 02:14:08,058 __init__.py log_once [line:227] INFO mean_local_test_accuracy      0.7105
2026-04-11 02:14:08,058 __init__.py log_once [line:227] INFO std_local_test_accuracy       0.1146
2026-04-11 02:14:08,058 __init__.py log_once [line:227] INFO min_local_test_accuracy       0.5517
2026-04-11 02:14:08,058 __init__.py log_once [line:227] INFO max_local_test_accuracy       0.8667
2026-04-11 02:14:08,058 __init__.py log_once [line:227] INFO local_test_loss               1.2078
2026-04-11 02:14:08,058 __init__.py log_once [line:227] INFO mean_local_test_loss          1.1416
2026-04-11 02:14:08,058 __init__.py log_once [line:227] INFO std_local_test_loss           0.2421
2026-04-11 02:14:08,058 __init__.py log_once [line:227] INFO min_local_test_loss           0.9054
2026-04-11 02:14:08,058 __init__.py log_once [line:227] INFO max_local_test_loss           1.5358
2026-04-11 02:14:08,058 fedbase.py run [line:316] INFO Eval Time Cost:               3.0276s
2026-04-11 02:14:19,379 fedbase.py run [line:311] INFO --------------Round 23--------------
2026-04-11 02:14:22,366 __init__.py log_once [line:227] INFO local_val_accuracy            0.7175
2026-04-11 02:14:22,367 __init__.py log_once [line:227] INFO mean_local_val_accuracy       0.5958
2026-04-11 02:14:22,367 __init__.py log_once [line:227] INFO std_local_val_accuracy        0.1955
2026-04-11 02:14:22,367 __init__.py log_once [line:227] INFO min_local_val_accuracy        0.3667
2026-04-11 02:14:22,367 __init__.py log_once [line:227] INFO max_local_val_accuracy        0.8021
2026-04-11 02:14:22,367 __init__.py log_once [line:227] INFO local_val_loss                1.2253
2026-04-11 02:14:22,367 __init__.py log_once [line:227] INFO mean_local_val_loss           1.8184
2026-04-11 02:14:22,367 __init__.py log_once [line:227] INFO std_local_val_loss            1.5049
2026-04-11 02:14:22,367 __init__.py log_once [line:227] INFO min_local_val_loss            0.6745
2026-04-11 02:14:22,367 __init__.py log_once [line:227] INFO max_local_val_loss            4.3872
2026-04-11 02:14:22,367 __init__.py log_once [line:227] INFO local_test_accuracy           0.7088
2026-04-11 02:14:22,367 __init__.py log_once [line:227] INFO mean_local_test_accuracy      0.6555
2026-04-11 02:14:22,367 __init__.py log_once [line:227] INFO std_local_test_accuracy       0.1600
2026-04-11 02:14:22,367 __init__.py log_once [line:227] INFO min_local_test_accuracy       0.3793
2026-04-11 02:14:22,367 __init__.py log_once [line:227] INFO max_local_test_accuracy       0.7684
2026-04-11 02:14:22,367 __init__.py log_once [line:227] INFO local_test_loss               1.1331
2026-04-11 02:14:22,367 __init__.py log_once [line:227] INFO mean_local_test_loss          1.4500
2026-04-11 02:14:22,367 __init__.py log_once [line:227] INFO std_local_test_loss           1.1913
2026-04-11 02:14:22,367 __init__.py log_once [line:227] INFO min_local_test_loss           0.6277
2026-04-11 02:14:22,367 __init__.py log_once [line:227] INFO max_local_test_loss           3.5078
2026-04-11 02:14:22,368 fedbase.py run [line:316] INFO Eval Time Cost:               2.9881s
2026-04-11 02:14:33,186 fedbase.py run [line:311] INFO --------------Round 24--------------
2026-04-11 02:14:36,123 __init__.py log_once [line:227] INFO local_val_accuracy            0.8263
2026-04-11 02:14:36,124 __init__.py log_once [line:227] INFO mean_local_val_accuracy       0.8760
2026-04-11 02:14:36,124 __init__.py log_once [line:227] INFO std_local_val_accuracy        0.0785
2026-04-11 02:14:36,124 __init__.py log_once [line:227] INFO min_local_val_accuracy        0.7768
2026-04-11 02:14:36,124 __init__.py log_once [line:227] INFO max_local_val_accuracy        0.9667
2026-04-11 02:14:36,124 __init__.py log_once [line:227] INFO local_val_loss                0.6008
2026-04-11 02:14:36,124 __init__.py log_once [line:227] INFO mean_local_val_loss           0.4336
2026-04-11 02:14:36,124 __init__.py log_once [line:227] INFO std_local_val_loss            0.2834
2026-04-11 02:14:36,124 __init__.py log_once [line:227] INFO min_local_val_loss            0.1438
2026-04-11 02:14:36,124 __init__.py log_once [line:227] INFO max_local_val_loss            0.8767
2026-04-11 02:14:36,124 __init__.py log_once [line:227] INFO local_test_accuracy           0.8012
2026-04-11 02:14:36,124 __init__.py log_once [line:227] INFO mean_local_test_accuracy      0.8336
2026-04-11 02:14:36,124 __init__.py log_once [line:227] INFO std_local_test_accuracy       0.0552
2026-04-11 02:14:36,124 __init__.py log_once [line:227] INFO min_local_test_accuracy       0.7500
2026-04-11 02:14:36,124 __init__.py log_once [line:227] INFO max_local_test_accuracy       0.8966
2026-04-11 02:14:36,124 __init__.py log_once [line:227] INFO local_test_loss               0.7463
2026-04-11 02:14:36,124 __init__.py log_once [line:227] INFO mean_local_test_loss          0.7010
2026-04-11 02:14:36,124 __init__.py log_once [line:227] INFO std_local_test_loss           0.1696
2026-04-11 02:14:36,124 __init__.py log_once [line:227] INFO min_local_test_loss           0.4951
2026-04-11 02:14:36,124 __init__.py log_once [line:227] INFO max_local_test_loss           0.9370
2026-04-11 02:14:36,125 fedbase.py run [line:316] INFO Eval Time Cost:               2.9388s
2026-04-11 02:14:47,462 fedbase.py run [line:311] INFO --------------Round 25--------------
2026-04-11 02:14:50,587 __init__.py log_once [line:227] INFO local_val_accuracy            0.8028
2026-04-11 02:14:50,587 __init__.py log_once [line:227] INFO mean_local_val_accuracy       0.8293
2026-04-11 02:14:50,587 __init__.py log_once [line:227] INFO std_local_val_accuracy        0.0639
2026-04-11 02:14:50,587 __init__.py log_once [line:227] INFO min_local_val_accuracy        0.7589
2026-04-11 02:14:50,587 __init__.py log_once [line:227] INFO max_local_val_accuracy        0.9333
2026-04-11 02:14:50,587 __init__.py log_once [line:227] INFO local_val_loss                0.6258
2026-04-11 02:14:50,588 __init__.py log_once [line:227] INFO mean_local_val_loss           0.5605
2026-04-11 02:14:50,588 __init__.py log_once [line:227] INFO std_local_val_loss            0.2511
2026-04-11 02:14:50,588 __init__.py log_once [line:227] INFO min_local_val_loss            0.1958
2026-04-11 02:14:50,588 __init__.py log_once [line:227] INFO max_local_val_loss            0.8556
2026-04-11 02:14:50,588 __init__.py log_once [line:227] INFO local_test_accuracy           0.7933
2026-04-11 02:14:50,588 __init__.py log_once [line:227] INFO mean_local_test_accuracy      0.8351
2026-04-11 02:14:50,588 __init__.py log_once [line:227] INFO std_local_test_accuracy       0.0732
2026-04-11 02:14:50,588 __init__.py log_once [line:227] INFO min_local_test_accuracy       0.7321
2026-04-11 02:14:50,588 __init__.py log_once [line:227] INFO max_local_test_accuracy       0.9310
2026-04-11 02:14:50,588 __init__.py log_once [line:227] INFO local_test_loss               0.6997
2026-04-11 02:14:50,588 __init__.py log_once [line:227] INFO mean_local_test_loss          0.6311
2026-04-11 02:14:50,588 __init__.py log_once [line:227] INFO std_local_test_loss           0.1904
2026-04-11 02:14:50,588 __init__.py log_once [line:227] INFO min_local_test_loss           0.4386
2026-04-11 02:14:50,588 __init__.py log_once [line:227] INFO max_local_test_loss           0.9373
2026-04-11 02:14:50,588 fedbase.py run [line:316] INFO Eval Time Cost:               3.1260s
2026-04-11 02:15:01,187 fedbase.py run [line:311] INFO --------------Round 26--------------
2026-04-11 02:15:04,268 __init__.py log_once [line:227] INFO local_val_accuracy            0.8106
2026-04-11 02:15:04,268 __init__.py log_once [line:227] INFO mean_local_val_accuracy       0.8602
2026-04-11 02:15:04,268 __init__.py log_once [line:227] INFO std_local_val_accuracy        0.0762
2026-04-11 02:15:04,268 __init__.py log_once [line:227] INFO min_local_val_accuracy        0.7679
2026-04-11 02:15:04,268 __init__.py log_once [line:227] INFO max_local_val_accuracy        0.9375
2026-04-11 02:15:04,268 __init__.py log_once [line:227] INFO local_val_loss                0.6149
2026-04-11 02:15:04,268 __init__.py log_once [line:227] INFO mean_local_val_loss           0.4511
2026-04-11 02:15:04,268 __init__.py log_once [line:227] INFO std_local_val_loss            0.2610
2026-04-11 02:15:04,268 __init__.py log_once [line:227] INFO min_local_val_loss            0.2092
2026-04-11 02:15:04,268 __init__.py log_once [line:227] INFO max_local_val_loss            0.8354
2026-04-11 02:15:04,268 __init__.py log_once [line:227] INFO local_test_accuracy           0.7894
2026-04-11 02:15:04,268 __init__.py log_once [line:227] INFO mean_local_test_accuracy      0.8461
2026-04-11 02:15:04,268 __init__.py log_once [line:227] INFO std_local_test_accuracy       0.0871
2026-04-11 02:15:04,268 __init__.py log_once [line:227] INFO min_local_test_accuracy       0.7411
2026-04-11 02:15:04,268 __init__.py log_once [line:227] INFO max_local_test_accuracy       0.9333
2026-04-11 02:15:04,268 __init__.py log_once [line:227] INFO local_test_loss               0.7073
2026-04-11 02:15:04,268 __init__.py log_once [line:227] INFO mean_local_test_loss          0.5498
2026-04-11 02:15:04,269 __init__.py log_once [line:227] INFO std_local_test_loss           0.2653
2026-04-11 02:15:04,269 __init__.py log_once [line:227] INFO min_local_test_loss           0.1979
2026-04-11 02:15:04,269 __init__.py log_once [line:227] INFO max_local_test_loss           0.9358
2026-04-11 02:15:04,269 fedbase.py run [line:316] INFO Eval Time Cost:               3.0810s
2026-04-11 02:15:15,224 fedbase.py run [line:311] INFO --------------Round 27--------------
2026-04-11 02:15:18,354 __init__.py log_once [line:227] INFO local_val_accuracy            0.8343
2026-04-11 02:15:18,355 __init__.py log_once [line:227] INFO mean_local_val_accuracy       0.8617
2026-04-11 02:15:18,355 __init__.py log_once [line:227] INFO std_local_val_accuracy        0.0503
2026-04-11 02:15:18,355 __init__.py log_once [line:227] INFO min_local_val_accuracy        0.7946
2026-04-11 02:15:18,355 __init__.py log_once [line:227] INFO max_local_val_accuracy        0.9333
2026-04-11 02:15:18,355 __init__.py log_once [line:227] INFO local_val_loss                0.5675
2026-04-11 02:15:18,355 __init__.py log_once [line:227] INFO mean_local_val_loss           0.4396
2026-04-11 02:15:18,355 __init__.py log_once [line:227] INFO std_local_val_loss            0.2318
2026-04-11 02:15:18,355 __init__.py log_once [line:227] INFO min_local_val_loss            0.2046
2026-04-11 02:15:18,355 __init__.py log_once [line:227] INFO max_local_val_loss            0.8166
2026-04-11 02:15:18,355 __init__.py log_once [line:227] INFO local_test_accuracy           0.8133
2026-04-11 02:15:18,355 __init__.py log_once [line:227] INFO mean_local_test_accuracy      0.8619
2026-04-11 02:15:18,355 __init__.py log_once [line:227] INFO std_local_test_accuracy       0.0789
2026-04-11 02:15:18,355 __init__.py log_once [line:227] INFO min_local_test_accuracy       0.7411
2026-04-11 02:15:18,355 __init__.py log_once [line:227] INFO max_local_test_accuracy       0.9333
2026-04-11 02:15:18,355 __init__.py log_once [line:227] INFO local_test_loss               0.6824
2026-04-11 02:15:18,355 __init__.py log_once [line:227] INFO mean_local_test_loss          0.5358
2026-04-11 02:15:18,355 __init__.py log_once [line:227] INFO std_local_test_loss           0.2584
2026-04-11 02:15:18,355 __init__.py log_once [line:227] INFO min_local_test_loss           0.2599
2026-04-11 02:15:18,355 __init__.py log_once [line:227] INFO max_local_test_loss           0.9548
2026-04-11 02:15:18,355 fedbase.py run [line:316] INFO Eval Time Cost:               3.1310s
