2026-04-11 02:08:45,899 fflow.py init [line:848] INFO PROCESS ID:	34381
2026-04-11 02:08:45,899 fflow.py init [line:849] INFO Initializing devices: cuda:0 will be used for this running.
2026-04-11 02:08:45,899 fflow.py init [line:852] INFO BENCHMARK:	benchmark.office_caltech10_classification
2026-04-11 02:08:45,899 fflow.py init [line:853] INFO TASK:			task/office_caltech10_c4
2026-04-11 02:08:45,899 fflow.py init [line:854] INFO MODEL:		algorithm.feddsa
2026-04-11 02:08:45,899 fflow.py init [line:855] INFO ALGORITHM:	feddsa
2026-04-11 02:08:45,901 fflow.py init [line:901] INFO SCENE:		horizontal FL with 1 <class 'algorithm.feddsa.Server'>, 4 <class 'algorithm.feddsa.Client'>
2026-04-11 02:08:46,221 fflow.py init [line:918] INFO SIMULATOR:	<class 'flgo.simulator.default_simulator.Simulator'>
2026-04-11 02:08:46,398 fflow.py init [line:931] INFO Ready to start.
2026-04-11 02:08:46,398 fedbase.py run [line:300] INFO --------------Initial Evaluation--------------
2026-04-11 02:08:49,825 __init__.py log_once [line:227] INFO local_val_accuracy            0.1100
2026-04-11 02:08:49,826 __init__.py log_once [line:227] INFO mean_local_val_accuracy       0.1269
2026-04-11 02:08:49,826 __init__.py log_once [line:227] INFO std_local_val_accuracy        0.0836
2026-04-11 02:08:49,826 __init__.py log_once [line:227] INFO min_local_val_accuracy        0.0625
2026-04-11 02:08:49,826 __init__.py log_once [line:227] INFO max_local_val_accuracy        0.2667
2026-04-11 02:08:49,826 __init__.py log_once [line:227] INFO local_val_loss                2.3054
2026-04-11 02:08:49,826 __init__.py log_once [line:227] INFO mean_local_val_loss           2.3028
2026-04-11 02:08:49,826 __init__.py log_once [line:227] INFO std_local_val_loss            0.0110
2026-04-11 02:08:49,826 __init__.py log_once [line:227] INFO min_local_val_loss            2.2846
2026-04-11 02:08:49,826 __init__.py log_once [line:227] INFO max_local_val_loss            2.3128
2026-04-11 02:08:49,827 __init__.py log_once [line:227] INFO local_test_accuracy           0.1316
2026-04-11 02:08:49,827 __init__.py log_once [line:227] INFO mean_local_test_accuracy      0.1349
2026-04-11 02:08:49,827 __init__.py log_once [line:227] INFO std_local_test_accuracy       0.0463
2026-04-11 02:08:49,827 __init__.py log_once [line:227] INFO min_local_test_accuracy       0.0690
2026-04-11 02:08:49,827 __init__.py log_once [line:227] INFO max_local_test_accuracy       0.2000
2026-04-11 02:08:49,827 __init__.py log_once [line:227] INFO local_test_loss               2.3007
2026-04-11 02:08:49,827 __init__.py log_once [line:227] INFO mean_local_test_loss          2.3027
2026-04-11 02:08:49,827 __init__.py log_once [line:227] INFO std_local_test_loss           0.0050
2026-04-11 02:08:49,827 __init__.py log_once [line:227] INFO min_local_test_loss           2.2965
2026-04-11 02:08:49,827 __init__.py log_once [line:227] INFO max_local_test_loss           2.3105
2026-04-11 02:08:49,827 fedbase.py run [line:303] INFO Eval Time Cost:               3.4288s
2026-04-11 02:09:02,115 fedbase.py run [line:311] INFO --------------Round 1--------------
2026-04-11 02:09:05,387 __init__.py log_once [line:227] INFO local_val_accuracy            0.1296
2026-04-11 02:09:05,387 __init__.py log_once [line:227] INFO mean_local_val_accuracy       0.1422
2026-04-11 02:09:05,387 __init__.py log_once [line:227] INFO std_local_val_accuracy        0.0858
2026-04-11 02:09:05,387 __init__.py log_once [line:227] INFO min_local_val_accuracy        0.0625
2026-04-11 02:09:05,388 __init__.py log_once [line:227] INFO max_local_val_accuracy        0.2667
2026-04-11 02:09:05,388 __init__.py log_once [line:227] INFO local_val_loss                2.3241
2026-04-11 02:09:05,388 __init__.py log_once [line:227] INFO mean_local_val_loss           2.3137
2026-04-11 02:09:05,388 __init__.py log_once [line:227] INFO std_local_val_loss            0.0238
2026-04-11 02:09:05,388 __init__.py log_once [line:227] INFO min_local_val_loss            2.2800
2026-04-11 02:09:05,388 __init__.py log_once [line:227] INFO max_local_val_loss            2.3466
2026-04-11 02:09:05,388 __init__.py log_once [line:227] INFO local_test_accuracy           0.1437
2026-04-11 02:09:05,388 __init__.py log_once [line:227] INFO mean_local_test_accuracy      0.1456
2026-04-11 02:09:05,388 __init__.py log_once [line:227] INFO std_local_test_accuracy       0.0769
2026-04-11 02:09:05,388 __init__.py log_once [line:227] INFO min_local_test_accuracy       0.0690
2026-04-11 02:09:05,388 __init__.py log_once [line:227] INFO max_local_test_accuracy       0.2421
2026-04-11 02:09:05,388 __init__.py log_once [line:227] INFO local_test_loss               2.3348
2026-04-11 02:09:05,388 __init__.py log_once [line:227] INFO mean_local_test_loss          2.3236
2026-04-11 02:09:05,388 __init__.py log_once [line:227] INFO std_local_test_loss           0.0174
2026-04-11 02:09:05,388 __init__.py log_once [line:227] INFO min_local_test_loss           2.2996
2026-04-11 02:09:05,388 __init__.py log_once [line:227] INFO max_local_test_loss           2.3415
2026-04-11 02:09:05,388 fedbase.py run [line:316] INFO Eval Time Cost:               3.2733s
2026-04-11 02:09:16,989 fedbase.py run [line:311] INFO --------------Round 2--------------
2026-04-11 02:09:20,048 __init__.py log_once [line:227] INFO local_val_accuracy            0.2802
2026-04-11 02:09:20,048 __init__.py log_once [line:227] INFO mean_local_val_accuracy       0.1995
2026-04-11 02:09:20,048 __init__.py log_once [line:227] INFO std_local_val_accuracy        0.1257
2026-04-11 02:09:20,049 __init__.py log_once [line:227] INFO min_local_val_accuracy        0.0625
2026-04-11 02:09:20,049 __init__.py log_once [line:227] INFO max_local_val_accuracy        0.3750
2026-04-11 02:09:20,049 __init__.py log_once [line:227] INFO local_val_loss                2.0440
2026-04-11 02:09:20,049 __init__.py log_once [line:227] INFO mean_local_val_loss           2.1446
2026-04-11 02:09:20,049 __init__.py log_once [line:227] INFO std_local_val_loss            0.1651
2026-04-11 02:09:20,049 __init__.py log_once [line:227] INFO min_local_val_loss            1.9318
2026-04-11 02:09:20,049 __init__.py log_once [line:227] INFO max_local_val_loss            2.3167
2026-04-11 02:09:20,049 __init__.py log_once [line:227] INFO local_test_accuracy           0.2425
2026-04-11 02:09:20,049 __init__.py log_once [line:227] INFO mean_local_test_accuracy      0.1878
2026-04-11 02:09:20,049 __init__.py log_once [line:227] INFO std_local_test_accuracy       0.0899
2026-04-11 02:09:20,049 __init__.py log_once [line:227] INFO min_local_test_accuracy       0.0690
2026-04-11 02:09:20,049 __init__.py log_once [line:227] INFO max_local_test_accuracy       0.2857
2026-04-11 02:09:20,049 __init__.py log_once [line:227] INFO local_test_loss               2.0919
2026-04-11 02:09:20,049 __init__.py log_once [line:227] INFO mean_local_test_loss          2.1758
2026-04-11 02:09:20,049 __init__.py log_once [line:227] INFO std_local_test_loss           0.1440
2026-04-11 02:09:20,049 __init__.py log_once [line:227] INFO min_local_test_loss           1.9844
2026-04-11 02:09:20,049 __init__.py log_once [line:227] INFO max_local_test_loss           2.3372
2026-04-11 02:09:20,049 fedbase.py run [line:316] INFO Eval Time Cost:               3.0604s
2026-04-11 02:09:31,343 fedbase.py run [line:311] INFO --------------Round 3--------------
2026-04-11 02:09:34,391 __init__.py log_once [line:227] INFO local_val_accuracy            0.3390
2026-04-11 02:09:34,391 __init__.py log_once [line:227] INFO mean_local_val_accuracy       0.2414
2026-04-11 02:09:34,391 __init__.py log_once [line:227] INFO std_local_val_accuracy        0.2493
2026-04-11 02:09:34,391 __init__.py log_once [line:227] INFO min_local_val_accuracy        0.0625
2026-04-11 02:09:34,391 __init__.py log_once [line:227] INFO max_local_val_accuracy        0.6667
2026-04-11 02:09:34,391 __init__.py log_once [line:227] INFO local_val_loss                2.0366
2026-04-11 02:09:34,391 __init__.py log_once [line:227] INFO mean_local_val_loss           2.1509
2026-04-11 02:09:34,391 __init__.py log_once [line:227] INFO std_local_val_loss            0.5650
2026-04-11 02:09:34,391 __init__.py log_once [line:227] INFO min_local_val_loss            1.1846
2026-04-11 02:09:34,392 __init__.py log_once [line:227] INFO max_local_val_loss            2.6097
2026-04-11 02:09:34,392 __init__.py log_once [line:227] INFO local_test_accuracy           0.2905
2026-04-11 02:09:34,392 __init__.py log_once [line:227] INFO mean_local_test_accuracy      0.2182
2026-04-11 02:09:34,392 __init__.py log_once [line:227] INFO std_local_test_accuracy       0.1854
2026-04-11 02:09:34,392 __init__.py log_once [line:227] INFO min_local_test_accuracy       0.0345
2026-04-11 02:09:34,392 __init__.py log_once [line:227] INFO max_local_test_accuracy       0.5263
2026-04-11 02:09:34,392 __init__.py log_once [line:227] INFO local_test_loss               2.1886
2026-04-11 02:09:34,392 __init__.py log_once [line:227] INFO mean_local_test_loss          2.2339
2026-04-11 02:09:34,392 __init__.py log_once [line:227] INFO std_local_test_loss           0.4316
2026-04-11 02:09:34,392 __init__.py log_once [line:227] INFO min_local_test_loss           1.5259
2026-04-11 02:09:34,392 __init__.py log_once [line:227] INFO max_local_test_loss           2.6696
2026-04-11 02:09:34,392 fedbase.py run [line:316] INFO Eval Time Cost:               3.0488s
2026-04-11 02:09:46,019 fedbase.py run [line:311] INFO --------------Round 4--------------
2026-04-11 02:09:49,023 __init__.py log_once [line:227] INFO local_val_accuracy            0.2447
2026-04-11 02:09:49,023 __init__.py log_once [line:227] INFO mean_local_val_accuracy       0.1933
2026-04-11 02:09:49,023 __init__.py log_once [line:227] INFO std_local_val_accuracy        0.1260
2026-04-11 02:09:49,023 __init__.py log_once [line:227] INFO min_local_val_accuracy        0.1042
2026-04-11 02:09:49,023 __init__.py log_once [line:227] INFO max_local_val_accuracy        0.4107
2026-04-11 02:09:49,023 __init__.py log_once [line:227] INFO local_val_loss                2.8019
2026-04-11 02:09:49,023 __init__.py log_once [line:227] INFO mean_local_val_loss           2.7209
2026-04-11 02:09:49,023 __init__.py log_once [line:227] INFO std_local_val_loss            0.8647
2026-04-11 02:09:49,023 __init__.py log_once [line:227] INFO min_local_val_loss            1.7922
2026-04-11 02:09:49,024 __init__.py log_once [line:227] INFO max_local_val_loss            4.1383
2026-04-11 02:09:49,024 __init__.py log_once [line:227] INFO local_test_accuracy           0.2657
2026-04-11 02:09:49,024 __init__.py log_once [line:227] INFO mean_local_test_accuracy      0.1699
2026-04-11 02:09:49,024 __init__.py log_once [line:227] INFO std_local_test_accuracy       0.1565
2026-04-11 02:09:49,024 __init__.py log_once [line:227] INFO min_local_test_accuracy       0.0000
2026-04-11 02:09:49,024 __init__.py log_once [line:227] INFO max_local_test_accuracy       0.4107
2026-04-11 02:09:49,024 __init__.py log_once [line:227] INFO local_test_loss               2.6666
2026-04-11 02:09:49,024 __init__.py log_once [line:227] INFO mean_local_test_loss          2.5806
2026-04-11 02:09:49,024 __init__.py log_once [line:227] INFO std_local_test_loss           0.7400
2026-04-11 02:09:49,024 __init__.py log_once [line:227] INFO min_local_test_loss           1.8176
2026-04-11 02:09:49,024 __init__.py log_once [line:227] INFO max_local_test_loss           3.8044
2026-04-11 02:09:49,024 fedbase.py run [line:316] INFO Eval Time Cost:               3.0046s
2026-04-11 02:10:00,329 fedbase.py run [line:311] INFO --------------Round 5--------------
2026-04-11 02:10:03,279 __init__.py log_once [line:227] INFO local_val_accuracy            0.3430
2026-04-11 02:10:03,279 __init__.py log_once [line:227] INFO mean_local_val_accuracy       0.2552
2026-04-11 02:10:03,279 __init__.py log_once [line:227] INFO std_local_val_accuracy        0.1569
2026-04-11 02:10:03,279 __init__.py log_once [line:227] INFO min_local_val_accuracy        0.0625
2026-04-11 02:10:03,279 __init__.py log_once [line:227] INFO max_local_val_accuracy        0.4792
2026-04-11 02:10:03,279 __init__.py log_once [line:227] INFO local_val_loss                2.0446
2026-04-11 02:10:03,279 __init__.py log_once [line:227] INFO mean_local_val_loss           2.3320
2026-04-11 02:10:03,279 __init__.py log_once [line:227] INFO std_local_val_loss            0.5526
2026-04-11 02:10:03,280 __init__.py log_once [line:227] INFO min_local_val_loss            1.5871
2026-04-11 02:10:03,280 __init__.py log_once [line:227] INFO max_local_val_loss            3.0720
2026-04-11 02:10:03,280 __init__.py log_once [line:227] INFO local_test_accuracy           0.3614
2026-04-11 02:10:03,280 __init__.py log_once [line:227] INFO mean_local_test_accuracy      0.2467
2026-04-11 02:10:03,280 __init__.py log_once [line:227] INFO std_local_test_accuracy       0.1875
2026-04-11 02:10:03,280 __init__.py log_once [line:227] INFO min_local_test_accuracy       0.0000
2026-04-11 02:10:03,280 __init__.py log_once [line:227] INFO max_local_test_accuracy       0.4737
2026-04-11 02:10:03,280 __init__.py log_once [line:227] INFO local_test_loss               2.0285
2026-04-11 02:10:03,280 __init__.py log_once [line:227] INFO mean_local_test_loss          2.3069
2026-04-11 02:10:03,280 __init__.py log_once [line:227] INFO std_local_test_loss           0.5878
2026-04-11 02:10:03,280 __init__.py log_once [line:227] INFO min_local_test_loss           1.6140
2026-04-11 02:10:03,280 __init__.py log_once [line:227] INFO max_local_test_loss           3.2100
2026-04-11 02:10:03,280 fedbase.py run [line:316] INFO Eval Time Cost:               2.9511s
2026-04-11 02:10:14,299 fedbase.py run [line:311] INFO --------------Round 6--------------
2026-04-11 02:10:17,453 __init__.py log_once [line:227] INFO local_val_accuracy            0.3700
2026-04-11 02:10:17,453 __init__.py log_once [line:227] INFO mean_local_val_accuracy       0.3246
2026-04-11 02:10:17,453 __init__.py log_once [line:227] INFO std_local_val_accuracy        0.1724
2026-04-11 02:10:17,453 __init__.py log_once [line:227] INFO min_local_val_accuracy        0.1250
2026-04-11 02:10:17,453 __init__.py log_once [line:227] INFO max_local_val_accuracy        0.5833
2026-04-11 02:10:17,453 __init__.py log_once [line:227] INFO local_val_loss                2.1304
2026-04-11 02:10:17,453 __init__.py log_once [line:227] INFO mean_local_val_loss           2.1476
2026-04-11 02:10:17,454 __init__.py log_once [line:227] INFO std_local_val_loss            0.7874
2026-04-11 02:10:17,454 __init__.py log_once [line:227] INFO min_local_val_loss            1.0343
2026-04-11 02:10:17,454 __init__.py log_once [line:227] INFO max_local_val_loss            3.0733
2026-04-11 02:10:17,454 __init__.py log_once [line:227] INFO local_test_accuracy           0.4141
2026-04-11 02:10:17,454 __init__.py log_once [line:227] INFO mean_local_test_accuracy      0.3736
2026-04-11 02:10:17,454 __init__.py log_once [line:227] INFO std_local_test_accuracy       0.1850
2026-04-11 02:10:17,454 __init__.py log_once [line:227] INFO min_local_test_accuracy       0.1333
2026-04-11 02:10:17,454 __init__.py log_once [line:227] INFO max_local_test_accuracy       0.6105
2026-04-11 02:10:17,454 __init__.py log_once [line:227] INFO local_test_loss               2.1495
2026-04-11 02:10:17,454 __init__.py log_once [line:227] INFO mean_local_test_loss          2.0739
2026-04-11 02:10:17,454 __init__.py log_once [line:227] INFO std_local_test_loss           0.7408
2026-04-11 02:10:17,454 __init__.py log_once [line:227] INFO min_local_test_loss           1.1798
2026-04-11 02:10:17,454 __init__.py log_once [line:227] INFO max_local_test_loss           3.0833
2026-04-11 02:10:17,454 fedbase.py run [line:316] INFO Eval Time Cost:               3.1550s
2026-04-11 02:10:29,455 fedbase.py run [line:311] INFO --------------Round 7--------------
2026-04-11 02:10:32,548 __init__.py log_once [line:227] INFO local_val_accuracy            0.4128
2026-04-11 02:10:32,548 __init__.py log_once [line:227] INFO mean_local_val_accuracy       0.4324
2026-04-11 02:10:32,548 __init__.py log_once [line:227] INFO std_local_val_accuracy        0.1717
2026-04-11 02:10:32,548 __init__.py log_once [line:227] INFO min_local_val_accuracy        0.2500
2026-04-11 02:10:32,548 __init__.py log_once [line:227] INFO max_local_val_accuracy        0.7000
2026-04-11 02:10:32,549 __init__.py log_once [line:227] INFO local_val_loss                2.2938
2026-04-11 02:10:32,549 __init__.py log_once [line:227] INFO mean_local_val_loss           2.1295
2026-04-11 02:10:32,549 __init__.py log_once [line:227] INFO std_local_val_loss            0.5488
2026-04-11 02:10:32,549 __init__.py log_once [line:227] INFO min_local_val_loss            1.1812
2026-04-11 02:10:32,549 __init__.py log_once [line:227] INFO max_local_val_loss            2.4848
2026-04-11 02:10:32,549 __init__.py log_once [line:227] INFO local_test_accuracy           0.3064
2026-04-11 02:10:32,549 __init__.py log_once [line:227] INFO mean_local_test_accuracy      0.2869
2026-04-11 02:10:32,549 __init__.py log_once [line:227] INFO std_local_test_accuracy       0.1973
2026-04-11 02:10:32,549 __init__.py log_once [line:227] INFO min_local_test_accuracy       0.0000
2026-04-11 02:10:32,549 __init__.py log_once [line:227] INFO max_local_test_accuracy       0.5517
2026-04-11 02:10:32,549 __init__.py log_once [line:227] INFO local_test_loss               2.4872
2026-04-11 02:10:32,549 __init__.py log_once [line:227] INFO mean_local_test_loss          2.2513
2026-04-11 02:10:32,549 __init__.py log_once [line:227] INFO std_local_test_loss           0.6284
2026-04-11 02:10:32,549 __init__.py log_once [line:227] INFO min_local_test_loss           1.1731
2026-04-11 02:10:32,549 __init__.py log_once [line:227] INFO max_local_test_loss           2.7155
2026-04-11 02:10:32,549 fedbase.py run [line:316] INFO Eval Time Cost:               3.0942s
2026-04-11 02:10:43,668 fedbase.py run [line:311] INFO --------------Round 8--------------
2026-04-11 02:10:46,764 __init__.py log_once [line:227] INFO local_val_accuracy            0.4410
2026-04-11 02:10:46,764 __init__.py log_once [line:227] INFO mean_local_val_accuracy       0.4145
2026-04-11 02:10:46,764 __init__.py log_once [line:227] INFO std_local_val_accuracy        0.0709
2026-04-11 02:10:46,764 __init__.py log_once [line:227] INFO min_local_val_accuracy        0.3125
2026-04-11 02:10:46,764 __init__.py log_once [line:227] INFO max_local_val_accuracy        0.5104
2026-04-11 02:10:46,764 __init__.py log_once [line:227] INFO local_val_loss                1.6787
2026-04-11 02:10:46,764 __init__.py log_once [line:227] INFO mean_local_val_loss           1.6983
2026-04-11 02:10:46,764 __init__.py log_once [line:227] INFO std_local_val_loss            0.3853
2026-04-11 02:10:46,764 __init__.py log_once [line:227] INFO min_local_val_loss            1.2266
2026-04-11 02:10:46,764 __init__.py log_once [line:227] INFO max_local_val_loss            2.1988
2026-04-11 02:10:46,765 __init__.py log_once [line:227] INFO local_test_accuracy           0.4535
2026-04-11 02:10:46,765 __init__.py log_once [line:227] INFO mean_local_test_accuracy      0.4142
2026-04-11 02:10:46,765 __init__.py log_once [line:227] INFO std_local_test_accuracy       0.2234
2026-04-11 02:10:46,765 __init__.py log_once [line:227] INFO min_local_test_accuracy       0.0667
2026-04-11 02:10:46,765 __init__.py log_once [line:227] INFO max_local_test_accuracy       0.6897
2026-04-11 02:10:46,765 __init__.py log_once [line:227] INFO local_test_loss               1.7074
2026-04-11 02:10:46,765 __init__.py log_once [line:227] INFO mean_local_test_loss          1.7143
2026-04-11 02:10:46,765 __init__.py log_once [line:227] INFO std_local_test_loss           0.5189
2026-04-11 02:10:46,765 __init__.py log_once [line:227] INFO min_local_test_loss           0.9373
2026-04-11 02:10:46,765 __init__.py log_once [line:227] INFO max_local_test_loss           2.3970
2026-04-11 02:10:46,765 fedbase.py run [line:316] INFO Eval Time Cost:               3.0967s
2026-04-11 02:10:58,487 fedbase.py run [line:311] INFO --------------Round 9--------------
2026-04-11 02:11:01,545 __init__.py log_once [line:227] INFO local_val_accuracy            0.6026
2026-04-11 02:11:01,545 __init__.py log_once [line:227] INFO mean_local_val_accuracy       0.5513
2026-04-11 02:11:01,545 __init__.py log_once [line:227] INFO std_local_val_accuracy        0.1613
2026-04-11 02:11:01,545 __init__.py log_once [line:227] INFO min_local_val_accuracy        0.4000
2026-04-11 02:11:01,545 __init__.py log_once [line:227] INFO max_local_val_accuracy        0.8229
2026-04-11 02:11:01,545 __init__.py log_once [line:227] INFO local_val_loss                1.3788
2026-04-11 02:11:01,545 __init__.py log_once [line:227] INFO mean_local_val_loss           1.4856
2026-04-11 02:11:01,545 __init__.py log_once [line:227] INFO std_local_val_loss            0.5139
2026-04-11 02:11:01,546 __init__.py log_once [line:227] INFO min_local_val_loss            0.6348
2026-04-11 02:11:01,546 __init__.py log_once [line:227] INFO max_local_val_loss            1.9327
2026-04-11 02:11:01,546 __init__.py log_once [line:227] INFO local_test_accuracy           0.5420
2026-04-11 02:11:01,546 __init__.py log_once [line:227] INFO mean_local_test_accuracy      0.5232
2026-04-11 02:11:01,546 __init__.py log_once [line:227] INFO std_local_test_accuracy       0.1474
2026-04-11 02:11:01,546 __init__.py log_once [line:227] INFO min_local_test_accuracy       0.3750
2026-04-11 02:11:01,546 __init__.py log_once [line:227] INFO max_local_test_accuracy       0.7684
2026-04-11 02:11:01,546 __init__.py log_once [line:227] INFO local_test_loss               1.5218
2026-04-11 02:11:01,546 __init__.py log_once [line:227] INFO mean_local_test_loss          1.5106
2026-04-11 02:11:01,546 __init__.py log_once [line:227] INFO std_local_test_loss           0.5252
2026-04-11 02:11:01,546 __init__.py log_once [line:227] INFO min_local_test_loss           0.7752
2026-04-11 02:11:01,546 __init__.py log_once [line:227] INFO max_local_test_loss           2.0926
2026-04-11 02:11:01,546 fedbase.py run [line:316] INFO Eval Time Cost:               3.0588s
2026-04-11 02:11:13,273 fedbase.py run [line:311] INFO --------------Round 10--------------
2026-04-11 02:11:16,429 __init__.py log_once [line:227] INFO local_val_accuracy            0.6378
2026-04-11 02:11:16,430 __init__.py log_once [line:227] INFO mean_local_val_accuracy       0.5926
2026-04-11 02:11:16,430 __init__.py log_once [line:227] INFO std_local_val_accuracy        0.1817
2026-04-11 02:11:16,430 __init__.py log_once [line:227] INFO min_local_val_accuracy        0.4643
2026-04-11 02:11:16,430 __init__.py log_once [line:227] INFO max_local_val_accuracy        0.9062
2026-04-11 02:11:16,430 __init__.py log_once [line:227] INFO local_val_loss                1.2498
2026-04-11 02:11:16,430 __init__.py log_once [line:227] INFO mean_local_val_loss           1.3489
2026-04-11 02:11:16,430 __init__.py log_once [line:227] INFO std_local_val_loss            0.5575
2026-04-11 02:11:16,430 __init__.py log_once [line:227] INFO min_local_val_loss            0.4286
2026-04-11 02:11:16,430 __init__.py log_once [line:227] INFO max_local_val_loss            1.7990
2026-04-11 02:11:16,430 __init__.py log_once [line:227] INFO local_test_accuracy           0.5738
2026-04-11 02:11:16,430 __init__.py log_once [line:227] INFO mean_local_test_accuracy      0.5495
2026-04-11 02:11:16,430 __init__.py log_once [line:227] INFO std_local_test_accuracy       0.1376
2026-04-11 02:11:16,430 __init__.py log_once [line:227] INFO min_local_test_accuracy       0.4375
2026-04-11 02:11:16,430 __init__.py log_once [line:227] INFO max_local_test_accuracy       0.7789
2026-04-11 02:11:16,430 __init__.py log_once [line:227] INFO local_test_loss               1.4361
2026-04-11 02:11:16,430 __init__.py log_once [line:227] INFO mean_local_test_loss          1.4991
2026-04-11 02:11:16,430 __init__.py log_once [line:227] INFO std_local_test_loss           0.5365
2026-04-11 02:11:16,430 __init__.py log_once [line:227] INFO min_local_test_loss           0.7395
2026-04-11 02:11:16,430 __init__.py log_once [line:227] INFO max_local_test_loss           2.1140
2026-04-11 02:11:16,430 fedbase.py run [line:316] INFO Eval Time Cost:               3.1571s
2026-04-11 02:11:27,434 fedbase.py run [line:311] INFO --------------Round 11--------------
2026-04-11 02:11:30,652 __init__.py log_once [line:227] INFO local_val_accuracy            0.4991
2026-04-11 02:11:30,652 __init__.py log_once [line:227] INFO mean_local_val_accuracy       0.5590
2026-04-11 02:11:30,652 __init__.py log_once [line:227] INFO std_local_val_accuracy        0.1740
2026-04-11 02:11:30,652 __init__.py log_once [line:227] INFO min_local_val_accuracy        0.3214
2026-04-11 02:11:30,652 __init__.py log_once [line:227] INFO max_local_val_accuracy        0.8000
2026-04-11 02:11:30,652 __init__.py log_once [line:227] INFO local_val_loss                1.9074
2026-04-11 02:11:30,652 __init__.py log_once [line:227] INFO mean_local_val_loss           1.4325
2026-04-11 02:11:30,652 __init__.py log_once [line:227] INFO std_local_val_loss            0.9191
2026-04-11 02:11:30,652 __init__.py log_once [line:227] INFO min_local_val_loss            0.5567
2026-04-11 02:11:30,652 __init__.py log_once [line:227] INFO max_local_val_loss            2.9686
2026-04-11 02:11:30,652 __init__.py log_once [line:227] INFO local_test_accuracy           0.4077
2026-04-11 02:11:30,652 __init__.py log_once [line:227] INFO mean_local_test_accuracy      0.5061
2026-04-11 02:11:30,652 __init__.py log_once [line:227] INFO std_local_test_accuracy       0.1909
2026-04-11 02:11:30,652 __init__.py log_once [line:227] INFO min_local_test_accuracy       0.1875
2026-04-11 02:11:30,653 __init__.py log_once [line:227] INFO max_local_test_accuracy       0.6897
2026-04-11 02:11:30,653 __init__.py log_once [line:227] INFO local_test_loss               2.2608
2026-04-11 02:11:30,653 __init__.py log_once [line:227] INFO mean_local_test_loss          1.7449
2026-04-11 02:11:30,653 __init__.py log_once [line:227] INFO std_local_test_loss           1.0004
2026-04-11 02:11:30,653 __init__.py log_once [line:227] INFO min_local_test_loss           0.8663
2026-04-11 02:11:30,653 __init__.py log_once [line:227] INFO max_local_test_loss           3.4350
2026-04-11 02:11:30,653 fedbase.py run [line:316] INFO Eval Time Cost:               3.2187s
2026-04-11 02:11:41,937 fedbase.py run [line:311] INFO --------------Round 12--------------
2026-04-11 02:11:44,963 __init__.py log_once [line:227] INFO local_val_accuracy            0.5509
2026-04-11 02:11:44,963 __init__.py log_once [line:227] INFO mean_local_val_accuracy       0.5993
2026-04-11 02:11:44,963 __init__.py log_once [line:227] INFO std_local_val_accuracy        0.1295
2026-04-11 02:11:44,963 __init__.py log_once [line:227] INFO min_local_val_accuracy        0.4911
2026-04-11 02:11:44,963 __init__.py log_once [line:227] INFO max_local_val_accuracy        0.8125
2026-04-11 02:11:44,963 __init__.py log_once [line:227] INFO local_val_loss                1.5730
2026-04-11 02:11:44,963 __init__.py log_once [line:227] INFO mean_local_val_loss           1.4449
2026-04-11 02:11:44,964 __init__.py log_once [line:227] INFO std_local_val_loss            0.6471
2026-04-11 02:11:44,964 __init__.py log_once [line:227] INFO min_local_val_loss            0.5299
2026-04-11 02:11:44,964 __init__.py log_once [line:227] INFO max_local_val_loss            2.1767
2026-04-11 02:11:44,964 __init__.py log_once [line:227] INFO local_test_accuracy           0.5262
2026-04-11 02:11:44,964 __init__.py log_once [line:227] INFO mean_local_test_accuracy      0.5320
2026-04-11 02:11:44,964 __init__.py log_once [line:227] INFO std_local_test_accuracy       0.1102
2026-04-11 02:11:44,964 __init__.py log_once [line:227] INFO min_local_test_accuracy       0.3793
2026-04-11 02:11:44,964 __init__.py log_once [line:227] INFO max_local_test_accuracy       0.6667
2026-04-11 02:11:44,964 __init__.py log_once [line:227] INFO local_test_loss               1.7663
2026-04-11 02:11:44,964 __init__.py log_once [line:227] INFO mean_local_test_loss          1.8402
2026-04-11 02:11:44,964 __init__.py log_once [line:227] INFO std_local_test_loss           1.0100
2026-04-11 02:11:44,964 __init__.py log_once [line:227] INFO min_local_test_loss           0.7467
2026-04-11 02:11:44,964 __init__.py log_once [line:227] INFO max_local_test_loss           3.4494
2026-04-11 02:11:44,964 fedbase.py run [line:316] INFO Eval Time Cost:               3.0268s
2026-04-11 02:11:56,308 fedbase.py run [line:311] INFO --------------Round 13--------------
2026-04-11 02:11:59,456 __init__.py log_once [line:227] INFO local_val_accuracy            0.5627
2026-04-11 02:11:59,456 __init__.py log_once [line:227] INFO mean_local_val_accuracy       0.5887
2026-04-11 02:11:59,456 __init__.py log_once [line:227] INFO std_local_val_accuracy        0.1035
2026-04-11 02:11:59,456 __init__.py log_once [line:227] INFO min_local_val_accuracy        0.4464
2026-04-11 02:11:59,456 __init__.py log_once [line:227] INFO max_local_val_accuracy        0.6875
2026-04-11 02:11:59,456 __init__.py log_once [line:227] INFO local_val_loss                1.5833
2026-04-11 02:11:59,456 __init__.py log_once [line:227] INFO mean_local_val_loss           1.4234
2026-04-11 02:11:59,456 __init__.py log_once [line:227] INFO std_local_val_loss            0.5469
2026-04-11 02:11:59,456 __init__.py log_once [line:227] INFO min_local_val_loss            0.7634
2026-04-11 02:11:59,456 __init__.py log_once [line:227] INFO max_local_val_loss            2.1161
2026-04-11 02:11:59,456 __init__.py log_once [line:227] INFO local_test_accuracy           0.5227
2026-04-11 02:11:59,456 __init__.py log_once [line:227] INFO mean_local_test_accuracy      0.5655
2026-04-11 02:11:59,456 __init__.py log_once [line:227] INFO std_local_test_accuracy       0.1553
2026-04-11 02:11:59,457 __init__.py log_once [line:227] INFO min_local_test_accuracy       0.4138
2026-04-11 02:11:59,457 __init__.py log_once [line:227] INFO max_local_test_accuracy       0.8000
2026-04-11 02:11:59,457 __init__.py log_once [line:227] INFO local_test_loss               1.9428
2026-04-11 02:11:59,457 __init__.py log_once [line:227] INFO mean_local_test_loss          1.7150
2026-04-11 02:11:59,457 __init__.py log_once [line:227] INFO std_local_test_loss           0.5767
2026-04-11 02:11:59,457 __init__.py log_once [line:227] INFO min_local_test_loss           1.0607
2026-04-11 02:11:59,457 __init__.py log_once [line:227] INFO max_local_test_loss           2.5862
2026-04-11 02:11:59,457 fedbase.py run [line:316] INFO Eval Time Cost:               3.1482s
2026-04-11 02:12:10,492 fedbase.py run [line:311] INFO --------------Round 14--------------
2026-04-11 02:12:13,588 __init__.py log_once [line:227] INFO local_val_accuracy            0.6575
2026-04-11 02:12:13,588 __init__.py log_once [line:227] INFO mean_local_val_accuracy       0.6667
2026-04-11 02:12:13,588 __init__.py log_once [line:227] INFO std_local_val_accuracy        0.0537
2026-04-11 02:12:13,588 __init__.py log_once [line:227] INFO min_local_val_accuracy        0.6000
2026-04-11 02:12:13,589 __init__.py log_once [line:227] INFO max_local_val_accuracy        0.7500
2026-04-11 02:12:13,589 __init__.py log_once [line:227] INFO local_val_loss                1.1610
2026-04-11 02:12:13,589 __init__.py log_once [line:227] INFO mean_local_val_loss           1.1107
2026-04-11 02:12:13,589 __init__.py log_once [line:227] INFO std_local_val_loss            0.1595
2026-04-11 02:12:13,589 __init__.py log_once [line:227] INFO min_local_val_loss            0.8414
2026-04-11 02:12:13,589 __init__.py log_once [line:227] INFO max_local_val_loss            1.2583
2026-04-11 02:12:13,589 __init__.py log_once [line:227] INFO local_test_accuracy           0.6460
2026-04-11 02:12:13,589 __init__.py log_once [line:227] INFO mean_local_test_accuracy      0.6998
2026-04-11 02:12:13,589 __init__.py log_once [line:227] INFO std_local_test_accuracy       0.1014
2026-04-11 02:12:13,589 __init__.py log_once [line:227] INFO min_local_test_accuracy       0.6000
2026-04-11 02:12:13,589 __init__.py log_once [line:227] INFO max_local_test_accuracy       0.8667
2026-04-11 02:12:13,589 __init__.py log_once [line:227] INFO local_test_loss               1.1680
2026-04-11 02:12:13,589 __init__.py log_once [line:227] INFO mean_local_test_loss          1.0611
2026-04-11 02:12:13,589 __init__.py log_once [line:227] INFO std_local_test_loss           0.2591
2026-04-11 02:12:13,589 __init__.py log_once [line:227] INFO min_local_test_loss           0.6138
2026-04-11 02:12:13,589 __init__.py log_once [line:227] INFO max_local_test_loss           1.2309
2026-04-11 02:12:13,589 fedbase.py run [line:316] INFO Eval Time Cost:               3.0975s
2026-04-11 02:12:24,514 fedbase.py run [line:311] INFO --------------Round 15--------------
2026-04-11 02:12:27,408 __init__.py log_once [line:227] INFO local_val_accuracy            0.6691
2026-04-11 02:12:27,408 __init__.py log_once [line:227] INFO mean_local_val_accuracy       0.7163
2026-04-11 02:12:27,408 __init__.py log_once [line:227] INFO std_local_val_accuracy        0.1011
2026-04-11 02:12:27,408 __init__.py log_once [line:227] INFO min_local_val_accuracy        0.5938
2026-04-11 02:12:27,408 __init__.py log_once [line:227] INFO max_local_val_accuracy        0.8750
2026-04-11 02:12:27,408 __init__.py log_once [line:227] INFO local_val_loss                1.2119
2026-04-11 02:12:27,408 __init__.py log_once [line:227] INFO mean_local_val_loss           1.1696
2026-04-11 02:12:27,408 __init__.py log_once [line:227] INFO std_local_val_loss            0.2665
2026-04-11 02:12:27,408 __init__.py log_once [line:227] INFO min_local_val_loss            0.8655
2026-04-11 02:12:27,409 __init__.py log_once [line:227] INFO max_local_val_loss            1.5242
2026-04-11 02:12:27,409 __init__.py log_once [line:227] INFO local_test_accuracy           0.6338
2026-04-11 02:12:27,409 __init__.py log_once [line:227] INFO mean_local_test_accuracy      0.6759
2026-04-11 02:12:27,409 __init__.py log_once [line:227] INFO std_local_test_accuracy       0.0976
2026-04-11 02:12:27,409 __init__.py log_once [line:227] INFO min_local_test_accuracy       0.5263
2026-04-11 02:12:27,409 __init__.py log_once [line:227] INFO max_local_test_accuracy       0.8000
2026-04-11 02:12:27,409 __init__.py log_once [line:227] INFO local_test_loss               1.2138
2026-04-11 02:12:27,409 __init__.py log_once [line:227] INFO mean_local_test_loss          1.0501
2026-04-11 02:12:27,409 __init__.py log_once [line:227] INFO std_local_test_loss           0.4210
2026-04-11 02:12:27,409 __init__.py log_once [line:227] INFO min_local_test_loss           0.6976
2026-04-11 02:12:27,409 __init__.py log_once [line:227] INFO max_local_test_loss           1.7666
2026-04-11 02:12:27,409 fedbase.py run [line:316] INFO Eval Time Cost:               2.8946s
2026-04-11 02:12:38,476 fedbase.py run [line:311] INFO --------------Round 16--------------
2026-04-11 02:12:41,555 __init__.py log_once [line:227] INFO local_val_accuracy            0.7125
2026-04-11 02:12:41,555 __init__.py log_once [line:227] INFO mean_local_val_accuracy       0.6970
2026-04-11 02:12:41,555 __init__.py log_once [line:227] INFO std_local_val_accuracy        0.0862
2026-04-11 02:12:41,555 __init__.py log_once [line:227] INFO min_local_val_accuracy        0.5625
2026-04-11 02:12:41,555 __init__.py log_once [line:227] INFO max_local_val_accuracy        0.8000
2026-04-11 02:12:41,555 __init__.py log_once [line:227] INFO local_val_loss                0.9525
2026-04-11 02:12:41,555 __init__.py log_once [line:227] INFO mean_local_val_loss           1.0424
2026-04-11 02:12:41,555 __init__.py log_once [line:227] INFO std_local_val_loss            0.4115
2026-04-11 02:12:41,555 __init__.py log_once [line:227] INFO min_local_val_loss            0.5684
2026-04-11 02:12:41,555 __init__.py log_once [line:227] INFO max_local_val_loss            1.7021
2026-04-11 02:12:41,555 __init__.py log_once [line:227] INFO local_test_accuracy           0.7534
2026-04-11 02:12:41,555 __init__.py log_once [line:227] INFO mean_local_test_accuracy      0.8024
2026-04-11 02:12:41,555 __init__.py log_once [line:227] INFO std_local_test_accuracy       0.0809
2026-04-11 02:12:41,556 __init__.py log_once [line:227] INFO min_local_test_accuracy       0.7053
2026-04-11 02:12:41,556 __init__.py log_once [line:227] INFO max_local_test_accuracy       0.8966
2026-04-11 02:12:41,556 __init__.py log_once [line:227] INFO local_test_loss               0.9498
2026-04-11 02:12:41,556 __init__.py log_once [line:227] INFO mean_local_test_loss          0.8008
2026-04-11 02:12:41,556 __init__.py log_once [line:227] INFO std_local_test_loss           0.2816
2026-04-11 02:12:41,556 __init__.py log_once [line:227] INFO min_local_test_loss           0.4372
2026-04-11 02:12:41,556 __init__.py log_once [line:227] INFO max_local_test_loss           1.1865
2026-04-11 02:12:41,556 fedbase.py run [line:316] INFO Eval Time Cost:               3.0794s
2026-04-11 02:12:53,269 fedbase.py run [line:311] INFO --------------Round 17--------------
2026-04-11 02:12:56,612 __init__.py log_once [line:227] INFO local_val_accuracy            0.6422
2026-04-11 02:12:56,612 __init__.py log_once [line:227] INFO mean_local_val_accuracy       0.6228
2026-04-11 02:12:56,612 __init__.py log_once [line:227] INFO std_local_val_accuracy        0.1766
2026-04-11 02:12:56,612 __init__.py log_once [line:227] INFO min_local_val_accuracy        0.3333
2026-04-11 02:12:56,612 __init__.py log_once [line:227] INFO max_local_val_accuracy        0.8125
2026-04-11 02:12:56,612 __init__.py log_once [line:227] INFO local_val_loss                1.1409
2026-04-11 02:12:56,613 __init__.py log_once [line:227] INFO mean_local_val_loss           1.2566
2026-04-11 02:12:56,613 __init__.py log_once [line:227] INFO std_local_val_loss            0.8759
2026-04-11 02:12:56,613 __init__.py log_once [line:227] INFO min_local_val_loss            0.3547
2026-04-11 02:12:56,613 __init__.py log_once [line:227] INFO max_local_val_loss            2.7056
2026-04-11 02:12:56,613 __init__.py log_once [line:227] INFO local_test_accuracy           0.6456
2026-04-11 02:12:56,613 __init__.py log_once [line:227] INFO mean_local_test_accuracy      0.6555
2026-04-11 02:12:56,613 __init__.py log_once [line:227] INFO std_local_test_accuracy       0.1510
2026-04-11 02:12:56,613 __init__.py log_once [line:227] INFO min_local_test_accuracy       0.4483
2026-04-11 02:12:56,613 __init__.py log_once [line:227] INFO max_local_test_accuracy       0.8667
2026-04-11 02:12:56,613 __init__.py log_once [line:227] INFO local_test_loss               1.3148
2026-04-11 02:12:56,613 __init__.py log_once [line:227] INFO mean_local_test_loss          1.3763
2026-04-11 02:12:56,613 __init__.py log_once [line:227] INFO std_local_test_loss           0.6248
2026-04-11 02:12:56,613 __init__.py log_once [line:227] INFO min_local_test_loss           0.6908
2026-04-11 02:12:56,613 __init__.py log_once [line:227] INFO max_local_test_loss           2.3436
2026-04-11 02:12:56,613 fedbase.py run [line:316] INFO Eval Time Cost:               3.3443s
2026-04-11 02:13:08,422 fedbase.py run [line:311] INFO --------------Round 18--------------
2026-04-11 02:13:11,614 __init__.py log_once [line:227] INFO local_val_accuracy            0.7044
2026-04-11 02:13:11,615 __init__.py log_once [line:227] INFO mean_local_val_accuracy       0.7619
2026-04-11 02:13:11,615 __init__.py log_once [line:227] INFO std_local_val_accuracy        0.0986
2026-04-11 02:13:11,615 __init__.py log_once [line:227] INFO min_local_val_accuracy        0.6250
2026-04-11 02:13:11,615 __init__.py log_once [line:227] INFO max_local_val_accuracy        0.8750
2026-04-11 02:13:11,615 __init__.py log_once [line:227] INFO local_val_loss                1.0469
2026-04-11 02:13:11,615 __init__.py log_once [line:227] INFO mean_local_val_loss           0.7782
2026-04-11 02:13:11,615 __init__.py log_once [line:227] INFO std_local_val_loss            0.5183
2026-04-11 02:13:11,615 __init__.py log_once [line:227] INFO min_local_val_loss            0.2753
2026-04-11 02:13:11,615 __init__.py log_once [line:227] INFO max_local_val_loss            1.5881
2026-04-11 02:13:11,615 __init__.py log_once [line:227] INFO local_test_accuracy           0.6741
2026-04-11 02:13:11,615 __init__.py log_once [line:227] INFO mean_local_test_accuracy      0.7770
2026-04-11 02:13:11,615 __init__.py log_once [line:227] INFO std_local_test_accuracy       0.1895
2026-04-11 02:13:11,615 __init__.py log_once [line:227] INFO min_local_test_accuracy       0.4947
2026-04-11 02:13:11,615 __init__.py log_once [line:227] INFO max_local_test_accuracy       0.9655
2026-04-11 02:13:11,615 __init__.py log_once [line:227] INFO local_test_loss               1.3028
2026-04-11 02:13:11,615 __init__.py log_once [line:227] INFO mean_local_test_loss          0.8779
2026-04-11 02:13:11,615 __init__.py log_once [line:227] INFO std_local_test_loss           0.8649
2026-04-11 02:13:11,615 __init__.py log_once [line:227] INFO min_local_test_loss           0.1390
2026-04-11 02:13:11,615 __init__.py log_once [line:227] INFO max_local_test_loss           2.2677
2026-04-11 02:13:11,616 fedbase.py run [line:316] INFO Eval Time Cost:               3.1928s
2026-04-11 02:13:23,598 fedbase.py run [line:311] INFO --------------Round 19--------------
2026-04-11 02:13:26,757 __init__.py log_once [line:227] INFO local_val_accuracy            0.7715
2026-04-11 02:13:26,757 __init__.py log_once [line:227] INFO mean_local_val_accuracy       0.7725
2026-04-11 02:13:26,757 __init__.py log_once [line:227] INFO std_local_val_accuracy        0.1002
2026-04-11 02:13:26,757 __init__.py log_once [line:227] INFO min_local_val_accuracy        0.6607
2026-04-11 02:13:26,757 __init__.py log_once [line:227] INFO max_local_val_accuracy        0.9167
2026-04-11 02:13:26,757 __init__.py log_once [line:227] INFO local_val_loss                0.6984
2026-04-11 02:13:26,757 __init__.py log_once [line:227] INFO mean_local_val_loss           0.7745
2026-04-11 02:13:26,757 __init__.py log_once [line:227] INFO std_local_val_loss            0.2727
2026-04-11 02:13:26,758 __init__.py log_once [line:227] INFO min_local_val_loss            0.3024
2026-04-11 02:13:26,758 __init__.py log_once [line:227] INFO max_local_val_loss            0.9441
2026-04-11 02:13:26,758 __init__.py log_once [line:227] INFO local_test_accuracy           0.7685
2026-04-11 02:13:26,758 __init__.py log_once [line:227] INFO mean_local_test_accuracy      0.7089
2026-04-11 02:13:26,758 __init__.py log_once [line:227] INFO std_local_test_accuracy       0.1093
2026-04-11 02:13:26,758 __init__.py log_once [line:227] INFO min_local_test_accuracy       0.6000
2026-04-11 02:13:26,758 __init__.py log_once [line:227] INFO max_local_test_accuracy       0.8737
2026-04-11 02:13:26,758 __init__.py log_once [line:227] INFO local_test_loss               0.8024
2026-04-11 02:13:26,758 __init__.py log_once [line:227] INFO mean_local_test_loss          0.9407
2026-04-11 02:13:26,758 __init__.py log_once [line:227] INFO std_local_test_loss           0.3113
2026-04-11 02:13:26,758 __init__.py log_once [line:227] INFO min_local_test_loss           0.4549
2026-04-11 02:13:26,758 __init__.py log_once [line:227] INFO max_local_test_loss           1.3071
2026-04-11 02:13:26,758 fedbase.py run [line:316] INFO Eval Time Cost:               3.1601s
2026-04-11 02:13:38,021 fedbase.py run [line:311] INFO --------------Round 20--------------
2026-04-11 02:13:41,055 __init__.py log_once [line:227] INFO local_val_accuracy            0.6804
2026-04-11 02:13:41,055 __init__.py log_once [line:227] INFO mean_local_val_accuracy       0.7903
2026-04-11 02:13:41,055 __init__.py log_once [line:227] INFO std_local_val_accuracy        0.1873
2026-04-11 02:13:41,055 __init__.py log_once [line:227] INFO min_local_val_accuracy        0.5312
2026-04-11 02:13:41,055 __init__.py log_once [line:227] INFO max_local_val_accuracy        1.0000
2026-04-11 02:13:41,055 __init__.py log_once [line:227] INFO local_val_loss                1.1664
2026-04-11 02:13:41,056 __init__.py log_once [line:227] INFO mean_local_val_loss           0.8190
2026-04-11 02:13:41,056 __init__.py log_once [line:227] INFO std_local_val_loss            0.6841
2026-04-11 02:13:41,056 __init__.py log_once [line:227] INFO min_local_val_loss            0.1423
2026-04-11 02:13:41,056 __init__.py log_once [line:227] INFO max_local_val_loss            1.8997
2026-04-11 02:13:41,056 __init__.py log_once [line:227] INFO local_test_accuracy           0.6742
2026-04-11 02:13:41,056 __init__.py log_once [line:227] INFO mean_local_test_accuracy      0.7850
2026-04-11 02:13:41,056 __init__.py log_once [line:227] INFO std_local_test_accuracy       0.1980
2026-04-11 02:13:41,056 __init__.py log_once [line:227] INFO min_local_test_accuracy       0.4947
2026-04-11 02:13:41,056 __init__.py log_once [line:227] INFO max_local_test_accuracy       1.0000
2026-04-11 02:13:41,056 __init__.py log_once [line:227] INFO local_test_loss               1.3707
2026-04-11 02:13:41,056 __init__.py log_once [line:227] INFO mean_local_test_loss          0.9338
2026-04-11 02:13:41,056 __init__.py log_once [line:227] INFO std_local_test_loss           0.9005
2026-04-11 02:13:41,056 __init__.py log_once [line:227] INFO min_local_test_loss           0.1249
2026-04-11 02:13:41,056 __init__.py log_once [line:227] INFO max_local_test_loss           2.3902
2026-04-11 02:13:41,056 fedbase.py run [line:316] INFO Eval Time Cost:               3.0351s
2026-04-11 02:13:52,850 fedbase.py run [line:311] INFO --------------Round 21--------------
2026-04-11 02:13:55,926 __init__.py log_once [line:227] INFO local_val_accuracy            0.7554
2026-04-11 02:13:55,927 __init__.py log_once [line:227] INFO mean_local_val_accuracy       0.7795
2026-04-11 02:13:55,927 __init__.py log_once [line:227] INFO std_local_val_accuracy        0.1077
2026-04-11 02:13:55,927 __init__.py log_once [line:227] INFO min_local_val_accuracy        0.6161
2026-04-11 02:13:55,927 __init__.py log_once [line:227] INFO max_local_val_accuracy        0.8854
2026-04-11 02:13:55,927 __init__.py log_once [line:227] INFO local_val_loss                0.8498
2026-04-11 02:13:55,927 __init__.py log_once [line:227] INFO mean_local_val_loss           0.7131
2026-04-11 02:13:55,927 __init__.py log_once [line:227] INFO std_local_val_loss            0.4213
2026-04-11 02:13:55,927 __init__.py log_once [line:227] INFO min_local_val_loss            0.3617
2026-04-11 02:13:55,927 __init__.py log_once [line:227] INFO max_local_val_loss            1.4010
2026-04-11 02:13:55,927 __init__.py log_once [line:227] INFO local_test_accuracy           0.7295
2026-04-11 02:13:55,927 __init__.py log_once [line:227] INFO mean_local_test_accuracy      0.7633
2026-04-11 02:13:55,927 __init__.py log_once [line:227] INFO std_local_test_accuracy       0.1459
2026-04-11 02:13:55,927 __init__.py log_once [line:227] INFO min_local_test_accuracy       0.5893
2026-04-11 02:13:55,927 __init__.py log_once [line:227] INFO max_local_test_accuracy       0.9655
2026-04-11 02:13:55,927 __init__.py log_once [line:227] INFO local_test_loss               0.9645
2026-04-11 02:13:55,927 __init__.py log_once [line:227] INFO mean_local_test_loss          0.7519
2026-04-11 02:13:55,927 __init__.py log_once [line:227] INFO std_local_test_loss           0.5009
2026-04-11 02:13:55,927 __init__.py log_once [line:227] INFO min_local_test_loss           0.1540
2026-04-11 02:13:55,927 __init__.py log_once [line:227] INFO max_local_test_loss           1.5370
2026-04-11 02:13:55,927 fedbase.py run [line:316] INFO Eval Time Cost:               3.0769s
2026-04-11 02:14:07,542 fedbase.py run [line:311] INFO --------------Round 22--------------
2026-04-11 02:14:10,555 __init__.py log_once [line:227] INFO local_val_accuracy            0.7088
2026-04-11 02:14:10,555 __init__.py log_once [line:227] INFO mean_local_val_accuracy       0.7118
2026-04-11 02:14:10,555 __init__.py log_once [line:227] INFO std_local_val_accuracy        0.0758
2026-04-11 02:14:10,556 __init__.py log_once [line:227] INFO min_local_val_accuracy        0.6000
2026-04-11 02:14:10,556 __init__.py log_once [line:227] INFO max_local_val_accuracy        0.8125
2026-04-11 02:14:10,556 __init__.py log_once [line:227] INFO local_val_loss                1.0949
2026-04-11 02:14:10,556 __init__.py log_once [line:227] INFO mean_local_val_loss           1.1645
2026-04-11 02:14:10,556 __init__.py log_once [line:227] INFO std_local_val_loss            0.4627
2026-04-11 02:14:10,556 __init__.py log_once [line:227] INFO min_local_val_loss            0.7034
2026-04-11 02:14:10,556 __init__.py log_once [line:227] INFO max_local_val_loss            1.9257
2026-04-11 02:14:10,556 __init__.py log_once [line:227] INFO local_test_accuracy           0.6451
2026-04-11 02:14:10,556 __init__.py log_once [line:227] INFO mean_local_test_accuracy      0.6186
2026-04-11 02:14:10,556 __init__.py log_once [line:227] INFO std_local_test_accuracy       0.0866
2026-04-11 02:14:10,556 __init__.py log_once [line:227] INFO min_local_test_accuracy       0.4828
2026-04-11 02:14:10,556 __init__.py log_once [line:227] INFO max_local_test_accuracy       0.7143
2026-04-11 02:14:10,556 __init__.py log_once [line:227] INFO local_test_loss               1.3631
2026-04-11 02:14:10,556 __init__.py log_once [line:227] INFO mean_local_test_loss          1.3701
2026-04-11 02:14:10,556 __init__.py log_once [line:227] INFO std_local_test_loss           0.5181
2026-04-11 02:14:10,556 __init__.py log_once [line:227] INFO min_local_test_loss           0.7359
2026-04-11 02:14:10,556 __init__.py log_once [line:227] INFO max_local_test_loss           2.0818
2026-04-11 02:14:10,556 fedbase.py run [line:316] INFO Eval Time Cost:               3.0141s
2026-04-11 02:14:22,671 fedbase.py run [line:311] INFO --------------Round 23--------------
2026-04-11 02:14:25,618 __init__.py log_once [line:227] INFO local_val_accuracy            0.6857
2026-04-11 02:14:25,618 __init__.py log_once [line:227] INFO mean_local_val_accuracy       0.6515
2026-04-11 02:14:25,618 __init__.py log_once [line:227] INFO std_local_val_accuracy        0.2301
2026-04-11 02:14:25,618 __init__.py log_once [line:227] INFO min_local_val_accuracy        0.2667
2026-04-11 02:14:25,618 __init__.py log_once [line:227] INFO max_local_val_accuracy        0.8750
2026-04-11 02:14:25,618 __init__.py log_once [line:227] INFO local_val_loss                1.6909
2026-04-11 02:14:25,618 __init__.py log_once [line:227] INFO mean_local_val_loss           2.6150
2026-04-11 02:14:25,618 __init__.py log_once [line:227] INFO std_local_val_loss            2.9932
2026-04-11 02:14:25,619 __init__.py log_once [line:227] INFO min_local_val_loss            0.8819
2026-04-11 02:14:25,619 __init__.py log_once [line:227] INFO max_local_val_loss            7.7993
2026-04-11 02:14:25,619 __init__.py log_once [line:227] INFO local_test_accuracy           0.6532
2026-04-11 02:14:25,619 __init__.py log_once [line:227] INFO mean_local_test_accuracy      0.6052
2026-04-11 02:14:25,619 __init__.py log_once [line:227] INFO std_local_test_accuracy       0.2335
2026-04-11 02:14:25,619 __init__.py log_once [line:227] INFO min_local_test_accuracy       0.2069
2026-04-11 02:14:25,619 __init__.py log_once [line:227] INFO max_local_test_accuracy       0.8000
2026-04-11 02:14:25,619 __init__.py log_once [line:227] INFO local_test_loss               2.4246
2026-04-11 02:14:25,619 __init__.py log_once [line:227] INFO mean_local_test_loss          3.6099
2026-04-11 02:14:25,619 __init__.py log_once [line:227] INFO std_local_test_loss           4.5125
2026-04-11 02:14:25,619 __init__.py log_once [line:227] INFO min_local_test_loss           0.3873
2026-04-11 02:14:25,619 __init__.py log_once [line:227] INFO max_local_test_loss           11.3893
2026-04-11 02:14:25,619 fedbase.py run [line:316] INFO Eval Time Cost:               2.9477s
2026-04-11 02:14:37,328 fedbase.py run [line:311] INFO --------------Round 24--------------
2026-04-11 02:14:40,348 __init__.py log_once [line:227] INFO local_val_accuracy            0.7238
2026-04-11 02:14:40,348 __init__.py log_once [line:227] INFO mean_local_val_accuracy       0.7955
2026-04-11 02:14:40,348 __init__.py log_once [line:227] INFO std_local_val_accuracy        0.1103
2026-04-11 02:14:40,348 __init__.py log_once [line:227] INFO min_local_val_accuracy        0.6696
2026-04-11 02:14:40,349 __init__.py log_once [line:227] INFO max_local_val_accuracy        0.9375
2026-04-11 02:14:40,349 __init__.py log_once [line:227] INFO local_val_loss                0.9199
2026-04-11 02:14:40,349 __init__.py log_once [line:227] INFO mean_local_val_loss           0.6938
2026-04-11 02:14:40,349 __init__.py log_once [line:227] INFO std_local_val_loss            0.3498
2026-04-11 02:14:40,349 __init__.py log_once [line:227] INFO min_local_val_loss            0.3226
2026-04-11 02:14:40,349 __init__.py log_once [line:227] INFO max_local_val_loss            1.0468
2026-04-11 02:14:40,349 __init__.py log_once [line:227] INFO local_test_accuracy           0.7299
2026-04-11 02:14:40,349 __init__.py log_once [line:227] INFO mean_local_test_accuracy      0.8154
2026-04-11 02:14:40,349 __init__.py log_once [line:227] INFO std_local_test_accuracy       0.1345
2026-04-11 02:14:40,349 __init__.py log_once [line:227] INFO min_local_test_accuracy       0.6786
2026-04-11 02:14:40,349 __init__.py log_once [line:227] INFO max_local_test_accuracy       0.9655
2026-04-11 02:14:40,349 __init__.py log_once [line:227] INFO local_test_loss               1.0977
2026-04-11 02:14:40,349 __init__.py log_once [line:227] INFO mean_local_test_loss          0.7685
2026-04-11 02:14:40,349 __init__.py log_once [line:227] INFO std_local_test_loss           0.5209
2026-04-11 02:14:40,349 __init__.py log_once [line:227] INFO min_local_test_loss           0.2178
2026-04-11 02:14:40,349 __init__.py log_once [line:227] INFO max_local_test_loss           1.3337
2026-04-11 02:14:40,349 fedbase.py run [line:316] INFO Eval Time Cost:               3.0209s
2026-04-11 02:14:51,900 fedbase.py run [line:311] INFO --------------Round 25--------------
2026-04-11 02:14:54,914 __init__.py log_once [line:227] INFO local_val_accuracy            0.8148
2026-04-11 02:14:54,915 __init__.py log_once [line:227] INFO mean_local_val_accuracy       0.8138
2026-04-11 02:14:54,915 __init__.py log_once [line:227] INFO std_local_val_accuracy        0.0743
2026-04-11 02:14:54,915 __init__.py log_once [line:227] INFO min_local_val_accuracy        0.7321
2026-04-11 02:14:54,915 __init__.py log_once [line:227] INFO max_local_val_accuracy        0.9062
2026-04-11 02:14:54,915 __init__.py log_once [line:227] INFO local_val_loss                0.6186
2026-04-11 02:14:54,915 __init__.py log_once [line:227] INFO mean_local_val_loss           0.5877
2026-04-11 02:14:54,915 __init__.py log_once [line:227] INFO std_local_val_loss            0.2342
2026-04-11 02:14:54,915 __init__.py log_once [line:227] INFO min_local_val_loss            0.2948
2026-04-11 02:14:54,915 __init__.py log_once [line:227] INFO max_local_val_loss            0.9280
2026-04-11 02:14:54,915 __init__.py log_once [line:227] INFO local_test_accuracy           0.7731
2026-04-11 02:14:54,915 __init__.py log_once [line:227] INFO mean_local_test_accuracy      0.7891
2026-04-11 02:14:54,915 __init__.py log_once [line:227] INFO std_local_test_accuracy       0.0753
2026-04-11 02:14:54,915 __init__.py log_once [line:227] INFO min_local_test_accuracy       0.7054
2026-04-11 02:14:54,915 __init__.py log_once [line:227] INFO max_local_test_accuracy       0.8966
2026-04-11 02:14:54,915 __init__.py log_once [line:227] INFO local_test_loss               0.8111
2026-04-11 02:14:54,915 __init__.py log_once [line:227] INFO mean_local_test_loss          0.7490
2026-04-11 02:14:54,915 __init__.py log_once [line:227] INFO std_local_test_loss           0.2886
2026-04-11 02:14:54,915 __init__.py log_once [line:227] INFO min_local_test_loss           0.3619
2026-04-11 02:14:54,916 __init__.py log_once [line:227] INFO max_local_test_loss           1.0965
2026-04-11 02:14:54,916 fedbase.py run [line:316] INFO Eval Time Cost:               3.0150s
2026-04-11 02:15:06,610 fedbase.py run [line:311] INFO --------------Round 26--------------
2026-04-11 02:15:09,753 __init__.py log_once [line:227] INFO local_val_accuracy            0.8145
2026-04-11 02:15:09,754 __init__.py log_once [line:227] INFO mean_local_val_accuracy       0.8673
2026-04-11 02:15:09,754 __init__.py log_once [line:227] INFO std_local_val_accuracy        0.1099
2026-04-11 02:15:09,754 __init__.py log_once [line:227] INFO min_local_val_accuracy        0.6964
2026-04-11 02:15:09,754 __init__.py log_once [line:227] INFO max_local_val_accuracy        1.0000
2026-04-11 02:15:09,754 __init__.py log_once [line:227] INFO local_val_loss                0.5921
2026-04-11 02:15:09,754 __init__.py log_once [line:227] INFO mean_local_val_loss           0.4359
2026-04-11 02:15:09,754 __init__.py log_once [line:227] INFO std_local_val_loss            0.3124
2026-04-11 02:15:09,754 __init__.py log_once [line:227] INFO min_local_val_loss            0.1345
2026-04-11 02:15:09,754 __init__.py log_once [line:227] INFO max_local_val_loss            0.9600
2026-04-11 02:15:09,754 __init__.py log_once [line:227] INFO local_test_accuracy           0.8175
2026-04-11 02:15:09,754 __init__.py log_once [line:227] INFO mean_local_test_accuracy      0.8798
2026-04-11 02:15:09,754 __init__.py log_once [line:227] INFO std_local_test_accuracy       0.1055
2026-04-11 02:15:09,754 __init__.py log_once [line:227] INFO min_local_test_accuracy       0.7143
2026-04-11 02:15:09,754 __init__.py log_once [line:227] INFO max_local_test_accuracy       1.0000
2026-04-11 02:15:09,754 __init__.py log_once [line:227] INFO local_test_loss               0.6849
2026-04-11 02:15:09,754 __init__.py log_once [line:227] INFO mean_local_test_loss          0.4681
2026-04-11 02:15:09,754 __init__.py log_once [line:227] INFO std_local_test_loss           0.3617
2026-04-11 02:15:09,754 __init__.py log_once [line:227] INFO min_local_test_loss           0.0435
2026-04-11 02:15:09,754 __init__.py log_once [line:227] INFO max_local_test_loss           1.0246
2026-04-11 02:15:09,755 fedbase.py run [line:316] INFO Eval Time Cost:               3.1447s
2026-04-11 02:15:21,289 fedbase.py run [line:311] INFO --------------Round 27--------------
