2026-04-11 02:08:41,832 fflow.py init [line:848] INFO PROCESS ID:	34179
2026-04-11 02:08:41,832 fflow.py init [line:849] INFO Initializing devices: cuda:0 will be used for this running.
2026-04-11 02:08:41,832 fflow.py init [line:852] INFO BENCHMARK:	benchmark.office_caltech10_classification
2026-04-11 02:08:41,832 fflow.py init [line:853] INFO TASK:			task/office_caltech10_c4
2026-04-11 02:08:41,832 fflow.py init [line:854] INFO MODEL:		algorithm.feddsa
2026-04-11 02:08:41,832 fflow.py init [line:855] INFO ALGORITHM:	feddsa
2026-04-11 02:08:41,835 fflow.py init [line:901] INFO SCENE:		horizontal FL with 1 <class 'algorithm.feddsa.Server'>, 4 <class 'algorithm.feddsa.Client'>
2026-04-11 02:08:42,149 fflow.py init [line:918] INFO SIMULATOR:	<class 'flgo.simulator.default_simulator.Simulator'>
2026-04-11 02:08:42,328 fflow.py init [line:931] INFO Ready to start.
2026-04-11 02:08:42,328 fedbase.py run [line:300] INFO --------------Initial Evaluation--------------
2026-04-11 02:08:45,736 __init__.py log_once [line:227] INFO local_val_accuracy            0.1300
2026-04-11 02:08:45,737 __init__.py log_once [line:227] INFO mean_local_val_accuracy       0.1159
2026-04-11 02:08:45,737 __init__.py log_once [line:227] INFO std_local_val_accuracy        0.0315
2026-04-11 02:08:45,737 __init__.py log_once [line:227] INFO min_local_val_accuracy        0.0625
2026-04-11 02:08:45,737 __init__.py log_once [line:227] INFO max_local_val_accuracy        0.1429
2026-04-11 02:08:45,737 __init__.py log_once [line:227] INFO local_val_loss                2.3042
2026-04-11 02:08:45,737 __init__.py log_once [line:227] INFO mean_local_val_loss           2.3036
2026-04-11 02:08:45,737 __init__.py log_once [line:227] INFO std_local_val_loss            0.0071
2026-04-11 02:08:45,737 __init__.py log_once [line:227] INFO min_local_val_loss            2.2923
2026-04-11 02:08:45,737 __init__.py log_once [line:227] INFO max_local_val_loss            2.3114
2026-04-11 02:08:45,737 __init__.py log_once [line:227] INFO local_test_accuracy           0.0839
2026-04-11 02:08:45,737 __init__.py log_once [line:227] INFO mean_local_test_accuracy      0.1041
2026-04-11 02:08:45,737 __init__.py log_once [line:227] INFO std_local_test_accuracy       0.0316
2026-04-11 02:08:45,737 __init__.py log_once [line:227] INFO min_local_test_accuracy       0.0714
2026-04-11 02:08:45,737 __init__.py log_once [line:227] INFO max_local_test_accuracy       0.1379
2026-04-11 02:08:45,738 __init__.py log_once [line:227] INFO local_test_loss               2.3082
2026-04-11 02:08:45,738 __init__.py log_once [line:227] INFO mean_local_test_loss          2.3048
2026-04-11 02:08:45,738 __init__.py log_once [line:227] INFO std_local_test_loss           0.0070
2026-04-11 02:08:45,738 __init__.py log_once [line:227] INFO min_local_test_loss           2.2973
2026-04-11 02:08:45,738 __init__.py log_once [line:227] INFO max_local_test_loss           2.3159
2026-04-11 02:08:45,738 fedbase.py run [line:303] INFO Eval Time Cost:               3.4097s
2026-04-11 02:08:57,783 fedbase.py run [line:311] INFO --------------Round 1--------------
2026-04-11 02:09:01,143 __init__.py log_once [line:227] INFO local_val_accuracy            0.1143
2026-04-11 02:09:01,143 __init__.py log_once [line:227] INFO mean_local_val_accuracy       0.0990
2026-04-11 02:09:01,143 __init__.py log_once [line:227] INFO std_local_val_accuracy        0.0382
2026-04-11 02:09:01,143 __init__.py log_once [line:227] INFO min_local_val_accuracy        0.0625
2026-04-11 02:09:01,143 __init__.py log_once [line:227] INFO max_local_val_accuracy        0.1607
2026-04-11 02:09:01,143 __init__.py log_once [line:227] INFO local_val_loss                2.3294
2026-04-11 02:09:01,143 __init__.py log_once [line:227] INFO mean_local_val_loss           2.3198
2026-04-11 02:09:01,143 __init__.py log_once [line:227] INFO std_local_val_loss            0.0423
2026-04-11 02:09:01,143 __init__.py log_once [line:227] INFO min_local_val_loss            2.2889
2026-04-11 02:09:01,143 __init__.py log_once [line:227] INFO max_local_val_loss            2.3922
2026-04-11 02:09:01,143 __init__.py log_once [line:227] INFO local_test_accuracy           0.1512
2026-04-11 02:09:01,143 __init__.py log_once [line:227] INFO mean_local_test_accuracy      0.1317
2026-04-11 02:09:01,143 __init__.py log_once [line:227] INFO std_local_test_accuracy       0.0421
2026-04-11 02:09:01,143 __init__.py log_once [line:227] INFO min_local_test_accuracy       0.0690
2026-04-11 02:09:01,143 __init__.py log_once [line:227] INFO max_local_test_accuracy       0.1875
2026-04-11 02:09:01,143 __init__.py log_once [line:227] INFO local_test_loss               2.2863
2026-04-11 02:09:01,144 __init__.py log_once [line:227] INFO mean_local_test_loss          2.2916
2026-04-11 02:09:01,144 __init__.py log_once [line:227] INFO std_local_test_loss           0.0163
2026-04-11 02:09:01,144 __init__.py log_once [line:227] INFO min_local_test_loss           2.2642
2026-04-11 02:09:01,144 __init__.py log_once [line:227] INFO max_local_test_loss           2.3071
2026-04-11 02:09:01,144 fedbase.py run [line:316] INFO Eval Time Cost:               3.3599s
2026-04-11 02:09:12,771 fedbase.py run [line:311] INFO --------------Round 2--------------
2026-04-11 02:09:16,004 __init__.py log_once [line:227] INFO local_val_accuracy            0.2876
2026-04-11 02:09:16,005 __init__.py log_once [line:227] INFO mean_local_val_accuracy       0.2581
2026-04-11 02:09:16,005 __init__.py log_once [line:227] INFO std_local_val_accuracy        0.0571
2026-04-11 02:09:16,005 __init__.py log_once [line:227] INFO min_local_val_accuracy        0.1875
2026-04-11 02:09:16,005 __init__.py log_once [line:227] INFO max_local_val_accuracy        0.3438
2026-04-11 02:09:16,005 __init__.py log_once [line:227] INFO local_val_loss                2.0430
2026-04-11 02:09:16,005 __init__.py log_once [line:227] INFO mean_local_val_loss           2.1390
2026-04-11 02:09:16,005 __init__.py log_once [line:227] INFO std_local_val_loss            0.1716
2026-04-11 02:09:16,005 __init__.py log_once [line:227] INFO min_local_val_loss            1.8872
2026-04-11 02:09:16,005 __init__.py log_once [line:227] INFO max_local_val_loss            2.3024
2026-04-11 02:09:16,005 __init__.py log_once [line:227] INFO local_test_accuracy           0.3221
2026-04-11 02:09:16,005 __init__.py log_once [line:227] INFO mean_local_test_accuracy      0.2460
2026-04-11 02:09:16,005 __init__.py log_once [line:227] INFO std_local_test_accuracy       0.1397
2026-04-11 02:09:16,005 __init__.py log_once [line:227] INFO min_local_test_accuracy       0.1034
2026-04-11 02:09:16,005 __init__.py log_once [line:227] INFO max_local_test_accuracy       0.4526
2026-04-11 02:09:16,005 __init__.py log_once [line:227] INFO local_test_loss               1.9707
2026-04-11 02:09:16,005 __init__.py log_once [line:227] INFO mean_local_test_loss          2.0938
2026-04-11 02:09:16,005 __init__.py log_once [line:227] INFO std_local_test_loss           0.2374
2026-04-11 02:09:16,005 __init__.py log_once [line:227] INFO min_local_test_loss           1.7257
2026-04-11 02:09:16,005 __init__.py log_once [line:227] INFO max_local_test_loss           2.3157
2026-04-11 02:09:16,005 fedbase.py run [line:316] INFO Eval Time Cost:               3.2344s
2026-04-11 02:09:27,587 fedbase.py run [line:311] INFO --------------Round 3--------------
2026-04-11 02:09:30,707 __init__.py log_once [line:227] INFO local_val_accuracy            0.3349
2026-04-11 02:09:30,707 __init__.py log_once [line:227] INFO mean_local_val_accuracy       0.2829
2026-04-11 02:09:30,707 __init__.py log_once [line:227] INFO std_local_val_accuracy        0.1081
2026-04-11 02:09:30,707 __init__.py log_once [line:227] INFO min_local_val_accuracy        0.1875
2026-04-11 02:09:30,707 __init__.py log_once [line:227] INFO max_local_val_accuracy        0.4583
2026-04-11 02:09:30,708 __init__.py log_once [line:227] INFO local_val_loss                1.9035
2026-04-11 02:09:30,708 __init__.py log_once [line:227] INFO mean_local_val_loss           2.0680
2026-04-11 02:09:30,708 __init__.py log_once [line:227] INFO std_local_val_loss            0.3038
2026-04-11 02:09:30,708 __init__.py log_once [line:227] INFO min_local_val_loss            1.6115
2026-04-11 02:09:30,708 __init__.py log_once [line:227] INFO max_local_val_loss            2.3567
2026-04-11 02:09:30,708 __init__.py log_once [line:227] INFO local_test_accuracy           0.3580
2026-04-11 02:09:30,708 __init__.py log_once [line:227] INFO mean_local_test_accuracy      0.2697
2026-04-11 02:09:30,708 __init__.py log_once [line:227] INFO std_local_test_accuracy       0.1760
2026-04-11 02:09:30,708 __init__.py log_once [line:227] INFO min_local_test_accuracy       0.1034
2026-04-11 02:09:30,708 __init__.py log_once [line:227] INFO max_local_test_accuracy       0.5474
2026-04-11 02:09:30,708 __init__.py log_once [line:227] INFO local_test_loss               1.9088
2026-04-11 02:09:30,708 __init__.py log_once [line:227] INFO mean_local_test_loss          2.0764
2026-04-11 02:09:30,708 __init__.py log_once [line:227] INFO std_local_test_loss           0.3817
2026-04-11 02:09:30,708 __init__.py log_once [line:227] INFO min_local_test_loss           1.4440
2026-04-11 02:09:30,708 __init__.py log_once [line:227] INFO max_local_test_loss           2.4170
2026-04-11 02:09:30,708 fedbase.py run [line:316] INFO Eval Time Cost:               3.1212s
2026-04-11 02:09:42,411 fedbase.py run [line:311] INFO --------------Round 4--------------
2026-04-11 02:09:45,545 __init__.py log_once [line:227] INFO local_val_accuracy            0.3868
2026-04-11 02:09:45,545 __init__.py log_once [line:227] INFO mean_local_val_accuracy       0.2534
2026-04-11 02:09:45,545 __init__.py log_once [line:227] INFO std_local_val_accuracy        0.2065
2026-04-11 02:09:45,545 __init__.py log_once [line:227] INFO min_local_val_accuracy        0.0000
2026-04-11 02:09:45,546 __init__.py log_once [line:227] INFO max_local_val_accuracy        0.4583
2026-04-11 02:09:45,546 __init__.py log_once [line:227] INFO local_val_loss                1.8937
2026-04-11 02:09:45,546 __init__.py log_once [line:227] INFO mean_local_val_loss           2.1071
2026-04-11 02:09:45,546 __init__.py log_once [line:227] INFO std_local_val_loss            0.3346
2026-04-11 02:09:45,546 __init__.py log_once [line:227] INFO min_local_val_loss            1.6483
2026-04-11 02:09:45,546 __init__.py log_once [line:227] INFO max_local_val_loss            2.4470
2026-04-11 02:09:45,546 __init__.py log_once [line:227] INFO local_test_accuracy           0.3936
2026-04-11 02:09:45,546 __init__.py log_once [line:227] INFO mean_local_test_accuracy      0.3006
2026-04-11 02:09:45,546 __init__.py log_once [line:227] INFO std_local_test_accuracy       0.1519
2026-04-11 02:09:45,546 __init__.py log_once [line:227] INFO min_local_test_accuracy       0.1333
2026-04-11 02:09:45,546 __init__.py log_once [line:227] INFO max_local_test_accuracy       0.4947
2026-04-11 02:09:45,546 __init__.py log_once [line:227] INFO local_test_loss               1.8470
2026-04-11 02:09:45,546 __init__.py log_once [line:227] INFO mean_local_test_loss          2.0893
2026-04-11 02:09:45,546 __init__.py log_once [line:227] INFO std_local_test_loss           0.3741
2026-04-11 02:09:45,546 __init__.py log_once [line:227] INFO min_local_test_loss           1.6440
2026-04-11 02:09:45,546 __init__.py log_once [line:227] INFO max_local_test_loss           2.4709
2026-04-11 02:09:45,546 fedbase.py run [line:316] INFO Eval Time Cost:               3.1354s
2026-04-11 02:09:56,860 fedbase.py run [line:311] INFO --------------Round 5--------------
2026-04-11 02:10:00,056 __init__.py log_once [line:227] INFO local_val_accuracy            0.4455
2026-04-11 02:10:00,056 __init__.py log_once [line:227] INFO mean_local_val_accuracy       0.3591
2026-04-11 02:10:00,056 __init__.py log_once [line:227] INFO std_local_val_accuracy        0.1351
2026-04-11 02:10:00,056 __init__.py log_once [line:227] INFO min_local_val_accuracy        0.1875
2026-04-11 02:10:00,056 __init__.py log_once [line:227] INFO max_local_val_accuracy        0.5000
2026-04-11 02:10:00,056 __init__.py log_once [line:227] INFO local_val_loss                1.8186
2026-04-11 02:10:00,057 __init__.py log_once [line:227] INFO mean_local_val_loss           2.0306
2026-04-11 02:10:00,057 __init__.py log_once [line:227] INFO std_local_val_loss            0.3748
2026-04-11 02:10:00,057 __init__.py log_once [line:227] INFO min_local_val_loss            1.5766
2026-04-11 02:10:00,057 __init__.py log_once [line:227] INFO max_local_val_loss            2.5880
2026-04-11 02:10:00,057 __init__.py log_once [line:227] INFO local_test_accuracy           0.4294
2026-04-11 02:10:00,057 __init__.py log_once [line:227] INFO mean_local_test_accuracy      0.3354
2026-04-11 02:10:00,057 __init__.py log_once [line:227] INFO std_local_test_accuracy       0.1595
2026-04-11 02:10:00,057 __init__.py log_once [line:227] INFO min_local_test_accuracy       0.1333
2026-04-11 02:10:00,057 __init__.py log_once [line:227] INFO max_local_test_accuracy       0.5474
2026-04-11 02:10:00,057 __init__.py log_once [line:227] INFO local_test_loss               1.8285
2026-04-11 02:10:00,057 __init__.py log_once [line:227] INFO mean_local_test_loss          2.0319
2026-04-11 02:10:00,057 __init__.py log_once [line:227] INFO std_local_test_loss           0.4400
2026-04-11 02:10:00,057 __init__.py log_once [line:227] INFO min_local_test_loss           1.4948
2026-04-11 02:10:00,057 __init__.py log_once [line:227] INFO max_local_test_loss           2.7208
2026-04-11 02:10:00,057 fedbase.py run [line:316] INFO Eval Time Cost:               3.1969s
2026-04-11 02:10:11,235 fedbase.py run [line:311] INFO --------------Round 6--------------
2026-04-11 02:10:14,433 __init__.py log_once [line:227] INFO local_val_accuracy            0.3660
2026-04-11 02:10:14,433 __init__.py log_once [line:227] INFO mean_local_val_accuracy       0.3250
2026-04-11 02:10:14,433 __init__.py log_once [line:227] INFO std_local_val_accuracy        0.1823
2026-04-11 02:10:14,433 __init__.py log_once [line:227] INFO min_local_val_accuracy        0.0625
2026-04-11 02:10:14,433 __init__.py log_once [line:227] INFO max_local_val_accuracy        0.5208
2026-04-11 02:10:14,433 __init__.py log_once [line:227] INFO local_val_loss                2.0299
2026-04-11 02:10:14,434 __init__.py log_once [line:227] INFO mean_local_val_loss           2.0530
2026-04-11 02:10:14,434 __init__.py log_once [line:227] INFO std_local_val_loss            0.5011
2026-04-11 02:10:14,434 __init__.py log_once [line:227] INFO min_local_val_loss            1.4043
2026-04-11 02:10:14,434 __init__.py log_once [line:227] INFO max_local_val_loss            2.5767
2026-04-11 02:10:14,434 __init__.py log_once [line:227] INFO local_test_accuracy           0.4417
2026-04-11 02:10:14,434 __init__.py log_once [line:227] INFO mean_local_test_accuracy      0.3825
2026-04-11 02:10:14,434 __init__.py log_once [line:227] INFO std_local_test_accuracy       0.1695
2026-04-11 02:10:14,434 __init__.py log_once [line:227] INFO min_local_test_accuracy       0.1333
2026-04-11 02:10:14,434 __init__.py log_once [line:227] INFO max_local_test_accuracy       0.6000
2026-04-11 02:10:14,434 __init__.py log_once [line:227] INFO local_test_loss               1.8811
2026-04-11 02:10:14,434 __init__.py log_once [line:227] INFO mean_local_test_loss          2.0244
2026-04-11 02:10:14,434 __init__.py log_once [line:227] INFO std_local_test_loss           0.4293
2026-04-11 02:10:14,434 __init__.py log_once [line:227] INFO min_local_test_loss           1.3193
2026-04-11 02:10:14,434 __init__.py log_once [line:227] INFO max_local_test_loss           2.4674
2026-04-11 02:10:14,434 fedbase.py run [line:316] INFO Eval Time Cost:               3.1992s
2026-04-11 02:10:25,828 fedbase.py run [line:311] INFO --------------Round 7--------------
2026-04-11 02:10:28,964 __init__.py log_once [line:227] INFO local_val_accuracy            0.3814
2026-04-11 02:10:28,964 __init__.py log_once [line:227] INFO mean_local_val_accuracy       0.3690
2026-04-11 02:10:28,964 __init__.py log_once [line:227] INFO std_local_val_accuracy        0.2263
2026-04-11 02:10:28,964 __init__.py log_once [line:227] INFO min_local_val_accuracy        0.0625
2026-04-11 02:10:28,964 __init__.py log_once [line:227] INFO max_local_val_accuracy        0.6667
2026-04-11 02:10:28,964 __init__.py log_once [line:227] INFO local_val_loss                2.0283
2026-04-11 02:10:28,964 __init__.py log_once [line:227] INFO mean_local_val_loss           1.9990
2026-04-11 02:10:28,964 __init__.py log_once [line:227] INFO std_local_val_loss            0.6607
2026-04-11 02:10:28,964 __init__.py log_once [line:227] INFO min_local_val_loss            1.0582
2026-04-11 02:10:28,964 __init__.py log_once [line:227] INFO max_local_val_loss            2.7746
2026-04-11 02:10:28,964 __init__.py log_once [line:227] INFO local_test_accuracy           0.3826
2026-04-11 02:10:28,965 __init__.py log_once [line:227] INFO mean_local_test_accuracy      0.4017
2026-04-11 02:10:28,965 __init__.py log_once [line:227] INFO std_local_test_accuracy       0.1857
2026-04-11 02:10:28,965 __init__.py log_once [line:227] INFO min_local_test_accuracy       0.2000
2026-04-11 02:10:28,965 __init__.py log_once [line:227] INFO max_local_test_accuracy       0.6897
2026-04-11 02:10:28,965 __init__.py log_once [line:227] INFO local_test_loss               2.0626
2026-04-11 02:10:28,965 __init__.py log_once [line:227] INFO mean_local_test_loss          2.0060
2026-04-11 02:10:28,965 __init__.py log_once [line:227] INFO std_local_test_loss           0.6850
2026-04-11 02:10:28,965 __init__.py log_once [line:227] INFO min_local_test_loss           1.0329
2026-04-11 02:10:28,965 __init__.py log_once [line:227] INFO max_local_test_loss           2.7445
2026-04-11 02:10:28,965 fedbase.py run [line:316] INFO Eval Time Cost:               3.1365s
2026-04-11 02:10:40,524 fedbase.py run [line:311] INFO --------------Round 8--------------
2026-04-11 02:10:43,915 __init__.py log_once [line:227] INFO local_val_accuracy            0.4135
2026-04-11 02:10:43,915 __init__.py log_once [line:227] INFO mean_local_val_accuracy       0.3722
2026-04-11 02:10:43,916 __init__.py log_once [line:227] INFO std_local_val_accuracy        0.1533
2026-04-11 02:10:43,916 __init__.py log_once [line:227] INFO min_local_val_accuracy        0.1250
2026-04-11 02:10:43,916 __init__.py log_once [line:227] INFO max_local_val_accuracy        0.5333
2026-04-11 02:10:43,916 __init__.py log_once [line:227] INFO local_val_loss                1.8926
2026-04-11 02:10:43,916 __init__.py log_once [line:227] INFO mean_local_val_loss           1.9300
2026-04-11 02:10:43,916 __init__.py log_once [line:227] INFO std_local_val_loss            0.2093
2026-04-11 02:10:43,916 __init__.py log_once [line:227] INFO min_local_val_loss            1.6970
2026-04-11 02:10:43,916 __init__.py log_once [line:227] INFO max_local_val_loss            2.2064
2026-04-11 02:10:43,916 __init__.py log_once [line:227] INFO local_test_accuracy           0.4418
2026-04-11 02:10:43,916 __init__.py log_once [line:227] INFO mean_local_test_accuracy      0.4285
2026-04-11 02:10:43,916 __init__.py log_once [line:227] INFO std_local_test_accuracy       0.1187
2026-04-11 02:10:43,916 __init__.py log_once [line:227] INFO min_local_test_accuracy       0.2667
2026-04-11 02:10:43,916 __init__.py log_once [line:227] INFO max_local_test_accuracy       0.5862
2026-04-11 02:10:43,916 __init__.py log_once [line:227] INFO local_test_loss               1.7692
2026-04-11 02:10:43,916 __init__.py log_once [line:227] INFO mean_local_test_loss          1.8208
2026-04-11 02:10:43,916 __init__.py log_once [line:227] INFO std_local_test_loss           0.1864
2026-04-11 02:10:43,916 __init__.py log_once [line:227] INFO min_local_test_loss           1.6303
2026-04-11 02:10:43,916 __init__.py log_once [line:227] INFO max_local_test_loss           2.1301
2026-04-11 02:10:43,916 fedbase.py run [line:316] INFO Eval Time Cost:               3.3922s
2026-04-11 02:10:55,114 fedbase.py run [line:311] INFO --------------Round 9--------------
2026-04-11 02:10:58,367 __init__.py log_once [line:227] INFO local_val_accuracy            0.3859
2026-04-11 02:10:58,367 __init__.py log_once [line:227] INFO mean_local_val_accuracy       0.3627
2026-04-11 02:10:58,367 __init__.py log_once [line:227] INFO std_local_val_accuracy        0.1153
2026-04-11 02:10:58,367 __init__.py log_once [line:227] INFO min_local_val_accuracy        0.1875
2026-04-11 02:10:58,367 __init__.py log_once [line:227] INFO max_local_val_accuracy        0.5000
2026-04-11 02:10:58,367 __init__.py log_once [line:227] INFO local_val_loss                2.0391
2026-04-11 02:10:58,367 __init__.py log_once [line:227] INFO mean_local_val_loss           2.0262
2026-04-11 02:10:58,367 __init__.py log_once [line:227] INFO std_local_val_loss            0.2856
2026-04-11 02:10:58,368 __init__.py log_once [line:227] INFO min_local_val_loss            1.7498
2026-04-11 02:10:58,368 __init__.py log_once [line:227] INFO max_local_val_loss            2.4303
2026-04-11 02:10:58,368 __init__.py log_once [line:227] INFO local_test_accuracy           0.5013
2026-04-11 02:10:58,368 __init__.py log_once [line:227] INFO mean_local_test_accuracy      0.4648
2026-04-11 02:10:58,368 __init__.py log_once [line:227] INFO std_local_test_accuracy       0.1010
2026-04-11 02:10:58,368 __init__.py log_once [line:227] INFO min_local_test_accuracy       0.3333
2026-04-11 02:10:58,368 __init__.py log_once [line:227] INFO max_local_test_accuracy       0.5982
2026-04-11 02:10:58,368 __init__.py log_once [line:227] INFO local_test_loss               1.7192
2026-04-11 02:10:58,368 __init__.py log_once [line:227] INFO mean_local_test_loss          1.8323
2026-04-11 02:10:58,368 __init__.py log_once [line:227] INFO std_local_test_loss           0.3265
2026-04-11 02:10:58,368 __init__.py log_once [line:227] INFO min_local_test_loss           1.3701
2026-04-11 02:10:58,368 __init__.py log_once [line:227] INFO max_local_test_loss           2.2107
2026-04-11 02:10:58,368 fedbase.py run [line:316] INFO Eval Time Cost:               3.2539s
2026-04-11 02:11:09,947 fedbase.py run [line:311] INFO --------------Round 10--------------
2026-04-11 02:11:13,116 __init__.py log_once [line:227] INFO local_val_accuracy            0.2913
2026-04-11 02:11:13,117 __init__.py log_once [line:227] INFO mean_local_val_accuracy       0.2867
2026-04-11 02:11:13,117 __init__.py log_once [line:227] INFO std_local_val_accuracy        0.1398
2026-04-11 02:11:13,117 __init__.py log_once [line:227] INFO min_local_val_accuracy        0.1333
2026-04-11 02:11:13,117 __init__.py log_once [line:227] INFO max_local_val_accuracy        0.4688
2026-04-11 02:11:13,117 __init__.py log_once [line:227] INFO local_val_loss                2.5366
2026-04-11 02:11:13,117 __init__.py log_once [line:227] INFO mean_local_val_loss           2.5498
2026-04-11 02:11:13,117 __init__.py log_once [line:227] INFO std_local_val_loss            0.8242
2026-04-11 02:11:13,117 __init__.py log_once [line:227] INFO min_local_val_loss            1.6348
2026-04-11 02:11:13,117 __init__.py log_once [line:227] INFO max_local_val_loss            3.7702
2026-04-11 02:11:13,117 __init__.py log_once [line:227] INFO local_test_accuracy           0.3710
2026-04-11 02:11:13,117 __init__.py log_once [line:227] INFO mean_local_test_accuracy      0.3634
2026-04-11 02:11:13,117 __init__.py log_once [line:227] INFO std_local_test_accuracy       0.1905
2026-04-11 02:11:13,117 __init__.py log_once [line:227] INFO min_local_test_accuracy       0.1034
2026-04-11 02:11:13,117 __init__.py log_once [line:227] INFO max_local_test_accuracy       0.5579
2026-04-11 02:11:13,117 __init__.py log_once [line:227] INFO local_test_loss               2.3005
2026-04-11 02:11:13,117 __init__.py log_once [line:227] INFO mean_local_test_loss          2.3768
2026-04-11 02:11:13,117 __init__.py log_once [line:227] INFO std_local_test_loss           0.9650
2026-04-11 02:11:13,117 __init__.py log_once [line:227] INFO min_local_test_loss           1.4155
2026-04-11 02:11:13,118 __init__.py log_once [line:227] INFO max_local_test_loss           3.8749
2026-04-11 02:11:13,118 fedbase.py run [line:316] INFO Eval Time Cost:               3.1701s
2026-04-11 02:11:24,526 fedbase.py run [line:311] INFO --------------Round 11--------------
2026-04-11 02:11:27,708 __init__.py log_once [line:227] INFO local_val_accuracy            0.6263
2026-04-11 02:11:27,709 __init__.py log_once [line:227] INFO mean_local_val_accuracy       0.5739
2026-04-11 02:11:27,709 __init__.py log_once [line:227] INFO std_local_val_accuracy        0.1057
2026-04-11 02:11:27,709 __init__.py log_once [line:227] INFO min_local_val_accuracy        0.4667
2026-04-11 02:11:27,709 __init__.py log_once [line:227] INFO max_local_val_accuracy        0.7396
2026-04-11 02:11:27,709 __init__.py log_once [line:227] INFO local_val_loss                1.1958
2026-04-11 02:11:27,709 __init__.py log_once [line:227] INFO mean_local_val_loss           1.3263
2026-04-11 02:11:27,709 __init__.py log_once [line:227] INFO std_local_val_loss            0.3764
2026-04-11 02:11:27,709 __init__.py log_once [line:227] INFO min_local_val_loss            0.8282
2026-04-11 02:11:27,709 __init__.py log_once [line:227] INFO max_local_val_loss            1.8881
2026-04-11 02:11:27,709 __init__.py log_once [line:227] INFO local_test_accuracy           0.6768
2026-04-11 02:11:27,709 __init__.py log_once [line:227] INFO mean_local_test_accuracy      0.6143
2026-04-11 02:11:27,709 __init__.py log_once [line:227] INFO std_local_test_accuracy       0.1183
2026-04-11 02:11:27,709 __init__.py log_once [line:227] INFO min_local_test_accuracy       0.4828
2026-04-11 02:11:27,709 __init__.py log_once [line:227] INFO max_local_test_accuracy       0.7895
2026-04-11 02:11:27,709 __init__.py log_once [line:227] INFO local_test_loss               1.1318
2026-04-11 02:11:27,709 __init__.py log_once [line:227] INFO mean_local_test_loss          1.2855
2026-04-11 02:11:27,709 __init__.py log_once [line:227] INFO std_local_test_loss           0.4001
2026-04-11 02:11:27,709 __init__.py log_once [line:227] INFO min_local_test_loss           0.7397
2026-04-11 02:11:27,710 __init__.py log_once [line:227] INFO max_local_test_loss           1.8697
2026-04-11 02:11:27,710 fedbase.py run [line:316] INFO Eval Time Cost:               3.1835s
2026-04-11 02:11:39,413 fedbase.py run [line:311] INFO --------------Round 12--------------
2026-04-11 02:11:42,610 __init__.py log_once [line:227] INFO local_val_accuracy            0.5360
2026-04-11 02:11:42,610 __init__.py log_once [line:227] INFO mean_local_val_accuracy       0.4665
2026-04-11 02:11:42,610 __init__.py log_once [line:227] INFO std_local_val_accuracy        0.1147
2026-04-11 02:11:42,610 __init__.py log_once [line:227] INFO min_local_val_accuracy        0.3333
2026-04-11 02:11:42,611 __init__.py log_once [line:227] INFO max_local_val_accuracy        0.6042
2026-04-11 02:11:42,611 __init__.py log_once [line:227] INFO local_val_loss                1.4401
2026-04-11 02:11:42,611 __init__.py log_once [line:227] INFO mean_local_val_loss           1.5855
2026-04-11 02:11:42,611 __init__.py log_once [line:227] INFO std_local_val_loss            0.5068
2026-04-11 02:11:42,611 __init__.py log_once [line:227] INFO min_local_val_loss            1.2644
2026-04-11 02:11:42,611 __init__.py log_once [line:227] INFO max_local_val_loss            2.4626
2026-04-11 02:11:42,611 __init__.py log_once [line:227] INFO local_test_accuracy           0.5851
2026-04-11 02:11:42,611 __init__.py log_once [line:227] INFO mean_local_test_accuracy      0.5287
2026-04-11 02:11:42,611 __init__.py log_once [line:227] INFO std_local_test_accuracy       0.1195
2026-04-11 02:11:42,611 __init__.py log_once [line:227] INFO min_local_test_accuracy       0.3448
2026-04-11 02:11:42,611 __init__.py log_once [line:227] INFO max_local_test_accuracy       0.6786
2026-04-11 02:11:42,611 __init__.py log_once [line:227] INFO local_test_loss               1.2954
2026-04-11 02:11:42,611 __init__.py log_once [line:227] INFO mean_local_test_loss          1.5156
2026-04-11 02:11:42,611 __init__.py log_once [line:227] INFO std_local_test_loss           0.5566
2026-04-11 02:11:42,611 __init__.py log_once [line:227] INFO min_local_test_loss           1.0052
2026-04-11 02:11:42,611 __init__.py log_once [line:227] INFO max_local_test_loss           2.4562
2026-04-11 02:11:42,611 fedbase.py run [line:316] INFO Eval Time Cost:               3.1977s
2026-04-11 02:11:54,052 fedbase.py run [line:311] INFO --------------Round 13--------------
2026-04-11 02:11:57,399 __init__.py log_once [line:227] INFO local_val_accuracy            0.5431
2026-04-11 02:11:57,399 __init__.py log_once [line:227] INFO mean_local_val_accuracy       0.5658
2026-04-11 02:11:57,399 __init__.py log_once [line:227] INFO std_local_val_accuracy        0.0411
2026-04-11 02:11:57,399 __init__.py log_once [line:227] INFO min_local_val_accuracy        0.5089
2026-04-11 02:11:57,399 __init__.py log_once [line:227] INFO max_local_val_accuracy        0.6250
2026-04-11 02:11:57,400 __init__.py log_once [line:227] INFO local_val_loss                1.7154
2026-04-11 02:11:57,400 __init__.py log_once [line:227] INFO mean_local_val_loss           1.5121
2026-04-11 02:11:57,400 __init__.py log_once [line:227] INFO std_local_val_loss            0.3532
2026-04-11 02:11:57,400 __init__.py log_once [line:227] INFO min_local_val_loss            0.9379
2026-04-11 02:11:57,400 __init__.py log_once [line:227] INFO max_local_val_loss            1.8223
2026-04-11 02:11:57,400 __init__.py log_once [line:227] INFO local_test_accuracy           0.5699
2026-04-11 02:11:57,400 __init__.py log_once [line:227] INFO mean_local_test_accuracy      0.5913
2026-04-11 02:11:57,400 __init__.py log_once [line:227] INFO std_local_test_accuracy       0.0578
2026-04-11 02:11:57,400 __init__.py log_once [line:227] INFO min_local_test_accuracy       0.5053
2026-04-11 02:11:57,400 __init__.py log_once [line:227] INFO max_local_test_accuracy       0.6667
2026-04-11 02:11:57,400 __init__.py log_once [line:227] INFO local_test_loss               1.4807
2026-04-11 02:11:57,400 __init__.py log_once [line:227] INFO mean_local_test_loss          1.4878
2026-04-11 02:11:57,400 __init__.py log_once [line:227] INFO std_local_test_loss           0.1321
2026-04-11 02:11:57,400 __init__.py log_once [line:227] INFO min_local_test_loss           1.3116
2026-04-11 02:11:57,400 __init__.py log_once [line:227] INFO max_local_test_loss           1.6689
2026-04-11 02:11:57,400 fedbase.py run [line:316] INFO Eval Time Cost:               3.3478s
2026-04-11 02:12:08,718 fedbase.py run [line:311] INFO --------------Round 14--------------
2026-04-11 02:12:11,791 __init__.py log_once [line:227] INFO local_val_accuracy            0.5113
2026-04-11 02:12:11,792 __init__.py log_once [line:227] INFO mean_local_val_accuracy       0.5805
2026-04-11 02:12:11,792 __init__.py log_once [line:227] INFO std_local_val_accuracy        0.1188
2026-04-11 02:12:11,792 __init__.py log_once [line:227] INFO min_local_val_accuracy        0.4167
2026-04-11 02:12:11,792 __init__.py log_once [line:227] INFO max_local_val_accuracy        0.7000
2026-04-11 02:12:11,792 __init__.py log_once [line:227] INFO local_val_loss                1.6704
2026-04-11 02:12:11,792 __init__.py log_once [line:227] INFO mean_local_val_loss           1.4203
2026-04-11 02:12:11,792 __init__.py log_once [line:227] INFO std_local_val_loss            0.3881
2026-04-11 02:12:11,792 __init__.py log_once [line:227] INFO min_local_val_loss            1.0277
2026-04-11 02:12:11,792 __init__.py log_once [line:227] INFO max_local_val_loss            1.8215
2026-04-11 02:12:11,792 __init__.py log_once [line:227] INFO local_test_accuracy           0.5664
2026-04-11 02:12:11,792 __init__.py log_once [line:227] INFO mean_local_test_accuracy      0.6462
2026-04-11 02:12:11,792 __init__.py log_once [line:227] INFO std_local_test_accuracy       0.1445
2026-04-11 02:12:11,792 __init__.py log_once [line:227] INFO min_local_test_accuracy       0.4526
2026-04-11 02:12:11,792 __init__.py log_once [line:227] INFO max_local_test_accuracy       0.8276
2026-04-11 02:12:11,792 __init__.py log_once [line:227] INFO local_test_loss               1.4995
2026-04-11 02:12:11,792 __init__.py log_once [line:227] INFO mean_local_test_loss          1.2697
2026-04-11 02:12:11,792 __init__.py log_once [line:227] INFO std_local_test_loss           0.4071
2026-04-11 02:12:11,792 __init__.py log_once [line:227] INFO min_local_test_loss           0.7303
2026-04-11 02:12:11,792 __init__.py log_once [line:227] INFO max_local_test_loss           1.7709
2026-04-11 02:12:11,793 fedbase.py run [line:316] INFO Eval Time Cost:               3.0738s
2026-04-11 02:12:22,789 fedbase.py run [line:311] INFO --------------Round 15--------------
2026-04-11 02:12:25,854 __init__.py log_once [line:227] INFO local_val_accuracy            0.7007
2026-04-11 02:12:25,855 __init__.py log_once [line:227] INFO mean_local_val_accuracy       0.6965
2026-04-11 02:12:25,855 __init__.py log_once [line:227] INFO std_local_val_accuracy        0.0501
2026-04-11 02:12:25,855 __init__.py log_once [line:227] INFO min_local_val_accuracy        0.6250
2026-04-11 02:12:25,855 __init__.py log_once [line:227] INFO max_local_val_accuracy        0.7667
2026-04-11 02:12:25,855 __init__.py log_once [line:227] INFO local_val_loss                0.9406
2026-04-11 02:12:25,855 __init__.py log_once [line:227] INFO mean_local_val_loss           0.9378
2026-04-11 02:12:25,855 __init__.py log_once [line:227] INFO std_local_val_loss            0.2258
2026-04-11 02:12:25,855 __init__.py log_once [line:227] INFO min_local_val_loss            0.5897
2026-04-11 02:12:25,855 __init__.py log_once [line:227] INFO max_local_val_loss            1.2218
2026-04-11 02:12:25,855 __init__.py log_once [line:227] INFO local_test_accuracy           0.7212
2026-04-11 02:12:25,855 __init__.py log_once [line:227] INFO mean_local_test_accuracy      0.7262
2026-04-11 02:12:25,855 __init__.py log_once [line:227] INFO std_local_test_accuracy       0.0512
2026-04-11 02:12:25,855 __init__.py log_once [line:227] INFO min_local_test_accuracy       0.6552
2026-04-11 02:12:25,855 __init__.py log_once [line:227] INFO max_local_test_accuracy       0.8000
2026-04-11 02:12:25,855 __init__.py log_once [line:227] INFO local_test_loss               0.9970
2026-04-11 02:12:25,855 __init__.py log_once [line:227] INFO mean_local_test_loss          0.9319
2026-04-11 02:12:25,855 __init__.py log_once [line:227] INFO std_local_test_loss           0.1200
2026-04-11 02:12:25,855 __init__.py log_once [line:227] INFO min_local_test_loss           0.7854
2026-04-11 02:12:25,855 __init__.py log_once [line:227] INFO max_local_test_loss           1.0988
2026-04-11 02:12:25,855 fedbase.py run [line:316] INFO Eval Time Cost:               3.0665s
2026-04-11 02:12:37,540 fedbase.py run [line:311] INFO --------------Round 16--------------
2026-04-11 02:12:40,782 __init__.py log_once [line:227] INFO local_val_accuracy            0.6450
2026-04-11 02:12:40,783 __init__.py log_once [line:227] INFO mean_local_val_accuracy       0.7173
2026-04-11 02:12:40,783 __init__.py log_once [line:227] INFO std_local_val_accuracy        0.1432
2026-04-11 02:12:40,783 __init__.py log_once [line:227] INFO min_local_val_accuracy        0.5521
2026-04-11 02:12:40,783 __init__.py log_once [line:227] INFO max_local_val_accuracy        0.9333
2026-04-11 02:12:40,783 __init__.py log_once [line:227] INFO local_val_loss                1.1548
2026-04-11 02:12:40,783 __init__.py log_once [line:227] INFO mean_local_val_loss           0.8907
2026-04-11 02:12:40,783 __init__.py log_once [line:227] INFO std_local_val_loss            0.5074
2026-04-11 02:12:40,783 __init__.py log_once [line:227] INFO min_local_val_loss            0.2246
2026-04-11 02:12:40,783 __init__.py log_once [line:227] INFO max_local_val_loss            1.5864
2026-04-11 02:12:40,783 __init__.py log_once [line:227] INFO local_test_accuracy           0.6689
2026-04-11 02:12:40,783 __init__.py log_once [line:227] INFO mean_local_test_accuracy      0.6590
2026-04-11 02:12:40,783 __init__.py log_once [line:227] INFO std_local_test_accuracy       0.1104
2026-04-11 02:12:40,783 __init__.py log_once [line:227] INFO min_local_test_accuracy       0.5333
2026-04-11 02:12:40,783 __init__.py log_once [line:227] INFO max_local_test_accuracy       0.7931
2026-04-11 02:12:40,783 __init__.py log_once [line:227] INFO local_test_loss               1.1007
2026-04-11 02:12:40,783 __init__.py log_once [line:227] INFO mean_local_test_loss          1.0485
2026-04-11 02:12:40,783 __init__.py log_once [line:227] INFO std_local_test_loss           0.4052
2026-04-11 02:12:40,784 __init__.py log_once [line:227] INFO min_local_test_loss           0.4886
2026-04-11 02:12:40,784 __init__.py log_once [line:227] INFO max_local_test_loss           1.5382
2026-04-11 02:12:40,784 fedbase.py run [line:316] INFO Eval Time Cost:               3.2437s
2026-04-11 02:12:52,301 fedbase.py run [line:311] INFO --------------Round 17--------------
2026-04-11 02:12:55,622 __init__.py log_once [line:227] INFO local_val_accuracy            0.3776
2026-04-11 02:12:55,622 __init__.py log_once [line:227] INFO mean_local_val_accuracy       0.3726
2026-04-11 02:12:55,622 __init__.py log_once [line:227] INFO std_local_val_accuracy        0.1343
2026-04-11 02:12:55,622 __init__.py log_once [line:227] INFO min_local_val_accuracy        0.2321
2026-04-11 02:12:55,622 __init__.py log_once [line:227] INFO max_local_val_accuracy        0.5417
2026-04-11 02:12:55,622 __init__.py log_once [line:227] INFO local_val_loss                2.6771
2026-04-11 02:12:55,623 __init__.py log_once [line:227] INFO mean_local_val_loss           2.3841
2026-04-11 02:12:55,623 __init__.py log_once [line:227] INFO std_local_val_loss            0.7288
2026-04-11 02:12:55,623 __init__.py log_once [line:227] INFO min_local_val_loss            1.6848
2026-04-11 02:12:55,623 __init__.py log_once [line:227] INFO max_local_val_loss            3.5916
2026-04-11 02:12:55,623 __init__.py log_once [line:227] INFO local_test_accuracy           0.4866
2026-04-11 02:12:55,623 __init__.py log_once [line:227] INFO mean_local_test_accuracy      0.5304
2026-04-11 02:12:55,623 __init__.py log_once [line:227] INFO std_local_test_accuracy       0.1006
2026-04-11 02:12:55,623 __init__.py log_once [line:227] INFO min_local_test_accuracy       0.3750
2026-04-11 02:12:55,623 __init__.py log_once [line:227] INFO max_local_test_accuracy       0.6552
2026-04-11 02:12:55,623 __init__.py log_once [line:227] INFO local_test_loss               2.1951
2026-04-11 02:12:55,623 __init__.py log_once [line:227] INFO mean_local_test_loss          1.8855
2026-04-11 02:12:55,623 __init__.py log_once [line:227] INFO std_local_test_loss           0.6378
2026-04-11 02:12:55,623 __init__.py log_once [line:227] INFO min_local_test_loss           1.0825
2026-04-11 02:12:55,623 __init__.py log_once [line:227] INFO max_local_test_loss           2.8679
2026-04-11 02:12:55,623 fedbase.py run [line:316] INFO Eval Time Cost:               3.3217s
2026-04-11 02:13:07,347 fedbase.py run [line:311] INFO --------------Round 18--------------
2026-04-11 02:13:10,610 __init__.py log_once [line:227] INFO local_val_accuracy            0.5397
2026-04-11 02:13:10,610 __init__.py log_once [line:227] INFO mean_local_val_accuracy       0.5182
2026-04-11 02:13:10,610 __init__.py log_once [line:227] INFO std_local_val_accuracy        0.0724
2026-04-11 02:13:10,610 __init__.py log_once [line:227] INFO min_local_val_accuracy        0.4000
2026-04-11 02:13:10,610 __init__.py log_once [line:227] INFO max_local_val_accuracy        0.5893
2026-04-11 02:13:10,610 __init__.py log_once [line:227] INFO local_val_loss                1.6880
2026-04-11 02:13:10,610 __init__.py log_once [line:227] INFO mean_local_val_loss           1.8690
2026-04-11 02:13:10,610 __init__.py log_once [line:227] INFO std_local_val_loss            0.3575
2026-04-11 02:13:10,610 __init__.py log_once [line:227] INFO min_local_val_loss            1.3705
2026-04-11 02:13:10,610 __init__.py log_once [line:227] INFO max_local_val_loss            2.3757
2026-04-11 02:13:10,610 __init__.py log_once [line:227] INFO local_test_accuracy           0.5733
2026-04-11 02:13:10,611 __init__.py log_once [line:227] INFO mean_local_test_accuracy      0.5237
2026-04-11 02:13:10,611 __init__.py log_once [line:227] INFO std_local_test_accuracy       0.1961
2026-04-11 02:13:10,611 __init__.py log_once [line:227] INFO min_local_test_accuracy       0.2069
2026-04-11 02:13:10,611 __init__.py log_once [line:227] INFO max_local_test_accuracy       0.7054
2026-04-11 02:13:10,611 __init__.py log_once [line:227] INFO local_test_loss               1.4793
2026-04-11 02:13:10,611 __init__.py log_once [line:227] INFO mean_local_test_loss          1.6149
2026-04-11 02:13:10,611 __init__.py log_once [line:227] INFO std_local_test_loss           0.4238
2026-04-11 02:13:10,611 __init__.py log_once [line:227] INFO min_local_test_loss           1.1215
2026-04-11 02:13:10,611 __init__.py log_once [line:227] INFO max_local_test_loss           2.2679
2026-04-11 02:13:10,611 fedbase.py run [line:316] INFO Eval Time Cost:               3.2632s
2026-04-11 02:13:22,330 fedbase.py run [line:311] INFO --------------Round 19--------------
2026-04-11 02:13:25,555 __init__.py log_once [line:227] INFO local_val_accuracy            0.6615
2026-04-11 02:13:25,556 __init__.py log_once [line:227] INFO mean_local_val_accuracy       0.6602
2026-04-11 02:13:25,556 __init__.py log_once [line:227] INFO std_local_val_accuracy        0.0374
2026-04-11 02:13:25,556 __init__.py log_once [line:227] INFO min_local_val_accuracy        0.6146
2026-04-11 02:13:25,556 __init__.py log_once [line:227] INFO max_local_val_accuracy        0.7054
2026-04-11 02:13:25,556 __init__.py log_once [line:227] INFO local_val_loss                1.1222
2026-04-11 02:13:25,556 __init__.py log_once [line:227] INFO mean_local_val_loss           1.1388
2026-04-11 02:13:25,556 __init__.py log_once [line:227] INFO std_local_val_loss            0.1651
2026-04-11 02:13:25,556 __init__.py log_once [line:227] INFO min_local_val_loss            0.9118
2026-04-11 02:13:25,556 __init__.py log_once [line:227] INFO max_local_val_loss            1.3427
2026-04-11 02:13:25,556 __init__.py log_once [line:227] INFO local_test_accuracy           0.6174
2026-04-11 02:13:25,556 __init__.py log_once [line:227] INFO mean_local_test_accuracy      0.6245
2026-04-11 02:13:25,556 __init__.py log_once [line:227] INFO std_local_test_accuracy       0.0751
2026-04-11 02:13:25,556 __init__.py log_once [line:227] INFO min_local_test_accuracy       0.5053
2026-04-11 02:13:25,556 __init__.py log_once [line:227] INFO max_local_test_accuracy       0.7054
2026-04-11 02:13:25,556 __init__.py log_once [line:227] INFO local_test_loss               1.2143
2026-04-11 02:13:25,556 __init__.py log_once [line:227] INFO mean_local_test_loss          1.2813
2026-04-11 02:13:25,556 __init__.py log_once [line:227] INFO std_local_test_loss           0.2601
2026-04-11 02:13:25,556 __init__.py log_once [line:227] INFO min_local_test_loss           0.8843
2026-04-11 02:13:25,556 __init__.py log_once [line:227] INFO max_local_test_loss           1.5584
2026-04-11 02:13:25,556 fedbase.py run [line:316] INFO Eval Time Cost:               3.2263s
2026-04-11 02:13:37,482 fedbase.py run [line:311] INFO --------------Round 20--------------
2026-04-11 02:13:40,712 __init__.py log_once [line:227] INFO local_val_accuracy            0.7911
2026-04-11 02:13:40,712 __init__.py log_once [line:227] INFO mean_local_val_accuracy       0.8185
2026-04-11 02:13:40,712 __init__.py log_once [line:227] INFO std_local_val_accuracy        0.0527
2026-04-11 02:13:40,712 __init__.py log_once [line:227] INFO min_local_val_accuracy        0.7321
2026-04-11 02:13:40,712 __init__.py log_once [line:227] INFO max_local_val_accuracy        0.8750
2026-04-11 02:13:40,712 __init__.py log_once [line:227] INFO local_val_loss                0.6687
2026-04-11 02:13:40,712 __init__.py log_once [line:227] INFO mean_local_val_loss           0.5889
2026-04-11 02:13:40,712 __init__.py log_once [line:227] INFO std_local_val_loss            0.1696
2026-04-11 02:13:40,712 __init__.py log_once [line:227] INFO min_local_val_loss            0.4821
2026-04-11 02:13:40,712 __init__.py log_once [line:227] INFO max_local_val_loss            0.8821
2026-04-11 02:13:40,713 __init__.py log_once [line:227] INFO local_test_accuracy           0.7731
2026-04-11 02:13:40,713 __init__.py log_once [line:227] INFO mean_local_test_accuracy      0.7784
2026-04-11 02:13:40,713 __init__.py log_once [line:227] INFO std_local_test_accuracy       0.0410
2026-04-11 02:13:40,713 __init__.py log_once [line:227] INFO min_local_test_accuracy       0.7232
2026-04-11 02:13:40,713 __init__.py log_once [line:227] INFO max_local_test_accuracy       0.8316
2026-04-11 02:13:40,713 __init__.py log_once [line:227] INFO local_test_loss               0.7104
2026-04-11 02:13:40,713 __init__.py log_once [line:227] INFO mean_local_test_loss          0.7423
2026-04-11 02:13:40,713 __init__.py log_once [line:227] INFO std_local_test_loss           0.1788
2026-04-11 02:13:40,713 __init__.py log_once [line:227] INFO min_local_test_loss           0.5089
2026-04-11 02:13:40,713 __init__.py log_once [line:227] INFO max_local_test_loss           0.9577
2026-04-11 02:13:40,713 fedbase.py run [line:316] INFO Eval Time Cost:               3.2311s
2026-04-11 02:13:52,488 fedbase.py run [line:311] INFO --------------Round 21--------------
2026-04-11 02:13:55,807 __init__.py log_once [line:227] INFO local_val_accuracy            0.7199
2026-04-11 02:13:55,807 __init__.py log_once [line:227] INFO mean_local_val_accuracy       0.7949
2026-04-11 02:13:55,807 __init__.py log_once [line:227] INFO std_local_val_accuracy        0.1356
2026-04-11 02:13:55,808 __init__.py log_once [line:227] INFO min_local_val_accuracy        0.6146
2026-04-11 02:13:55,808 __init__.py log_once [line:227] INFO max_local_val_accuracy        0.9667
2026-04-11 02:13:55,808 __init__.py log_once [line:227] INFO local_val_loss                0.9025
2026-04-11 02:13:55,808 __init__.py log_once [line:227] INFO mean_local_val_loss           0.6324
2026-04-11 02:13:55,808 __init__.py log_once [line:227] INFO std_local_val_loss            0.4585
2026-04-11 02:13:55,808 __init__.py log_once [line:227] INFO min_local_val_loss            0.1519
2026-04-11 02:13:55,808 __init__.py log_once [line:227] INFO max_local_val_loss            1.2470
2026-04-11 02:13:55,808 __init__.py log_once [line:227] INFO local_test_accuracy           0.7218
2026-04-11 02:13:55,808 __init__.py log_once [line:227] INFO mean_local_test_accuracy      0.7970
2026-04-11 02:13:55,808 __init__.py log_once [line:227] INFO std_local_test_accuracy       0.1201
2026-04-11 02:13:55,808 __init__.py log_once [line:227] INFO min_local_test_accuracy       0.6526
2026-04-11 02:13:55,808 __init__.py log_once [line:227] INFO max_local_test_accuracy       0.9333
2026-04-11 02:13:55,808 __init__.py log_once [line:227] INFO local_test_loss               0.9179
2026-04-11 02:13:55,808 __init__.py log_once [line:227] INFO mean_local_test_loss          0.7074
2026-04-11 02:13:55,808 __init__.py log_once [line:227] INFO std_local_test_loss           0.3609
2026-04-11 02:13:55,808 __init__.py log_once [line:227] INFO min_local_test_loss           0.3021
2026-04-11 02:13:55,808 __init__.py log_once [line:227] INFO max_local_test_loss           1.2099
2026-04-11 02:13:55,808 fedbase.py run [line:316] INFO Eval Time Cost:               3.3197s
2026-04-11 02:14:07,727 fedbase.py run [line:311] INFO --------------Round 22--------------
2026-04-11 02:14:10,986 __init__.py log_once [line:227] INFO local_val_accuracy            0.5947
2026-04-11 02:14:10,986 __init__.py log_once [line:227] INFO mean_local_val_accuracy       0.5765
2026-04-11 02:14:10,986 __init__.py log_once [line:227] INFO std_local_val_accuracy        0.1025
2026-04-11 02:14:10,986 __init__.py log_once [line:227] INFO min_local_val_accuracy        0.4583
2026-04-11 02:14:10,986 __init__.py log_once [line:227] INFO max_local_val_accuracy        0.7143
2026-04-11 02:14:10,986 __init__.py log_once [line:227] INFO local_val_loss                1.9868
2026-04-11 02:14:10,986 __init__.py log_once [line:227] INFO mean_local_val_loss           1.8605
2026-04-11 02:14:10,986 __init__.py log_once [line:227] INFO std_local_val_loss            0.8303
2026-04-11 02:14:10,986 __init__.py log_once [line:227] INFO min_local_val_loss            1.0833
2026-04-11 02:14:10,986 __init__.py log_once [line:227] INFO max_local_val_loss            3.2589
2026-04-11 02:14:10,987 __init__.py log_once [line:227] INFO local_test_accuracy           0.6733
2026-04-11 02:14:10,987 __init__.py log_once [line:227] INFO mean_local_test_accuracy      0.6858
2026-04-11 02:14:10,987 __init__.py log_once [line:227] INFO std_local_test_accuracy       0.0647
2026-04-11 02:14:10,987 __init__.py log_once [line:227] INFO min_local_test_accuracy       0.5789
2026-04-11 02:14:10,987 __init__.py log_once [line:227] INFO max_local_test_accuracy       0.7411
2026-04-11 02:14:10,987 __init__.py log_once [line:227] INFO local_test_loss               1.6333
2026-04-11 02:14:10,987 __init__.py log_once [line:227] INFO mean_local_test_loss          1.4075
2026-04-11 02:14:10,987 __init__.py log_once [line:227] INFO std_local_test_loss           0.7625
2026-04-11 02:14:10,987 __init__.py log_once [line:227] INFO min_local_test_loss           0.7130
2026-04-11 02:14:10,987 __init__.py log_once [line:227] INFO max_local_test_loss           2.6828
2026-04-11 02:14:10,987 fedbase.py run [line:316] INFO Eval Time Cost:               3.2596s
2026-04-11 02:14:22,771 fedbase.py run [line:311] INFO --------------Round 23--------------
2026-04-11 02:14:25,974 __init__.py log_once [line:227] INFO local_val_accuracy            0.7637
2026-04-11 02:14:25,974 __init__.py log_once [line:227] INFO mean_local_val_accuracy       0.7827
2026-04-11 02:14:25,974 __init__.py log_once [line:227] INFO std_local_val_accuracy        0.0563
2026-04-11 02:14:25,974 __init__.py log_once [line:227] INFO min_local_val_accuracy        0.7333
2026-04-11 02:14:25,974 __init__.py log_once [line:227] INFO max_local_val_accuracy        0.8750
2026-04-11 02:14:25,974 __init__.py log_once [line:227] INFO local_val_loss                0.8450
2026-04-11 02:14:25,974 __init__.py log_once [line:227] INFO mean_local_val_loss           0.7593
2026-04-11 02:14:25,974 __init__.py log_once [line:227] INFO std_local_val_loss            0.2963
2026-04-11 02:14:25,974 __init__.py log_once [line:227] INFO min_local_val_loss            0.3019
2026-04-11 02:14:25,974 __init__.py log_once [line:227] INFO max_local_val_loss            1.0435
2026-04-11 02:14:25,974 __init__.py log_once [line:227] INFO local_test_accuracy           0.7533
2026-04-11 02:14:25,974 __init__.py log_once [line:227] INFO mean_local_test_accuracy      0.7728
2026-04-11 02:14:25,974 __init__.py log_once [line:227] INFO std_local_test_accuracy       0.0567
2026-04-11 02:14:25,974 __init__.py log_once [line:227] INFO min_local_test_accuracy       0.7241
2026-04-11 02:14:25,975 __init__.py log_once [line:227] INFO max_local_test_accuracy       0.8667
2026-04-11 02:14:25,975 __init__.py log_once [line:227] INFO local_test_loss               0.8126
2026-04-11 02:14:25,975 __init__.py log_once [line:227] INFO mean_local_test_loss          0.6922
2026-04-11 02:14:25,975 __init__.py log_once [line:227] INFO std_local_test_loss           0.2652
2026-04-11 02:14:25,975 __init__.py log_once [line:227] INFO min_local_test_loss           0.2445
2026-04-11 02:14:25,975 __init__.py log_once [line:227] INFO max_local_test_loss           0.9294
2026-04-11 02:14:25,975 fedbase.py run [line:316] INFO Eval Time Cost:               3.2039s
2026-04-11 02:14:37,871 fedbase.py run [line:311] INFO --------------Round 24--------------
2026-04-11 02:14:41,144 __init__.py log_once [line:227] INFO local_val_accuracy            0.7484
2026-04-11 02:14:41,144 __init__.py log_once [line:227] INFO mean_local_val_accuracy       0.7275
2026-04-11 02:14:41,144 __init__.py log_once [line:227] INFO std_local_val_accuracy        0.1628
2026-04-11 02:14:41,144 __init__.py log_once [line:227] INFO min_local_val_accuracy        0.4667
2026-04-11 02:14:41,144 __init__.py log_once [line:227] INFO max_local_val_accuracy        0.8750
2026-04-11 02:14:41,144 __init__.py log_once [line:227] INFO local_val_loss                0.7539
2026-04-11 02:14:41,144 __init__.py log_once [line:227] INFO mean_local_val_loss           0.7759
2026-04-11 02:14:41,144 __init__.py log_once [line:227] INFO std_local_val_loss            0.3810
2026-04-11 02:14:41,144 __init__.py log_once [line:227] INFO min_local_val_loss            0.4187
2026-04-11 02:14:41,144 __init__.py log_once [line:227] INFO max_local_val_loss            1.3293
2026-04-11 02:14:41,144 __init__.py log_once [line:227] INFO local_test_accuracy           0.7571
2026-04-11 02:14:41,144 __init__.py log_once [line:227] INFO mean_local_test_accuracy      0.7503
2026-04-11 02:14:41,144 __init__.py log_once [line:227] INFO std_local_test_accuracy       0.0697
2026-04-11 02:14:41,145 __init__.py log_once [line:227] INFO min_local_test_accuracy       0.6552
2026-04-11 02:14:41,145 __init__.py log_once [line:227] INFO max_local_test_accuracy       0.8316
2026-04-11 02:14:41,145 __init__.py log_once [line:227] INFO local_test_loss               0.7672
2026-04-11 02:14:41,145 __init__.py log_once [line:227] INFO mean_local_test_loss          0.7475
2026-04-11 02:14:41,145 __init__.py log_once [line:227] INFO std_local_test_loss           0.2798
2026-04-11 02:14:41,145 __init__.py log_once [line:227] INFO min_local_test_loss           0.4102
2026-04-11 02:14:41,145 __init__.py log_once [line:227] INFO max_local_test_loss           1.1188
2026-04-11 02:14:41,145 fedbase.py run [line:316] INFO Eval Time Cost:               3.2739s
2026-04-11 02:14:52,702 fedbase.py run [line:311] INFO --------------Round 25--------------
2026-04-11 02:14:55,958 __init__.py log_once [line:227] INFO local_val_accuracy            0.8066
2026-04-11 02:14:55,958 __init__.py log_once [line:227] INFO mean_local_val_accuracy       0.8667
2026-04-11 02:14:55,958 __init__.py log_once [line:227] INFO std_local_val_accuracy        0.1000
2026-04-11 02:14:55,958 __init__.py log_once [line:227] INFO min_local_val_accuracy        0.7232
2026-04-11 02:14:55,958 __init__.py log_once [line:227] INFO max_local_val_accuracy        1.0000
2026-04-11 02:14:55,958 __init__.py log_once [line:227] INFO local_val_loss                0.6464
2026-04-11 02:14:55,958 __init__.py log_once [line:227] INFO mean_local_val_loss           0.4959
2026-04-11 02:14:55,958 __init__.py log_once [line:227] INFO std_local_val_loss            0.2748
2026-04-11 02:14:55,958 __init__.py log_once [line:227] INFO min_local_val_loss            0.2114
2026-04-11 02:14:55,958 __init__.py log_once [line:227] INFO max_local_val_loss            0.9482
2026-04-11 02:14:55,959 __init__.py log_once [line:227] INFO local_test_accuracy           0.8092
2026-04-11 02:14:55,959 __init__.py log_once [line:227] INFO mean_local_test_accuracy      0.8396
2026-04-11 02:14:55,959 __init__.py log_once [line:227] INFO std_local_test_accuracy       0.0634
2026-04-11 02:14:55,959 __init__.py log_once [line:227] INFO min_local_test_accuracy       0.7321
2026-04-11 02:14:55,959 __init__.py log_once [line:227] INFO max_local_test_accuracy       0.8966
2026-04-11 02:14:55,959 __init__.py log_once [line:227] INFO local_test_loss               0.6377
2026-04-11 02:14:55,959 __init__.py log_once [line:227] INFO mean_local_test_loss          0.5028
2026-04-11 02:14:55,959 __init__.py log_once [line:227] INFO std_local_test_loss           0.2357
2026-04-11 02:14:55,959 __init__.py log_once [line:227] INFO min_local_test_loss           0.2639
2026-04-11 02:14:55,959 __init__.py log_once [line:227] INFO max_local_test_loss           0.8871
2026-04-11 02:14:55,959 fedbase.py run [line:316] INFO Eval Time Cost:               3.2569s
2026-04-11 02:15:07,580 fedbase.py run [line:311] INFO --------------Round 26--------------
2026-04-11 02:15:10,906 __init__.py log_once [line:227] INFO local_val_accuracy            0.7988
2026-04-11 02:15:10,906 __init__.py log_once [line:227] INFO mean_local_val_accuracy       0.8432
2026-04-11 02:15:10,906 __init__.py log_once [line:227] INFO std_local_val_accuracy        0.0809
2026-04-11 02:15:10,906 __init__.py log_once [line:227] INFO min_local_val_accuracy        0.7143
2026-04-11 02:15:10,907 __init__.py log_once [line:227] INFO max_local_val_accuracy        0.9375
2026-04-11 02:15:10,907 __init__.py log_once [line:227] INFO local_val_loss                0.6333
2026-04-11 02:15:10,907 __init__.py log_once [line:227] INFO mean_local_val_loss           0.4713
2026-04-11 02:15:10,907 __init__.py log_once [line:227] INFO std_local_val_loss            0.2891
2026-04-11 02:15:10,907 __init__.py log_once [line:227] INFO min_local_val_loss            0.2212
2026-04-11 02:15:10,907 __init__.py log_once [line:227] INFO max_local_val_loss            0.9526
2026-04-11 02:15:10,907 __init__.py log_once [line:227] INFO local_test_accuracy           0.7976
2026-04-11 02:15:10,907 __init__.py log_once [line:227] INFO mean_local_test_accuracy      0.8550
2026-04-11 02:15:10,907 __init__.py log_once [line:227] INFO std_local_test_accuracy       0.1043
2026-04-11 02:15:10,907 __init__.py log_once [line:227] INFO min_local_test_accuracy       0.7054
2026-04-11 02:15:10,907 __init__.py log_once [line:227] INFO max_local_test_accuracy       1.0000
2026-04-11 02:15:10,907 __init__.py log_once [line:227] INFO local_test_loss               0.6309
2026-04-11 02:15:10,907 __init__.py log_once [line:227] INFO mean_local_test_loss          0.4771
2026-04-11 02:15:10,907 __init__.py log_once [line:227] INFO std_local_test_loss           0.2565
2026-04-11 02:15:10,907 __init__.py log_once [line:227] INFO min_local_test_loss           0.1459
2026-04-11 02:15:10,907 __init__.py log_once [line:227] INFO max_local_test_loss           0.8546
2026-04-11 02:15:10,907 fedbase.py run [line:316] INFO Eval Time Cost:               3.3265s
