2026-04-10 15:56:36,754 fflow.py init [line:848] INFO PROCESS ID:	3873
2026-04-10 15:56:36,754 fflow.py init [line:849] INFO Initializing devices: cuda:0 will be used for this running.
2026-04-10 15:56:36,754 fflow.py init [line:852] INFO BENCHMARK:	benchmark.office_caltech10_classification
2026-04-10 15:56:36,754 fflow.py init [line:853] INFO TASK:			task/office_caltech10_c4
2026-04-10 15:56:36,754 fflow.py init [line:854] INFO MODEL:		benchmark.office_caltech10_classification.model.default_model
2026-04-10 15:56:36,754 fflow.py init [line:855] INFO ALGORITHM:	fedbn
2026-04-10 15:56:36,757 fflow.py init [line:901] INFO SCENE:		horizontal FL with 1 <class 'flgo.algorithm.fedbase.BasicServer'>, 4 <class 'algorithm.fedbn.Client'>
2026-04-10 15:56:37,341 fflow.py init [line:918] INFO SIMULATOR:	<class 'flgo.simulator.default_simulator.Simulator'>
2026-04-10 15:56:37,342 fflow.py init [line:931] INFO Ready to start.
2026-04-10 15:56:37,342 fedbase.py run [line:300] INFO --------------Initial Evaluation--------------
2026-04-10 15:56:40,184 __init__.py log_once [line:227] INFO local_val_accuracy            0.1300
2026-04-10 15:56:40,184 __init__.py log_once [line:227] INFO mean_local_val_accuracy       0.1159
2026-04-10 15:56:40,184 __init__.py log_once [line:227] INFO std_local_val_accuracy        0.0315
2026-04-10 15:56:40,184 __init__.py log_once [line:227] INFO min_local_val_accuracy        0.0625
2026-04-10 15:56:40,184 __init__.py log_once [line:227] INFO max_local_val_accuracy        0.1429
2026-04-10 15:56:40,184 __init__.py log_once [line:227] INFO local_val_loss                2.3009
2026-04-10 15:56:40,184 __init__.py log_once [line:227] INFO mean_local_val_loss           2.3014
2026-04-10 15:56:40,184 __init__.py log_once [line:227] INFO std_local_val_loss            0.0012
2026-04-10 15:56:40,184 __init__.py log_once [line:227] INFO min_local_val_loss            2.3001
2026-04-10 15:56:40,184 __init__.py log_once [line:227] INFO max_local_val_loss            2.3032
2026-04-10 15:56:40,185 __init__.py log_once [line:227] INFO local_test_accuracy           0.0839
2026-04-10 15:56:40,185 __init__.py log_once [line:227] INFO mean_local_test_accuracy      0.1041
2026-04-10 15:56:40,185 __init__.py log_once [line:227] INFO std_local_test_accuracy       0.0316
2026-04-10 15:56:40,185 __init__.py log_once [line:227] INFO min_local_test_accuracy       0.0714
2026-04-10 15:56:40,185 __init__.py log_once [line:227] INFO max_local_test_accuracy       0.1379
2026-04-10 15:56:40,185 __init__.py log_once [line:227] INFO local_test_loss               2.3028
2026-04-10 15:56:40,185 __init__.py log_once [line:227] INFO mean_local_test_loss          2.3011
2026-04-10 15:56:40,185 __init__.py log_once [line:227] INFO std_local_test_loss           0.0028
2026-04-10 15:56:40,185 __init__.py log_once [line:227] INFO min_local_test_loss           2.2975
2026-04-10 15:56:40,185 __init__.py log_once [line:227] INFO max_local_test_loss           2.3045
2026-04-10 15:56:40,185 fedbase.py run [line:303] INFO Eval Time Cost:               2.8429s
2026-04-10 15:56:51,084 fedbase.py run [line:311] INFO --------------Round 1--------------
2026-04-10 15:56:53,531 __init__.py log_once [line:227] INFO local_val_accuracy            0.2130
2026-04-10 15:56:53,531 __init__.py log_once [line:227] INFO mean_local_val_accuracy       0.1650
2026-04-10 15:56:53,531 __init__.py log_once [line:227] INFO std_local_val_accuracy        0.0783
2026-04-10 15:56:53,531 __init__.py log_once [line:227] INFO min_local_val_accuracy        0.0625
2026-04-10 15:56:53,531 __init__.py log_once [line:227] INFO max_local_val_accuracy        0.2768
2026-04-10 15:56:53,531 __init__.py log_once [line:227] INFO local_val_loss                2.7254
2026-04-10 15:56:53,531 __init__.py log_once [line:227] INFO mean_local_val_loss           2.5462
2026-04-10 15:56:53,531 __init__.py log_once [line:227] INFO std_local_val_loss            0.3180
2026-04-10 15:56:53,531 __init__.py log_once [line:227] INFO min_local_val_loss            2.2880
2026-04-10 15:56:53,532 __init__.py log_once [line:227] INFO max_local_val_loss            3.0730
2026-04-10 15:56:53,532 __init__.py log_once [line:227] INFO local_test_accuracy           0.1670
2026-04-10 15:56:53,532 __init__.py log_once [line:227] INFO mean_local_test_accuracy      0.1337
2026-04-10 15:56:53,532 __init__.py log_once [line:227] INFO std_local_test_accuracy       0.0514
2026-04-10 15:56:53,532 __init__.py log_once [line:227] INFO min_local_test_accuracy       0.0667
2026-04-10 15:56:53,532 __init__.py log_once [line:227] INFO max_local_test_accuracy       0.1964
2026-04-10 15:56:53,532 __init__.py log_once [line:227] INFO local_test_loss               2.8677
2026-04-10 15:56:53,532 __init__.py log_once [line:227] INFO mean_local_test_loss          2.6303
2026-04-10 15:56:53,532 __init__.py log_once [line:227] INFO std_local_test_loss           0.4676
2026-04-10 15:56:53,532 __init__.py log_once [line:227] INFO min_local_test_loss           2.2959
2026-04-10 15:56:53,532 __init__.py log_once [line:227] INFO max_local_test_loss           3.4317
2026-04-10 15:56:53,532 fedbase.py run [line:316] INFO Eval Time Cost:               2.4482s
