2026-04-22 22:25:26,710 fflow.py init [line:848] INFO PROCESS ID:	381824
2026-04-22 22:25:26,710 fflow.py init [line:849] INFO Initializing devices: cuda:0 will be used for this running.
2026-04-22 22:25:26,710 fflow.py init [line:852] INFO BENCHMARK:	benchmark.office_caltech10_classification
2026-04-22 22:25:26,710 fflow.py init [line:853] INFO TASK:			task/office_caltech10_c4
2026-04-22 22:25:26,710 fflow.py init [line:854] INFO MODEL:		benchmark.office_caltech10_classification.model.default_model
2026-04-22 22:25:26,710 fflow.py init [line:855] INFO ALGORITHM:	centralized
2026-04-22 22:25:26,712 fflow.py init [line:901] INFO SCENE:		horizontal FL with 1 <class 'algorithm.centralized.Server'>, 4 <class 'algorithm.centralized.Client'>
2026-04-22 22:25:27,146 fflow.py init [line:918] INFO SIMULATOR:	<class 'flgo.simulator.default_simulator.Simulator'>
2026-04-22 22:25:27,146 fflow.py init [line:931] INFO Ready to start.
2026-04-22 22:25:27,163 centralized.py run [line:40] INFO --------------Initial Evaluation--------------
2026-04-22 22:25:29,916 __init__.py log_once [line:227] INFO local_val_accuracy            0.0905
2026-04-22 22:25:29,916 __init__.py log_once [line:227] INFO mean_local_val_accuracy       0.0875
2026-04-22 22:25:29,916 __init__.py log_once [line:227] INFO std_local_val_accuracy        0.0265
2026-04-22 22:25:29,916 __init__.py log_once [line:227] INFO min_local_val_accuracy        0.0625
2026-04-22 22:25:29,916 __init__.py log_once [line:227] INFO max_local_val_accuracy        0.1250
2026-04-22 22:25:29,916 __init__.py log_once [line:227] INFO local_val_loss                2.3031
2026-04-22 22:25:29,916 __init__.py log_once [line:227] INFO mean_local_val_loss           2.3023
2026-04-22 22:25:29,916 __init__.py log_once [line:227] INFO std_local_val_loss            0.0020
2026-04-22 22:25:29,916 __init__.py log_once [line:227] INFO min_local_val_loss            2.2995
2026-04-22 22:25:29,916 __init__.py log_once [line:227] INFO max_local_val_loss            2.3050
2026-04-22 22:25:29,916 __init__.py log_once [line:227] INFO local_test_accuracy           0.0955
2026-04-22 22:25:29,916 __init__.py log_once [line:227] INFO mean_local_test_accuracy      0.0792
2026-04-22 22:25:29,916 __init__.py log_once [line:227] INFO std_local_test_accuracy       0.0335
2026-04-22 22:25:29,916 __init__.py log_once [line:227] INFO min_local_test_accuracy       0.0345
2026-04-22 22:25:29,916 __init__.py log_once [line:227] INFO max_local_test_accuracy       0.1263
2026-04-22 22:25:29,917 __init__.py log_once [line:227] INFO local_test_loss               2.3024
2026-04-22 22:25:29,917 __init__.py log_once [line:227] INFO mean_local_test_loss          2.3032
2026-04-22 22:25:29,917 __init__.py log_once [line:227] INFO std_local_test_loss           0.0020
2026-04-22 22:25:29,917 __init__.py log_once [line:227] INFO min_local_test_loss           2.2998
2026-04-22 22:25:29,917 __init__.py log_once [line:227] INFO max_local_test_loss           2.3052
2026-04-22 22:25:29,917 centralized.py run [line:43] INFO Eval Time Cost:               2.7539s
2026-04-22 22:25:29,918 centralized.py run [line:71] INFO [centralized] training for 3 epochs on 2028 samples
2026-04-22 22:25:42,156 __init__.py log_once [line:227] INFO local_val_accuracy            0.2836
2026-04-22 22:25:42,157 __init__.py log_once [line:227] INFO mean_local_val_accuracy       0.2685
2026-04-22 22:25:42,157 __init__.py log_once [line:227] INFO std_local_val_accuracy        0.0337
2026-04-22 22:25:42,157 __init__.py log_once [line:227] INFO min_local_val_accuracy        0.2333
2026-04-22 22:25:42,157 __init__.py log_once [line:227] INFO max_local_val_accuracy        0.3229
2026-04-22 22:25:42,157 __init__.py log_once [line:227] INFO local_val_loss                10.1725
2026-04-22 22:25:42,157 __init__.py log_once [line:227] INFO mean_local_val_loss           7.8866
2026-04-22 22:25:42,157 __init__.py log_once [line:227] INFO std_local_val_loss            4.0347
2026-04-22 22:25:42,157 __init__.py log_once [line:227] INFO min_local_val_loss            2.3837
2026-04-22 22:25:42,157 __init__.py log_once [line:227] INFO max_local_val_loss            13.2714
2026-04-22 22:25:42,157 __init__.py log_once [line:227] INFO local_test_accuracy           0.2597
2026-04-22 22:25:42,157 __init__.py log_once [line:227] INFO mean_local_test_accuracy      0.3261
2026-04-22 22:25:42,157 __init__.py log_once [line:227] INFO std_local_test_accuracy       0.1248
2026-04-22 22:25:42,157 __init__.py log_once [line:227] INFO min_local_test_accuracy       0.2105
2026-04-22 22:25:42,157 __init__.py log_once [line:227] INFO max_local_test_accuracy       0.5333
2026-04-22 22:25:42,157 __init__.py log_once [line:227] INFO local_test_loss               11.1422
2026-04-22 22:25:42,157 __init__.py log_once [line:227] INFO mean_local_test_loss          8.2123
2026-04-22 22:25:42,157 __init__.py log_once [line:227] INFO std_local_test_loss           5.3747
2026-04-22 22:25:42,157 __init__.py log_once [line:227] INFO min_local_test_loss           1.6228
2026-04-22 22:25:42,157 __init__.py log_once [line:227] INFO max_local_test_loss           16.0572
2026-04-22 22:25:42,157 centralized.py run [line:102] INFO Eval Time Cost:               2.2197s
2026-04-22 22:25:53,103 __init__.py log_once [line:227] INFO local_val_accuracy            0.1183
2026-04-22 22:25:53,103 __init__.py log_once [line:227] INFO mean_local_val_accuracy       0.1020
2026-04-22 22:25:53,103 __init__.py log_once [line:227] INFO std_local_val_accuracy        0.0321
2026-04-22 22:25:53,103 __init__.py log_once [line:227] INFO min_local_val_accuracy        0.0625
2026-04-22 22:25:53,103 __init__.py log_once [line:227] INFO max_local_val_accuracy        0.1518
2026-04-22 22:25:53,103 __init__.py log_once [line:227] INFO local_val_loss                2.3014
2026-04-22 22:25:53,103 __init__.py log_once [line:227] INFO mean_local_val_loss           2.3098
2026-04-22 22:25:53,103 __init__.py log_once [line:227] INFO std_local_val_loss            0.0133
2026-04-22 22:25:53,104 __init__.py log_once [line:227] INFO min_local_val_loss            2.2909
2026-04-22 22:25:53,104 __init__.py log_once [line:227] INFO max_local_val_loss            2.3258
2026-04-22 22:25:53,104 __init__.py log_once [line:227] INFO local_test_accuracy           0.0879
2026-04-22 22:25:53,104 __init__.py log_once [line:227] INFO mean_local_test_accuracy      0.1084
2026-04-22 22:25:53,104 __init__.py log_once [line:227] INFO std_local_test_accuracy       0.0532
2026-04-22 22:25:53,104 __init__.py log_once [line:227] INFO min_local_test_accuracy       0.0690
2026-04-22 22:25:53,104 __init__.py log_once [line:227] INFO max_local_test_accuracy       0.2000
2026-04-22 22:25:53,104 __init__.py log_once [line:227] INFO local_test_loss               2.3047
2026-04-22 22:25:53,104 __init__.py log_once [line:227] INFO mean_local_test_loss          2.2995
2026-04-22 22:25:53,104 __init__.py log_once [line:227] INFO std_local_test_loss           0.0101
2026-04-22 22:25:53,104 __init__.py log_once [line:227] INFO min_local_test_loss           2.2824
2026-04-22 22:25:53,104 __init__.py log_once [line:227] INFO max_local_test_loss           2.3079
2026-04-22 22:25:53,104 centralized.py run [line:102] INFO Eval Time Cost:               2.0261s
2026-04-22 22:26:03,550 __init__.py log_once [line:227] INFO local_val_accuracy            0.1183
2026-04-22 22:26:03,551 __init__.py log_once [line:227] INFO mean_local_val_accuracy       0.0890
2026-04-22 22:26:03,551 __init__.py log_once [line:227] INFO std_local_val_accuracy        0.0553
2026-04-22 22:26:03,551 __init__.py log_once [line:227] INFO min_local_val_accuracy        0.0000
2026-04-22 22:26:03,551 __init__.py log_once [line:227] INFO max_local_val_accuracy        0.1518
2026-04-22 22:26:03,551 __init__.py log_once [line:227] INFO local_val_loss                2.2810
2026-04-22 22:26:03,551 __init__.py log_once [line:227] INFO mean_local_val_loss           2.3061
2026-04-22 22:26:03,551 __init__.py log_once [line:227] INFO std_local_val_loss            0.0438
2026-04-22 22:26:03,551 __init__.py log_once [line:227] INFO min_local_val_loss            2.2584
2026-04-22 22:26:03,551 __init__.py log_once [line:227] INFO max_local_val_loss            2.3764
2026-04-22 22:26:03,551 __init__.py log_once [line:227] INFO local_test_accuracy           0.1119
2026-04-22 22:26:03,551 __init__.py log_once [line:227] INFO mean_local_test_accuracy      0.1426
2026-04-22 22:26:03,551 __init__.py log_once [line:227] INFO std_local_test_accuracy       0.0725
2026-04-22 22:26:03,551 __init__.py log_once [line:227] INFO min_local_test_accuracy       0.0842
2026-04-22 22:26:03,551 __init__.py log_once [line:227] INFO max_local_test_accuracy       0.2667
2026-04-22 22:26:03,551 __init__.py log_once [line:227] INFO local_test_loss               2.2967
2026-04-22 22:26:03,551 __init__.py log_once [line:227] INFO mean_local_test_loss          2.2730
2026-04-22 22:26:03,551 __init__.py log_once [line:227] INFO std_local_test_loss           0.0415
2026-04-22 22:26:03,551 __init__.py log_once [line:227] INFO min_local_test_loss           2.2125
2026-04-22 22:26:03,551 __init__.py log_once [line:227] INFO max_local_test_loss           2.3240
2026-04-22 22:26:03,552 centralized.py run [line:102] INFO Eval Time Cost:               2.0248s
2026-04-22 22:26:03,552 centralized.py run [line:104] INFO =================End==================
2026-04-22 22:26:03,552 centralized.py run [line:105] INFO Total Time Cost:              36.3892s
