2026-04-11 02:08:39,745 fflow.py init [line:848] INFO PROCESS ID:	34128
2026-04-11 02:08:39,745 fflow.py init [line:849] INFO Initializing devices: cuda:0 will be used for this running.
2026-04-11 02:08:39,745 fflow.py init [line:852] INFO BENCHMARK:	benchmark.office_caltech10_classification
2026-04-11 02:08:39,745 fflow.py init [line:853] INFO TASK:			task/office_caltech10_c4
2026-04-11 02:08:39,745 fflow.py init [line:854] INFO MODEL:		algorithm.feddsa
2026-04-11 02:08:39,745 fflow.py init [line:855] INFO ALGORITHM:	feddsa
2026-04-11 02:08:39,748 fflow.py init [line:901] INFO SCENE:		horizontal FL with 1 <class 'algorithm.feddsa.Server'>, 4 <class 'algorithm.feddsa.Client'>
2026-04-11 02:08:40,075 fflow.py init [line:918] INFO SIMULATOR:	<class 'flgo.simulator.default_simulator.Simulator'>
2026-04-11 02:08:40,258 fflow.py init [line:931] INFO Ready to start.
2026-04-11 02:08:40,258 fedbase.py run [line:300] INFO --------------Initial Evaluation--------------
2026-04-11 02:08:43,514 __init__.py log_once [line:227] INFO local_val_accuracy            0.1145
2026-04-11 02:08:43,514 __init__.py log_once [line:227] INFO mean_local_val_accuracy       0.0945
2026-04-11 02:08:43,515 __init__.py log_once [line:227] INFO std_local_val_accuracy        0.0625
2026-04-11 02:08:43,515 __init__.py log_once [line:227] INFO min_local_val_accuracy        0.0000
2026-04-11 02:08:43,515 __init__.py log_once [line:227] INFO max_local_val_accuracy        0.1696
2026-04-11 02:08:43,515 __init__.py log_once [line:227] INFO local_val_loss                2.3026
2026-04-11 02:08:43,515 __init__.py log_once [line:227] INFO mean_local_val_loss           2.3055
2026-04-11 02:08:43,515 __init__.py log_once [line:227] INFO std_local_val_loss            0.0067
2026-04-11 02:08:43,515 __init__.py log_once [line:227] INFO min_local_val_loss            2.2968
2026-04-11 02:08:43,515 __init__.py log_once [line:227] INFO max_local_val_loss            2.3156
2026-04-11 02:08:43,515 __init__.py log_once [line:227] INFO local_test_accuracy           0.0639
2026-04-11 02:08:43,515 __init__.py log_once [line:227] INFO mean_local_test_accuracy      0.0734
2026-04-11 02:08:43,515 __init__.py log_once [line:227] INFO std_local_test_accuracy       0.0365
2026-04-11 02:08:43,515 __init__.py log_once [line:227] INFO min_local_test_accuracy       0.0345
2026-04-11 02:08:43,515 __init__.py log_once [line:227] INFO max_local_test_accuracy       0.1333
2026-04-11 02:08:43,515 __init__.py log_once [line:227] INFO local_test_loss               2.3044
2026-04-11 02:08:43,515 __init__.py log_once [line:227] INFO mean_local_test_loss          2.3041
2026-04-11 02:08:43,515 __init__.py log_once [line:227] INFO std_local_test_loss           0.0050
2026-04-11 02:08:43,515 __init__.py log_once [line:227] INFO min_local_test_loss           2.2977
2026-04-11 02:08:43,515 __init__.py log_once [line:227] INFO max_local_test_loss           2.3114
2026-04-11 02:08:43,515 fedbase.py run [line:303] INFO Eval Time Cost:               3.2569s
2026-04-11 02:08:56,148 fedbase.py run [line:311] INFO --------------Round 1--------------
2026-04-11 02:08:59,707 __init__.py log_once [line:227] INFO local_val_accuracy            0.1142
2026-04-11 02:08:59,708 __init__.py log_once [line:227] INFO mean_local_val_accuracy       0.1147
2026-04-11 02:08:59,708 __init__.py log_once [line:227] INFO std_local_val_accuracy        0.0160
2026-04-11 02:08:59,708 __init__.py log_once [line:227] INFO min_local_val_accuracy        0.0982
2026-04-11 02:08:59,708 __init__.py log_once [line:227] INFO max_local_val_accuracy        0.1354
2026-04-11 02:08:59,708 __init__.py log_once [line:227] INFO local_val_loss                2.3324
2026-04-11 02:08:59,708 __init__.py log_once [line:227] INFO mean_local_val_loss           2.3213
2026-04-11 02:08:59,708 __init__.py log_once [line:227] INFO std_local_val_loss            0.0224
2026-04-11 02:08:59,708 __init__.py log_once [line:227] INFO min_local_val_loss            2.3028
2026-04-11 02:08:59,708 __init__.py log_once [line:227] INFO max_local_val_loss            2.3596
2026-04-11 02:08:59,708 __init__.py log_once [line:227] INFO local_test_accuracy           0.1035
2026-04-11 02:08:59,708 __init__.py log_once [line:227] INFO mean_local_test_accuracy      0.0957
2026-04-11 02:08:59,708 __init__.py log_once [line:227] INFO std_local_test_accuracy       0.0484
2026-04-11 02:08:59,708 __init__.py log_once [line:227] INFO min_local_test_accuracy       0.0345
2026-04-11 02:08:59,708 __init__.py log_once [line:227] INFO max_local_test_accuracy       0.1518
2026-04-11 02:08:59,708 __init__.py log_once [line:227] INFO local_test_loss               2.3283
2026-04-11 02:08:59,708 __init__.py log_once [line:227] INFO mean_local_test_loss          2.3198
2026-04-11 02:08:59,708 __init__.py log_once [line:227] INFO std_local_test_loss           0.0140
2026-04-11 02:08:59,709 __init__.py log_once [line:227] INFO min_local_test_loss           2.2986
2026-04-11 02:08:59,709 __init__.py log_once [line:227] INFO max_local_test_loss           2.3361
2026-04-11 02:08:59,709 fedbase.py run [line:316] INFO Eval Time Cost:               3.5595s
2026-04-11 02:09:10,938 fedbase.py run [line:311] INFO --------------Round 2--------------
2026-04-11 02:09:14,015 __init__.py log_once [line:227] INFO local_val_accuracy            0.2286
2026-04-11 02:09:14,015 __init__.py log_once [line:227] INFO mean_local_val_accuracy       0.1861
2026-04-11 02:09:14,015 __init__.py log_once [line:227] INFO std_local_val_accuracy        0.0866
2026-04-11 02:09:14,015 __init__.py log_once [line:227] INFO min_local_val_accuracy        0.1000
2026-04-11 02:09:14,015 __init__.py log_once [line:227] INFO max_local_val_accuracy        0.3229
2026-04-11 02:09:14,015 __init__.py log_once [line:227] INFO local_val_loss                2.0941
2026-04-11 02:09:14,015 __init__.py log_once [line:227] INFO mean_local_val_loss           2.1728
2026-04-11 02:09:14,015 __init__.py log_once [line:227] INFO std_local_val_loss            0.1557
2026-04-11 02:09:14,016 __init__.py log_once [line:227] INFO min_local_val_loss            1.9258
2026-04-11 02:09:14,016 __init__.py log_once [line:227] INFO max_local_val_loss            2.3165
2026-04-11 02:09:14,016 __init__.py log_once [line:227] INFO local_test_accuracy           0.1990
2026-04-11 02:09:14,016 __init__.py log_once [line:227] INFO mean_local_test_accuracy      0.1528
2026-04-11 02:09:14,016 __init__.py log_once [line:227] INFO std_local_test_accuracy       0.1255
2026-04-11 02:09:14,016 __init__.py log_once [line:227] INFO min_local_test_accuracy       0.0667
2026-04-11 02:09:14,016 __init__.py log_once [line:227] INFO max_local_test_accuracy       0.3684
2026-04-11 02:09:14,016 __init__.py log_once [line:227] INFO local_test_loss               2.1083
2026-04-11 02:09:14,016 __init__.py log_once [line:227] INFO mean_local_test_loss          2.1888
2026-04-11 02:09:14,016 __init__.py log_once [line:227] INFO std_local_test_loss           0.2020
2026-04-11 02:09:14,016 __init__.py log_once [line:227] INFO min_local_test_loss           1.8463
2026-04-11 02:09:14,016 __init__.py log_once [line:227] INFO max_local_test_loss           2.3519
2026-04-11 02:09:14,016 fedbase.py run [line:316] INFO Eval Time Cost:               3.0774s
2026-04-11 02:09:25,838 fedbase.py run [line:311] INFO --------------Round 3--------------
2026-04-11 02:09:28,924 __init__.py log_once [line:227] INFO local_val_accuracy            0.3551
2026-04-11 02:09:28,924 __init__.py log_once [line:227] INFO mean_local_val_accuracy       0.2482
2026-04-11 02:09:28,924 __init__.py log_once [line:227] INFO std_local_val_accuracy        0.1682
2026-04-11 02:09:28,924 __init__.py log_once [line:227] INFO min_local_val_accuracy        0.0625
2026-04-11 02:09:28,924 __init__.py log_once [line:227] INFO max_local_val_accuracy        0.4375
2026-04-11 02:09:28,924 __init__.py log_once [line:227] INFO local_val_loss                1.9159
2026-04-11 02:09:28,924 __init__.py log_once [line:227] INFO mean_local_val_loss           2.0959
2026-04-11 02:09:28,924 __init__.py log_once [line:227] INFO std_local_val_loss            0.2818
2026-04-11 02:09:28,924 __init__.py log_once [line:227] INFO min_local_val_loss            1.7882
2026-04-11 02:09:28,924 __init__.py log_once [line:227] INFO max_local_val_loss            2.4010
2026-04-11 02:09:28,924 __init__.py log_once [line:227] INFO local_test_accuracy           0.3572
2026-04-11 02:09:28,924 __init__.py log_once [line:227] INFO mean_local_test_accuracy      0.2237
2026-04-11 02:09:28,925 __init__.py log_once [line:227] INFO std_local_test_accuracy       0.2068
2026-04-11 02:09:28,925 __init__.py log_once [line:227] INFO min_local_test_accuracy       0.0000
2026-04-11 02:09:28,925 __init__.py log_once [line:227] INFO max_local_test_accuracy       0.4316
2026-04-11 02:09:28,925 __init__.py log_once [line:227] INFO local_test_loss               1.9892
2026-04-11 02:09:28,925 __init__.py log_once [line:227] INFO mean_local_test_loss          2.1739
2026-04-11 02:09:28,925 __init__.py log_once [line:227] INFO std_local_test_loss           0.3183
2026-04-11 02:09:28,925 __init__.py log_once [line:227] INFO min_local_test_loss           1.7649
2026-04-11 02:09:28,925 __init__.py log_once [line:227] INFO max_local_test_loss           2.5575
2026-04-11 02:09:28,925 fedbase.py run [line:316] INFO Eval Time Cost:               3.0870s
2026-04-11 02:09:40,257 fedbase.py run [line:311] INFO --------------Round 4--------------
2026-04-11 02:09:43,467 __init__.py log_once [line:227] INFO local_val_accuracy            0.2131
2026-04-11 02:09:43,467 __init__.py log_once [line:227] INFO mean_local_val_accuracy       0.1593
2026-04-11 02:09:43,467 __init__.py log_once [line:227] INFO std_local_val_accuracy        0.0839
2026-04-11 02:09:43,467 __init__.py log_once [line:227] INFO min_local_val_accuracy        0.0625
2026-04-11 02:09:43,467 __init__.py log_once [line:227] INFO max_local_val_accuracy        0.2768
2026-04-11 02:09:43,467 __init__.py log_once [line:227] INFO local_val_loss                2.6725
2026-04-11 02:09:43,467 __init__.py log_once [line:227] INFO mean_local_val_loss           2.6184
2026-04-11 02:09:43,467 __init__.py log_once [line:227] INFO std_local_val_loss            0.3145
2026-04-11 02:09:43,467 __init__.py log_once [line:227] INFO min_local_val_loss            2.3549
2026-04-11 02:09:43,467 __init__.py log_once [line:227] INFO max_local_val_loss            3.1445
2026-04-11 02:09:43,467 __init__.py log_once [line:227] INFO local_test_accuracy           0.2063
2026-04-11 02:09:43,467 __init__.py log_once [line:227] INFO mean_local_test_accuracy      0.1293
2026-04-11 02:09:43,467 __init__.py log_once [line:227] INFO std_local_test_accuracy       0.1210
2026-04-11 02:09:43,467 __init__.py log_once [line:227] INFO min_local_test_accuracy       0.0000
2026-04-11 02:09:43,468 __init__.py log_once [line:227] INFO max_local_test_accuracy       0.3036
2026-04-11 02:09:43,468 __init__.py log_once [line:227] INFO local_test_loss               2.6413
2026-04-11 02:09:43,468 __init__.py log_once [line:227] INFO mean_local_test_loss          2.6542
2026-04-11 02:09:43,468 __init__.py log_once [line:227] INFO std_local_test_loss           0.3417
2026-04-11 02:09:43,468 __init__.py log_once [line:227] INFO min_local_test_loss           2.2016
2026-04-11 02:09:43,468 __init__.py log_once [line:227] INFO max_local_test_loss           3.1451
2026-04-11 02:09:43,468 fedbase.py run [line:316] INFO Eval Time Cost:               3.2108s
2026-04-11 02:09:55,192 fedbase.py run [line:311] INFO --------------Round 5--------------
2026-04-11 02:09:58,513 __init__.py log_once [line:227] INFO local_val_accuracy            0.4614
2026-04-11 02:09:58,513 __init__.py log_once [line:227] INFO mean_local_val_accuracy       0.3335
2026-04-11 02:09:58,513 __init__.py log_once [line:227] INFO std_local_val_accuracy        0.2174
2026-04-11 02:09:58,514 __init__.py log_once [line:227] INFO min_local_val_accuracy        0.0625
2026-04-11 02:09:58,514 __init__.py log_once [line:227] INFO max_local_val_accuracy        0.6250
2026-04-11 02:09:58,514 __init__.py log_once [line:227] INFO local_val_loss                1.5378
2026-04-11 02:09:58,514 __init__.py log_once [line:227] INFO mean_local_val_loss           1.9381
2026-04-11 02:09:58,514 __init__.py log_once [line:227] INFO std_local_val_loss            0.6525
2026-04-11 02:09:58,514 __init__.py log_once [line:227] INFO min_local_val_loss            1.1385
2026-04-11 02:09:58,514 __init__.py log_once [line:227] INFO max_local_val_loss            2.7726
2026-04-11 02:09:58,514 __init__.py log_once [line:227] INFO local_test_accuracy           0.4725
2026-04-11 02:09:58,514 __init__.py log_once [line:227] INFO mean_local_test_accuracy      0.3127
2026-04-11 02:09:58,514 __init__.py log_once [line:227] INFO std_local_test_accuracy       0.2488
2026-04-11 02:09:58,514 __init__.py log_once [line:227] INFO min_local_test_accuracy       0.0000
2026-04-11 02:09:58,514 __init__.py log_once [line:227] INFO max_local_test_accuracy       0.5684
2026-04-11 02:09:58,514 __init__.py log_once [line:227] INFO local_test_loss               1.5285
2026-04-11 02:09:58,514 __init__.py log_once [line:227] INFO mean_local_test_loss          1.9863
2026-04-11 02:09:58,514 __init__.py log_once [line:227] INFO std_local_test_loss           0.7213
2026-04-11 02:09:58,514 __init__.py log_once [line:227] INFO min_local_test_loss           1.1825
2026-04-11 02:09:58,514 __init__.py log_once [line:227] INFO max_local_test_loss           2.7278
2026-04-11 02:09:58,514 fedbase.py run [line:316] INFO Eval Time Cost:               3.3223s
2026-04-11 02:10:09,741 fedbase.py run [line:311] INFO --------------Round 6--------------
2026-04-11 02:10:12,877 __init__.py log_once [line:227] INFO local_val_accuracy            0.4060
2026-04-11 02:10:12,877 __init__.py log_once [line:227] INFO mean_local_val_accuracy       0.3164
2026-04-11 02:10:12,877 __init__.py log_once [line:227] INFO std_local_val_accuracy        0.1645
2026-04-11 02:10:12,877 __init__.py log_once [line:227] INFO min_local_val_accuracy        0.0625
2026-04-11 02:10:12,877 __init__.py log_once [line:227] INFO max_local_val_accuracy        0.5104
2026-04-11 02:10:12,877 __init__.py log_once [line:227] INFO local_val_loss                2.0429
2026-04-11 02:10:12,877 __init__.py log_once [line:227] INFO mean_local_val_loss           2.2078
2026-04-11 02:10:12,878 __init__.py log_once [line:227] INFO std_local_val_loss            0.4433
2026-04-11 02:10:12,878 __init__.py log_once [line:227] INFO min_local_val_loss            1.6989
2026-04-11 02:10:12,878 __init__.py log_once [line:227] INFO max_local_val_loss            2.9037
2026-04-11 02:10:12,878 __init__.py log_once [line:227] INFO local_test_accuracy           0.4252
2026-04-11 02:10:12,878 __init__.py log_once [line:227] INFO mean_local_test_accuracy      0.3168
2026-04-11 02:10:12,878 __init__.py log_once [line:227] INFO std_local_test_accuracy       0.1744
2026-04-11 02:10:12,878 __init__.py log_once [line:227] INFO min_local_test_accuracy       0.0667
2026-04-11 02:10:12,878 __init__.py log_once [line:227] INFO max_local_test_accuracy       0.4947
2026-04-11 02:10:12,878 __init__.py log_once [line:227] INFO local_test_loss               1.9713
2026-04-11 02:10:12,878 __init__.py log_once [line:227] INFO mean_local_test_loss          2.1854
2026-04-11 02:10:12,878 __init__.py log_once [line:227] INFO std_local_test_loss           0.3622
2026-04-11 02:10:12,878 __init__.py log_once [line:227] INFO min_local_test_loss           1.8348
2026-04-11 02:10:12,878 __init__.py log_once [line:227] INFO max_local_test_loss           2.7625
2026-04-11 02:10:12,878 fedbase.py run [line:316] INFO Eval Time Cost:               3.1373s
2026-04-11 02:10:24,498 fedbase.py run [line:311] INFO --------------Round 7--------------
2026-04-11 02:10:27,629 __init__.py log_once [line:227] INFO local_val_accuracy            0.4571
2026-04-11 02:10:27,629 __init__.py log_once [line:227] INFO mean_local_val_accuracy       0.3560
2026-04-11 02:10:27,629 __init__.py log_once [line:227] INFO std_local_val_accuracy        0.2038
2026-04-11 02:10:27,629 __init__.py log_once [line:227] INFO min_local_val_accuracy        0.0625
2026-04-11 02:10:27,629 __init__.py log_once [line:227] INFO max_local_val_accuracy        0.6354
2026-04-11 02:10:27,629 __init__.py log_once [line:227] INFO local_val_loss                1.7197
2026-04-11 02:10:27,629 __init__.py log_once [line:227] INFO mean_local_val_loss           1.9575
2026-04-11 02:10:27,629 __init__.py log_once [line:227] INFO std_local_val_loss            0.7173
2026-04-11 02:10:27,629 __init__.py log_once [line:227] INFO min_local_val_loss            1.0613
2026-04-11 02:10:27,629 __init__.py log_once [line:227] INFO max_local_val_loss            3.0157
2026-04-11 02:10:27,629 __init__.py log_once [line:227] INFO local_test_accuracy           0.4411
2026-04-11 02:10:27,629 __init__.py log_once [line:227] INFO mean_local_test_accuracy      0.3105
2026-04-11 02:10:27,629 __init__.py log_once [line:227] INFO std_local_test_accuracy       0.2366
2026-04-11 02:10:27,629 __init__.py log_once [line:227] INFO min_local_test_accuracy       0.0000
2026-04-11 02:10:27,630 __init__.py log_once [line:227] INFO max_local_test_accuracy       0.6421
2026-04-11 02:10:27,630 __init__.py log_once [line:227] INFO local_test_loss               1.6767
2026-04-11 02:10:27,630 __init__.py log_once [line:227] INFO mean_local_test_loss          1.9490
2026-04-11 02:10:27,630 __init__.py log_once [line:227] INFO std_local_test_loss           0.6343
2026-04-11 02:10:27,630 __init__.py log_once [line:227] INFO min_local_test_loss           1.0186
2026-04-11 02:10:27,630 __init__.py log_once [line:227] INFO max_local_test_loss           2.8095
2026-04-11 02:10:27,630 fedbase.py run [line:316] INFO Eval Time Cost:               3.1315s
2026-04-11 02:10:39,091 fedbase.py run [line:311] INFO --------------Round 8--------------
2026-04-11 02:10:42,294 __init__.py log_once [line:227] INFO local_val_accuracy            0.4093
2026-04-11 02:10:42,295 __init__.py log_once [line:227] INFO mean_local_val_accuracy       0.3652
2026-04-11 02:10:42,295 __init__.py log_once [line:227] INFO std_local_val_accuracy        0.1746
2026-04-11 02:10:42,295 __init__.py log_once [line:227] INFO min_local_val_accuracy        0.1250
2026-04-11 02:10:42,295 __init__.py log_once [line:227] INFO max_local_val_accuracy        0.5833
2026-04-11 02:10:42,295 __init__.py log_once [line:227] INFO local_val_loss                2.1471
2026-04-11 02:10:42,295 __init__.py log_once [line:227] INFO mean_local_val_loss           2.1590
2026-04-11 02:10:42,295 __init__.py log_once [line:227] INFO std_local_val_loss            0.8194
2026-04-11 02:10:42,295 __init__.py log_once [line:227] INFO min_local_val_loss            1.1733
2026-04-11 02:10:42,295 __init__.py log_once [line:227] INFO max_local_val_loss            3.0350
2026-04-11 02:10:42,295 __init__.py log_once [line:227] INFO local_test_accuracy           0.3579
2026-04-11 02:10:42,295 __init__.py log_once [line:227] INFO mean_local_test_accuracy      0.2852
2026-04-11 02:10:42,295 __init__.py log_once [line:227] INFO std_local_test_accuracy       0.1517
2026-04-11 02:10:42,295 __init__.py log_once [line:227] INFO min_local_test_accuracy       0.0667
2026-04-11 02:10:42,295 __init__.py log_once [line:227] INFO max_local_test_accuracy       0.4947
2026-04-11 02:10:42,295 __init__.py log_once [line:227] INFO local_test_loss               2.1455
2026-04-11 02:10:42,295 __init__.py log_once [line:227] INFO mean_local_test_loss          2.1651
2026-04-11 02:10:42,295 __init__.py log_once [line:227] INFO std_local_test_loss           0.6189
2026-04-11 02:10:42,295 __init__.py log_once [line:227] INFO min_local_test_loss           1.3061
2026-04-11 02:10:42,295 __init__.py log_once [line:227] INFO max_local_test_loss           2.8689
2026-04-11 02:10:42,295 fedbase.py run [line:316] INFO Eval Time Cost:               3.2041s
2026-04-11 02:10:53,575 fedbase.py run [line:311] INFO --------------Round 9--------------
2026-04-11 02:10:56,716 __init__.py log_once [line:227] INFO local_val_accuracy            0.4486
2026-04-11 02:10:56,716 __init__.py log_once [line:227] INFO mean_local_val_accuracy       0.4204
2026-04-11 02:10:56,716 __init__.py log_once [line:227] INFO std_local_val_accuracy        0.1946
2026-04-11 02:10:56,716 __init__.py log_once [line:227] INFO min_local_val_accuracy        0.1250
2026-04-11 02:10:56,716 __init__.py log_once [line:227] INFO max_local_val_accuracy        0.6667
2026-04-11 02:10:56,717 __init__.py log_once [line:227] INFO local_val_loss                2.0173
2026-04-11 02:10:56,717 __init__.py log_once [line:227] INFO mean_local_val_loss           1.9142
2026-04-11 02:10:56,717 __init__.py log_once [line:227] INFO std_local_val_loss            0.5971
2026-04-11 02:10:56,717 __init__.py log_once [line:227] INFO min_local_val_loss            1.0615
2026-04-11 02:10:56,717 __init__.py log_once [line:227] INFO max_local_val_loss            2.5253
2026-04-11 02:10:56,717 __init__.py log_once [line:227] INFO local_test_accuracy           0.4103
2026-04-11 02:10:56,717 __init__.py log_once [line:227] INFO mean_local_test_accuracy      0.4298
2026-04-11 02:10:56,717 __init__.py log_once [line:227] INFO std_local_test_accuracy       0.1572
2026-04-11 02:10:56,717 __init__.py log_once [line:227] INFO min_local_test_accuracy       0.2667
2026-04-11 02:10:56,717 __init__.py log_once [line:227] INFO max_local_test_accuracy       0.6897
2026-04-11 02:10:56,717 __init__.py log_once [line:227] INFO local_test_loss               2.1202
2026-04-11 02:10:56,717 __init__.py log_once [line:227] INFO mean_local_test_loss          1.9421
2026-04-11 02:10:56,717 __init__.py log_once [line:227] INFO std_local_test_loss           0.5040
2026-04-11 02:10:56,717 __init__.py log_once [line:227] INFO min_local_test_loss           1.1233
2026-04-11 02:10:56,717 __init__.py log_once [line:227] INFO max_local_test_loss           2.4821
2026-04-11 02:10:56,717 fedbase.py run [line:316] INFO Eval Time Cost:               3.1422s
2026-04-11 02:11:07,930 fedbase.py run [line:311] INFO --------------Round 10--------------
2026-04-11 02:11:11,158 __init__.py log_once [line:227] INFO local_val_accuracy            0.5351
2026-04-11 02:11:11,158 __init__.py log_once [line:227] INFO mean_local_val_accuracy       0.5363
2026-04-11 02:11:11,158 __init__.py log_once [line:227] INFO std_local_val_accuracy        0.1034
2026-04-11 02:11:11,158 __init__.py log_once [line:227] INFO min_local_val_accuracy        0.4286
2026-04-11 02:11:11,158 __init__.py log_once [line:227] INFO max_local_val_accuracy        0.6458
2026-04-11 02:11:11,158 __init__.py log_once [line:227] INFO local_val_loss                1.5539
2026-04-11 02:11:11,158 __init__.py log_once [line:227] INFO mean_local_val_loss           1.4295
2026-04-11 02:11:11,158 __init__.py log_once [line:227] INFO std_local_val_loss            0.2386
2026-04-11 02:11:11,158 __init__.py log_once [line:227] INFO min_local_val_loss            1.1300
2026-04-11 02:11:11,158 __init__.py log_once [line:227] INFO max_local_val_loss            1.7942
2026-04-11 02:11:11,158 __init__.py log_once [line:227] INFO local_test_accuracy           0.5979
2026-04-11 02:11:11,159 __init__.py log_once [line:227] INFO mean_local_test_accuracy      0.6117
2026-04-11 02:11:11,159 __init__.py log_once [line:227] INFO std_local_test_accuracy       0.0606
2026-04-11 02:11:11,159 __init__.py log_once [line:227] INFO min_local_test_accuracy       0.5179
2026-04-11 02:11:11,159 __init__.py log_once [line:227] INFO max_local_test_accuracy       0.6737
2026-04-11 02:11:11,159 __init__.py log_once [line:227] INFO local_test_loss               1.4517
2026-04-11 02:11:11,159 __init__.py log_once [line:227] INFO mean_local_test_loss          1.3339
2026-04-11 02:11:11,159 __init__.py log_once [line:227] INFO std_local_test_loss           0.2013
2026-04-11 02:11:11,159 __init__.py log_once [line:227] INFO min_local_test_loss           1.0410
2026-04-11 02:11:11,159 __init__.py log_once [line:227] INFO max_local_test_loss           1.6033
2026-04-11 02:11:11,159 fedbase.py run [line:316] INFO Eval Time Cost:               3.2291s
2026-04-11 02:11:22,289 fedbase.py run [line:311] INFO --------------Round 11--------------
2026-04-11 02:11:25,225 __init__.py log_once [line:227] INFO local_val_accuracy            0.5746
2026-04-11 02:11:25,226 __init__.py log_once [line:227] INFO mean_local_val_accuracy       0.5717
2026-04-11 02:11:25,226 __init__.py log_once [line:227] INFO std_local_val_accuracy        0.0630
2026-04-11 02:11:25,226 __init__.py log_once [line:227] INFO min_local_val_accuracy        0.5000
2026-04-11 02:11:25,226 __init__.py log_once [line:227] INFO max_local_val_accuracy        0.6354
2026-04-11 02:11:25,226 __init__.py log_once [line:227] INFO local_val_loss                1.6561
2026-04-11 02:11:25,226 __init__.py log_once [line:227] INFO mean_local_val_loss           1.5550
2026-04-11 02:11:25,226 __init__.py log_once [line:227] INFO std_local_val_loss            0.2389
2026-04-11 02:11:25,226 __init__.py log_once [line:227] INFO min_local_val_loss            1.3036
2026-04-11 02:11:25,226 __init__.py log_once [line:227] INFO max_local_val_loss            1.9455
2026-04-11 02:11:25,226 __init__.py log_once [line:227] INFO local_test_accuracy           0.6056
2026-04-11 02:11:25,226 __init__.py log_once [line:227] INFO mean_local_test_accuracy      0.6017
2026-04-11 02:11:25,226 __init__.py log_once [line:227] INFO std_local_test_accuracy       0.0632
2026-04-11 02:11:25,226 __init__.py log_once [line:227] INFO min_local_test_accuracy       0.5333
2026-04-11 02:11:25,226 __init__.py log_once [line:227] INFO max_local_test_accuracy       0.6737
2026-04-11 02:11:25,226 __init__.py log_once [line:227] INFO local_test_loss               1.4690
2026-04-11 02:11:25,226 __init__.py log_once [line:227] INFO mean_local_test_loss          1.4548
2026-04-11 02:11:25,226 __init__.py log_once [line:227] INFO std_local_test_loss           0.1937
2026-04-11 02:11:25,226 __init__.py log_once [line:227] INFO min_local_test_loss           1.2050
2026-04-11 02:11:25,226 __init__.py log_once [line:227] INFO max_local_test_loss           1.7143
2026-04-11 02:11:25,226 fedbase.py run [line:316] INFO Eval Time Cost:               2.9377s
2026-04-11 02:11:36,624 fedbase.py run [line:311] INFO --------------Round 12--------------
2026-04-11 02:11:39,562 __init__.py log_once [line:227] INFO local_val_accuracy            0.6381
2026-04-11 02:11:39,562 __init__.py log_once [line:227] INFO mean_local_val_accuracy       0.6070
2026-04-11 02:11:39,563 __init__.py log_once [line:227] INFO std_local_val_accuracy        0.0935
2026-04-11 02:11:39,563 __init__.py log_once [line:227] INFO min_local_val_accuracy        0.4667
2026-04-11 02:11:39,563 __init__.py log_once [line:227] INFO max_local_val_accuracy        0.7292
2026-04-11 02:11:39,563 __init__.py log_once [line:227] INFO local_val_loss                1.4669
2026-04-11 02:11:39,563 __init__.py log_once [line:227] INFO mean_local_val_loss           1.3764
2026-04-11 02:11:39,563 __init__.py log_once [line:227] INFO std_local_val_loss            0.4850
2026-04-11 02:11:39,563 __init__.py log_once [line:227] INFO min_local_val_loss            0.8393
2026-04-11 02:11:39,563 __init__.py log_once [line:227] INFO max_local_val_loss            1.9065
2026-04-11 02:11:39,563 __init__.py log_once [line:227] INFO local_test_accuracy           0.5987
2026-04-11 02:11:39,563 __init__.py log_once [line:227] INFO mean_local_test_accuracy      0.6667
2026-04-11 02:11:39,563 __init__.py log_once [line:227] INFO std_local_test_accuracy       0.1820
2026-04-11 02:11:39,563 __init__.py log_once [line:227] INFO min_local_test_accuracy       0.4554
2026-04-11 02:11:39,563 __init__.py log_once [line:227] INFO max_local_test_accuracy       0.9333
2026-04-11 02:11:39,563 __init__.py log_once [line:227] INFO local_test_loss               1.5956
2026-04-11 02:11:39,563 __init__.py log_once [line:227] INFO mean_local_test_loss          1.2887
2026-04-11 02:11:39,563 __init__.py log_once [line:227] INFO std_local_test_loss           0.7969
2026-04-11 02:11:39,563 __init__.py log_once [line:227] INFO min_local_test_loss           0.3314
2026-04-11 02:11:39,563 __init__.py log_once [line:227] INFO max_local_test_loss           2.4429
2026-04-11 02:11:39,563 fedbase.py run [line:316] INFO Eval Time Cost:               2.9393s
2026-04-11 02:11:50,854 fedbase.py run [line:311] INFO --------------Round 13--------------
2026-04-11 02:11:53,819 __init__.py log_once [line:227] INFO local_val_accuracy            0.6099
2026-04-11 02:11:53,819 __init__.py log_once [line:227] INFO mean_local_val_accuracy       0.6533
2026-04-11 02:11:53,819 __init__.py log_once [line:227] INFO std_local_val_accuracy        0.1000
2026-04-11 02:11:53,819 __init__.py log_once [line:227] INFO min_local_val_accuracy        0.5446
2026-04-11 02:11:53,819 __init__.py log_once [line:227] INFO max_local_val_accuracy        0.8125
2026-04-11 02:11:53,819 __init__.py log_once [line:227] INFO local_val_loss                1.3251
2026-04-11 02:11:53,819 __init__.py log_once [line:227] INFO mean_local_val_loss           1.2415
2026-04-11 02:11:53,819 __init__.py log_once [line:227] INFO std_local_val_loss            0.2586
2026-04-11 02:11:53,819 __init__.py log_once [line:227] INFO min_local_val_loss            0.8109
2026-04-11 02:11:53,819 __init__.py log_once [line:227] INFO max_local_val_loss            1.4803
2026-04-11 02:11:53,819 __init__.py log_once [line:227] INFO local_test_accuracy           0.5905
2026-04-11 02:11:53,819 __init__.py log_once [line:227] INFO mean_local_test_accuracy      0.6562
2026-04-11 02:11:53,819 __init__.py log_once [line:227] INFO std_local_test_accuracy       0.1602
2026-04-11 02:11:53,819 __init__.py log_once [line:227] INFO min_local_test_accuracy       0.5517
2026-04-11 02:11:53,819 __init__.py log_once [line:227] INFO max_local_test_accuracy       0.9333
2026-04-11 02:11:53,820 __init__.py log_once [line:227] INFO local_test_loss               1.3373
2026-04-11 02:11:53,820 __init__.py log_once [line:227] INFO mean_local_test_loss          1.2182
2026-04-11 02:11:53,820 __init__.py log_once [line:227] INFO std_local_test_loss           0.5888
2026-04-11 02:11:53,820 __init__.py log_once [line:227] INFO min_local_test_loss           0.2837
2026-04-11 02:11:53,820 __init__.py log_once [line:227] INFO max_local_test_loss           1.8995
2026-04-11 02:11:53,820 fedbase.py run [line:316] INFO Eval Time Cost:               2.9659s
2026-04-11 02:12:04,723 fedbase.py run [line:311] INFO --------------Round 14--------------
2026-04-11 02:12:07,693 __init__.py log_once [line:227] INFO local_val_accuracy            0.7565
2026-04-11 02:12:07,693 __init__.py log_once [line:227] INFO mean_local_val_accuracy       0.7030
2026-04-11 02:12:07,693 __init__.py log_once [line:227] INFO std_local_val_accuracy        0.1379
2026-04-11 02:12:07,693 __init__.py log_once [line:227] INFO min_local_val_accuracy        0.4667
2026-04-11 02:12:07,693 __init__.py log_once [line:227] INFO max_local_val_accuracy        0.8036
2026-04-11 02:12:07,693 __init__.py log_once [line:227] INFO local_val_loss                0.9510
2026-04-11 02:12:07,694 __init__.py log_once [line:227] INFO mean_local_val_loss           1.0934
2026-04-11 02:12:07,694 __init__.py log_once [line:227] INFO std_local_val_loss            0.5905
2026-04-11 02:12:07,694 __init__.py log_once [line:227] INFO min_local_val_loss            0.6365
2026-04-11 02:12:07,694 __init__.py log_once [line:227] INFO max_local_val_loss            2.1061
2026-04-11 02:12:07,694 __init__.py log_once [line:227] INFO local_test_accuracy           0.7330
2026-04-11 02:12:07,694 __init__.py log_once [line:227] INFO mean_local_test_accuracy      0.6981
2026-04-11 02:12:07,694 __init__.py log_once [line:227] INFO std_local_test_accuracy       0.1241
2026-04-11 02:12:07,694 __init__.py log_once [line:227] INFO min_local_test_accuracy       0.5172
2026-04-11 02:12:07,694 __init__.py log_once [line:227] INFO max_local_test_accuracy       0.8632
2026-04-11 02:12:07,694 __init__.py log_once [line:227] INFO local_test_loss               0.8898
2026-04-11 02:12:07,694 __init__.py log_once [line:227] INFO mean_local_test_loss          1.0736
2026-04-11 02:12:07,694 __init__.py log_once [line:227] INFO std_local_test_loss           0.7806
2026-04-11 02:12:07,694 __init__.py log_once [line:227] INFO min_local_test_loss           0.4724
2026-04-11 02:12:07,694 __init__.py log_once [line:227] INFO max_local_test_loss           2.3950
2026-04-11 02:12:07,694 fedbase.py run [line:316] INFO Eval Time Cost:               2.9708s
2026-04-11 02:12:18,890 fedbase.py run [line:311] INFO --------------Round 15--------------
2026-04-11 02:12:21,912 __init__.py log_once [line:227] INFO local_val_accuracy            0.6968
2026-04-11 02:12:21,913 __init__.py log_once [line:227] INFO mean_local_val_accuracy       0.6935
2026-04-11 02:12:21,913 __init__.py log_once [line:227] INFO std_local_val_accuracy        0.0511
2026-04-11 02:12:21,913 __init__.py log_once [line:227] INFO min_local_val_accuracy        0.6250
2026-04-11 02:12:21,913 __init__.py log_once [line:227] INFO max_local_val_accuracy        0.7667
2026-04-11 02:12:21,913 __init__.py log_once [line:227] INFO local_val_loss                1.0307
2026-04-11 02:12:21,913 __init__.py log_once [line:227] INFO mean_local_val_loss           1.0073
2026-04-11 02:12:21,913 __init__.py log_once [line:227] INFO std_local_val_loss            0.1767
2026-04-11 02:12:21,913 __init__.py log_once [line:227] INFO min_local_val_loss            0.7578
2026-04-11 02:12:21,913 __init__.py log_once [line:227] INFO max_local_val_loss            1.2151
2026-04-11 02:12:21,913 __init__.py log_once [line:227] INFO local_test_accuracy           0.6695
2026-04-11 02:12:21,913 __init__.py log_once [line:227] INFO mean_local_test_accuracy      0.6971
2026-04-11 02:12:21,913 __init__.py log_once [line:227] INFO std_local_test_accuracy       0.0603
2026-04-11 02:12:21,913 __init__.py log_once [line:227] INFO min_local_test_accuracy       0.6000
2026-04-11 02:12:21,913 __init__.py log_once [line:227] INFO max_local_test_accuracy       0.7586
2026-04-11 02:12:21,913 __init__.py log_once [line:227] INFO local_test_loss               1.0093
2026-04-11 02:12:21,913 __init__.py log_once [line:227] INFO mean_local_test_loss          0.9272
2026-04-11 02:12:21,913 __init__.py log_once [line:227] INFO std_local_test_loss           0.1648
2026-04-11 02:12:21,913 __init__.py log_once [line:227] INFO min_local_test_loss           0.7067
2026-04-11 02:12:21,913 __init__.py log_once [line:227] INFO max_local_test_loss           1.1564
2026-04-11 02:12:21,914 fedbase.py run [line:316] INFO Eval Time Cost:               3.0229s
2026-04-11 02:12:33,082 fedbase.py run [line:311] INFO --------------Round 16--------------
2026-04-11 02:12:36,059 __init__.py log_once [line:227] INFO local_val_accuracy            0.7605
2026-04-11 02:12:36,059 __init__.py log_once [line:227] INFO mean_local_val_accuracy       0.6810
2026-04-11 02:12:36,059 __init__.py log_once [line:227] INFO std_local_val_accuracy        0.1503
2026-04-11 02:12:36,059 __init__.py log_once [line:227] INFO min_local_val_accuracy        0.4667
2026-04-11 02:12:36,059 __init__.py log_once [line:227] INFO max_local_val_accuracy        0.8646
2026-04-11 02:12:36,059 __init__.py log_once [line:227] INFO local_val_loss                0.8361
2026-04-11 02:12:36,059 __init__.py log_once [line:227] INFO mean_local_val_loss           1.1450
2026-04-11 02:12:36,059 __init__.py log_once [line:227] INFO std_local_val_loss            0.5121
2026-04-11 02:12:36,059 __init__.py log_once [line:227] INFO min_local_val_loss            0.4704
2026-04-11 02:12:36,059 __init__.py log_once [line:227] INFO max_local_val_loss            1.6762
2026-04-11 02:12:36,059 __init__.py log_once [line:227] INFO local_test_accuracy           0.7486
2026-04-11 02:12:36,059 __init__.py log_once [line:227] INFO mean_local_test_accuracy      0.6797
2026-04-11 02:12:36,059 __init__.py log_once [line:227] INFO std_local_test_accuracy       0.1448
2026-04-11 02:12:36,059 __init__.py log_once [line:227] INFO min_local_test_accuracy       0.5172
2026-04-11 02:12:36,059 __init__.py log_once [line:227] INFO max_local_test_accuracy       0.9053
2026-04-11 02:12:36,059 __init__.py log_once [line:227] INFO local_test_loss               0.7996
2026-04-11 02:12:36,059 __init__.py log_once [line:227] INFO mean_local_test_loss          1.0395
2026-04-11 02:12:36,060 __init__.py log_once [line:227] INFO std_local_test_loss           0.4904
2026-04-11 02:12:36,060 __init__.py log_once [line:227] INFO min_local_test_loss           0.2909
2026-04-11 02:12:36,060 __init__.py log_once [line:227] INFO max_local_test_loss           1.6043
2026-04-11 02:12:36,060 fedbase.py run [line:316] INFO Eval Time Cost:               2.9771s
2026-04-11 02:12:47,416 fedbase.py run [line:311] INFO --------------Round 17--------------
2026-04-11 02:12:50,359 __init__.py log_once [line:227] INFO local_val_accuracy            0.7170
2026-04-11 02:12:50,359 __init__.py log_once [line:227] INFO mean_local_val_accuracy       0.7144
2026-04-11 02:12:50,359 __init__.py log_once [line:227] INFO std_local_val_accuracy        0.2261
2026-04-11 02:12:50,359 __init__.py log_once [line:227] INFO min_local_val_accuracy        0.3667
2026-04-11 02:12:50,359 __init__.py log_once [line:227] INFO max_local_val_accuracy        1.0000
2026-04-11 02:12:50,359 __init__.py log_once [line:227] INFO local_val_loss                0.9933
2026-04-11 02:12:50,359 __init__.py log_once [line:227] INFO mean_local_val_loss           1.1028
2026-04-11 02:12:50,359 __init__.py log_once [line:227] INFO std_local_val_loss            0.9077
2026-04-11 02:12:50,360 __init__.py log_once [line:227] INFO min_local_val_loss            0.1503
2026-04-11 02:12:50,360 __init__.py log_once [line:227] INFO max_local_val_loss            2.5995
2026-04-11 02:12:50,360 __init__.py log_once [line:227] INFO local_test_accuracy           0.6617
2026-04-11 02:12:50,360 __init__.py log_once [line:227] INFO mean_local_test_accuracy      0.6585
2026-04-11 02:12:50,360 __init__.py log_once [line:227] INFO std_local_test_accuracy       0.2709
2026-04-11 02:12:50,360 __init__.py log_once [line:227] INFO min_local_test_accuracy       0.2414
2026-04-11 02:12:50,360 __init__.py log_once [line:227] INFO max_local_test_accuracy       1.0000
2026-04-11 02:12:50,360 __init__.py log_once [line:227] INFO local_test_loss               1.2436
2026-04-11 02:12:50,360 __init__.py log_once [line:227] INFO mean_local_test_loss          1.3861
2026-04-11 02:12:50,360 __init__.py log_once [line:227] INFO std_local_test_loss           1.2262
2026-04-11 02:12:50,360 __init__.py log_once [line:227] INFO min_local_test_loss           0.0904
2026-04-11 02:12:50,360 __init__.py log_once [line:227] INFO max_local_test_loss           3.4047
2026-04-11 02:12:50,360 fedbase.py run [line:316] INFO Eval Time Cost:               2.9437s
2026-04-11 02:13:01,020 fedbase.py run [line:311] INFO --------------Round 18--------------
2026-04-11 02:13:04,034 __init__.py log_once [line:227] INFO local_val_accuracy            0.7754
2026-04-11 02:13:04,034 __init__.py log_once [line:227] INFO mean_local_val_accuracy       0.8089
2026-04-11 02:13:04,034 __init__.py log_once [line:227] INFO std_local_val_accuracy        0.0751
2026-04-11 02:13:04,034 __init__.py log_once [line:227] INFO min_local_val_accuracy        0.7500
2026-04-11 02:13:04,034 __init__.py log_once [line:227] INFO max_local_val_accuracy        0.9375
2026-04-11 02:13:04,034 __init__.py log_once [line:227] INFO local_val_loss                0.8519
2026-04-11 02:13:04,034 __init__.py log_once [line:227] INFO mean_local_val_loss           0.7743
2026-04-11 02:13:04,034 __init__.py log_once [line:227] INFO std_local_val_loss            0.2265
2026-04-11 02:13:04,034 __init__.py log_once [line:227] INFO min_local_val_loss            0.3952
2026-04-11 02:13:04,035 __init__.py log_once [line:227] INFO max_local_val_loss            0.9531
2026-04-11 02:13:04,035 __init__.py log_once [line:227] INFO local_test_accuracy           0.7814
2026-04-11 02:13:04,035 __init__.py log_once [line:227] INFO mean_local_test_accuracy      0.8229
2026-04-11 02:13:04,035 __init__.py log_once [line:227] INFO std_local_test_accuracy       0.0708
2026-04-11 02:13:04,035 __init__.py log_once [line:227] INFO min_local_test_accuracy       0.7411
2026-04-11 02:13:04,035 __init__.py log_once [line:227] INFO max_local_test_accuracy       0.9333
2026-04-11 02:13:04,035 __init__.py log_once [line:227] INFO local_test_loss               0.7573
2026-04-11 02:13:04,035 __init__.py log_once [line:227] INFO mean_local_test_loss          0.6247
2026-04-11 02:13:04,035 __init__.py log_once [line:227] INFO std_local_test_loss           0.2690
2026-04-11 02:13:04,035 __init__.py log_once [line:227] INFO min_local_test_loss           0.1660
2026-04-11 02:13:04,035 __init__.py log_once [line:227] INFO max_local_test_loss           0.8536
2026-04-11 02:13:04,035 fedbase.py run [line:316] INFO Eval Time Cost:               3.0148s
2026-04-11 02:13:15,450 fedbase.py run [line:311] INFO --------------Round 19--------------
2026-04-11 02:13:18,515 __init__.py log_once [line:227] INFO local_val_accuracy            0.7837
2026-04-11 02:13:18,515 __init__.py log_once [line:227] INFO mean_local_val_accuracy       0.7747
2026-04-11 02:13:18,515 __init__.py log_once [line:227] INFO std_local_val_accuracy        0.1591
2026-04-11 02:13:18,515 __init__.py log_once [line:227] INFO min_local_val_accuracy        0.5333
2026-04-11 02:13:18,515 __init__.py log_once [line:227] INFO max_local_val_accuracy        0.9375
2026-04-11 02:13:18,515 __init__.py log_once [line:227] INFO local_val_loss                0.6958
2026-04-11 02:13:18,515 __init__.py log_once [line:227] INFO mean_local_val_loss           0.6783
2026-04-11 02:13:18,516 __init__.py log_once [line:227] INFO std_local_val_loss            0.4039
2026-04-11 02:13:18,516 __init__.py log_once [line:227] INFO min_local_val_loss            0.1866
2026-04-11 02:13:18,516 __init__.py log_once [line:227] INFO max_local_val_loss            1.2465
2026-04-11 02:13:18,516 __init__.py log_once [line:227] INFO local_test_accuracy           0.7256
2026-04-11 02:13:18,516 __init__.py log_once [line:227] INFO mean_local_test_accuracy      0.7262
2026-04-11 02:13:18,516 __init__.py log_once [line:227] INFO std_local_test_accuracy       0.2359
2026-04-11 02:13:18,516 __init__.py log_once [line:227] INFO min_local_test_accuracy       0.3793
2026-04-11 02:13:18,516 __init__.py log_once [line:227] INFO max_local_test_accuracy       1.0000
2026-04-11 02:13:18,516 __init__.py log_once [line:227] INFO local_test_loss               0.8763
2026-04-11 02:13:18,516 __init__.py log_once [line:227] INFO mean_local_test_loss          0.9346
2026-04-11 02:13:18,516 __init__.py log_once [line:227] INFO std_local_test_loss           0.8305
2026-04-11 02:13:18,516 __init__.py log_once [line:227] INFO min_local_test_loss           0.0613
2026-04-11 02:13:18,516 __init__.py log_once [line:227] INFO max_local_test_loss           2.2378
2026-04-11 02:13:18,516 fedbase.py run [line:316] INFO Eval Time Cost:               3.0657s
2026-04-11 02:13:29,351 fedbase.py run [line:311] INFO --------------Round 20--------------
2026-04-11 02:13:32,526 __init__.py log_once [line:227] INFO local_val_accuracy            0.8698
2026-04-11 02:13:32,526 __init__.py log_once [line:227] INFO mean_local_val_accuracy       0.9047
2026-04-11 02:13:32,526 __init__.py log_once [line:227] INFO std_local_val_accuracy        0.0663
2026-04-11 02:13:32,526 __init__.py log_once [line:227] INFO min_local_val_accuracy        0.8125
2026-04-11 02:13:32,526 __init__.py log_once [line:227] INFO max_local_val_accuracy        1.0000
2026-04-11 02:13:32,526 __init__.py log_once [line:227] INFO local_val_loss                0.5301
2026-04-11 02:13:32,526 __init__.py log_once [line:227] INFO mean_local_val_loss           0.3968
2026-04-11 02:13:32,526 __init__.py log_once [line:227] INFO std_local_val_loss            0.2145
2026-04-11 02:13:32,527 __init__.py log_once [line:227] INFO min_local_val_loss            0.1719
2026-04-11 02:13:32,527 __init__.py log_once [line:227] INFO max_local_val_loss            0.7219
2026-04-11 02:13:32,527 __init__.py log_once [line:227] INFO local_test_accuracy           0.8175
2026-04-11 02:13:32,527 __init__.py log_once [line:227] INFO mean_local_test_accuracy      0.8798
2026-04-11 02:13:32,527 __init__.py log_once [line:227] INFO std_local_test_accuracy       0.1055
2026-04-11 02:13:32,527 __init__.py log_once [line:227] INFO min_local_test_accuracy       0.7143
2026-04-11 02:13:32,527 __init__.py log_once [line:227] INFO max_local_test_accuracy       1.0000
2026-04-11 02:13:32,527 __init__.py log_once [line:227] INFO local_test_loss               0.5910
2026-04-11 02:13:32,527 __init__.py log_once [line:227] INFO mean_local_test_loss          0.4034
2026-04-11 02:13:32,527 __init__.py log_once [line:227] INFO std_local_test_loss           0.3465
2026-04-11 02:13:32,527 __init__.py log_once [line:227] INFO min_local_test_loss           0.0506
2026-04-11 02:13:32,527 __init__.py log_once [line:227] INFO max_local_test_loss           0.9767
2026-04-11 02:13:32,527 fedbase.py run [line:316] INFO Eval Time Cost:               3.1759s
2026-04-11 02:13:43,437 fedbase.py run [line:311] INFO --------------Round 21--------------
2026-04-11 02:13:46,532 __init__.py log_once [line:227] INFO local_val_accuracy            0.8144
2026-04-11 02:13:46,533 __init__.py log_once [line:227] INFO mean_local_val_accuracy       0.8589
2026-04-11 02:13:46,533 __init__.py log_once [line:227] INFO std_local_val_accuracy        0.1043
2026-04-11 02:13:46,533 __init__.py log_once [line:227] INFO min_local_val_accuracy        0.6875
2026-04-11 02:13:46,533 __init__.py log_once [line:227] INFO max_local_val_accuracy        0.9667
2026-04-11 02:13:46,533 __init__.py log_once [line:227] INFO local_val_loss                0.6271
2026-04-11 02:13:46,533 __init__.py log_once [line:227] INFO mean_local_val_loss           0.5177
2026-04-11 02:13:46,533 __init__.py log_once [line:227] INFO std_local_val_loss            0.3158
2026-04-11 02:13:46,533 __init__.py log_once [line:227] INFO min_local_val_loss            0.1058
2026-04-11 02:13:46,533 __init__.py log_once [line:227] INFO max_local_val_loss            0.9702
2026-04-11 02:13:46,533 __init__.py log_once [line:227] INFO local_test_accuracy           0.8332
2026-04-11 02:13:46,533 __init__.py log_once [line:227] INFO mean_local_test_accuracy      0.8686
2026-04-11 02:13:46,533 __init__.py log_once [line:227] INFO std_local_test_accuracy       0.1009
2026-04-11 02:13:46,533 __init__.py log_once [line:227] INFO min_local_test_accuracy       0.7054
2026-04-11 02:13:46,533 __init__.py log_once [line:227] INFO max_local_test_accuracy       0.9655
2026-04-11 02:13:46,533 __init__.py log_once [line:227] INFO local_test_loss               0.5473
2026-04-11 02:13:46,533 __init__.py log_once [line:227] INFO mean_local_test_loss          0.4485
2026-04-11 02:13:46,533 __init__.py log_once [line:227] INFO std_local_test_loss           0.2764
2026-04-11 02:13:46,533 __init__.py log_once [line:227] INFO min_local_test_loss           0.2086
2026-04-11 02:13:46,533 __init__.py log_once [line:227] INFO max_local_test_loss           0.9053
2026-04-11 02:13:46,533 fedbase.py run [line:316] INFO Eval Time Cost:               3.0965s
2026-04-11 02:13:57,714 fedbase.py run [line:311] INFO --------------Round 22--------------
2026-04-11 02:14:00,689 __init__.py log_once [line:227] INFO local_val_accuracy            0.8621
2026-04-11 02:14:00,689 __init__.py log_once [line:227] INFO mean_local_val_accuracy       0.8670
2026-04-11 02:14:00,689 __init__.py log_once [line:227] INFO std_local_val_accuracy        0.0237
2026-04-11 02:14:00,689 __init__.py log_once [line:227] INFO min_local_val_accuracy        0.8304
2026-04-11 02:14:00,689 __init__.py log_once [line:227] INFO max_local_val_accuracy        0.8958
2026-04-11 02:14:00,689 __init__.py log_once [line:227] INFO local_val_loss                0.5318
2026-04-11 02:14:00,689 __init__.py log_once [line:227] INFO mean_local_val_loss           0.4462
2026-04-11 02:14:00,689 __init__.py log_once [line:227] INFO std_local_val_loss            0.1546
2026-04-11 02:14:00,689 __init__.py log_once [line:227] INFO min_local_val_loss            0.3121
2026-04-11 02:14:00,689 __init__.py log_once [line:227] INFO max_local_val_loss            0.7032
2026-04-11 02:14:00,690 __init__.py log_once [line:227] INFO local_test_accuracy           0.8333
2026-04-11 02:14:00,690 __init__.py log_once [line:227] INFO mean_local_test_accuracy      0.8758
2026-04-11 02:14:00,690 __init__.py log_once [line:227] INFO std_local_test_accuracy       0.0884
2026-04-11 02:14:00,690 __init__.py log_once [line:227] INFO min_local_test_accuracy       0.7232
2026-04-11 02:14:00,690 __init__.py log_once [line:227] INFO max_local_test_accuracy       0.9333
2026-04-11 02:14:00,690 __init__.py log_once [line:227] INFO local_test_loss               0.6042
2026-04-11 02:14:00,690 __init__.py log_once [line:227] INFO mean_local_test_loss          0.4936
2026-04-11 02:14:00,690 __init__.py log_once [line:227] INFO std_local_test_loss           0.3145
2026-04-11 02:14:00,690 __init__.py log_once [line:227] INFO min_local_test_loss           0.2010
2026-04-11 02:14:00,690 __init__.py log_once [line:227] INFO max_local_test_loss           1.0061
2026-04-11 02:14:00,690 fedbase.py run [line:316] INFO Eval Time Cost:               2.9754s
2026-04-11 02:14:11,955 fedbase.py run [line:311] INFO --------------Round 23--------------
2026-04-11 02:14:14,936 __init__.py log_once [line:227] INFO local_val_accuracy            0.8698
2026-04-11 02:14:14,936 __init__.py log_once [line:227] INFO mean_local_val_accuracy       0.9043
2026-04-11 02:14:14,936 __init__.py log_once [line:227] INFO std_local_val_accuracy        0.0635
2026-04-11 02:14:14,936 __init__.py log_once [line:227] INFO min_local_val_accuracy        0.8214
2026-04-11 02:14:14,936 __init__.py log_once [line:227] INFO max_local_val_accuracy        1.0000
2026-04-11 02:14:14,936 __init__.py log_once [line:227] INFO local_val_loss                0.5058
2026-04-11 02:14:14,937 __init__.py log_once [line:227] INFO mean_local_val_loss           0.3761
2026-04-11 02:14:14,937 __init__.py log_once [line:227] INFO std_local_val_loss            0.2305
2026-04-11 02:14:14,937 __init__.py log_once [line:227] INFO min_local_val_loss            0.0657
2026-04-11 02:14:14,937 __init__.py log_once [line:227] INFO max_local_val_loss            0.7148
2026-04-11 02:14:14,937 __init__.py log_once [line:227] INFO local_test_accuracy           0.8374
2026-04-11 02:14:14,937 __init__.py log_once [line:227] INFO mean_local_test_accuracy      0.8925
2026-04-11 02:14:14,937 __init__.py log_once [line:227] INFO std_local_test_accuracy       0.1028
2026-04-11 02:14:14,937 __init__.py log_once [line:227] INFO min_local_test_accuracy       0.7232
2026-04-11 02:14:14,937 __init__.py log_once [line:227] INFO max_local_test_accuracy       1.0000
2026-04-11 02:14:14,937 __init__.py log_once [line:227] INFO local_test_loss               0.5529
2026-04-11 02:14:14,937 __init__.py log_once [line:227] INFO mean_local_test_loss          0.3729
2026-04-11 02:14:14,937 __init__.py log_once [line:227] INFO std_local_test_loss           0.3447
2026-04-11 02:14:14,937 __init__.py log_once [line:227] INFO min_local_test_loss           0.0332
2026-04-11 02:14:14,937 __init__.py log_once [line:227] INFO max_local_test_loss           0.9487
2026-04-11 02:14:14,937 fedbase.py run [line:316] INFO Eval Time Cost:               2.9824s
2026-04-11 02:14:26,065 fedbase.py run [line:311] INFO --------------Round 24--------------
2026-04-11 02:14:29,090 __init__.py log_once [line:227] INFO local_val_accuracy            0.8579
2026-04-11 02:14:29,090 __init__.py log_once [line:227] INFO mean_local_val_accuracy       0.8976
2026-04-11 02:14:29,090 __init__.py log_once [line:227] INFO std_local_val_accuracy        0.0726
2026-04-11 02:14:29,090 __init__.py log_once [line:227] INFO min_local_val_accuracy        0.7946
2026-04-11 02:14:29,090 __init__.py log_once [line:227] INFO max_local_val_accuracy        1.0000
2026-04-11 02:14:29,090 __init__.py log_once [line:227] INFO local_val_loss                0.5399
2026-04-11 02:14:29,090 __init__.py log_once [line:227] INFO mean_local_val_loss           0.3922
2026-04-11 02:14:29,090 __init__.py log_once [line:227] INFO std_local_val_loss            0.2543
2026-04-11 02:14:29,090 __init__.py log_once [line:227] INFO min_local_val_loss            0.0911
2026-04-11 02:14:29,090 __init__.py log_once [line:227] INFO max_local_val_loss            0.7892
2026-04-11 02:14:29,090 __init__.py log_once [line:227] INFO local_test_accuracy           0.8375
2026-04-11 02:14:29,090 __init__.py log_once [line:227] INFO mean_local_test_accuracy      0.8993
2026-04-11 02:14:29,091 __init__.py log_once [line:227] INFO std_local_test_accuracy       0.1150
2026-04-11 02:14:29,091 __init__.py log_once [line:227] INFO min_local_test_accuracy       0.7054
2026-04-11 02:14:29,091 __init__.py log_once [line:227] INFO max_local_test_accuracy       1.0000
2026-04-11 02:14:29,091 __init__.py log_once [line:227] INFO local_test_loss               0.5536
2026-04-11 02:14:29,091 __init__.py log_once [line:227] INFO mean_local_test_loss          0.3841
2026-04-11 02:14:29,091 __init__.py log_once [line:227] INFO std_local_test_loss           0.3370
2026-04-11 02:14:29,091 __init__.py log_once [line:227] INFO min_local_test_loss           0.0985
2026-04-11 02:14:29,091 __init__.py log_once [line:227] INFO max_local_test_loss           0.9588
2026-04-11 02:14:29,091 fedbase.py run [line:316] INFO Eval Time Cost:               3.0257s
2026-04-11 02:14:40,334 fedbase.py run [line:311] INFO --------------Round 25--------------
2026-04-11 02:14:43,334 __init__.py log_once [line:227] INFO local_val_accuracy            0.8425
2026-04-11 02:14:43,334 __init__.py log_once [line:227] INFO mean_local_val_accuracy       0.8217
2026-04-11 02:14:43,334 __init__.py log_once [line:227] INFO std_local_val_accuracy        0.0866
2026-04-11 02:14:43,334 __init__.py log_once [line:227] INFO min_local_val_accuracy        0.6875
2026-04-11 02:14:43,334 __init__.py log_once [line:227] INFO max_local_val_accuracy        0.9000
2026-04-11 02:14:43,334 __init__.py log_once [line:227] INFO local_val_loss                0.5572
2026-04-11 02:14:43,334 __init__.py log_once [line:227] INFO mean_local_val_loss           0.5310
2026-04-11 02:14:43,334 __init__.py log_once [line:227] INFO std_local_val_loss            0.2274
2026-04-11 02:14:43,334 __init__.py log_once [line:227] INFO min_local_val_loss            0.2066
2026-04-11 02:14:43,334 __init__.py log_once [line:227] INFO max_local_val_loss            0.7579
2026-04-11 02:14:43,334 __init__.py log_once [line:227] INFO local_test_accuracy           0.8330
2026-04-11 02:14:43,335 __init__.py log_once [line:227] INFO mean_local_test_accuracy      0.8534
2026-04-11 02:14:43,335 __init__.py log_once [line:227] INFO std_local_test_accuracy       0.0922
2026-04-11 02:14:43,335 __init__.py log_once [line:227] INFO min_local_test_accuracy       0.7321
2026-04-11 02:14:43,335 __init__.py log_once [line:227] INFO max_local_test_accuracy       0.9655
2026-04-11 02:14:43,335 __init__.py log_once [line:227] INFO local_test_loss               0.5675
2026-04-11 02:14:43,335 __init__.py log_once [line:227] INFO mean_local_test_loss          0.4340
2026-04-11 02:14:43,335 __init__.py log_once [line:227] INFO std_local_test_loss           0.3046
2026-04-11 02:14:43,335 __init__.py log_once [line:227] INFO min_local_test_loss           0.2088
2026-04-11 02:14:43,335 __init__.py log_once [line:227] INFO max_local_test_loss           0.9582
2026-04-11 02:14:43,335 fedbase.py run [line:316] INFO Eval Time Cost:               3.0011s
2026-04-11 02:14:54,290 fedbase.py run [line:311] INFO --------------Round 26--------------
2026-04-11 02:14:57,305 __init__.py log_once [line:227] INFO local_val_accuracy            0.8698
2026-04-11 02:14:57,305 __init__.py log_once [line:227] INFO mean_local_val_accuracy       0.9047
2026-04-11 02:14:57,305 __init__.py log_once [line:227] INFO std_local_val_accuracy        0.0663
2026-04-11 02:14:57,305 __init__.py log_once [line:227] INFO min_local_val_accuracy        0.8125
2026-04-11 02:14:57,305 __init__.py log_once [line:227] INFO max_local_val_accuracy        1.0000
2026-04-11 02:14:57,305 __init__.py log_once [line:227] INFO local_val_loss                0.5256
2026-04-11 02:14:57,305 __init__.py log_once [line:227] INFO mean_local_val_loss           0.3653
2026-04-11 02:14:57,305 __init__.py log_once [line:227] INFO std_local_val_loss            0.2577
2026-04-11 02:14:57,305 __init__.py log_once [line:227] INFO min_local_val_loss            0.0480
2026-04-11 02:14:57,305 __init__.py log_once [line:227] INFO max_local_val_loss            0.7401
2026-04-11 02:14:57,305 __init__.py log_once [line:227] INFO local_test_accuracy           0.8494
2026-04-11 02:14:57,305 __init__.py log_once [line:227] INFO mean_local_test_accuracy      0.9060
2026-04-11 02:14:57,305 __init__.py log_once [line:227] INFO std_local_test_accuracy       0.1037
2026-04-11 02:14:57,305 __init__.py log_once [line:227] INFO min_local_test_accuracy       0.7321
2026-04-11 02:14:57,305 __init__.py log_once [line:227] INFO max_local_test_accuracy       1.0000
2026-04-11 02:14:57,305 __init__.py log_once [line:227] INFO local_test_loss               0.5216
2026-04-11 02:14:57,306 __init__.py log_once [line:227] INFO mean_local_test_loss          0.3481
2026-04-11 02:14:57,306 __init__.py log_once [line:227] INFO std_local_test_loss           0.3304
2026-04-11 02:14:57,306 __init__.py log_once [line:227] INFO min_local_test_loss           0.0210
2026-04-11 02:14:57,306 __init__.py log_once [line:227] INFO max_local_test_loss           0.8994
2026-04-11 02:14:57,306 fedbase.py run [line:316] INFO Eval Time Cost:               3.0160s
2026-04-11 02:15:08,326 fedbase.py run [line:311] INFO --------------Round 27--------------
2026-04-11 02:15:11,247 __init__.py log_once [line:227] INFO local_val_accuracy            0.8620
2026-04-11 02:15:11,247 __init__.py log_once [line:227] INFO mean_local_val_accuracy       0.8934
2026-04-11 02:15:11,247 __init__.py log_once [line:227] INFO std_local_val_accuracy        0.0658
2026-04-11 02:15:11,247 __init__.py log_once [line:227] INFO min_local_val_accuracy        0.8214
2026-04-11 02:15:11,248 __init__.py log_once [line:227] INFO max_local_val_accuracy        1.0000
2026-04-11 02:15:11,248 __init__.py log_once [line:227] INFO local_val_loss                0.5328
2026-04-11 02:15:11,248 __init__.py log_once [line:227] INFO mean_local_val_loss           0.3915
2026-04-11 02:15:11,248 __init__.py log_once [line:227] INFO std_local_val_loss            0.2478
2026-04-11 02:15:11,248 __init__.py log_once [line:227] INFO min_local_val_loss            0.0404
2026-04-11 02:15:11,248 __init__.py log_once [line:227] INFO max_local_val_loss            0.7386
2026-04-11 02:15:11,248 __init__.py log_once [line:227] INFO local_test_accuracy           0.8374
2026-04-11 02:15:11,248 __init__.py log_once [line:227] INFO mean_local_test_accuracy      0.8925
2026-04-11 02:15:11,248 __init__.py log_once [line:227] INFO std_local_test_accuracy       0.1028
2026-04-11 02:15:11,248 __init__.py log_once [line:227] INFO min_local_test_accuracy       0.7232
2026-04-11 02:15:11,248 __init__.py log_once [line:227] INFO max_local_test_accuracy       1.0000
2026-04-11 02:15:11,248 __init__.py log_once [line:227] INFO local_test_loss               0.5878
2026-04-11 02:15:11,248 __init__.py log_once [line:227] INFO mean_local_test_loss          0.4276
2026-04-11 02:15:11,248 __init__.py log_once [line:227] INFO std_local_test_loss           0.3296
2026-04-11 02:15:11,248 __init__.py log_once [line:227] INFO min_local_test_loss           0.0383
2026-04-11 02:15:11,248 __init__.py log_once [line:227] INFO max_local_test_loss           0.9465
2026-04-11 02:15:11,248 fedbase.py run [line:316] INFO Eval Time Cost:               2.9216s
