2026-04-18 01:48:51,876 fflow.py init [line:848] INFO PROCESS ID:	106868
2026-04-18 01:48:51,876 fflow.py init [line:849] INFO Initializing devices: cuda:0 will be used for this running.
2026-04-18 01:48:51,876 fflow.py init [line:852] INFO BENCHMARK:	benchmark.office_caltech10_classification
2026-04-18 01:48:51,876 fflow.py init [line:853] INFO TASK:			task/office_caltech10_c4
2026-04-18 01:48:51,876 fflow.py init [line:854] INFO MODEL:		benchmark.office_caltech10_classification.model.default_model
2026-04-18 01:48:51,876 fflow.py init [line:855] INFO ALGORITHM:	standalone
2026-04-18 01:48:51,878 fflow.py init [line:901] INFO SCENE:		horizontal FL with 1 <class 'algorithm.standalone.Server'>, 4 <class 'algorithm.standalone.Client'>
2026-04-18 01:48:52,355 fflow.py init [line:918] INFO SIMULATOR:	<class 'flgo.simulator.default_simulator.Simulator'>
2026-04-18 01:48:52,371 fflow.py init [line:931] INFO Ready to start.
2026-04-18 01:48:52,371 standalone.py run [line:14] INFO --------------Initial Evaluation--------------
2026-04-18 01:48:54,916 __init__.py log_once [line:227] INFO local_val_accuracy            0.1300
2026-04-18 01:48:54,916 __init__.py log_once [line:227] INFO mean_local_val_accuracy       0.1159
2026-04-18 01:48:54,917 __init__.py log_once [line:227] INFO std_local_val_accuracy        0.0315
2026-04-18 01:48:54,917 __init__.py log_once [line:227] INFO min_local_val_accuracy        0.0625
2026-04-18 01:48:54,917 __init__.py log_once [line:227] INFO max_local_val_accuracy        0.1429
2026-04-18 01:48:54,917 __init__.py log_once [line:227] INFO local_val_loss                2.3009
2026-04-18 01:48:54,917 __init__.py log_once [line:227] INFO mean_local_val_loss           2.3014
2026-04-18 01:48:54,917 __init__.py log_once [line:227] INFO std_local_val_loss            0.0012
2026-04-18 01:48:54,917 __init__.py log_once [line:227] INFO min_local_val_loss            2.3001
2026-04-18 01:48:54,917 __init__.py log_once [line:227] INFO max_local_val_loss            2.3032
2026-04-18 01:48:54,917 __init__.py log_once [line:227] INFO local_test_accuracy           0.0839
2026-04-18 01:48:54,917 __init__.py log_once [line:227] INFO mean_local_test_accuracy      0.1041
2026-04-18 01:48:54,917 __init__.py log_once [line:227] INFO std_local_test_accuracy       0.0316
2026-04-18 01:48:54,917 __init__.py log_once [line:227] INFO min_local_test_accuracy       0.0714
2026-04-18 01:48:54,917 __init__.py log_once [line:227] INFO max_local_test_accuracy       0.1379
2026-04-18 01:48:54,917 __init__.py log_once [line:227] INFO local_test_loss               2.3028
2026-04-18 01:48:54,917 __init__.py log_once [line:227] INFO mean_local_test_loss          2.3011
2026-04-18 01:48:54,917 __init__.py log_once [line:227] INFO std_local_test_loss           0.0028
2026-04-18 01:48:54,917 __init__.py log_once [line:227] INFO min_local_test_loss           2.2975
2026-04-18 01:48:54,917 __init__.py log_once [line:227] INFO max_local_test_loss           2.3045
2026-04-18 01:48:54,917 standalone.py run [line:17] INFO Eval Time Cost:               2.5462s
2026-04-18 01:54:22,469 standalone.py run [line:20] INFO =================End==================
2026-04-18 01:54:22,469 standalone.py run [line:21] INFO Total Time Cost:              330.0982s
2026-04-18 01:54:24,399 __init__.py log_once [line:227] INFO local_val_accuracy            0.4019
2026-04-18 01:54:24,399 __init__.py log_once [line:227] INFO mean_local_val_accuracy       0.3187
2026-04-18 01:54:24,399 __init__.py log_once [line:227] INFO std_local_val_accuracy        0.2448
2026-04-18 01:54:24,399 __init__.py log_once [line:227] INFO min_local_val_accuracy        0.1333
2026-04-18 01:54:24,399 __init__.py log_once [line:227] INFO max_local_val_accuracy        0.7396
2026-04-18 01:54:24,399 __init__.py log_once [line:227] INFO local_val_loss                1.9164
2026-04-18 01:54:24,399 __init__.py log_once [line:227] INFO mean_local_val_loss           2.0444
2026-04-18 01:54:24,399 __init__.py log_once [line:227] INFO std_local_val_loss            0.4289
2026-04-18 01:54:24,399 __init__.py log_once [line:227] INFO min_local_val_loss            1.3015
2026-04-18 01:54:24,399 __init__.py log_once [line:227] INFO max_local_val_loss            2.3006
2026-04-18 01:54:24,399 __init__.py log_once [line:227] INFO local_test_accuracy           0.3500
2026-04-18 01:54:24,400 __init__.py log_once [line:227] INFO mean_local_test_accuracy      0.2483
2026-04-18 01:54:24,400 __init__.py log_once [line:227] INFO std_local_test_accuracy       0.2650
2026-04-18 01:54:24,400 __init__.py log_once [line:227] INFO min_local_test_accuracy       0.0000
2026-04-18 01:54:24,400 __init__.py log_once [line:227] INFO max_local_test_accuracy       0.6947
2026-04-18 01:54:24,400 __init__.py log_once [line:227] INFO local_test_loss               1.8064
2026-04-18 01:54:24,400 __init__.py log_once [line:227] INFO mean_local_test_loss          1.9726
2026-04-18 01:54:24,400 __init__.py log_once [line:227] INFO std_local_test_loss           0.5637
2026-04-18 01:54:24,400 __init__.py log_once [line:227] INFO min_local_test_loss           0.9962
2026-04-18 01:54:24,400 __init__.py log_once [line:227] INFO max_local_test_loss           2.2997
2026-04-18 01:54:24,400 standalone.py run [line:24] INFO Eval Time Cost:               1.9306s
