2026-04-11 02:08:47,988 fflow.py init [line:848] INFO PROCESS ID:	34482
2026-04-11 02:08:47,988 fflow.py init [line:849] INFO Initializing devices: cuda:0 will be used for this running.
2026-04-11 02:08:47,988 fflow.py init [line:852] INFO BENCHMARK:	benchmark.office_caltech10_classification
2026-04-11 02:08:47,988 fflow.py init [line:853] INFO TASK:			task/office_caltech10_c4
2026-04-11 02:08:47,988 fflow.py init [line:854] INFO MODEL:		algorithm.feddsa_stylehead_bank
2026-04-11 02:08:47,988 fflow.py init [line:855] INFO ALGORITHM:	feddsa_stylehead_bank
2026-04-11 02:08:47,991 fflow.py init [line:901] INFO SCENE:		horizontal FL with 1 <class 'algorithm.feddsa_stylehead_bank.Server'>, 4 <class 'algorithm.feddsa_stylehead_bank.Client'>
2026-04-11 02:08:48,359 fflow.py init [line:918] INFO SIMULATOR:	<class 'flgo.simulator.default_simulator.Simulator'>
2026-04-11 02:08:48,555 fflow.py init [line:931] INFO Ready to start.
2026-04-11 02:08:48,555 fedbase.py run [line:300] INFO --------------Initial Evaluation--------------
2026-04-11 02:08:51,888 __init__.py log_once [line:227] INFO local_val_accuracy            0.1145
2026-04-11 02:08:51,888 __init__.py log_once [line:227] INFO mean_local_val_accuracy       0.0945
2026-04-11 02:08:51,888 __init__.py log_once [line:227] INFO std_local_val_accuracy        0.0625
2026-04-11 02:08:51,888 __init__.py log_once [line:227] INFO min_local_val_accuracy        0.0000
2026-04-11 02:08:51,888 __init__.py log_once [line:227] INFO max_local_val_accuracy        0.1696
2026-04-11 02:08:51,888 __init__.py log_once [line:227] INFO local_val_loss                2.3026
2026-04-11 02:08:51,888 __init__.py log_once [line:227] INFO mean_local_val_loss           2.3055
2026-04-11 02:08:51,888 __init__.py log_once [line:227] INFO std_local_val_loss            0.0067
2026-04-11 02:08:51,888 __init__.py log_once [line:227] INFO min_local_val_loss            2.2968
2026-04-11 02:08:51,889 __init__.py log_once [line:227] INFO max_local_val_loss            2.3156
2026-04-11 02:08:51,889 __init__.py log_once [line:227] INFO local_test_accuracy           0.0639
2026-04-11 02:08:51,889 __init__.py log_once [line:227] INFO mean_local_test_accuracy      0.0734
2026-04-11 02:08:51,889 __init__.py log_once [line:227] INFO std_local_test_accuracy       0.0365
2026-04-11 02:08:51,889 __init__.py log_once [line:227] INFO min_local_test_accuracy       0.0345
2026-04-11 02:08:51,889 __init__.py log_once [line:227] INFO max_local_test_accuracy       0.1333
2026-04-11 02:08:51,889 __init__.py log_once [line:227] INFO local_test_loss               2.3044
2026-04-11 02:08:51,889 __init__.py log_once [line:227] INFO mean_local_test_loss          2.3041
2026-04-11 02:08:51,889 __init__.py log_once [line:227] INFO std_local_test_loss           0.0050
2026-04-11 02:08:51,889 __init__.py log_once [line:227] INFO min_local_test_loss           2.2977
2026-04-11 02:08:51,889 __init__.py log_once [line:227] INFO max_local_test_loss           2.3114
2026-04-11 02:08:51,889 fedbase.py run [line:303] INFO Eval Time Cost:               3.3341s
2026-04-11 02:09:03,918 fedbase.py run [line:311] INFO --------------Round 1--------------
2026-04-11 02:09:07,415 __init__.py log_once [line:227] INFO local_val_accuracy            0.1338
2026-04-11 02:09:07,416 __init__.py log_once [line:227] INFO mean_local_val_accuracy       0.1284
2026-04-11 02:09:07,416 __init__.py log_once [line:227] INFO std_local_val_accuracy        0.0488
2026-04-11 02:09:07,416 __init__.py log_once [line:227] INFO min_local_val_accuracy        0.0804
2026-04-11 02:09:07,416 __init__.py log_once [line:227] INFO max_local_val_accuracy        0.2083
2026-04-11 02:09:07,416 __init__.py log_once [line:227] INFO local_val_loss                2.3285
2026-04-11 02:09:07,416 __init__.py log_once [line:227] INFO mean_local_val_loss           2.3190
2026-04-11 02:09:07,416 __init__.py log_once [line:227] INFO std_local_val_loss            0.0196
2026-04-11 02:09:07,416 __init__.py log_once [line:227] INFO min_local_val_loss            2.3029
2026-04-11 02:09:07,416 __init__.py log_once [line:227] INFO max_local_val_loss            2.3526
2026-04-11 02:09:07,416 __init__.py log_once [line:227] INFO local_test_accuracy           0.1155
2026-04-11 02:09:07,416 __init__.py log_once [line:227] INFO mean_local_test_accuracy      0.1044
2026-04-11 02:09:07,416 __init__.py log_once [line:227] INFO std_local_test_accuracy       0.0410
2026-04-11 02:09:07,416 __init__.py log_once [line:227] INFO min_local_test_accuracy       0.0345
2026-04-11 02:09:07,416 __init__.py log_once [line:227] INFO max_local_test_accuracy       0.1339
2026-04-11 02:09:07,416 __init__.py log_once [line:227] INFO local_test_loss               2.3225
2026-04-11 02:09:07,416 __init__.py log_once [line:227] INFO mean_local_test_loss          2.3162
2026-04-11 02:09:07,416 __init__.py log_once [line:227] INFO std_local_test_loss           0.0115
2026-04-11 02:09:07,416 __init__.py log_once [line:227] INFO min_local_test_loss           2.2987
2026-04-11 02:09:07,416 __init__.py log_once [line:227] INFO max_local_test_loss           2.3312
2026-04-11 02:09:07,416 fedbase.py run [line:316] INFO Eval Time Cost:               3.4976s
2026-04-11 02:09:19,726 fedbase.py run [line:311] INFO --------------Round 2--------------
2026-04-11 02:09:23,153 __init__.py log_once [line:227] INFO local_val_accuracy            0.2050
2026-04-11 02:09:23,153 __init__.py log_once [line:227] INFO mean_local_val_accuracy       0.1697
2026-04-11 02:09:23,153 __init__.py log_once [line:227] INFO std_local_val_accuracy        0.0586
2026-04-11 02:09:23,153 __init__.py log_once [line:227] INFO min_local_val_accuracy        0.1000
2026-04-11 02:09:23,153 __init__.py log_once [line:227] INFO max_local_val_accuracy        0.2396
2026-04-11 02:09:23,153 __init__.py log_once [line:227] INFO local_val_loss                2.1816
2026-04-11 02:09:23,153 __init__.py log_once [line:227] INFO mean_local_val_loss           2.2301
2026-04-11 02:09:23,153 __init__.py log_once [line:227] INFO std_local_val_loss            0.0749
2026-04-11 02:09:23,153 __init__.py log_once [line:227] INFO min_local_val_loss            2.1546
2026-04-11 02:09:23,153 __init__.py log_once [line:227] INFO max_local_val_loss            2.3130
2026-04-11 02:09:23,153 __init__.py log_once [line:227] INFO local_test_accuracy           0.1909
2026-04-11 02:09:23,153 __init__.py log_once [line:227] INFO mean_local_test_accuracy      0.1443
2026-04-11 02:09:23,153 __init__.py log_once [line:227] INFO std_local_test_accuracy       0.0822
2026-04-11 02:09:23,154 __init__.py log_once [line:227] INFO min_local_test_accuracy       0.0667
2026-04-11 02:09:23,154 __init__.py log_once [line:227] INFO max_local_test_accuracy       0.2632
2026-04-11 02:09:23,154 __init__.py log_once [line:227] INFO local_test_loss               2.2009
2026-04-11 02:09:23,154 __init__.py log_once [line:227] INFO mean_local_test_loss          2.2487
2026-04-11 02:09:23,154 __init__.py log_once [line:227] INFO std_local_test_loss           0.0886
2026-04-11 02:09:23,154 __init__.py log_once [line:227] INFO min_local_test_loss           2.1185
2026-04-11 02:09:23,154 __init__.py log_once [line:227] INFO max_local_test_loss           2.3451
2026-04-11 02:09:23,154 fedbase.py run [line:316] INFO Eval Time Cost:               3.4268s
2026-04-11 02:09:35,492 fedbase.py run [line:311] INFO --------------Round 3--------------
2026-04-11 02:09:39,052 __init__.py log_once [line:227] INFO local_val_accuracy            0.4537
2026-04-11 02:09:39,052 __init__.py log_once [line:227] INFO mean_local_val_accuracy       0.3230
2026-04-11 02:09:39,052 __init__.py log_once [line:227] INFO std_local_val_accuracy        0.2149
2026-04-11 02:09:39,052 __init__.py log_once [line:227] INFO min_local_val_accuracy        0.1000
2026-04-11 02:09:39,052 __init__.py log_once [line:227] INFO max_local_val_accuracy        0.5938
2026-04-11 02:09:39,052 __init__.py log_once [line:227] INFO local_val_loss                1.5732
2026-04-11 02:09:39,052 __init__.py log_once [line:227] INFO mean_local_val_loss           1.8746
2026-04-11 02:09:39,052 __init__.py log_once [line:227] INFO std_local_val_loss            0.4993
2026-04-11 02:09:39,052 __init__.py log_once [line:227] INFO min_local_val_loss            1.2199
2026-04-11 02:09:39,053 __init__.py log_once [line:227] INFO max_local_val_loss            2.3783
2026-04-11 02:09:39,053 __init__.py log_once [line:227] INFO local_test_accuracy           0.3855
2026-04-11 02:09:39,053 __init__.py log_once [line:227] INFO mean_local_test_accuracy      0.2609
2026-04-11 02:09:39,053 __init__.py log_once [line:227] INFO std_local_test_accuracy       0.2358
2026-04-11 02:09:39,053 __init__.py log_once [line:227] INFO min_local_test_accuracy       0.0345
2026-04-11 02:09:39,053 __init__.py log_once [line:227] INFO max_local_test_accuracy       0.6211
2026-04-11 02:09:39,053 __init__.py log_once [line:227] INFO local_test_loss               1.7637
2026-04-11 02:09:39,053 __init__.py log_once [line:227] INFO mean_local_test_loss          2.0173
2026-04-11 02:09:39,053 __init__.py log_once [line:227] INFO std_local_test_loss           0.4858
2026-04-11 02:09:39,053 __init__.py log_once [line:227] INFO min_local_test_loss           1.2779
2026-04-11 02:09:39,053 __init__.py log_once [line:227] INFO max_local_test_loss           2.5188
2026-04-11 02:09:39,053 fedbase.py run [line:316] INFO Eval Time Cost:               3.5610s
2026-04-11 02:09:50,880 fedbase.py run [line:311] INFO --------------Round 4--------------
2026-04-11 02:09:54,311 __init__.py log_once [line:227] INFO local_val_accuracy            0.2522
2026-04-11 02:09:54,311 __init__.py log_once [line:227] INFO mean_local_val_accuracy       0.2048
2026-04-11 02:09:54,311 __init__.py log_once [line:227] INFO std_local_val_accuracy        0.0963
2026-04-11 02:09:54,311 __init__.py log_once [line:227] INFO min_local_val_accuracy        0.0625
2026-04-11 02:09:54,311 __init__.py log_once [line:227] INFO max_local_val_accuracy        0.3333
2026-04-11 02:09:54,311 __init__.py log_once [line:227] INFO local_val_loss                2.7183
2026-04-11 02:09:54,311 __init__.py log_once [line:227] INFO mean_local_val_loss           2.5868
2026-04-11 02:09:54,311 __init__.py log_once [line:227] INFO std_local_val_loss            0.4627
2026-04-11 02:09:54,311 __init__.py log_once [line:227] INFO min_local_val_loss            2.1257
2026-04-11 02:09:54,311 __init__.py log_once [line:227] INFO max_local_val_loss            3.3489
2026-04-11 02:09:54,312 __init__.py log_once [line:227] INFO local_test_accuracy           0.2542
2026-04-11 02:09:54,312 __init__.py log_once [line:227] INFO mean_local_test_accuracy      0.1684
2026-04-11 02:09:54,312 __init__.py log_once [line:227] INFO std_local_test_accuracy       0.1383
2026-04-11 02:09:54,312 __init__.py log_once [line:227] INFO min_local_test_accuracy       0.0000
2026-04-11 02:09:54,312 __init__.py log_once [line:227] INFO max_local_test_accuracy       0.3368
2026-04-11 02:09:54,312 __init__.py log_once [line:227] INFO local_test_loss               2.4882
2026-04-11 02:09:54,312 __init__.py log_once [line:227] INFO mean_local_test_loss          2.5129
2026-04-11 02:09:54,312 __init__.py log_once [line:227] INFO std_local_test_loss           0.3608
2026-04-11 02:09:54,312 __init__.py log_once [line:227] INFO min_local_test_loss           1.9358
2026-04-11 02:09:54,312 __init__.py log_once [line:227] INFO max_local_test_loss           2.8986
2026-04-11 02:09:54,312 fedbase.py run [line:316] INFO Eval Time Cost:               3.4319s
2026-04-11 02:10:05,879 fedbase.py run [line:311] INFO --------------Round 5--------------
2026-04-11 02:10:09,130 __init__.py log_once [line:227] INFO local_val_accuracy            0.3906
2026-04-11 02:10:09,130 __init__.py log_once [line:227] INFO mean_local_val_accuracy       0.2805
2026-04-11 02:10:09,130 __init__.py log_once [line:227] INFO std_local_val_accuracy        0.1701
2026-04-11 02:10:09,131 __init__.py log_once [line:227] INFO min_local_val_accuracy        0.0625
2026-04-11 02:10:09,131 __init__.py log_once [line:227] INFO max_local_val_accuracy        0.4554
2026-04-11 02:10:09,131 __init__.py log_once [line:227] INFO local_val_loss                1.9011
2026-04-11 02:10:09,131 __init__.py log_once [line:227] INFO mean_local_val_loss           2.1551
2026-04-11 02:10:09,131 __init__.py log_once [line:227] INFO std_local_val_loss            0.4363
2026-04-11 02:10:09,131 __init__.py log_once [line:227] INFO min_local_val_loss            1.6262
2026-04-11 02:10:09,131 __init__.py log_once [line:227] INFO max_local_val_loss            2.7864
2026-04-11 02:10:09,131 __init__.py log_once [line:227] INFO local_test_accuracy           0.3533
2026-04-11 02:10:09,131 __init__.py log_once [line:227] INFO mean_local_test_accuracy      0.2270
2026-04-11 02:10:09,131 __init__.py log_once [line:227] INFO std_local_test_accuracy       0.1942
2026-04-11 02:10:09,131 __init__.py log_once [line:227] INFO min_local_test_accuracy       0.0000
2026-04-11 02:10:09,131 __init__.py log_once [line:227] INFO max_local_test_accuracy       0.4286
2026-04-11 02:10:09,131 __init__.py log_once [line:227] INFO local_test_loss               1.9645
2026-04-11 02:10:09,131 __init__.py log_once [line:227] INFO mean_local_test_loss          2.2572
2026-04-11 02:10:09,131 __init__.py log_once [line:227] INFO std_local_test_loss           0.5048
2026-04-11 02:10:09,131 __init__.py log_once [line:227] INFO min_local_test_loss           1.5511
2026-04-11 02:10:09,131 __init__.py log_once [line:227] INFO max_local_test_loss           2.7377
2026-04-11 02:10:09,131 fedbase.py run [line:316] INFO Eval Time Cost:               3.2517s
2026-04-11 02:10:21,193 fedbase.py run [line:311] INFO --------------Round 6--------------
2026-04-11 02:10:24,705 __init__.py log_once [line:227] INFO local_val_accuracy            0.4807
2026-04-11 02:10:24,706 __init__.py log_once [line:227] INFO mean_local_val_accuracy       0.3985
2026-04-11 02:10:24,706 __init__.py log_once [line:227] INFO std_local_val_accuracy        0.1647
2026-04-11 02:10:24,706 __init__.py log_once [line:227] INFO min_local_val_accuracy        0.1250
2026-04-11 02:10:24,706 __init__.py log_once [line:227] INFO max_local_val_accuracy        0.5625
2026-04-11 02:10:24,706 __init__.py log_once [line:227] INFO local_val_loss                1.6250
2026-04-11 02:10:24,706 __init__.py log_once [line:227] INFO mean_local_val_loss           1.8950
2026-04-11 02:10:24,706 __init__.py log_once [line:227] INFO std_local_val_loss            0.5876
2026-04-11 02:10:24,706 __init__.py log_once [line:227] INFO min_local_val_loss            1.3786
2026-04-11 02:10:24,706 __init__.py log_once [line:227] INFO max_local_val_loss            2.8940
2026-04-11 02:10:24,706 __init__.py log_once [line:227] INFO local_test_accuracy           0.4927
2026-04-11 02:10:24,706 __init__.py log_once [line:227] INFO mean_local_test_accuracy      0.3583
2026-04-11 02:10:24,706 __init__.py log_once [line:227] INFO std_local_test_accuracy       0.2143
2026-04-11 02:10:24,706 __init__.py log_once [line:227] INFO min_local_test_accuracy       0.0667
2026-04-11 02:10:24,706 __init__.py log_once [line:227] INFO max_local_test_accuracy       0.5895
2026-04-11 02:10:24,706 __init__.py log_once [line:227] INFO local_test_loss               1.4989
2026-04-11 02:10:24,706 __init__.py log_once [line:227] INFO mean_local_test_loss          1.8403
2026-04-11 02:10:24,706 __init__.py log_once [line:227] INFO std_local_test_loss           0.5812
2026-04-11 02:10:24,706 __init__.py log_once [line:227] INFO min_local_test_loss           1.2844
2026-04-11 02:10:24,706 __init__.py log_once [line:227] INFO max_local_test_loss           2.7535
2026-04-11 02:10:24,707 fedbase.py run [line:316] INFO Eval Time Cost:               3.5127s
2026-04-11 02:10:36,618 fedbase.py run [line:311] INFO --------------Round 7--------------
2026-04-11 02:10:39,878 __init__.py log_once [line:227] INFO local_val_accuracy            0.3579
2026-04-11 02:10:39,878 __init__.py log_once [line:227] INFO mean_local_val_accuracy       0.3301
2026-04-11 02:10:39,878 __init__.py log_once [line:227] INFO std_local_val_accuracy        0.2302
2026-04-11 02:10:39,878 __init__.py log_once [line:227] INFO min_local_val_accuracy        0.0000
2026-04-11 02:10:39,878 __init__.py log_once [line:227] INFO max_local_val_accuracy        0.6000
2026-04-11 02:10:39,878 __init__.py log_once [line:227] INFO local_val_loss                2.4704
2026-04-11 02:10:39,879 __init__.py log_once [line:227] INFO mean_local_val_loss           2.3610
2026-04-11 02:10:39,879 __init__.py log_once [line:227] INFO std_local_val_loss            0.8737
2026-04-11 02:10:39,879 __init__.py log_once [line:227] INFO min_local_val_loss            1.4014
2026-04-11 02:10:39,879 __init__.py log_once [line:227] INFO max_local_val_loss            3.4150
2026-04-11 02:10:39,879 __init__.py log_once [line:227] INFO local_test_accuracy           0.3702
2026-04-11 02:10:39,879 __init__.py log_once [line:227] INFO mean_local_test_accuracy      0.3259
2026-04-11 02:10:39,879 __init__.py log_once [line:227] INFO std_local_test_accuracy       0.1358
2026-04-11 02:10:39,879 __init__.py log_once [line:227] INFO min_local_test_accuracy       0.1333
2026-04-11 02:10:39,879 __init__.py log_once [line:227] INFO max_local_test_accuracy       0.5053
2026-04-11 02:10:39,879 __init__.py log_once [line:227] INFO local_test_loss               2.4105
2026-04-11 02:10:39,879 __init__.py log_once [line:227] INFO mean_local_test_loss          2.3121
2026-04-11 02:10:39,879 __init__.py log_once [line:227] INFO std_local_test_loss           0.7618
2026-04-11 02:10:39,879 __init__.py log_once [line:227] INFO min_local_test_loss           1.5086
2026-04-11 02:10:39,879 __init__.py log_once [line:227] INFO max_local_test_loss           3.2585
2026-04-11 02:10:39,879 fedbase.py run [line:316] INFO Eval Time Cost:               3.2608s
2026-04-11 02:10:51,914 fedbase.py run [line:311] INFO --------------Round 8--------------
2026-04-11 02:10:55,171 __init__.py log_once [line:227] INFO local_val_accuracy            0.4726
2026-04-11 02:10:55,171 __init__.py log_once [line:227] INFO mean_local_val_accuracy       0.4151
2026-04-11 02:10:55,171 __init__.py log_once [line:227] INFO std_local_val_accuracy        0.1712
2026-04-11 02:10:55,171 __init__.py log_once [line:227] INFO min_local_val_accuracy        0.1250
2026-04-11 02:10:55,171 __init__.py log_once [line:227] INFO max_local_val_accuracy        0.5667
2026-04-11 02:10:55,171 __init__.py log_once [line:227] INFO local_val_loss                1.6618
2026-04-11 02:10:55,171 __init__.py log_once [line:227] INFO mean_local_val_loss           1.7930
2026-04-11 02:10:55,171 __init__.py log_once [line:227] INFO std_local_val_loss            0.5199
2026-04-11 02:10:55,171 __init__.py log_once [line:227] INFO min_local_val_loss            1.2402
2026-04-11 02:10:55,171 __init__.py log_once [line:227] INFO max_local_val_loss            2.5931
2026-04-11 02:10:55,172 __init__.py log_once [line:227] INFO local_test_accuracy           0.4970
2026-04-11 02:10:55,172 __init__.py log_once [line:227] INFO mean_local_test_accuracy      0.4380
2026-04-11 02:10:55,172 __init__.py log_once [line:227] INFO std_local_test_accuracy       0.2316
2026-04-11 02:10:55,172 __init__.py log_once [line:227] INFO min_local_test_accuracy       0.0667
2026-04-11 02:10:55,172 __init__.py log_once [line:227] INFO max_local_test_accuracy       0.6897
2026-04-11 02:10:55,172 __init__.py log_once [line:227] INFO local_test_loss               1.6806
2026-04-11 02:10:55,172 __init__.py log_once [line:227] INFO mean_local_test_loss          1.7211
2026-04-11 02:10:55,172 __init__.py log_once [line:227] INFO std_local_test_loss           0.4842
2026-04-11 02:10:55,172 __init__.py log_once [line:227] INFO min_local_test_loss           1.0586
2026-04-11 02:10:55,172 __init__.py log_once [line:227] INFO max_local_test_loss           2.3562
2026-04-11 02:10:55,172 fedbase.py run [line:316] INFO Eval Time Cost:               3.2584s
2026-04-11 02:11:06,713 fedbase.py run [line:311] INFO --------------Round 9--------------
2026-04-11 02:11:10,064 __init__.py log_once [line:227] INFO local_val_accuracy            0.3625
2026-04-11 02:11:10,064 __init__.py log_once [line:227] INFO mean_local_val_accuracy       0.3330
2026-04-11 02:11:10,064 __init__.py log_once [line:227] INFO std_local_val_accuracy        0.1267
2026-04-11 02:11:10,064 __init__.py log_once [line:227] INFO min_local_val_accuracy        0.1875
2026-04-11 02:11:10,064 __init__.py log_once [line:227] INFO max_local_val_accuracy        0.4821
2026-04-11 02:11:10,064 __init__.py log_once [line:227] INFO local_val_loss                2.1016
2026-04-11 02:11:10,064 __init__.py log_once [line:227] INFO mean_local_val_loss           1.9955
2026-04-11 02:11:10,064 __init__.py log_once [line:227] INFO std_local_val_loss            0.4948
2026-04-11 02:11:10,064 __init__.py log_once [line:227] INFO min_local_val_loss            1.3842
2026-04-11 02:11:10,064 __init__.py log_once [line:227] INFO max_local_val_loss            2.7257
2026-04-11 02:11:10,064 __init__.py log_once [line:227] INFO local_test_accuracy           0.3821
2026-04-11 02:11:10,065 __init__.py log_once [line:227] INFO mean_local_test_accuracy      0.3779
2026-04-11 02:11:10,065 __init__.py log_once [line:227] INFO std_local_test_accuracy       0.1104
2026-04-11 02:11:10,065 __init__.py log_once [line:227] INFO min_local_test_accuracy       0.2211
2026-04-11 02:11:10,065 __init__.py log_once [line:227] INFO max_local_test_accuracy       0.5089
2026-04-11 02:11:10,065 __init__.py log_once [line:227] INFO local_test_loss               2.3082
2026-04-11 02:11:10,065 __init__.py log_once [line:227] INFO mean_local_test_loss          2.1196
2026-04-11 02:11:10,065 __init__.py log_once [line:227] INFO std_local_test_loss           0.4835
2026-04-11 02:11:10,065 __init__.py log_once [line:227] INFO min_local_test_loss           1.6854
2026-04-11 02:11:10,065 __init__.py log_once [line:227] INFO max_local_test_loss           2.9344
2026-04-11 02:11:10,065 fedbase.py run [line:316] INFO Eval Time Cost:               3.3516s
2026-04-11 02:11:21,836 fedbase.py run [line:311] INFO --------------Round 10--------------
2026-04-11 02:11:25,069 __init__.py log_once [line:227] INFO local_val_accuracy            0.5667
2026-04-11 02:11:25,069 __init__.py log_once [line:227] INFO mean_local_val_accuracy       0.5614
2026-04-11 02:11:25,069 __init__.py log_once [line:227] INFO std_local_val_accuracy        0.1110
2026-04-11 02:11:25,069 __init__.py log_once [line:227] INFO min_local_val_accuracy        0.4375
2026-04-11 02:11:25,069 __init__.py log_once [line:227] INFO max_local_val_accuracy        0.6771
2026-04-11 02:11:25,069 __init__.py log_once [line:227] INFO local_val_loss                1.4506
2026-04-11 02:11:25,069 __init__.py log_once [line:227] INFO mean_local_val_loss           1.2916
2026-04-11 02:11:25,069 __init__.py log_once [line:227] INFO std_local_val_loss            0.4032
2026-04-11 02:11:25,070 __init__.py log_once [line:227] INFO min_local_val_loss            0.6628
2026-04-11 02:11:25,070 __init__.py log_once [line:227] INFO max_local_val_loss            1.7820
2026-04-11 02:11:25,070 __init__.py log_once [line:227] INFO local_test_accuracy           0.5982
2026-04-11 02:11:25,070 __init__.py log_once [line:227] INFO mean_local_test_accuracy      0.6436
2026-04-11 02:11:25,070 __init__.py log_once [line:227] INFO std_local_test_accuracy       0.1786
2026-04-11 02:11:25,070 __init__.py log_once [line:227] INFO min_local_test_accuracy       0.4286
2026-04-11 02:11:25,070 __init__.py log_once [line:227] INFO max_local_test_accuracy       0.8966
2026-04-11 02:11:25,070 __init__.py log_once [line:227] INFO local_test_loss               1.4578
2026-04-11 02:11:25,070 __init__.py log_once [line:227] INFO mean_local_test_loss          1.2316
2026-04-11 02:11:25,070 __init__.py log_once [line:227] INFO std_local_test_loss           0.4661
2026-04-11 02:11:25,070 __init__.py log_once [line:227] INFO min_local_test_loss           0.6638
2026-04-11 02:11:25,070 __init__.py log_once [line:227] INFO max_local_test_loss           1.9616
2026-04-11 02:11:25,070 fedbase.py run [line:316] INFO Eval Time Cost:               3.2339s
2026-04-11 02:11:36,968 fedbase.py run [line:311] INFO --------------Round 11--------------
2026-04-11 02:11:40,162 __init__.py log_once [line:227] INFO local_val_accuracy            0.5742
2026-04-11 02:11:40,163 __init__.py log_once [line:227] INFO mean_local_val_accuracy       0.6152
2026-04-11 02:11:40,163 __init__.py log_once [line:227] INFO std_local_val_accuracy        0.1196
2026-04-11 02:11:40,163 __init__.py log_once [line:227] INFO min_local_val_accuracy        0.4732
2026-04-11 02:11:40,163 __init__.py log_once [line:227] INFO max_local_val_accuracy        0.8000
2026-04-11 02:11:40,163 __init__.py log_once [line:227] INFO local_val_loss                1.6063
2026-04-11 02:11:40,163 __init__.py log_once [line:227] INFO mean_local_val_loss           1.3091
2026-04-11 02:11:40,163 __init__.py log_once [line:227] INFO std_local_val_loss            0.5767
2026-04-11 02:11:40,163 __init__.py log_once [line:227] INFO min_local_val_loss            0.5542
2026-04-11 02:11:40,163 __init__.py log_once [line:227] INFO max_local_val_loss            2.1697
2026-04-11 02:11:40,163 __init__.py log_once [line:227] INFO local_test_accuracy           0.6021
2026-04-11 02:11:40,163 __init__.py log_once [line:227] INFO mean_local_test_accuracy      0.6451
2026-04-11 02:11:40,163 __init__.py log_once [line:227] INFO std_local_test_accuracy       0.1188
2026-04-11 02:11:40,163 __init__.py log_once [line:227] INFO min_local_test_accuracy       0.5000
2026-04-11 02:11:40,163 __init__.py log_once [line:227] INFO max_local_test_accuracy       0.8276
2026-04-11 02:11:40,163 __init__.py log_once [line:227] INFO local_test_loss               1.4695
2026-04-11 02:11:40,163 __init__.py log_once [line:227] INFO mean_local_test_loss          1.2842
2026-04-11 02:11:40,163 __init__.py log_once [line:227] INFO std_local_test_loss           0.4460
2026-04-11 02:11:40,163 __init__.py log_once [line:227] INFO min_local_test_loss           0.6553
2026-04-11 02:11:40,163 __init__.py log_once [line:227] INFO max_local_test_loss           1.9105
2026-04-11 02:11:40,163 fedbase.py run [line:316] INFO Eval Time Cost:               3.1947s
2026-04-11 02:11:51,637 fedbase.py run [line:311] INFO --------------Round 12--------------
2026-04-11 02:11:54,741 __init__.py log_once [line:227] INFO local_val_accuracy            0.5866
2026-04-11 02:11:54,741 __init__.py log_once [line:227] INFO mean_local_val_accuracy       0.6068
2026-04-11 02:11:54,741 __init__.py log_once [line:227] INFO std_local_val_accuracy        0.0921
2026-04-11 02:11:54,741 __init__.py log_once [line:227] INFO min_local_val_accuracy        0.5000
2026-04-11 02:11:54,741 __init__.py log_once [line:227] INFO max_local_val_accuracy        0.7500
2026-04-11 02:11:54,741 __init__.py log_once [line:227] INFO local_val_loss                1.5359
2026-04-11 02:11:54,741 __init__.py log_once [line:227] INFO mean_local_val_loss           1.5125
2026-04-11 02:11:54,741 __init__.py log_once [line:227] INFO std_local_val_loss            0.3861
2026-04-11 02:11:54,741 __init__.py log_once [line:227] INFO min_local_val_loss            0.9735
2026-04-11 02:11:54,741 __init__.py log_once [line:227] INFO max_local_val_loss            2.0528
2026-04-11 02:11:54,741 __init__.py log_once [line:227] INFO local_test_accuracy           0.6141
2026-04-11 02:11:54,741 __init__.py log_once [line:227] INFO mean_local_test_accuracy      0.6349
2026-04-11 02:11:54,741 __init__.py log_once [line:227] INFO std_local_test_accuracy       0.2094
2026-04-11 02:11:54,742 __init__.py log_once [line:227] INFO min_local_test_accuracy       0.3448
2026-04-11 02:11:54,742 __init__.py log_once [line:227] INFO max_local_test_accuracy       0.9333
2026-04-11 02:11:54,742 __init__.py log_once [line:227] INFO local_test_loss               1.3861
2026-04-11 02:11:54,742 __init__.py log_once [line:227] INFO mean_local_test_loss          1.4042
2026-04-11 02:11:54,742 __init__.py log_once [line:227] INFO std_local_test_loss           0.6505
2026-04-11 02:11:54,742 __init__.py log_once [line:227] INFO min_local_test_loss           0.6128
2026-04-11 02:11:54,742 __init__.py log_once [line:227] INFO max_local_test_loss           2.4192
2026-04-11 02:11:54,742 fedbase.py run [line:316] INFO Eval Time Cost:               3.1047s
2026-04-11 02:12:06,150 fedbase.py run [line:311] INFO --------------Round 13--------------
2026-04-11 02:12:09,300 __init__.py log_once [line:227] INFO local_val_accuracy            0.4488
2026-04-11 02:12:09,300 __init__.py log_once [line:227] INFO mean_local_val_accuracy       0.4781
2026-04-11 02:12:09,301 __init__.py log_once [line:227] INFO std_local_val_accuracy        0.1300
2026-04-11 02:12:09,301 __init__.py log_once [line:227] INFO min_local_val_accuracy        0.3333
2026-04-11 02:12:09,301 __init__.py log_once [line:227] INFO max_local_val_accuracy        0.6875
2026-04-11 02:12:09,301 __init__.py log_once [line:227] INFO local_val_loss                2.2109
2026-04-11 02:12:09,301 __init__.py log_once [line:227] INFO mean_local_val_loss           2.0745
2026-04-11 02:12:09,301 __init__.py log_once [line:227] INFO std_local_val_loss            0.8779
2026-04-11 02:12:09,301 __init__.py log_once [line:227] INFO min_local_val_loss            0.8608
2026-04-11 02:12:09,301 __init__.py log_once [line:227] INFO max_local_val_loss            2.9167
2026-04-11 02:12:09,301 __init__.py log_once [line:227] INFO local_test_accuracy           0.4667
2026-04-11 02:12:09,301 __init__.py log_once [line:227] INFO mean_local_test_accuracy      0.5126
2026-04-11 02:12:09,301 __init__.py log_once [line:227] INFO std_local_test_accuracy       0.1795
2026-04-11 02:12:09,301 __init__.py log_once [line:227] INFO min_local_test_accuracy       0.3448
2026-04-11 02:12:09,301 __init__.py log_once [line:227] INFO max_local_test_accuracy       0.8000
2026-04-11 02:12:09,301 __init__.py log_once [line:227] INFO local_test_loss               2.1717
2026-04-11 02:12:09,301 __init__.py log_once [line:227] INFO mean_local_test_loss          1.9935
2026-04-11 02:12:09,301 __init__.py log_once [line:227] INFO std_local_test_loss           0.9803
2026-04-11 02:12:09,301 __init__.py log_once [line:227] INFO min_local_test_loss           0.6246
2026-04-11 02:12:09,301 __init__.py log_once [line:227] INFO max_local_test_loss           2.9981
2026-04-11 02:12:09,301 fedbase.py run [line:316] INFO Eval Time Cost:               3.1508s
2026-04-11 02:12:21,085 fedbase.py run [line:311] INFO --------------Round 14--------------
2026-04-11 02:12:24,330 __init__.py log_once [line:227] INFO local_val_accuracy            0.6931
2026-04-11 02:12:24,331 __init__.py log_once [line:227] INFO mean_local_val_accuracy       0.6522
2026-04-11 02:12:24,331 __init__.py log_once [line:227] INFO std_local_val_accuracy        0.0959
2026-04-11 02:12:24,331 __init__.py log_once [line:227] INFO min_local_val_accuracy        0.5625
2026-04-11 02:12:24,331 __init__.py log_once [line:227] INFO max_local_val_accuracy        0.8125
2026-04-11 02:12:24,331 __init__.py log_once [line:227] INFO local_val_loss                1.0041
2026-04-11 02:12:24,331 __init__.py log_once [line:227] INFO mean_local_val_loss           1.1457
2026-04-11 02:12:24,331 __init__.py log_once [line:227] INFO std_local_val_loss            0.2847
2026-04-11 02:12:24,331 __init__.py log_once [line:227] INFO min_local_val_loss            0.6909
2026-04-11 02:12:24,331 __init__.py log_once [line:227] INFO max_local_val_loss            1.4197
2026-04-11 02:12:24,331 __init__.py log_once [line:227] INFO local_test_accuracy           0.6887
2026-04-11 02:12:24,331 __init__.py log_once [line:227] INFO mean_local_test_accuracy      0.6254
2026-04-11 02:12:24,331 __init__.py log_once [line:227] INFO std_local_test_accuracy       0.1143
2026-04-11 02:12:24,331 __init__.py log_once [line:227] INFO min_local_test_accuracy       0.4667
2026-04-11 02:12:24,331 __init__.py log_once [line:227] INFO max_local_test_accuracy       0.7789
2026-04-11 02:12:24,331 __init__.py log_once [line:227] INFO local_test_loss               1.0718
2026-04-11 02:12:24,331 __init__.py log_once [line:227] INFO mean_local_test_loss          1.4645
2026-04-11 02:12:24,331 __init__.py log_once [line:227] INFO std_local_test_loss           0.6593
2026-04-11 02:12:24,331 __init__.py log_once [line:227] INFO min_local_test_loss           0.5734
2026-04-11 02:12:24,331 __init__.py log_once [line:227] INFO max_local_test_loss           2.1908
2026-04-11 02:12:24,331 fedbase.py run [line:316] INFO Eval Time Cost:               3.2463s
2026-04-11 02:12:36,035 fedbase.py run [line:311] INFO --------------Round 15--------------
2026-04-11 02:12:39,230 __init__.py log_once [line:227] INFO local_val_accuracy            0.6966
2026-04-11 02:12:39,230 __init__.py log_once [line:227] INFO mean_local_val_accuracy       0.7379
2026-04-11 02:12:39,230 __init__.py log_once [line:227] INFO std_local_val_accuracy        0.0754
2026-04-11 02:12:39,230 __init__.py log_once [line:227] INFO min_local_val_accuracy        0.6250
2026-04-11 02:12:39,230 __init__.py log_once [line:227] INFO max_local_val_accuracy        0.8125
2026-04-11 02:12:39,230 __init__.py log_once [line:227] INFO local_val_loss                0.9998
2026-04-11 02:12:39,230 __init__.py log_once [line:227] INFO mean_local_val_loss           0.8613
2026-04-11 02:12:39,230 __init__.py log_once [line:227] INFO std_local_val_loss            0.2558
2026-04-11 02:12:39,230 __init__.py log_once [line:227] INFO min_local_val_loss            0.5399
2026-04-11 02:12:39,230 __init__.py log_once [line:227] INFO max_local_val_loss            1.2114
2026-04-11 02:12:39,230 __init__.py log_once [line:227] INFO local_test_accuracy           0.7177
2026-04-11 02:12:39,230 __init__.py log_once [line:227] INFO mean_local_test_accuracy      0.7756
2026-04-11 02:12:39,231 __init__.py log_once [line:227] INFO std_local_test_accuracy       0.1037
2026-04-11 02:12:39,231 __init__.py log_once [line:227] INFO min_local_test_accuracy       0.6526
2026-04-11 02:12:39,231 __init__.py log_once [line:227] INFO max_local_test_accuracy       0.9333
2026-04-11 02:12:39,231 __init__.py log_once [line:227] INFO local_test_loss               0.9799
2026-04-11 02:12:39,231 __init__.py log_once [line:227] INFO mean_local_test_loss          0.7460
2026-04-11 02:12:39,231 __init__.py log_once [line:227] INFO std_local_test_loss           0.3780
2026-04-11 02:12:39,231 __init__.py log_once [line:227] INFO min_local_test_loss           0.2340
2026-04-11 02:12:39,231 __init__.py log_once [line:227] INFO max_local_test_loss           1.1778
2026-04-11 02:12:39,231 fedbase.py run [line:316] INFO Eval Time Cost:               3.1953s
2026-04-11 02:12:51,151 fedbase.py run [line:311] INFO --------------Round 16--------------
2026-04-11 02:12:54,518 __init__.py log_once [line:227] INFO local_val_accuracy            0.7363
2026-04-11 02:12:54,518 __init__.py log_once [line:227] INFO mean_local_val_accuracy       0.7062
2026-04-11 02:12:54,518 __init__.py log_once [line:227] INFO std_local_val_accuracy        0.0866
2026-04-11 02:12:54,518 __init__.py log_once [line:227] INFO min_local_val_accuracy        0.5625
2026-04-11 02:12:54,518 __init__.py log_once [line:227] INFO max_local_val_accuracy        0.7812
2026-04-11 02:12:54,518 __init__.py log_once [line:227] INFO local_val_loss                0.8978
2026-04-11 02:12:54,518 __init__.py log_once [line:227] INFO mean_local_val_loss           0.9105
2026-04-11 02:12:54,518 __init__.py log_once [line:227] INFO std_local_val_loss            0.1420
2026-04-11 02:12:54,518 __init__.py log_once [line:227] INFO min_local_val_loss            0.7330
2026-04-11 02:12:54,518 __init__.py log_once [line:227] INFO max_local_val_loss            1.0605
2026-04-11 02:12:54,518 __init__.py log_once [line:227] INFO local_test_accuracy           0.7569
2026-04-11 02:12:54,518 __init__.py log_once [line:227] INFO mean_local_test_accuracy      0.7453
2026-04-11 02:12:54,518 __init__.py log_once [line:227] INFO std_local_test_accuracy       0.0515
2026-04-11 02:12:54,518 __init__.py log_once [line:227] INFO min_local_test_accuracy       0.6667
2026-04-11 02:12:54,518 __init__.py log_once [line:227] INFO max_local_test_accuracy       0.7931
2026-04-11 02:12:54,518 __init__.py log_once [line:227] INFO local_test_loss               0.8214
2026-04-11 02:12:54,518 __init__.py log_once [line:227] INFO mean_local_test_loss          0.8453
2026-04-11 02:12:54,518 __init__.py log_once [line:227] INFO std_local_test_loss           0.2894
2026-04-11 02:12:54,519 __init__.py log_once [line:227] INFO min_local_test_loss           0.4796
2026-04-11 02:12:54,519 __init__.py log_once [line:227] INFO max_local_test_loss           1.2485
2026-04-11 02:12:54,519 fedbase.py run [line:316] INFO Eval Time Cost:               3.3670s
2026-04-11 02:13:06,649 fedbase.py run [line:311] INFO --------------Round 17--------------
2026-04-11 02:13:10,047 __init__.py log_once [line:227] INFO local_val_accuracy            0.8151
2026-04-11 02:13:10,047 __init__.py log_once [line:227] INFO mean_local_val_accuracy       0.7748
2026-04-11 02:13:10,047 __init__.py log_once [line:227] INFO std_local_val_accuracy        0.1005
2026-04-11 02:13:10,047 __init__.py log_once [line:227] INFO min_local_val_accuracy        0.6250
2026-04-11 02:13:10,047 __init__.py log_once [line:227] INFO max_local_val_accuracy        0.9062
2026-04-11 02:13:10,047 __init__.py log_once [line:227] INFO local_val_loss                0.7015
2026-04-11 02:13:10,047 __init__.py log_once [line:227] INFO mean_local_val_loss           0.8015
2026-04-11 02:13:10,047 __init__.py log_once [line:227] INFO std_local_val_loss            0.2580
2026-04-11 02:13:10,047 __init__.py log_once [line:227] INFO min_local_val_loss            0.4624
2026-04-11 02:13:10,048 __init__.py log_once [line:227] INFO max_local_val_loss            1.1829
2026-04-11 02:13:10,048 __init__.py log_once [line:227] INFO local_test_accuracy           0.7811
2026-04-11 02:13:10,048 __init__.py log_once [line:227] INFO mean_local_test_accuracy      0.7840
2026-04-11 02:13:10,048 __init__.py log_once [line:227] INFO std_local_test_accuracy       0.0548
2026-04-11 02:13:10,048 __init__.py log_once [line:227] INFO min_local_test_accuracy       0.7143
2026-04-11 02:13:10,048 __init__.py log_once [line:227] INFO max_local_test_accuracy       0.8632
2026-04-11 02:13:10,048 __init__.py log_once [line:227] INFO local_test_loss               0.7572
2026-04-11 02:13:10,048 __init__.py log_once [line:227] INFO mean_local_test_loss          0.7642
2026-04-11 02:13:10,048 __init__.py log_once [line:227] INFO std_local_test_loss           0.2341
2026-04-11 02:13:10,048 __init__.py log_once [line:227] INFO min_local_test_loss           0.4010
2026-04-11 02:13:10,048 __init__.py log_once [line:227] INFO max_local_test_loss           1.0286
2026-04-11 02:13:10,048 fedbase.py run [line:316] INFO Eval Time Cost:               3.3990s
2026-04-11 02:13:22,053 fedbase.py run [line:311] INFO --------------Round 18--------------
2026-04-11 02:13:25,450 __init__.py log_once [line:227] INFO local_val_accuracy            0.7440
2026-04-11 02:13:25,450 __init__.py log_once [line:227] INFO mean_local_val_accuracy       0.7819
2026-04-11 02:13:25,450 __init__.py log_once [line:227] INFO std_local_val_accuracy        0.0924
2026-04-11 02:13:25,450 __init__.py log_once [line:227] INFO min_local_val_accuracy        0.6979
2026-04-11 02:13:25,450 __init__.py log_once [line:227] INFO max_local_val_accuracy        0.9375
2026-04-11 02:13:25,450 __init__.py log_once [line:227] INFO local_val_loss                0.8869
2026-04-11 02:13:25,450 __init__.py log_once [line:227] INFO mean_local_val_loss           0.8292
2026-04-11 02:13:25,450 __init__.py log_once [line:227] INFO std_local_val_loss            0.3491
2026-04-11 02:13:25,450 __init__.py log_once [line:227] INFO min_local_val_loss            0.2927
2026-04-11 02:13:25,450 __init__.py log_once [line:227] INFO max_local_val_loss            1.2483
2026-04-11 02:13:25,450 __init__.py log_once [line:227] INFO local_test_accuracy           0.7296
2026-04-11 02:13:25,450 __init__.py log_once [line:227] INFO mean_local_test_accuracy      0.7831
2026-04-11 02:13:25,450 __init__.py log_once [line:227] INFO std_local_test_accuracy       0.0965
2026-04-11 02:13:25,451 __init__.py log_once [line:227] INFO min_local_test_accuracy       0.6737
2026-04-11 02:13:25,451 __init__.py log_once [line:227] INFO max_local_test_accuracy       0.9333
2026-04-11 02:13:25,451 __init__.py log_once [line:227] INFO local_test_loss               0.8568
2026-04-11 02:13:25,451 __init__.py log_once [line:227] INFO mean_local_test_loss          0.6755
2026-04-11 02:13:25,451 __init__.py log_once [line:227] INFO std_local_test_loss           0.3058
2026-04-11 02:13:25,451 __init__.py log_once [line:227] INFO min_local_test_loss           0.1953
2026-04-11 02:13:25,451 __init__.py log_once [line:227] INFO max_local_test_loss           0.9532
2026-04-11 02:13:25,451 fedbase.py run [line:316] INFO Eval Time Cost:               3.3974s
2026-04-11 02:13:37,540 fedbase.py run [line:311] INFO --------------Round 19--------------
2026-04-11 02:13:40,824 __init__.py log_once [line:227] INFO local_val_accuracy            0.8267
2026-04-11 02:13:40,825 __init__.py log_once [line:227] INFO mean_local_val_accuracy       0.8274
2026-04-11 02:13:40,825 __init__.py log_once [line:227] INFO std_local_val_accuracy        0.0461
2026-04-11 02:13:40,825 __init__.py log_once [line:227] INFO min_local_val_accuracy        0.7679
2026-04-11 02:13:40,825 __init__.py log_once [line:227] INFO max_local_val_accuracy        0.8958
2026-04-11 02:13:40,825 __init__.py log_once [line:227] INFO local_val_loss                0.6125
2026-04-11 02:13:40,825 __init__.py log_once [line:227] INFO mean_local_val_loss           0.6119
2026-04-11 02:13:40,825 __init__.py log_once [line:227] INFO std_local_val_loss            0.1352
2026-04-11 02:13:40,825 __init__.py log_once [line:227] INFO min_local_val_loss            0.4272
2026-04-11 02:13:40,825 __init__.py log_once [line:227] INFO max_local_val_loss            0.7495
2026-04-11 02:13:40,825 __init__.py log_once [line:227] INFO local_test_accuracy           0.7935
2026-04-11 02:13:40,825 __init__.py log_once [line:227] INFO mean_local_test_accuracy      0.8292
2026-04-11 02:13:40,825 __init__.py log_once [line:227] INFO std_local_test_accuracy       0.1285
2026-04-11 02:13:40,825 __init__.py log_once [line:227] INFO min_local_test_accuracy       0.6875
2026-04-11 02:13:40,825 __init__.py log_once [line:227] INFO max_local_test_accuracy       1.0000
2026-04-11 02:13:40,825 __init__.py log_once [line:227] INFO local_test_loss               0.6802
2026-04-11 02:13:40,825 __init__.py log_once [line:227] INFO mean_local_test_loss          0.5815
2026-04-11 02:13:40,825 __init__.py log_once [line:227] INFO std_local_test_loss           0.3873
2026-04-11 02:13:40,825 __init__.py log_once [line:227] INFO min_local_test_loss           0.1259
2026-04-11 02:13:40,825 __init__.py log_once [line:227] INFO max_local_test_loss           1.0487
2026-04-11 02:13:40,826 fedbase.py run [line:316] INFO Eval Time Cost:               3.2854s
2026-04-11 02:13:52,738 fedbase.py run [line:311] INFO --------------Round 20--------------
2026-04-11 02:13:56,048 __init__.py log_once [line:227] INFO local_val_accuracy            0.8499
2026-04-11 02:13:56,049 __init__.py log_once [line:227] INFO mean_local_val_accuracy       0.8993
2026-04-11 02:13:56,049 __init__.py log_once [line:227] INFO std_local_val_accuracy        0.0845
2026-04-11 02:13:56,049 __init__.py log_once [line:227] INFO min_local_val_accuracy        0.7679
2026-04-11 02:13:56,049 __init__.py log_once [line:227] INFO max_local_val_accuracy        1.0000
2026-04-11 02:13:56,049 __init__.py log_once [line:227] INFO local_val_loss                0.5299
2026-04-11 02:13:56,049 __init__.py log_once [line:227] INFO mean_local_val_loss           0.3727
2026-04-11 02:13:56,049 __init__.py log_once [line:227] INFO std_local_val_loss            0.2471
2026-04-11 02:13:56,049 __init__.py log_once [line:227] INFO min_local_val_loss            0.1099
2026-04-11 02:13:56,049 __init__.py log_once [line:227] INFO max_local_val_loss            0.7296
2026-04-11 02:13:56,049 __init__.py log_once [line:227] INFO local_test_accuracy           0.8175
2026-04-11 02:13:56,049 __init__.py log_once [line:227] INFO mean_local_test_accuracy      0.8734
2026-04-11 02:13:56,049 __init__.py log_once [line:227] INFO std_local_test_accuracy       0.0989
2026-04-11 02:13:56,049 __init__.py log_once [line:227] INFO min_local_test_accuracy       0.7232
2026-04-11 02:13:56,049 __init__.py log_once [line:227] INFO max_local_test_accuracy       1.0000
2026-04-11 02:13:56,049 __init__.py log_once [line:227] INFO local_test_loss               0.6197
2026-04-11 02:13:56,049 __init__.py log_once [line:227] INFO mean_local_test_loss          0.4293
2026-04-11 02:13:56,049 __init__.py log_once [line:227] INFO std_local_test_loss           0.3512
2026-04-11 02:13:56,049 __init__.py log_once [line:227] INFO min_local_test_loss           0.0230
2026-04-11 02:13:56,050 __init__.py log_once [line:227] INFO max_local_test_loss           0.9911
2026-04-11 02:13:56,050 fedbase.py run [line:316] INFO Eval Time Cost:               3.3110s
2026-04-11 02:14:08,155 fedbase.py run [line:311] INFO --------------Round 21--------------
2026-04-11 02:14:11,530 __init__.py log_once [line:227] INFO local_val_accuracy            0.8306
2026-04-11 02:14:11,530 __init__.py log_once [line:227] INFO mean_local_val_accuracy       0.8085
2026-04-11 02:14:11,531 __init__.py log_once [line:227] INFO std_local_val_accuracy        0.1259
2026-04-11 02:14:11,531 __init__.py log_once [line:227] INFO min_local_val_accuracy        0.6250
2026-04-11 02:14:11,531 __init__.py log_once [line:227] INFO max_local_val_accuracy        0.9333
2026-04-11 02:14:11,531 __init__.py log_once [line:227] INFO local_val_loss                0.5883
2026-04-11 02:14:11,531 __init__.py log_once [line:227] INFO mean_local_val_loss           0.5536
2026-04-11 02:14:11,531 __init__.py log_once [line:227] INFO std_local_val_loss            0.2587
2026-04-11 02:14:11,531 __init__.py log_once [line:227] INFO min_local_val_loss            0.2105
2026-04-11 02:14:11,531 __init__.py log_once [line:227] INFO max_local_val_loss            0.8230
2026-04-11 02:14:11,531 __init__.py log_once [line:227] INFO local_test_accuracy           0.8413
2026-04-11 02:14:11,531 __init__.py log_once [line:227] INFO mean_local_test_accuracy      0.8871
2026-04-11 02:14:11,531 __init__.py log_once [line:227] INFO std_local_test_accuracy       0.0958
2026-04-11 02:14:11,531 __init__.py log_once [line:227] INFO min_local_test_accuracy       0.7232
2026-04-11 02:14:11,531 __init__.py log_once [line:227] INFO max_local_test_accuracy       0.9655
2026-04-11 02:14:11,531 __init__.py log_once [line:227] INFO local_test_loss               0.5288
2026-04-11 02:14:11,531 __init__.py log_once [line:227] INFO mean_local_test_loss          0.3959
2026-04-11 02:14:11,531 __init__.py log_once [line:227] INFO std_local_test_loss           0.3051
2026-04-11 02:14:11,531 __init__.py log_once [line:227] INFO min_local_test_loss           0.1868
2026-04-11 02:14:11,531 __init__.py log_once [line:227] INFO max_local_test_loss           0.9215
2026-04-11 02:14:11,531 fedbase.py run [line:316] INFO Eval Time Cost:               3.3756s
2026-04-11 02:14:23,709 fedbase.py run [line:311] INFO --------------Round 22--------------
2026-04-11 02:14:26,955 __init__.py log_once [line:227] INFO local_val_accuracy            0.8461
2026-04-11 02:14:26,955 __init__.py log_once [line:227] INFO mean_local_val_accuracy       0.8909
2026-04-11 02:14:26,955 __init__.py log_once [line:227] INFO std_local_val_accuracy        0.0824
2026-04-11 02:14:26,955 __init__.py log_once [line:227] INFO min_local_val_accuracy        0.7679
2026-04-11 02:14:26,955 __init__.py log_once [line:227] INFO max_local_val_accuracy        1.0000
2026-04-11 02:14:26,955 __init__.py log_once [line:227] INFO local_val_loss                0.5493
2026-04-11 02:14:26,955 __init__.py log_once [line:227] INFO mean_local_val_loss           0.4293
2026-04-11 02:14:26,955 __init__.py log_once [line:227] INFO std_local_val_loss            0.2217
2026-04-11 02:14:26,955 __init__.py log_once [line:227] INFO min_local_val_loss            0.1297
2026-04-11 02:14:26,955 __init__.py log_once [line:227] INFO max_local_val_loss            0.7555
2026-04-11 02:14:26,955 __init__.py log_once [line:227] INFO local_test_accuracy           0.8452
2026-04-11 02:14:26,955 __init__.py log_once [line:227] INFO mean_local_test_accuracy      0.8829
2026-04-11 02:14:26,955 __init__.py log_once [line:227] INFO std_local_test_accuracy       0.0819
2026-04-11 02:14:26,955 __init__.py log_once [line:227] INFO min_local_test_accuracy       0.7411
2026-04-11 02:14:26,955 __init__.py log_once [line:227] INFO max_local_test_accuracy       0.9333
2026-04-11 02:14:26,956 __init__.py log_once [line:227] INFO local_test_loss               0.5684
2026-04-11 02:14:26,956 __init__.py log_once [line:227] INFO mean_local_test_loss          0.4060
2026-04-11 02:14:26,956 __init__.py log_once [line:227] INFO std_local_test_loss           0.3321
2026-04-11 02:14:26,956 __init__.py log_once [line:227] INFO min_local_test_loss           0.0920
2026-04-11 02:14:26,956 __init__.py log_once [line:227] INFO max_local_test_loss           0.9645
2026-04-11 02:14:26,956 fedbase.py run [line:316] INFO Eval Time Cost:               3.2462s
2026-04-11 02:14:38,648 fedbase.py run [line:311] INFO --------------Round 23--------------
2026-04-11 02:14:42,030 __init__.py log_once [line:227] INFO local_val_accuracy            0.8618
2026-04-11 02:14:42,031 __init__.py log_once [line:227] INFO mean_local_val_accuracy       0.9063
2026-04-11 02:14:42,031 __init__.py log_once [line:227] INFO std_local_val_accuracy        0.0775
2026-04-11 02:14:42,031 __init__.py log_once [line:227] INFO min_local_val_accuracy        0.7857
2026-04-11 02:14:42,031 __init__.py log_once [line:227] INFO max_local_val_accuracy        1.0000
2026-04-11 02:14:42,031 __init__.py log_once [line:227] INFO local_val_loss                0.4946
2026-04-11 02:14:42,031 __init__.py log_once [line:227] INFO mean_local_val_loss           0.3399
2026-04-11 02:14:42,031 __init__.py log_once [line:227] INFO std_local_val_loss            0.2589
2026-04-11 02:14:42,031 __init__.py log_once [line:227] INFO min_local_val_loss            0.0422
2026-04-11 02:14:42,031 __init__.py log_once [line:227] INFO max_local_val_loss            0.7417
2026-04-11 02:14:42,031 __init__.py log_once [line:227] INFO local_test_accuracy           0.8295
2026-04-11 02:14:42,031 __init__.py log_once [line:227] INFO mean_local_test_accuracy      0.8880
2026-04-11 02:14:42,031 __init__.py log_once [line:227] INFO std_local_test_accuracy       0.1101
2026-04-11 02:14:42,031 __init__.py log_once [line:227] INFO min_local_test_accuracy       0.7054
2026-04-11 02:14:42,031 __init__.py log_once [line:227] INFO max_local_test_accuracy       1.0000
2026-04-11 02:14:42,031 __init__.py log_once [line:227] INFO local_test_loss               0.5304
2026-04-11 02:14:42,031 __init__.py log_once [line:227] INFO mean_local_test_loss          0.3521
2026-04-11 02:14:42,031 __init__.py log_once [line:227] INFO std_local_test_loss           0.3474
2026-04-11 02:14:42,031 __init__.py log_once [line:227] INFO min_local_test_loss           0.0139
2026-04-11 02:14:42,031 __init__.py log_once [line:227] INFO max_local_test_loss           0.9339
2026-04-11 02:14:42,032 fedbase.py run [line:316] INFO Eval Time Cost:               3.3837s
2026-04-11 02:14:53,864 fedbase.py run [line:311] INFO --------------Round 24--------------
2026-04-11 02:14:57,216 __init__.py log_once [line:227] INFO local_val_accuracy            0.8540
2026-04-11 02:14:57,216 __init__.py log_once [line:227] INFO mean_local_val_accuracy       0.8885
2026-04-11 02:14:57,216 __init__.py log_once [line:227] INFO std_local_val_accuracy        0.0656
2026-04-11 02:14:57,216 __init__.py log_once [line:227] INFO min_local_val_accuracy        0.7768
2026-04-11 02:14:57,216 __init__.py log_once [line:227] INFO max_local_val_accuracy        0.9375
2026-04-11 02:14:57,216 __init__.py log_once [line:227] INFO local_val_loss                0.5495
2026-04-11 02:14:57,216 __init__.py log_once [line:227] INFO mean_local_val_loss           0.4022
2026-04-11 02:14:57,216 __init__.py log_once [line:227] INFO std_local_val_loss            0.2598
2026-04-11 02:14:57,216 __init__.py log_once [line:227] INFO min_local_val_loss            0.1935
2026-04-11 02:14:57,216 __init__.py log_once [line:227] INFO max_local_val_loss            0.8316
2026-04-11 02:14:57,217 __init__.py log_once [line:227] INFO local_test_accuracy           0.8255
2026-04-11 02:14:57,217 __init__.py log_once [line:227] INFO mean_local_test_accuracy      0.8854
2026-04-11 02:14:57,217 __init__.py log_once [line:227] INFO std_local_test_accuracy       0.1096
2026-04-11 02:14:57,217 __init__.py log_once [line:227] INFO min_local_test_accuracy       0.7054
2026-04-11 02:14:57,217 __init__.py log_once [line:227] INFO max_local_test_accuracy       1.0000
2026-04-11 02:14:57,217 __init__.py log_once [line:227] INFO local_test_loss               0.5810
2026-04-11 02:14:57,217 __init__.py log_once [line:227] INFO mean_local_test_loss          0.4061
2026-04-11 02:14:57,217 __init__.py log_once [line:227] INFO std_local_test_loss           0.3632
2026-04-11 02:14:57,217 __init__.py log_once [line:227] INFO min_local_test_loss           0.0861
2026-04-11 02:14:57,217 __init__.py log_once [line:227] INFO max_local_test_loss           1.0229
2026-04-11 02:14:57,217 fedbase.py run [line:316] INFO Eval Time Cost:               3.3523s
2026-04-11 02:15:09,102 fedbase.py run [line:311] INFO --------------Round 25--------------
2026-04-11 02:15:12,643 __init__.py log_once [line:227] INFO local_val_accuracy            0.8579
2026-04-11 02:15:12,643 __init__.py log_once [line:227] INFO mean_local_val_accuracy       0.8907
2026-04-11 02:15:12,643 __init__.py log_once [line:227] INFO std_local_val_accuracy        0.0618
2026-04-11 02:15:12,643 __init__.py log_once [line:227] INFO min_local_val_accuracy        0.7857
2026-04-11 02:15:12,643 __init__.py log_once [line:227] INFO max_local_val_accuracy        0.9375
2026-04-11 02:15:12,644 __init__.py log_once [line:227] INFO local_val_loss                0.5286
2026-04-11 02:15:12,644 __init__.py log_once [line:227] INFO mean_local_val_loss           0.3982
2026-04-11 02:15:12,644 __init__.py log_once [line:227] INFO std_local_val_loss            0.2265
2026-04-11 02:15:12,644 __init__.py log_once [line:227] INFO min_local_val_loss            0.1924
2026-04-11 02:15:12,644 __init__.py log_once [line:227] INFO max_local_val_loss            0.7660
2026-04-11 02:15:12,644 __init__.py log_once [line:227] INFO local_test_accuracy           0.8295
2026-04-11 02:15:12,644 __init__.py log_once [line:227] INFO mean_local_test_accuracy      0.8936
2026-04-11 02:15:12,644 __init__.py log_once [line:227] INFO std_local_test_accuracy       0.1103
2026-04-11 02:15:12,644 __init__.py log_once [line:227] INFO min_local_test_accuracy       0.7143
2026-04-11 02:15:12,644 __init__.py log_once [line:227] INFO max_local_test_accuracy       1.0000
2026-04-11 02:15:12,644 __init__.py log_once [line:227] INFO local_test_loss               0.5345
2026-04-11 02:15:12,644 __init__.py log_once [line:227] INFO mean_local_test_loss          0.3816
2026-04-11 02:15:12,644 __init__.py log_once [line:227] INFO std_local_test_loss           0.3316
2026-04-11 02:15:12,644 __init__.py log_once [line:227] INFO min_local_test_loss           0.1150
2026-04-11 02:15:12,644 __init__.py log_once [line:227] INFO max_local_test_loss           0.9489
2026-04-11 02:15:12,644 fedbase.py run [line:316] INFO Eval Time Cost:               3.5417s
