2026-04-08 14:08:57,244 fflow.py init [line:848] INFO PROCESS ID:	114078
2026-04-08 14:08:57,245 fflow.py init [line:849] INFO Initializing devices: cuda:0 will be used for this running.
2026-04-08 14:08:57,245 fflow.py init [line:852] INFO BENCHMARK:	task.PACS_c4
2026-04-08 14:08:57,245 fflow.py init [line:853] INFO TASK:			task/PACS_c4
2026-04-08 14:08:57,245 fflow.py init [line:854] INFO MODEL:		algorithm.feddsa
2026-04-08 14:08:57,245 fflow.py init [line:855] INFO ALGORITHM:	feddsa
2026-04-08 14:08:57,249 fflow.py init [line:901] INFO SCENE:		horizontal FL with 1 <class 'algorithm.feddsa.Server'>, 4 <class 'algorithm.feddsa.Client'>
2026-04-08 14:08:57,879 fflow.py init [line:918] INFO SIMULATOR:	<class 'flgo.simulator.default_simulator.Simulator'>
2026-04-08 14:08:58,047 fflow.py init [line:931] INFO Ready to start.
2026-04-08 14:08:58,047 fedbase.py run [line:300] INFO --------------Initial Evaluation--------------
2026-04-08 14:09:05,221 __init__.py log_once [line:227] INFO local_val_accuracy            0.1522
2026-04-08 14:09:05,221 __init__.py log_once [line:227] INFO mean_local_val_accuracy       0.1490
2026-04-08 14:09:05,221 __init__.py log_once [line:227] INFO std_local_val_accuracy        0.0212
2026-04-08 14:09:05,221 __init__.py log_once [line:227] INFO min_local_val_accuracy        0.1268
2026-04-08 14:09:05,221 __init__.py log_once [line:227] INFO max_local_val_accuracy        0.1795
2026-04-08 14:09:05,221 __init__.py log_once [line:227] INFO local_val_loss                1.9428
2026-04-08 14:09:05,221 __init__.py log_once [line:227] INFO mean_local_val_loss           1.9468
2026-04-08 14:09:05,221 __init__.py log_once [line:227] INFO std_local_val_loss            0.0126
2026-04-08 14:09:05,221 __init__.py log_once [line:227] INFO min_local_val_loss            1.9255
2026-04-08 14:09:05,221 __init__.py log_once [line:227] INFO max_local_val_loss            1.9581
2026-04-08 14:09:05,222 __init__.py log_once [line:227] INFO local_test_accuracy           0.1705
2026-04-08 14:09:05,222 __init__.py log_once [line:227] INFO mean_local_test_accuracy      0.1591
2026-04-08 14:09:05,222 __init__.py log_once [line:227] INFO std_local_test_accuracy       0.0546
2026-04-08 14:09:05,222 __init__.py log_once [line:227] INFO min_local_test_accuracy       0.1029
2026-04-08 14:09:05,222 __init__.py log_once [line:227] INFO max_local_test_accuracy       0.2265
2026-04-08 14:09:05,222 __init__.py log_once [line:227] INFO local_test_loss               1.9431
2026-04-08 14:09:05,222 __init__.py log_once [line:227] INFO mean_local_test_loss          1.9488
2026-04-08 14:09:05,222 __init__.py log_once [line:227] INFO std_local_test_loss           0.0177
2026-04-08 14:09:05,222 __init__.py log_once [line:227] INFO min_local_test_loss           1.9206
2026-04-08 14:09:05,222 __init__.py log_once [line:227] INFO max_local_test_loss           1.9674
2026-04-08 14:09:05,222 fedbase.py run [line:303] INFO Eval Time Cost:               7.1749s
