2026-04-14 01:04:01,678 fflow.py init [line:848] INFO PROCESS ID:	2303310
2026-04-14 01:04:01,678 fflow.py init [line:849] INFO Initializing devices: cuda:0 will be used for this running.
2026-04-14 01:04:01,678 fflow.py init [line:852] INFO BENCHMARK:	task.PACS_c4
2026-04-14 01:04:01,678 fflow.py init [line:853] INFO TASK:			task/PACS_c4
2026-04-14 01:04:01,678 fflow.py init [line:854] INFO MODEL:		task.PACS_c4.model.default_model
2026-04-14 01:04:01,678 fflow.py init [line:855] INFO ALGORITHM:	fedbn
2026-04-14 01:04:01,680 fflow.py init [line:901] INFO SCENE:		horizontal FL with 1 <class 'flgo.algorithm.fedbase.BasicServer'>, 4 <class 'algorithm.fedbn.Client'>
2026-04-14 01:04:02,213 fflow.py init [line:918] INFO SIMULATOR:	<class 'flgo.simulator.default_simulator.Simulator'>
2026-04-14 01:04:02,214 fflow.py init [line:931] INFO Ready to start.
2026-04-14 01:04:02,214 fedbase.py run [line:300] INFO --------------Initial Evaluation--------------
2026-04-14 01:04:07,810 __init__.py log_once [line:227] INFO local_val_accuracy            0.1652
2026-04-14 01:04:07,810 __init__.py log_once [line:227] INFO mean_local_val_accuracy       0.1538
2026-04-14 01:04:07,810 __init__.py log_once [line:227] INFO std_local_val_accuracy        0.0360
2026-04-14 01:04:07,810 __init__.py log_once [line:227] INFO min_local_val_accuracy        0.1018
2026-04-14 01:04:07,810 __init__.py log_once [line:227] INFO max_local_val_accuracy        0.2036
2026-04-14 01:04:07,811 __init__.py log_once [line:227] INFO local_val_loss                1.9440
2026-04-14 01:04:07,811 __init__.py log_once [line:227] INFO mean_local_val_loss           1.9442
2026-04-14 01:04:07,811 __init__.py log_once [line:227] INFO std_local_val_loss            0.0011
2026-04-14 01:04:07,811 __init__.py log_once [line:227] INFO min_local_val_loss            1.9426
2026-04-14 01:04:07,811 __init__.py log_once [line:227] INFO max_local_val_loss            1.9457
2026-04-14 01:04:07,811 __init__.py log_once [line:227] INFO local_test_accuracy           0.1445
2026-04-14 01:04:07,811 __init__.py log_once [line:227] INFO mean_local_test_accuracy      0.1353
2026-04-14 01:04:07,811 __init__.py log_once [line:227] INFO std_local_test_accuracy       0.0350
2026-04-14 01:04:07,811 __init__.py log_once [line:227] INFO min_local_test_accuracy       0.0940
2026-04-14 01:04:07,811 __init__.py log_once [line:227] INFO max_local_test_accuracy       0.1862
2026-04-14 01:04:07,811 __init__.py log_once [line:227] INFO local_test_loss               1.9450
2026-04-14 01:04:07,811 __init__.py log_once [line:227] INFO mean_local_test_loss          1.9455
2026-04-14 01:04:07,811 __init__.py log_once [line:227] INFO std_local_test_loss           0.0023
2026-04-14 01:04:07,811 __init__.py log_once [line:227] INFO min_local_test_loss           1.9429
2026-04-14 01:04:07,811 __init__.py log_once [line:227] INFO max_local_test_loss           1.9479
2026-04-14 01:04:07,811 fedbase.py run [line:303] INFO Eval Time Cost:               5.5970s
2026-04-14 01:05:39,947 fedbase.py run [line:311] INFO --------------Round 1--------------
2026-04-14 01:05:44,857 __init__.py log_once [line:227] INFO local_val_accuracy            0.5286
2026-04-14 01:05:44,857 __init__.py log_once [line:227] INFO mean_local_val_accuracy       0.5118
2026-04-14 01:05:44,857 __init__.py log_once [line:227] INFO std_local_val_accuracy        0.1519
2026-04-14 01:05:44,857 __init__.py log_once [line:227] INFO min_local_val_accuracy        0.2488
2026-04-14 01:05:44,857 __init__.py log_once [line:227] INFO max_local_val_accuracy        0.6031
2026-04-14 01:05:44,857 __init__.py log_once [line:227] INFO local_val_loss                1.5732
2026-04-14 01:05:44,857 __init__.py log_once [line:227] INFO mean_local_val_loss           1.5871
2026-04-14 01:05:44,857 __init__.py log_once [line:227] INFO std_local_val_loss            0.4146
2026-04-14 01:05:44,857 __init__.py log_once [line:227] INFO min_local_val_loss            1.2701
2026-04-14 01:05:44,857 __init__.py log_once [line:227] INFO max_local_val_loss            2.2874
2026-04-14 01:05:44,858 __init__.py log_once [line:227] INFO local_test_accuracy           0.5676
2026-04-14 01:05:44,858 __init__.py log_once [line:227] INFO mean_local_test_accuracy      0.5571
2026-04-14 01:05:44,858 __init__.py log_once [line:227] INFO std_local_test_accuracy       0.1696
2026-04-14 01:05:44,858 __init__.py log_once [line:227] INFO min_local_test_accuracy       0.2696
2026-04-14 01:05:44,858 __init__.py log_once [line:227] INFO max_local_test_accuracy       0.7051
2026-04-14 01:05:44,858 __init__.py log_once [line:227] INFO local_test_loss               1.5210
2026-04-14 01:05:44,858 __init__.py log_once [line:227] INFO mean_local_test_loss          1.5230
2026-04-14 01:05:44,858 __init__.py log_once [line:227] INFO std_local_test_loss           0.4477
2026-04-14 01:05:44,858 __init__.py log_once [line:227] INFO min_local_test_loss           1.0561
2026-04-14 01:05:44,858 __init__.py log_once [line:227] INFO max_local_test_loss           2.2410
2026-04-14 01:05:44,858 fedbase.py run [line:316] INFO Eval Time Cost:               4.9102s
2026-04-14 01:07:16,242 fedbase.py run [line:311] INFO --------------Round 2--------------
2026-04-14 01:07:20,989 __init__.py log_once [line:227] INFO local_val_accuracy            0.6467
2026-04-14 01:07:20,989 __init__.py log_once [line:227] INFO mean_local_val_accuracy       0.6141
2026-04-14 01:07:20,989 __init__.py log_once [line:227] INFO std_local_val_accuracy        0.2006
2026-04-14 01:07:20,989 __init__.py log_once [line:227] INFO min_local_val_accuracy        0.2780
2026-04-14 01:07:20,989 __init__.py log_once [line:227] INFO max_local_val_accuracy        0.8015
2026-04-14 01:07:20,989 __init__.py log_once [line:227] INFO local_val_loss                1.1936
2026-04-14 01:07:20,989 __init__.py log_once [line:227] INFO mean_local_val_loss           1.3281
2026-04-14 01:07:20,989 __init__.py log_once [line:227] INFO std_local_val_loss            0.7309
2026-04-14 01:07:20,989 __init__.py log_once [line:227] INFO min_local_val_loss            0.5853
2026-04-14 01:07:20,989 __init__.py log_once [line:227] INFO max_local_val_loss            2.5405
2026-04-14 01:07:20,989 __init__.py log_once [line:227] INFO local_test_accuracy           0.6859
2026-04-14 01:07:20,989 __init__.py log_once [line:227] INFO mean_local_test_accuracy      0.6480
2026-04-14 01:07:20,989 __init__.py log_once [line:227] INFO std_local_test_accuracy       0.2023
2026-04-14 01:07:20,989 __init__.py log_once [line:227] INFO min_local_test_accuracy       0.3137
2026-04-14 01:07:20,989 __init__.py log_once [line:227] INFO max_local_test_accuracy       0.8316
2026-04-14 01:07:20,989 __init__.py log_once [line:227] INFO local_test_loss               1.1844
2026-04-14 01:07:20,989 __init__.py log_once [line:227] INFO mean_local_test_loss          1.3022
2026-04-14 01:07:20,989 __init__.py log_once [line:227] INFO std_local_test_loss           0.6648
2026-04-14 01:07:20,989 __init__.py log_once [line:227] INFO min_local_test_loss           0.7534
2026-04-14 01:07:20,990 __init__.py log_once [line:227] INFO max_local_test_loss           2.3958
2026-04-14 01:07:20,990 fedbase.py run [line:316] INFO Eval Time Cost:               4.7470s
2026-04-14 01:08:53,517 fedbase.py run [line:311] INFO --------------Round 3--------------
2026-04-14 01:08:58,424 __init__.py log_once [line:227] INFO local_val_accuracy            0.6667
2026-04-14 01:08:58,424 __init__.py log_once [line:227] INFO mean_local_val_accuracy       0.6261
2026-04-14 01:08:58,424 __init__.py log_once [line:227] INFO std_local_val_accuracy        0.1460
2026-04-14 01:08:58,424 __init__.py log_once [line:227] INFO min_local_val_accuracy        0.4341
2026-04-14 01:08:58,424 __init__.py log_once [line:227] INFO max_local_val_accuracy        0.8448
2026-04-14 01:08:58,424 __init__.py log_once [line:227] INFO local_val_loss                1.2120
2026-04-14 01:08:58,424 __init__.py log_once [line:227] INFO mean_local_val_loss           1.3699
2026-04-14 01:08:58,424 __init__.py log_once [line:227] INFO std_local_val_loss            0.5951
2026-04-14 01:08:58,424 __init__.py log_once [line:227] INFO min_local_val_loss            0.4583
2026-04-14 01:08:58,424 __init__.py log_once [line:227] INFO max_local_val_loss            2.0519
2026-04-14 01:08:58,424 __init__.py log_once [line:227] INFO local_test_accuracy           0.6940
2026-04-14 01:08:58,425 __init__.py log_once [line:227] INFO mean_local_test_accuracy      0.6548
2026-04-14 01:08:58,425 __init__.py log_once [line:227] INFO std_local_test_accuracy       0.1402
2026-04-14 01:08:58,425 __init__.py log_once [line:227] INFO min_local_test_accuracy       0.4608
2026-04-14 01:08:58,425 __init__.py log_once [line:227] INFO max_local_test_accuracy       0.8546
2026-04-14 01:08:58,425 __init__.py log_once [line:227] INFO local_test_loss               1.2043
2026-04-14 01:08:58,425 __init__.py log_once [line:227] INFO mean_local_test_loss          1.3444
2026-04-14 01:08:58,425 __init__.py log_once [line:227] INFO std_local_test_loss           0.5353
2026-04-14 01:08:58,425 __init__.py log_once [line:227] INFO min_local_test_loss           0.5876
2026-04-14 01:08:58,425 __init__.py log_once [line:227] INFO max_local_test_loss           2.1001
2026-04-14 01:08:58,425 fedbase.py run [line:316] INFO Eval Time Cost:               4.9079s
2026-04-14 01:10:30,495 fedbase.py run [line:311] INFO --------------Round 4--------------
2026-04-14 01:10:35,308 __init__.py log_once [line:227] INFO local_val_accuracy            0.7388
2026-04-14 01:10:35,309 __init__.py log_once [line:227] INFO mean_local_val_accuracy       0.7125
2026-04-14 01:10:35,309 __init__.py log_once [line:227] INFO std_local_val_accuracy        0.1423
2026-04-14 01:10:35,309 __init__.py log_once [line:227] INFO min_local_val_accuracy        0.4780
2026-04-14 01:10:35,309 __init__.py log_once [line:227] INFO max_local_val_accuracy        0.8601
2026-04-14 01:10:35,309 __init__.py log_once [line:227] INFO local_val_loss                0.8901
2026-04-14 01:10:35,309 __init__.py log_once [line:227] INFO mean_local_val_loss           0.9817
2026-04-14 01:10:35,309 __init__.py log_once [line:227] INFO std_local_val_loss            0.4920
2026-04-14 01:10:35,309 __init__.py log_once [line:227] INFO min_local_val_loss            0.4537
2026-04-14 01:10:35,309 __init__.py log_once [line:227] INFO max_local_val_loss            1.7778
2026-04-14 01:10:35,309 __init__.py log_once [line:227] INFO local_test_accuracy           0.7682
2026-04-14 01:10:35,309 __init__.py log_once [line:227] INFO mean_local_test_accuracy      0.7430
2026-04-14 01:10:35,309 __init__.py log_once [line:227] INFO std_local_test_accuracy       0.1507
2026-04-14 01:10:35,309 __init__.py log_once [line:227] INFO min_local_test_accuracy       0.4902
2026-04-14 01:10:35,309 __init__.py log_once [line:227] INFO max_local_test_accuracy       0.8648
2026-04-14 01:10:35,309 __init__.py log_once [line:227] INFO local_test_loss               0.8828
2026-04-14 01:10:35,309 __init__.py log_once [line:227] INFO mean_local_test_loss          0.9617
2026-04-14 01:10:35,309 __init__.py log_once [line:227] INFO std_local_test_loss           0.4857
2026-04-14 01:10:35,309 __init__.py log_once [line:227] INFO min_local_test_loss           0.5807
2026-04-14 01:10:35,309 __init__.py log_once [line:227] INFO max_local_test_loss           1.7788
2026-04-14 01:10:35,309 fedbase.py run [line:316] INFO Eval Time Cost:               4.8137s
2026-04-14 01:12:07,818 fedbase.py run [line:311] INFO --------------Round 5--------------
2026-04-14 01:12:12,659 __init__.py log_once [line:227] INFO local_val_accuracy            0.7778
2026-04-14 01:12:12,659 __init__.py log_once [line:227] INFO mean_local_val_accuracy       0.7547
2026-04-14 01:12:12,659 __init__.py log_once [line:227] INFO std_local_val_accuracy        0.1151
2026-04-14 01:12:12,659 __init__.py log_once [line:227] INFO min_local_val_accuracy        0.5659
2026-04-14 01:12:12,659 __init__.py log_once [line:227] INFO max_local_val_accuracy        0.8779
2026-04-14 01:12:12,659 __init__.py log_once [line:227] INFO local_val_loss                0.7814
2026-04-14 01:12:12,659 __init__.py log_once [line:227] INFO mean_local_val_loss           0.8698
2026-04-14 01:12:12,659 __init__.py log_once [line:227] INFO std_local_val_loss            0.4149
2026-04-14 01:12:12,659 __init__.py log_once [line:227] INFO min_local_val_loss            0.3844
2026-04-14 01:12:12,659 __init__.py log_once [line:227] INFO max_local_val_loss            1.5298
2026-04-14 01:12:12,659 __init__.py log_once [line:227] INFO local_test_accuracy           0.7823
2026-04-14 01:12:12,659 __init__.py log_once [line:227] INFO mean_local_test_accuracy      0.7616
2026-04-14 01:12:12,660 __init__.py log_once [line:227] INFO std_local_test_accuracy       0.1183
2026-04-14 01:12:12,660 __init__.py log_once [line:227] INFO min_local_test_accuracy       0.5637
2026-04-14 01:12:12,660 __init__.py log_once [line:227] INFO max_local_test_accuracy       0.8622
2026-04-14 01:12:12,660 __init__.py log_once [line:227] INFO local_test_loss               0.8683
2026-04-14 01:12:12,660 __init__.py log_once [line:227] INFO mean_local_test_loss          0.9445
2026-04-14 01:12:12,660 __init__.py log_once [line:227] INFO std_local_test_loss           0.4198
2026-04-14 01:12:12,660 __init__.py log_once [line:227] INFO min_local_test_loss           0.5904
2026-04-14 01:12:12,660 __init__.py log_once [line:227] INFO max_local_test_loss           1.6228
2026-04-14 01:12:12,660 fedbase.py run [line:316] INFO Eval Time Cost:               4.8416s
2026-04-14 01:13:44,058 fedbase.py run [line:311] INFO --------------Round 6--------------
2026-04-14 01:13:48,939 __init__.py log_once [line:227] INFO local_val_accuracy            0.7628
2026-04-14 01:13:48,939 __init__.py log_once [line:227] INFO mean_local_val_accuracy       0.7369
2026-04-14 01:13:48,939 __init__.py log_once [line:227] INFO std_local_val_accuracy        0.1252
2026-04-14 01:13:48,939 __init__.py log_once [line:227] INFO min_local_val_accuracy        0.5366
2026-04-14 01:13:48,939 __init__.py log_once [line:227] INFO max_local_val_accuracy        0.8804
2026-04-14 01:13:48,939 __init__.py log_once [line:227] INFO local_val_loss                0.7834
2026-04-14 01:13:48,939 __init__.py log_once [line:227] INFO mean_local_val_loss           0.8726
2026-04-14 01:13:48,939 __init__.py log_once [line:227] INFO std_local_val_loss            0.4313
2026-04-14 01:13:48,939 __init__.py log_once [line:227] INFO min_local_val_loss            0.3702
2026-04-14 01:13:48,939 __init__.py log_once [line:227] INFO max_local_val_loss            1.5554
2026-04-14 01:13:48,939 __init__.py log_once [line:227] INFO local_test_accuracy           0.7963
2026-04-14 01:13:48,940 __init__.py log_once [line:227] INFO mean_local_test_accuracy      0.7756
2026-04-14 01:13:48,940 __init__.py log_once [line:227] INFO std_local_test_accuracy       0.1057
2026-04-14 01:13:48,940 __init__.py log_once [line:227] INFO min_local_test_accuracy       0.6029
2026-04-14 01:13:48,940 __init__.py log_once [line:227] INFO max_local_test_accuracy       0.8750
2026-04-14 01:13:48,940 __init__.py log_once [line:227] INFO local_test_loss               0.8573
2026-04-14 01:13:48,940 __init__.py log_once [line:227] INFO mean_local_test_loss          0.9204
2026-04-14 01:13:48,940 __init__.py log_once [line:227] INFO std_local_test_loss           0.4004
2026-04-14 01:13:48,940 __init__.py log_once [line:227] INFO min_local_test_loss           0.6166
2026-04-14 01:13:48,940 __init__.py log_once [line:227] INFO max_local_test_loss           1.5955
2026-04-14 01:13:48,940 fedbase.py run [line:316] INFO Eval Time Cost:               4.8811s
2026-04-14 01:15:21,092 fedbase.py run [line:311] INFO --------------Round 7--------------
2026-04-14 01:15:25,969 __init__.py log_once [line:227] INFO local_val_accuracy            0.7728
2026-04-14 01:15:25,969 __init__.py log_once [line:227] INFO mean_local_val_accuracy       0.7489
2026-04-14 01:15:25,969 __init__.py log_once [line:227] INFO std_local_val_accuracy        0.1079
2026-04-14 01:15:25,969 __init__.py log_once [line:227] INFO min_local_val_accuracy        0.5805
2026-04-14 01:15:25,969 __init__.py log_once [line:227] INFO max_local_val_accuracy        0.8804
2026-04-14 01:15:25,969 __init__.py log_once [line:227] INFO local_val_loss                0.7725
2026-04-14 01:15:25,969 __init__.py log_once [line:227] INFO mean_local_val_loss           0.8578
2026-04-14 01:15:25,969 __init__.py log_once [line:227] INFO std_local_val_loss            0.3942
2026-04-14 01:15:25,969 __init__.py log_once [line:227] INFO min_local_val_loss            0.3797
2026-04-14 01:15:25,969 __init__.py log_once [line:227] INFO max_local_val_loss            1.4714
2026-04-14 01:15:25,969 __init__.py log_once [line:227] INFO local_test_accuracy           0.7933
2026-04-14 01:15:25,969 __init__.py log_once [line:227] INFO mean_local_test_accuracy      0.7744
2026-04-14 01:15:25,969 __init__.py log_once [line:227] INFO std_local_test_accuracy       0.1134
2026-04-14 01:15:25,969 __init__.py log_once [line:227] INFO min_local_test_accuracy       0.5833
2026-04-14 01:15:25,969 __init__.py log_once [line:227] INFO max_local_test_accuracy       0.8673
2026-04-14 01:15:25,969 __init__.py log_once [line:227] INFO local_test_loss               0.8797
2026-04-14 01:15:25,969 __init__.py log_once [line:227] INFO mean_local_test_loss          0.9519
2026-04-14 01:15:25,969 __init__.py log_once [line:227] INFO std_local_test_loss           0.4103
2026-04-14 01:15:25,969 __init__.py log_once [line:227] INFO min_local_test_loss           0.6167
2026-04-14 01:15:25,969 __init__.py log_once [line:227] INFO max_local_test_loss           1.6236
2026-04-14 01:15:25,970 fedbase.py run [line:316] INFO Eval Time Cost:               4.8770s
2026-04-14 01:16:59,033 fedbase.py run [line:311] INFO --------------Round 8--------------
2026-04-14 01:17:04,049 __init__.py log_once [line:227] INFO local_val_accuracy            0.7748
2026-04-14 01:17:04,049 __init__.py log_once [line:227] INFO mean_local_val_accuracy       0.7493
2026-04-14 01:17:04,049 __init__.py log_once [line:227] INFO std_local_val_accuracy        0.1162
2026-04-14 01:17:04,049 __init__.py log_once [line:227] INFO min_local_val_accuracy        0.5659
2026-04-14 01:17:04,049 __init__.py log_once [line:227] INFO max_local_val_accuracy        0.8880
2026-04-14 01:17:04,049 __init__.py log_once [line:227] INFO local_val_loss                0.7940
2026-04-14 01:17:04,049 __init__.py log_once [line:227] INFO mean_local_val_loss           0.8833
2026-04-14 01:17:04,049 __init__.py log_once [line:227] INFO std_local_val_loss            0.4725
2026-04-14 01:17:04,049 __init__.py log_once [line:227] INFO min_local_val_loss            0.3809
2026-04-14 01:17:04,049 __init__.py log_once [line:227] INFO max_local_val_loss            1.6554
2026-04-14 01:17:04,049 __init__.py log_once [line:227] INFO local_test_accuracy           0.7773
2026-04-14 01:17:04,050 __init__.py log_once [line:227] INFO mean_local_test_accuracy      0.7550
2026-04-14 01:17:04,050 __init__.py log_once [line:227] INFO std_local_test_accuracy       0.1110
2026-04-14 01:17:04,050 __init__.py log_once [line:227] INFO min_local_test_accuracy       0.5784
2026-04-14 01:17:04,050 __init__.py log_once [line:227] INFO max_local_test_accuracy       0.8571
2026-04-14 01:17:04,050 __init__.py log_once [line:227] INFO local_test_loss               0.8886
2026-04-14 01:17:04,050 __init__.py log_once [line:227] INFO mean_local_test_loss          0.9673
2026-04-14 01:17:04,050 __init__.py log_once [line:227] INFO std_local_test_loss           0.4373
2026-04-14 01:17:04,050 __init__.py log_once [line:227] INFO min_local_test_loss           0.5659
2026-04-14 01:17:04,050 __init__.py log_once [line:227] INFO max_local_test_loss           1.6620
2026-04-14 01:17:04,050 fedbase.py run [line:316] INFO Eval Time Cost:               5.0163s
2026-04-14 01:18:35,981 fedbase.py run [line:311] INFO --------------Round 9--------------
2026-04-14 01:18:40,840 __init__.py log_once [line:227] INFO local_val_accuracy            0.7768
2026-04-14 01:18:40,840 __init__.py log_once [line:227] INFO mean_local_val_accuracy       0.7509
2026-04-14 01:18:40,840 __init__.py log_once [line:227] INFO std_local_val_accuracy        0.1068
2026-04-14 01:18:40,840 __init__.py log_once [line:227] INFO min_local_val_accuracy        0.5902
2026-04-14 01:18:40,840 __init__.py log_once [line:227] INFO max_local_val_accuracy        0.8906
2026-04-14 01:18:40,840 __init__.py log_once [line:227] INFO local_val_loss                0.7939
2026-04-14 01:18:40,840 __init__.py log_once [line:227] INFO mean_local_val_loss           0.8896
2026-04-14 01:18:40,840 __init__.py log_once [line:227] INFO std_local_val_loss            0.4006
2026-04-14 01:18:40,840 __init__.py log_once [line:227] INFO min_local_val_loss            0.3671
2026-04-14 01:18:40,840 __init__.py log_once [line:227] INFO max_local_val_loss            1.4922
2026-04-14 01:18:40,840 __init__.py log_once [line:227] INFO local_test_accuracy           0.7853
2026-04-14 01:18:40,840 __init__.py log_once [line:227] INFO mean_local_test_accuracy      0.7673
2026-04-14 01:18:40,840 __init__.py log_once [line:227] INFO std_local_test_accuracy       0.1067
2026-04-14 01:18:40,840 __init__.py log_once [line:227] INFO min_local_test_accuracy       0.5882
2026-04-14 01:18:40,840 __init__.py log_once [line:227] INFO max_local_test_accuracy       0.8546
2026-04-14 01:18:40,840 __init__.py log_once [line:227] INFO local_test_loss               0.8689
2026-04-14 01:18:40,840 __init__.py log_once [line:227] INFO mean_local_test_loss          0.9387
2026-04-14 01:18:40,840 __init__.py log_once [line:227] INFO std_local_test_loss           0.4332
2026-04-14 01:18:40,840 __init__.py log_once [line:227] INFO min_local_test_loss           0.5624
2026-04-14 01:18:40,840 __init__.py log_once [line:227] INFO max_local_test_loss           1.6521
2026-04-14 01:18:40,840 fedbase.py run [line:316] INFO Eval Time Cost:               4.8592s
2026-04-14 01:20:12,758 fedbase.py run [line:311] INFO --------------Round 10--------------
2026-04-14 01:20:17,572 __init__.py log_once [line:227] INFO local_val_accuracy            0.7828
2026-04-14 01:20:17,573 __init__.py log_once [line:227] INFO mean_local_val_accuracy       0.7599
2026-04-14 01:20:17,573 __init__.py log_once [line:227] INFO std_local_val_accuracy        0.1144
2026-04-14 01:20:17,573 __init__.py log_once [line:227] INFO min_local_val_accuracy        0.5756
2026-04-14 01:20:17,573 __init__.py log_once [line:227] INFO max_local_val_accuracy        0.8880
2026-04-14 01:20:17,573 __init__.py log_once [line:227] INFO local_val_loss                0.7798
2026-04-14 01:20:17,573 __init__.py log_once [line:227] INFO mean_local_val_loss           0.8680
2026-04-14 01:20:17,573 __init__.py log_once [line:227] INFO std_local_val_loss            0.4374
2026-04-14 01:20:17,573 __init__.py log_once [line:227] INFO min_local_val_loss            0.3664
2026-04-14 01:20:17,573 __init__.py log_once [line:227] INFO max_local_val_loss            1.5622
2026-04-14 01:20:17,573 __init__.py log_once [line:227] INFO local_test_accuracy           0.7833
2026-04-14 01:20:17,573 __init__.py log_once [line:227] INFO mean_local_test_accuracy      0.7638
2026-04-14 01:20:17,573 __init__.py log_once [line:227] INFO std_local_test_accuracy       0.1161
2026-04-14 01:20:17,573 __init__.py log_once [line:227] INFO min_local_test_accuracy       0.5735
2026-04-14 01:20:17,573 __init__.py log_once [line:227] INFO max_local_test_accuracy       0.8632
2026-04-14 01:20:17,573 __init__.py log_once [line:227] INFO local_test_loss               0.9161
2026-04-14 01:20:17,573 __init__.py log_once [line:227] INFO mean_local_test_loss          0.9970
2026-04-14 01:20:17,573 __init__.py log_once [line:227] INFO std_local_test_loss           0.4928
2026-04-14 01:20:17,573 __init__.py log_once [line:227] INFO min_local_test_loss           0.5338
2026-04-14 01:20:17,573 __init__.py log_once [line:227] INFO max_local_test_loss           1.7921
2026-04-14 01:20:17,573 fedbase.py run [line:316] INFO Eval Time Cost:               4.8153s
2026-04-14 01:21:49,606 fedbase.py run [line:311] INFO --------------Round 11--------------
2026-04-14 01:21:54,558 __init__.py log_once [line:227] INFO local_val_accuracy            0.7748
2026-04-14 01:21:54,558 __init__.py log_once [line:227] INFO mean_local_val_accuracy       0.7515
2026-04-14 01:21:54,558 __init__.py log_once [line:227] INFO std_local_val_accuracy        0.1084
2026-04-14 01:21:54,558 __init__.py log_once [line:227] INFO min_local_val_accuracy        0.5805
2026-04-14 01:21:54,558 __init__.py log_once [line:227] INFO max_local_val_accuracy        0.8804
2026-04-14 01:21:54,558 __init__.py log_once [line:227] INFO local_val_loss                0.7802
2026-04-14 01:21:54,558 __init__.py log_once [line:227] INFO mean_local_val_loss           0.8693
2026-04-14 01:21:54,558 __init__.py log_once [line:227] INFO std_local_val_loss            0.4247
2026-04-14 01:21:54,558 __init__.py log_once [line:227] INFO min_local_val_loss            0.3702
2026-04-14 01:21:54,558 __init__.py log_once [line:227] INFO max_local_val_loss            1.5405
2026-04-14 01:21:54,558 __init__.py log_once [line:227] INFO local_test_accuracy           0.7833
2026-04-14 01:21:54,558 __init__.py log_once [line:227] INFO mean_local_test_accuracy      0.7644
2026-04-14 01:21:54,558 __init__.py log_once [line:227] INFO std_local_test_accuracy       0.1114
2026-04-14 01:21:54,558 __init__.py log_once [line:227] INFO min_local_test_accuracy       0.5784
2026-04-14 01:21:54,558 __init__.py log_once [line:227] INFO max_local_test_accuracy       0.8546
2026-04-14 01:21:54,558 __init__.py log_once [line:227] INFO local_test_loss               0.8915
2026-04-14 01:21:54,558 __init__.py log_once [line:227] INFO mean_local_test_loss          0.9634
2026-04-14 01:21:54,558 __init__.py log_once [line:227] INFO std_local_test_loss           0.4370
2026-04-14 01:21:54,558 __init__.py log_once [line:227] INFO min_local_test_loss           0.5784
2026-04-14 01:21:54,558 __init__.py log_once [line:227] INFO max_local_test_loss           1.6785
2026-04-14 01:21:54,558 fedbase.py run [line:316] INFO Eval Time Cost:               4.9525s
2026-04-14 01:23:26,365 fedbase.py run [line:311] INFO --------------Round 12--------------
2026-04-14 01:23:31,218 __init__.py log_once [line:227] INFO local_val_accuracy            0.7778
2026-04-14 01:23:31,218 __init__.py log_once [line:227] INFO mean_local_val_accuracy       0.7563
2026-04-14 01:23:31,218 __init__.py log_once [line:227] INFO std_local_val_accuracy        0.1099
2026-04-14 01:23:31,218 __init__.py log_once [line:227] INFO min_local_val_accuracy        0.5756
2026-04-14 01:23:31,218 __init__.py log_once [line:227] INFO max_local_val_accuracy        0.8728
2026-04-14 01:23:31,218 __init__.py log_once [line:227] INFO local_val_loss                0.7593
2026-04-14 01:23:31,218 __init__.py log_once [line:227] INFO mean_local_val_loss           0.8428
2026-04-14 01:23:31,218 __init__.py log_once [line:227] INFO std_local_val_loss            0.3950
2026-04-14 01:23:31,218 __init__.py log_once [line:227] INFO min_local_val_loss            0.3751
2026-04-14 01:23:31,218 __init__.py log_once [line:227] INFO max_local_val_loss            1.4646
2026-04-14 01:23:31,218 __init__.py log_once [line:227] INFO local_test_accuracy           0.7953
2026-04-14 01:23:31,218 __init__.py log_once [line:227] INFO mean_local_test_accuracy      0.7802
2026-04-14 01:23:31,218 __init__.py log_once [line:227] INFO std_local_test_accuracy       0.1040
2026-04-14 01:23:31,218 __init__.py log_once [line:227] INFO min_local_test_accuracy       0.6029
2026-04-14 01:23:31,218 __init__.py log_once [line:227] INFO max_local_test_accuracy       0.8547
2026-04-14 01:23:31,218 __init__.py log_once [line:227] INFO local_test_loss               0.8693
2026-04-14 01:23:31,218 __init__.py log_once [line:227] INFO mean_local_test_loss          0.9344
2026-04-14 01:23:31,218 __init__.py log_once [line:227] INFO std_local_test_loss           0.4271
2026-04-14 01:23:31,219 __init__.py log_once [line:227] INFO min_local_test_loss           0.5716
2026-04-14 01:23:31,219 __init__.py log_once [line:227] INFO max_local_test_loss           1.6460
2026-04-14 01:23:31,219 fedbase.py run [line:316] INFO Eval Time Cost:               4.8535s
2026-04-14 01:25:04,364 fedbase.py run [line:311] INFO --------------Round 13--------------
2026-04-14 01:25:09,258 __init__.py log_once [line:227] INFO local_val_accuracy            0.7858
2026-04-14 01:25:09,259 __init__.py log_once [line:227] INFO mean_local_val_accuracy       0.7664
2026-04-14 01:25:09,259 __init__.py log_once [line:227] INFO std_local_val_accuracy        0.1011
2026-04-14 01:25:09,259 __init__.py log_once [line:227] INFO min_local_val_accuracy        0.6000
2026-04-14 01:25:09,259 __init__.py log_once [line:227] INFO max_local_val_accuracy        0.8728
2026-04-14 01:25:09,259 __init__.py log_once [line:227] INFO local_val_loss                0.7550
2026-04-14 01:25:09,259 __init__.py log_once [line:227] INFO mean_local_val_loss           0.8366
2026-04-14 01:25:09,259 __init__.py log_once [line:227] INFO std_local_val_loss            0.4099
2026-04-14 01:25:09,259 __init__.py log_once [line:227] INFO min_local_val_loss            0.3694
2026-04-14 01:25:09,259 __init__.py log_once [line:227] INFO max_local_val_loss            1.4873
2026-04-14 01:25:09,259 __init__.py log_once [line:227] INFO local_test_accuracy           0.7933
2026-04-14 01:25:09,259 __init__.py log_once [line:227] INFO mean_local_test_accuracy      0.7754
2026-04-14 01:25:09,259 __init__.py log_once [line:227] INFO std_local_test_accuracy       0.1039
2026-04-14 01:25:09,259 __init__.py log_once [line:227] INFO min_local_test_accuracy       0.6029
2026-04-14 01:25:09,259 __init__.py log_once [line:227] INFO max_local_test_accuracy       0.8597
2026-04-14 01:25:09,259 __init__.py log_once [line:227] INFO local_test_loss               0.8733
2026-04-14 01:25:09,259 __init__.py log_once [line:227] INFO mean_local_test_loss          0.9414
2026-04-14 01:25:09,259 __init__.py log_once [line:227] INFO std_local_test_loss           0.4287
2026-04-14 01:25:09,259 __init__.py log_once [line:227] INFO min_local_test_loss           0.5755
2026-04-14 01:25:09,259 __init__.py log_once [line:227] INFO max_local_test_loss           1.6509
2026-04-14 01:25:09,259 fedbase.py run [line:316] INFO Eval Time Cost:               4.8954s
2026-04-14 01:26:40,579 fedbase.py run [line:311] INFO --------------Round 14--------------
2026-04-14 01:26:45,467 __init__.py log_once [line:227] INFO local_val_accuracy            0.7848
2026-04-14 01:26:45,467 __init__.py log_once [line:227] INFO mean_local_val_accuracy       0.7652
2026-04-14 01:26:45,467 __init__.py log_once [line:227] INFO std_local_val_accuracy        0.1031
2026-04-14 01:26:45,467 __init__.py log_once [line:227] INFO min_local_val_accuracy        0.5951
2026-04-14 01:26:45,467 __init__.py log_once [line:227] INFO max_local_val_accuracy        0.8728
2026-04-14 01:26:45,468 __init__.py log_once [line:227] INFO local_val_loss                0.7522
2026-04-14 01:26:45,468 __init__.py log_once [line:227] INFO mean_local_val_loss           0.8343
2026-04-14 01:26:45,468 __init__.py log_once [line:227] INFO std_local_val_loss            0.4090
2026-04-14 01:26:45,468 __init__.py log_once [line:227] INFO min_local_val_loss            0.3665
2026-04-14 01:26:45,468 __init__.py log_once [line:227] INFO max_local_val_loss            1.4838
2026-04-14 01:26:45,468 __init__.py log_once [line:227] INFO local_test_accuracy           0.7953
2026-04-14 01:26:45,468 __init__.py log_once [line:227] INFO mean_local_test_accuracy      0.7777
2026-04-14 01:26:45,468 __init__.py log_once [line:227] INFO std_local_test_accuracy       0.1027
2026-04-14 01:26:45,468 __init__.py log_once [line:227] INFO min_local_test_accuracy       0.6078
2026-04-14 01:26:45,468 __init__.py log_once [line:227] INFO max_local_test_accuracy       0.8597
2026-04-14 01:26:45,468 __init__.py log_once [line:227] INFO local_test_loss               0.8720
2026-04-14 01:26:45,468 __init__.py log_once [line:227] INFO mean_local_test_loss          0.9406
2026-04-14 01:26:45,468 __init__.py log_once [line:227] INFO std_local_test_loss           0.4360
2026-04-14 01:26:45,468 __init__.py log_once [line:227] INFO min_local_test_loss           0.5703
2026-04-14 01:26:45,468 __init__.py log_once [line:227] INFO max_local_test_loss           1.6638
2026-04-14 01:26:45,468 fedbase.py run [line:316] INFO Eval Time Cost:               4.8884s
2026-04-14 01:28:18,213 fedbase.py run [line:311] INFO --------------Round 15--------------
2026-04-14 01:28:23,054 __init__.py log_once [line:227] INFO local_val_accuracy            0.7868
2026-04-14 01:28:23,054 __init__.py log_once [line:227] INFO mean_local_val_accuracy       0.7679
2026-04-14 01:28:23,054 __init__.py log_once [line:227] INFO std_local_val_accuracy        0.1017
2026-04-14 01:28:23,054 __init__.py log_once [line:227] INFO min_local_val_accuracy        0.6000
2026-04-14 01:28:23,054 __init__.py log_once [line:227] INFO max_local_val_accuracy        0.8728
2026-04-14 01:28:23,054 __init__.py log_once [line:227] INFO local_val_loss                0.7415
2026-04-14 01:28:23,054 __init__.py log_once [line:227] INFO mean_local_val_loss           0.8200
2026-04-14 01:28:23,054 __init__.py log_once [line:227] INFO std_local_val_loss            0.4156
2026-04-14 01:28:23,054 __init__.py log_once [line:227] INFO min_local_val_loss            0.3641
2026-04-14 01:28:23,055 __init__.py log_once [line:227] INFO max_local_val_loss            1.4856
2026-04-14 01:28:23,055 __init__.py log_once [line:227] INFO local_test_accuracy           0.7983
2026-04-14 01:28:23,055 __init__.py log_once [line:227] INFO mean_local_test_accuracy      0.7814
2026-04-14 01:28:23,055 __init__.py log_once [line:227] INFO std_local_test_accuracy       0.1046
2026-04-14 01:28:23,055 __init__.py log_once [line:227] INFO min_local_test_accuracy       0.6078
2026-04-14 01:28:23,055 __init__.py log_once [line:227] INFO max_local_test_accuracy       0.8675
2026-04-14 01:28:23,055 __init__.py log_once [line:227] INFO local_test_loss               0.8687
2026-04-14 01:28:23,055 __init__.py log_once [line:227] INFO mean_local_test_loss          0.9385
2026-04-14 01:28:23,055 __init__.py log_once [line:227] INFO std_local_test_loss           0.4377
2026-04-14 01:28:23,055 __init__.py log_once [line:227] INFO min_local_test_loss           0.5644
2026-04-14 01:28:23,055 __init__.py log_once [line:227] INFO max_local_test_loss           1.6626
2026-04-14 01:28:23,055 fedbase.py run [line:316] INFO Eval Time Cost:               4.8412s
2026-04-14 01:29:55,304 fedbase.py run [line:311] INFO --------------Round 16--------------
2026-04-14 01:30:00,306 __init__.py log_once [line:227] INFO local_val_accuracy            0.7878
2026-04-14 01:30:00,306 __init__.py log_once [line:227] INFO mean_local_val_accuracy       0.7686
2026-04-14 01:30:00,306 __init__.py log_once [line:227] INFO std_local_val_accuracy        0.1023
2026-04-14 01:30:00,306 __init__.py log_once [line:227] INFO min_local_val_accuracy        0.6000
2026-04-14 01:30:00,306 __init__.py log_once [line:227] INFO max_local_val_accuracy        0.8753
2026-04-14 01:30:00,306 __init__.py log_once [line:227] INFO local_val_loss                0.7386
2026-04-14 01:30:00,306 __init__.py log_once [line:227] INFO mean_local_val_loss           0.8169
2026-04-14 01:30:00,306 __init__.py log_once [line:227] INFO std_local_val_loss            0.4182
2026-04-14 01:30:00,306 __init__.py log_once [line:227] INFO min_local_val_loss            0.3622
2026-04-14 01:30:00,306 __init__.py log_once [line:227] INFO max_local_val_loss            1.4888
2026-04-14 01:30:00,306 __init__.py log_once [line:227] INFO local_test_accuracy           0.8003
2026-04-14 01:30:00,306 __init__.py log_once [line:227] INFO mean_local_test_accuracy      0.7841
2026-04-14 01:30:00,306 __init__.py log_once [line:227] INFO std_local_test_accuracy       0.1027
2026-04-14 01:30:00,306 __init__.py log_once [line:227] INFO min_local_test_accuracy       0.6127
2026-04-14 01:30:00,306 __init__.py log_once [line:227] INFO max_local_test_accuracy       0.8675
2026-04-14 01:30:00,306 __init__.py log_once [line:227] INFO local_test_loss               0.8622
2026-04-14 01:30:00,306 __init__.py log_once [line:227] INFO mean_local_test_loss          0.9320
2026-04-14 01:30:00,306 __init__.py log_once [line:227] INFO std_local_test_loss           0.4397
2026-04-14 01:30:00,306 __init__.py log_once [line:227] INFO min_local_test_loss           0.5558
2026-04-14 01:30:00,306 __init__.py log_once [line:227] INFO max_local_test_loss           1.6596
2026-04-14 01:30:00,306 fedbase.py run [line:316] INFO Eval Time Cost:               5.0018s
2026-04-14 01:31:33,125 fedbase.py run [line:311] INFO --------------Round 17--------------
2026-04-14 01:31:38,031 __init__.py log_once [line:227] INFO local_val_accuracy            0.7868
2026-04-14 01:31:38,031 __init__.py log_once [line:227] INFO mean_local_val_accuracy       0.7675
2026-04-14 01:31:38,031 __init__.py log_once [line:227] INFO std_local_val_accuracy        0.1021
2026-04-14 01:31:38,031 __init__.py log_once [line:227] INFO min_local_val_accuracy        0.6000
2026-04-14 01:31:38,031 __init__.py log_once [line:227] INFO max_local_val_accuracy        0.8753
2026-04-14 01:31:38,031 __init__.py log_once [line:227] INFO local_val_loss                0.7356
2026-04-14 01:31:38,031 __init__.py log_once [line:227] INFO mean_local_val_loss           0.8137
2026-04-14 01:31:38,031 __init__.py log_once [line:227] INFO std_local_val_loss            0.4206
2026-04-14 01:31:38,031 __init__.py log_once [line:227] INFO min_local_val_loss            0.3605
2026-04-14 01:31:38,031 __init__.py log_once [line:227] INFO max_local_val_loss            1.4915
2026-04-14 01:31:38,031 __init__.py log_once [line:227] INFO local_test_accuracy           0.7993
2026-04-14 01:31:38,031 __init__.py log_once [line:227] INFO mean_local_test_accuracy      0.7823
2026-04-14 01:31:38,031 __init__.py log_once [line:227] INFO std_local_test_accuracy       0.1073
2026-04-14 01:31:38,031 __init__.py log_once [line:227] INFO min_local_test_accuracy       0.6029
2026-04-14 01:31:38,031 __init__.py log_once [line:227] INFO max_local_test_accuracy       0.8675
2026-04-14 01:31:38,032 __init__.py log_once [line:227] INFO local_test_loss               0.8562
2026-04-14 01:31:38,032 __init__.py log_once [line:227] INFO mean_local_test_loss          0.9263
2026-04-14 01:31:38,032 __init__.py log_once [line:227] INFO std_local_test_loss           0.4411
2026-04-14 01:31:38,032 __init__.py log_once [line:227] INFO min_local_test_loss           0.5492
2026-04-14 01:31:38,032 __init__.py log_once [line:227] INFO max_local_test_loss           1.6563
2026-04-14 01:31:38,032 fedbase.py run [line:316] INFO Eval Time Cost:               4.9060s
