2026-04-06 09:36:53,406 fflow.py init [line:848] INFO PROCESS ID:	20899
2026-04-06 09:36:53,406 fflow.py init [line:849] INFO Initializing devices: cuda:0 will be used for this running.
2026-04-06 09:36:53,406 fflow.py init [line:852] INFO BENCHMARK:	task.PACS_c4
2026-04-06 09:36:53,407 fflow.py init [line:853] INFO TASK:			task/PACS_c4
2026-04-06 09:36:53,407 fflow.py init [line:854] INFO MODEL:		task.PACS_c4.model.default_model
2026-04-06 09:36:53,407 fflow.py init [line:855] INFO ALGORITHM:	fedavg
2026-04-06 09:36:53,409 fflow.py init [line:901] INFO SCENE:		horizontal FL with 1 <class 'flgo.algorithm.fedbase.BasicServer'>, 4 <class 'flgo.algorithm.fedbase.BasicClient'>
2026-04-06 09:36:53,717 fflow.py init [line:918] INFO SIMULATOR:	<class 'flgo.simulator.default_simulator.Simulator'>
2026-04-06 09:36:53,718 fflow.py init [line:931] INFO Ready to start.
2026-04-06 09:36:53,718 fedbase.py run [line:300] INFO --------------Initial Evaluation--------------
2026-04-06 09:37:00,415 __init__.py log_once [line:227] INFO local_val_accuracy            0.1652
2026-04-06 09:37:00,416 __init__.py log_once [line:227] INFO mean_local_val_accuracy       0.1538
2026-04-06 09:37:00,416 __init__.py log_once [line:227] INFO std_local_val_accuracy        0.0360
2026-04-06 09:37:00,416 __init__.py log_once [line:227] INFO min_local_val_accuracy        0.1018
2026-04-06 09:37:00,416 __init__.py log_once [line:227] INFO max_local_val_accuracy        0.2036
2026-04-06 09:37:00,416 __init__.py log_once [line:227] INFO local_val_loss                1.9440
2026-04-06 09:37:00,416 __init__.py log_once [line:227] INFO mean_local_val_loss           1.9442
2026-04-06 09:37:00,416 __init__.py log_once [line:227] INFO std_local_val_loss            0.0011
2026-04-06 09:37:00,416 __init__.py log_once [line:227] INFO min_local_val_loss            1.9426
2026-04-06 09:37:00,416 __init__.py log_once [line:227] INFO max_local_val_loss            1.9457
2026-04-06 09:37:00,416 __init__.py log_once [line:227] INFO local_test_accuracy           0.1445
2026-04-06 09:37:00,416 __init__.py log_once [line:227] INFO mean_local_test_accuracy      0.1353
2026-04-06 09:37:00,416 __init__.py log_once [line:227] INFO std_local_test_accuracy       0.0350
2026-04-06 09:37:00,416 __init__.py log_once [line:227] INFO min_local_test_accuracy       0.0940
2026-04-06 09:37:00,416 __init__.py log_once [line:227] INFO max_local_test_accuracy       0.1862
2026-04-06 09:37:00,416 __init__.py log_once [line:227] INFO local_test_loss               1.9450
2026-04-06 09:37:00,416 __init__.py log_once [line:227] INFO mean_local_test_loss          1.9455
2026-04-06 09:37:00,416 __init__.py log_once [line:227] INFO std_local_test_loss           0.0023
2026-04-06 09:37:00,416 __init__.py log_once [line:227] INFO min_local_test_loss           1.9429
2026-04-06 09:37:00,416 __init__.py log_once [line:227] INFO max_local_test_loss           1.9479
2026-04-06 09:37:00,416 fedbase.py run [line:303] INFO Eval Time Cost:               6.6987s
2026-04-06 09:39:09,294 fedbase.py run [line:311] INFO --------------Round 1--------------
2026-04-06 09:39:15,449 __init__.py log_once [line:227] INFO local_val_accuracy            0.2082
2026-04-06 09:39:15,449 __init__.py log_once [line:227] INFO mean_local_val_accuracy       0.2505
2026-04-06 09:39:15,449 __init__.py log_once [line:227] INFO std_local_val_accuracy        0.1257
2026-04-06 09:39:15,449 __init__.py log_once [line:227] INFO min_local_val_accuracy        0.0560
2026-04-06 09:39:15,449 __init__.py log_once [line:227] INFO max_local_val_accuracy        0.4072
2026-04-06 09:39:15,449 __init__.py log_once [line:227] INFO local_val_loss                2.0617
2026-04-06 09:39:15,449 __init__.py log_once [line:227] INFO mean_local_val_loss           2.0121
2026-04-06 09:39:15,449 __init__.py log_once [line:227] INFO std_local_val_loss            0.1493
2026-04-06 09:39:15,449 __init__.py log_once [line:227] INFO min_local_val_loss            1.9051
2026-04-06 09:39:15,449 __init__.py log_once [line:227] INFO max_local_val_loss            2.2695
2026-04-06 09:39:15,449 __init__.py log_once [line:227] INFO local_test_accuracy           0.2026
2026-04-06 09:39:15,449 __init__.py log_once [line:227] INFO mean_local_test_accuracy      0.2410
2026-04-06 09:39:15,449 __init__.py log_once [line:227] INFO std_local_test_accuracy       0.1128
2026-04-06 09:39:15,449 __init__.py log_once [line:227] INFO min_local_test_accuracy       0.0612
2026-04-06 09:39:15,449 __init__.py log_once [line:227] INFO max_local_test_accuracy       0.3713
2026-04-06 09:39:15,449 __init__.py log_once [line:227] INFO local_test_loss               2.0505
2026-04-06 09:39:15,449 __init__.py log_once [line:227] INFO mean_local_test_loss          2.0181
2026-04-06 09:39:15,449 __init__.py log_once [line:227] INFO std_local_test_loss           0.0965
2026-04-06 09:39:15,449 __init__.py log_once [line:227] INFO min_local_test_loss           1.9420
2026-04-06 09:39:15,450 __init__.py log_once [line:227] INFO max_local_test_loss           2.1822
2026-04-06 09:39:15,450 fedbase.py run [line:316] INFO Eval Time Cost:               6.1552s
2026-04-06 09:41:23,075 fedbase.py run [line:311] INFO --------------Round 2--------------
2026-04-06 09:41:29,323 __init__.py log_once [line:227] INFO local_val_accuracy            0.4254
2026-04-06 09:41:29,323 __init__.py log_once [line:227] INFO mean_local_val_accuracy       0.4192
2026-04-06 09:41:29,323 __init__.py log_once [line:227] INFO std_local_val_accuracy        0.0563
2026-04-06 09:41:29,323 __init__.py log_once [line:227] INFO min_local_val_accuracy        0.3220
2026-04-06 09:41:29,323 __init__.py log_once [line:227] INFO max_local_val_accuracy        0.4555
2026-04-06 09:41:29,323 __init__.py log_once [line:227] INFO local_val_loss                1.6058
2026-04-06 09:41:29,323 __init__.py log_once [line:227] INFO mean_local_val_loss           1.6254
2026-04-06 09:41:29,323 __init__.py log_once [line:227] INFO std_local_val_loss            0.1187
2026-04-06 09:41:29,323 __init__.py log_once [line:227] INFO min_local_val_loss            1.5319
2026-04-06 09:41:29,324 __init__.py log_once [line:227] INFO max_local_val_loss            1.8239
2026-04-06 09:41:29,324 __init__.py log_once [line:227] INFO local_test_accuracy           0.4122
2026-04-06 09:41:29,324 __init__.py log_once [line:227] INFO mean_local_test_accuracy      0.4069
2026-04-06 09:41:29,324 __init__.py log_once [line:227] INFO std_local_test_accuracy       0.0457
2026-04-06 09:41:29,324 __init__.py log_once [line:227] INFO min_local_test_accuracy       0.3284
2026-04-06 09:41:29,324 __init__.py log_once [line:227] INFO max_local_test_accuracy       0.4388
2026-04-06 09:41:29,324 __init__.py log_once [line:227] INFO local_test_loss               1.5724
2026-04-06 09:41:29,324 __init__.py log_once [line:227] INFO mean_local_test_loss          1.6033
2026-04-06 09:41:29,324 __init__.py log_once [line:227] INFO std_local_test_loss           0.1562
2026-04-06 09:41:29,324 __init__.py log_once [line:227] INFO min_local_test_loss           1.4664
2026-04-06 09:41:29,324 __init__.py log_once [line:227] INFO max_local_test_loss           1.8471
2026-04-06 09:41:29,324 fedbase.py run [line:316] INFO Eval Time Cost:               6.2485s
2026-04-06 09:43:36,947 fedbase.py run [line:311] INFO --------------Round 3--------------
2026-04-06 09:43:43,224 __init__.py log_once [line:227] INFO local_val_accuracy            0.6056
2026-04-06 09:43:43,224 __init__.py log_once [line:227] INFO mean_local_val_accuracy       0.5771
2026-04-06 09:43:43,224 __init__.py log_once [line:227] INFO std_local_val_accuracy        0.1046
2026-04-06 09:43:43,224 __init__.py log_once [line:227] INFO min_local_val_accuracy        0.4390
2026-04-06 09:43:43,224 __init__.py log_once [line:227] INFO max_local_val_accuracy        0.7328
2026-04-06 09:43:43,224 __init__.py log_once [line:227] INFO local_val_loss                1.1515
2026-04-06 09:43:43,224 __init__.py log_once [line:227] INFO mean_local_val_loss           1.2483
2026-04-06 09:43:43,224 __init__.py log_once [line:227] INFO std_local_val_loss            0.3384
2026-04-06 09:43:43,224 __init__.py log_once [line:227] INFO min_local_val_loss            0.7184
2026-04-06 09:43:43,224 __init__.py log_once [line:227] INFO max_local_val_loss            1.6534
2026-04-06 09:43:43,224 __init__.py log_once [line:227] INFO local_test_accuracy           0.5917
2026-04-06 09:43:43,225 __init__.py log_once [line:227] INFO mean_local_test_accuracy      0.5600
2026-04-06 09:43:43,225 __init__.py log_once [line:227] INFO std_local_test_accuracy       0.1229
2026-04-06 09:43:43,225 __init__.py log_once [line:227] INFO min_local_test_accuracy       0.3775
2026-04-06 09:43:43,225 __init__.py log_once [line:227] INFO max_local_test_accuracy       0.7194
2026-04-06 09:43:43,225 __init__.py log_once [line:227] INFO local_test_loss               1.1383
2026-04-06 09:43:43,225 __init__.py log_once [line:227] INFO mean_local_test_loss          1.2159
2026-04-06 09:43:43,225 __init__.py log_once [line:227] INFO std_local_test_loss           0.3000
2026-04-06 09:43:43,225 __init__.py log_once [line:227] INFO min_local_test_loss           0.8342
2026-04-06 09:43:43,225 __init__.py log_once [line:227] INFO max_local_test_loss           1.6594
2026-04-06 09:43:43,225 fedbase.py run [line:316] INFO Eval Time Cost:               6.2779s
2026-04-06 09:45:51,821 fedbase.py run [line:311] INFO --------------Round 4--------------
2026-04-06 09:45:57,866 __init__.py log_once [line:227] INFO local_val_accuracy            0.6306
2026-04-06 09:45:57,867 __init__.py log_once [line:227] INFO mean_local_val_accuracy       0.5929
2026-04-06 09:45:57,867 __init__.py log_once [line:227] INFO std_local_val_accuracy        0.1344
2026-04-06 09:45:57,867 __init__.py log_once [line:227] INFO min_local_val_accuracy        0.4098
2026-04-06 09:45:57,867 __init__.py log_once [line:227] INFO max_local_val_accuracy        0.7888
2026-04-06 09:45:57,867 __init__.py log_once [line:227] INFO local_val_loss                1.0626
2026-04-06 09:45:57,867 __init__.py log_once [line:227] INFO mean_local_val_loss           1.1722
2026-04-06 09:45:57,867 __init__.py log_once [line:227] INFO std_local_val_loss            0.4013
2026-04-06 09:45:57,867 __init__.py log_once [line:227] INFO min_local_val_loss            0.5782
2026-04-06 09:45:57,867 __init__.py log_once [line:227] INFO max_local_val_loss            1.7078
2026-04-06 09:45:57,867 __init__.py log_once [line:227] INFO local_test_accuracy           0.6419
2026-04-06 09:45:57,867 __init__.py log_once [line:227] INFO mean_local_test_accuracy      0.6065
2026-04-06 09:45:57,867 __init__.py log_once [line:227] INFO std_local_test_accuracy       0.1389
2026-04-06 09:45:57,867 __init__.py log_once [line:227] INFO min_local_test_accuracy       0.4020
2026-04-06 09:45:57,867 __init__.py log_once [line:227] INFO max_local_test_accuracy       0.7755
2026-04-06 09:45:57,867 __init__.py log_once [line:227] INFO local_test_loss               1.0304
2026-04-06 09:45:57,867 __init__.py log_once [line:227] INFO mean_local_test_loss          1.1164
2026-04-06 09:45:57,867 __init__.py log_once [line:227] INFO std_local_test_loss           0.3578
2026-04-06 09:45:57,867 __init__.py log_once [line:227] INFO min_local_test_loss           0.7028
2026-04-06 09:45:57,867 __init__.py log_once [line:227] INFO max_local_test_loss           1.6631
2026-04-06 09:45:57,867 fedbase.py run [line:316] INFO Eval Time Cost:               6.0460s
2026-04-06 09:48:06,098 fedbase.py run [line:311] INFO --------------Round 5--------------
2026-04-06 09:48:12,334 __init__.py log_once [line:227] INFO local_val_accuracy            0.6687
2026-04-06 09:48:12,335 __init__.py log_once [line:227] INFO mean_local_val_accuracy       0.6431
2026-04-06 09:48:12,335 __init__.py log_once [line:227] INFO std_local_val_accuracy        0.1048
2026-04-06 09:48:12,335 __init__.py log_once [line:227] INFO min_local_val_accuracy        0.4829
2026-04-06 09:48:12,335 __init__.py log_once [line:227] INFO max_local_val_accuracy        0.7761
2026-04-06 09:48:12,335 __init__.py log_once [line:227] INFO local_val_loss                1.0430
2026-04-06 09:48:12,335 __init__.py log_once [line:227] INFO mean_local_val_loss           1.1365
2026-04-06 09:48:12,335 __init__.py log_once [line:227] INFO std_local_val_loss            0.3690
2026-04-06 09:48:12,335 __init__.py log_once [line:227] INFO min_local_val_loss            0.6339
2026-04-06 09:48:12,335 __init__.py log_once [line:227] INFO max_local_val_loss            1.6759
2026-04-06 09:48:12,335 __init__.py log_once [line:227] INFO local_test_accuracy           0.6720
2026-04-06 09:48:12,335 __init__.py log_once [line:227] INFO mean_local_test_accuracy      0.6485
2026-04-06 09:48:12,335 __init__.py log_once [line:227] INFO std_local_test_accuracy       0.1053
2026-04-06 09:48:12,335 __init__.py log_once [line:227] INFO min_local_test_accuracy       0.4853
2026-04-06 09:48:12,335 __init__.py log_once [line:227] INFO max_local_test_accuracy       0.7577
2026-04-06 09:48:12,335 __init__.py log_once [line:227] INFO local_test_loss               0.9786
2026-04-06 09:48:12,335 __init__.py log_once [line:227] INFO mean_local_test_loss          1.0431
2026-04-06 09:48:12,336 __init__.py log_once [line:227] INFO std_local_test_loss           0.3079
2026-04-06 09:48:12,336 __init__.py log_once [line:227] INFO min_local_test_loss           0.7434
2026-04-06 09:48:12,336 __init__.py log_once [line:227] INFO max_local_test_loss           1.5309
2026-04-06 09:48:12,336 fedbase.py run [line:316] INFO Eval Time Cost:               6.2366s
