2026-04-10 15:46:29,816 fflow.py init [line:848] INFO PROCESS ID:	2126
2026-04-10 15:46:29,816 fflow.py init [line:849] INFO Initializing devices: cuda:0 will be used for this running.
2026-04-10 15:46:29,816 fflow.py init [line:852] INFO BENCHMARK:	task.PACS_c4
2026-04-10 15:46:29,816 fflow.py init [line:853] INFO TASK:			task/PACS_c4
2026-04-10 15:46:29,816 fflow.py init [line:854] INFO MODEL:		task.PACS_c4.model.default_model
2026-04-10 15:46:29,816 fflow.py init [line:855] INFO ALGORITHM:	fedbn
2026-04-10 15:46:29,819 fflow.py init [line:901] INFO SCENE:		horizontal FL with 1 <class 'flgo.algorithm.fedbase.BasicServer'>, 4 <class 'algorithm.fedbn.Client'>
2026-04-10 15:46:30,297 fflow.py init [line:918] INFO SIMULATOR:	<class 'flgo.simulator.default_simulator.Simulator'>
2026-04-10 15:46:30,298 fflow.py init [line:931] INFO Ready to start.
2026-04-10 15:46:30,298 fedbase.py run [line:300] INFO --------------Initial Evaluation--------------
2026-04-10 15:46:38,418 __init__.py log_once [line:227] INFO local_val_accuracy            0.1511
2026-04-10 15:46:38,419 __init__.py log_once [line:227] INFO mean_local_val_accuracy       0.1795
2026-04-10 15:46:38,419 __init__.py log_once [line:227] INFO std_local_val_accuracy        0.0858
2026-04-10 15:46:38,419 __init__.py log_once [line:227] INFO min_local_val_accuracy        0.0509
2026-04-10 15:46:38,419 __init__.py log_once [line:227] INFO max_local_val_accuracy        0.2695
2026-04-10 15:46:38,419 __init__.py log_once [line:227] INFO local_val_loss                1.9473
2026-04-10 15:46:38,419 __init__.py log_once [line:227] INFO mean_local_val_loss           1.9467
2026-04-10 15:46:38,419 __init__.py log_once [line:227] INFO std_local_val_loss            0.0019
2026-04-10 15:46:38,419 __init__.py log_once [line:227] INFO min_local_val_loss            1.9449
2026-04-10 15:46:38,419 __init__.py log_once [line:227] INFO max_local_val_loss            1.9491
2026-04-10 15:46:38,419 __init__.py log_once [line:227] INFO local_test_accuracy           0.1354
2026-04-10 15:46:38,419 __init__.py log_once [line:227] INFO mean_local_test_accuracy      0.1617
2026-04-10 15:46:38,419 __init__.py log_once [line:227] INFO std_local_test_accuracy       0.0794
2026-04-10 15:46:38,419 __init__.py log_once [line:227] INFO min_local_test_accuracy       0.0306
2026-04-10 15:46:38,419 __init__.py log_once [line:227] INFO max_local_test_accuracy       0.2395
2026-04-10 15:46:38,419 __init__.py log_once [line:227] INFO local_test_loss               1.9472
2026-04-10 15:46:38,419 __init__.py log_once [line:227] INFO mean_local_test_loss          1.9465
2026-04-10 15:46:38,419 __init__.py log_once [line:227] INFO std_local_test_loss           0.0023
2026-04-10 15:46:38,419 __init__.py log_once [line:227] INFO min_local_test_loss           1.9446
2026-04-10 15:46:38,420 __init__.py log_once [line:227] INFO max_local_test_loss           1.9502
2026-04-10 15:46:38,420 fedbase.py run [line:303] INFO Eval Time Cost:               8.1216s
