2026-04-10 13:19:45,873 fflow.py init [line:848] INFO PROCESS ID:	38732
2026-04-10 13:19:45,873 fflow.py init [line:849] INFO Initializing devices: cuda:0 will be used for this running.
2026-04-10 13:19:45,873 fflow.py init [line:852] INFO BENCHMARK:	task.PACS_c4
2026-04-10 13:19:45,873 fflow.py init [line:853] INFO TASK:			task/PACS_c4
2026-04-10 13:19:45,873 fflow.py init [line:854] INFO MODEL:		task.PACS_c4.model.default_model
2026-04-10 13:19:45,873 fflow.py init [line:855] INFO ALGORITHM:	fedavg
2026-04-10 13:19:45,876 fflow.py init [line:901] INFO SCENE:		horizontal FL with 1 <class 'flgo.algorithm.fedbase.BasicServer'>, 4 <class 'flgo.algorithm.fedbase.BasicClient'>
2026-04-10 13:19:46,235 fflow.py init [line:918] INFO SIMULATOR:	<class 'flgo.simulator.default_simulator.Simulator'>
2026-04-10 13:19:46,236 fflow.py init [line:931] INFO Ready to start.
2026-04-10 13:19:46,236 fedbase.py run [line:300] INFO --------------Initial Evaluation--------------
2026-04-10 13:19:54,115 __init__.py log_once [line:227] INFO local_val_accuracy            0.1511
2026-04-10 13:19:54,115 __init__.py log_once [line:227] INFO mean_local_val_accuracy       0.1795
2026-04-10 13:19:54,115 __init__.py log_once [line:227] INFO std_local_val_accuracy        0.0858
2026-04-10 13:19:54,115 __init__.py log_once [line:227] INFO min_local_val_accuracy        0.0509
2026-04-10 13:19:54,115 __init__.py log_once [line:227] INFO max_local_val_accuracy        0.2695
2026-04-10 13:19:54,115 __init__.py log_once [line:227] INFO local_val_loss                1.9473
2026-04-10 13:19:54,115 __init__.py log_once [line:227] INFO mean_local_val_loss           1.9467
2026-04-10 13:19:54,115 __init__.py log_once [line:227] INFO std_local_val_loss            0.0019
2026-04-10 13:19:54,115 __init__.py log_once [line:227] INFO min_local_val_loss            1.9449
2026-04-10 13:19:54,116 __init__.py log_once [line:227] INFO max_local_val_loss            1.9491
2026-04-10 13:19:54,116 __init__.py log_once [line:227] INFO local_test_accuracy           0.1354
2026-04-10 13:19:54,116 __init__.py log_once [line:227] INFO mean_local_test_accuracy      0.1617
2026-04-10 13:19:54,116 __init__.py log_once [line:227] INFO std_local_test_accuracy       0.0794
2026-04-10 13:19:54,116 __init__.py log_once [line:227] INFO min_local_test_accuracy       0.0306
2026-04-10 13:19:54,116 __init__.py log_once [line:227] INFO max_local_test_accuracy       0.2395
2026-04-10 13:19:54,116 __init__.py log_once [line:227] INFO local_test_loss               1.9472
2026-04-10 13:19:54,116 __init__.py log_once [line:227] INFO mean_local_test_loss          1.9465
2026-04-10 13:19:54,116 __init__.py log_once [line:227] INFO std_local_test_loss           0.0023
2026-04-10 13:19:54,116 __init__.py log_once [line:227] INFO min_local_test_loss           1.9446
2026-04-10 13:19:54,116 __init__.py log_once [line:227] INFO max_local_test_loss           1.9502
2026-04-10 13:19:54,116 fedbase.py run [line:303] INFO Eval Time Cost:               7.8800s
2026-04-10 13:22:10,377 fedbase.py run [line:311] INFO --------------Round 1--------------
2026-04-10 13:22:16,894 __init__.py log_once [line:227] INFO local_val_accuracy            0.1922
2026-04-10 13:22:16,894 __init__.py log_once [line:227] INFO mean_local_val_accuracy       0.2020
2026-04-10 13:22:16,894 __init__.py log_once [line:227] INFO std_local_val_accuracy        0.0298
2026-04-10 13:22:16,894 __init__.py log_once [line:227] INFO min_local_val_accuracy        0.1578
2026-04-10 13:22:16,894 __init__.py log_once [line:227] INFO max_local_val_accuracy        0.2335
2026-04-10 13:22:16,894 __init__.py log_once [line:227] INFO local_val_loss                1.9800
2026-04-10 13:22:16,895 __init__.py log_once [line:227] INFO mean_local_val_loss           1.9601
2026-04-10 13:22:16,895 __init__.py log_once [line:227] INFO std_local_val_loss            0.0622
2026-04-10 13:22:16,895 __init__.py log_once [line:227] INFO min_local_val_loss            1.9005
2026-04-10 13:22:16,895 __init__.py log_once [line:227] INFO max_local_val_loss            2.0504
2026-04-10 13:22:16,895 __init__.py log_once [line:227] INFO local_test_accuracy           0.1966
2026-04-10 13:22:16,895 __init__.py log_once [line:227] INFO mean_local_test_accuracy      0.2061
2026-04-10 13:22:16,895 __init__.py log_once [line:227] INFO std_local_test_accuracy       0.0292
2026-04-10 13:22:16,895 __init__.py log_once [line:227] INFO min_local_test_accuracy       0.1556
2026-04-10 13:22:16,895 __init__.py log_once [line:227] INFO max_local_test_accuracy       0.2265
2026-04-10 13:22:16,895 __init__.py log_once [line:227] INFO local_test_loss               1.9724
2026-04-10 13:22:16,895 __init__.py log_once [line:227] INFO mean_local_test_loss          1.9604
2026-04-10 13:22:16,895 __init__.py log_once [line:227] INFO std_local_test_loss           0.0441
2026-04-10 13:22:16,895 __init__.py log_once [line:227] INFO min_local_test_loss           1.9100
2026-04-10 13:22:16,895 __init__.py log_once [line:227] INFO max_local_test_loss           2.0265
2026-04-10 13:22:16,895 fedbase.py run [line:316] INFO Eval Time Cost:               6.5184s
2026-04-10 13:24:30,245 fedbase.py run [line:311] INFO --------------Round 2--------------
2026-04-10 13:24:36,730 __init__.py log_once [line:227] INFO local_val_accuracy            0.3854
2026-04-10 13:24:36,730 __init__.py log_once [line:227] INFO mean_local_val_accuracy       0.3771
2026-04-10 13:24:36,730 __init__.py log_once [line:227] INFO std_local_val_accuracy        0.0550
2026-04-10 13:24:36,730 __init__.py log_once [line:227] INFO min_local_val_accuracy        0.2829
2026-04-10 13:24:36,730 __init__.py log_once [line:227] INFO max_local_val_accuracy        0.4224
2026-04-10 13:24:36,730 __init__.py log_once [line:227] INFO local_val_loss                1.7051
2026-04-10 13:24:36,730 __init__.py log_once [line:227] INFO mean_local_val_loss           1.7149
2026-04-10 13:24:36,730 __init__.py log_once [line:227] INFO std_local_val_loss            0.0884
2026-04-10 13:24:36,730 __init__.py log_once [line:227] INFO min_local_val_loss            1.6289
2026-04-10 13:24:36,730 __init__.py log_once [line:227] INFO max_local_val_loss            1.8623
2026-04-10 13:24:36,730 __init__.py log_once [line:227] INFO local_test_accuracy           0.3811
2026-04-10 13:24:36,730 __init__.py log_once [line:227] INFO mean_local_test_accuracy      0.3691
2026-04-10 13:24:36,730 __init__.py log_once [line:227] INFO std_local_test_accuracy       0.0704
2026-04-10 13:24:36,730 __init__.py log_once [line:227] INFO min_local_test_accuracy       0.2500
2026-04-10 13:24:36,731 __init__.py log_once [line:227] INFO max_local_test_accuracy       0.4311
2026-04-10 13:24:36,731 __init__.py log_once [line:227] INFO local_test_loss               1.7275
2026-04-10 13:24:36,731 __init__.py log_once [line:227] INFO mean_local_test_loss          1.7623
2026-04-10 13:24:36,731 __init__.py log_once [line:227] INFO std_local_test_loss           0.1956
2026-04-10 13:24:36,731 __init__.py log_once [line:227] INFO min_local_test_loss           1.5980
2026-04-10 13:24:36,731 __init__.py log_once [line:227] INFO max_local_test_loss           2.0802
2026-04-10 13:24:36,731 fedbase.py run [line:316] INFO Eval Time Cost:               6.4852s
2026-04-10 13:26:49,626 fedbase.py run [line:311] INFO --------------Round 3--------------
2026-04-10 13:26:55,686 __init__.py log_once [line:227] INFO local_val_accuracy            0.5676
2026-04-10 13:26:55,687 __init__.py log_once [line:227] INFO mean_local_val_accuracy       0.5433
2026-04-10 13:26:55,687 __init__.py log_once [line:227] INFO std_local_val_accuracy        0.1120
2026-04-10 13:26:55,687 __init__.py log_once [line:227] INFO min_local_val_accuracy        0.3659
2026-04-10 13:26:55,687 __init__.py log_once [line:227] INFO max_local_val_accuracy        0.6590
2026-04-10 13:26:55,687 __init__.py log_once [line:227] INFO local_val_loss                1.2065
2026-04-10 13:26:55,687 __init__.py log_once [line:227] INFO mean_local_val_loss           1.2800
2026-04-10 13:26:55,687 __init__.py log_once [line:227] INFO std_local_val_loss            0.2790
2026-04-10 13:26:55,687 __init__.py log_once [line:227] INFO min_local_val_loss            0.9204
2026-04-10 13:26:55,687 __init__.py log_once [line:227] INFO max_local_val_loss            1.6866
2026-04-10 13:26:55,687 __init__.py log_once [line:227] INFO local_test_accuracy           0.5466
2026-04-10 13:26:55,687 __init__.py log_once [line:227] INFO mean_local_test_accuracy      0.5120
2026-04-10 13:26:55,687 __init__.py log_once [line:227] INFO std_local_test_accuracy       0.1252
2026-04-10 13:26:55,687 __init__.py log_once [line:227] INFO min_local_test_accuracy       0.3382
2026-04-10 13:26:55,687 __init__.py log_once [line:227] INFO max_local_test_accuracy       0.6913
2026-04-10 13:26:55,687 __init__.py log_once [line:227] INFO local_test_loss               1.2646
2026-04-10 13:26:55,687 __init__.py log_once [line:227] INFO mean_local_test_loss          1.3677
2026-04-10 13:26:55,687 __init__.py log_once [line:227] INFO std_local_test_loss           0.3716
2026-04-10 13:26:55,687 __init__.py log_once [line:227] INFO min_local_test_loss           0.8300
2026-04-10 13:26:55,687 __init__.py log_once [line:227] INFO max_local_test_loss           1.8791
2026-04-10 13:26:55,688 fedbase.py run [line:316] INFO Eval Time Cost:               6.0612s
2026-04-10 13:29:04,244 fedbase.py run [line:311] INFO --------------Round 4--------------
2026-04-10 13:29:10,568 __init__.py log_once [line:227] INFO local_val_accuracy            0.6377
2026-04-10 13:29:10,568 __init__.py log_once [line:227] INFO mean_local_val_accuracy       0.6113
2026-04-10 13:29:10,568 __init__.py log_once [line:227] INFO std_local_val_accuracy        0.1231
2026-04-10 13:29:10,568 __init__.py log_once [line:227] INFO min_local_val_accuracy        0.4146
2026-04-10 13:29:10,568 __init__.py log_once [line:227] INFO max_local_val_accuracy        0.7379
2026-04-10 13:29:10,568 __init__.py log_once [line:227] INFO local_val_loss                1.0494
2026-04-10 13:29:10,568 __init__.py log_once [line:227] INFO mean_local_val_loss           1.1428
2026-04-10 13:29:10,568 __init__.py log_once [line:227] INFO std_local_val_loss            0.3505
2026-04-10 13:29:10,568 __init__.py log_once [line:227] INFO min_local_val_loss            0.6798
2026-04-10 13:29:10,568 __init__.py log_once [line:227] INFO max_local_val_loss            1.6510
2026-04-10 13:29:10,568 __init__.py log_once [line:227] INFO local_test_accuracy           0.6238
2026-04-10 13:29:10,568 __init__.py log_once [line:227] INFO mean_local_test_accuracy      0.5847
2026-04-10 13:29:10,568 __init__.py log_once [line:227] INFO std_local_test_accuracy       0.1503
2026-04-10 13:29:10,568 __init__.py log_once [line:227] INFO min_local_test_accuracy       0.3627
2026-04-10 13:29:10,568 __init__.py log_once [line:227] INFO max_local_test_accuracy       0.7806
2026-04-10 13:29:10,568 __init__.py log_once [line:227] INFO local_test_loss               1.1050
2026-04-10 13:29:10,569 __init__.py log_once [line:227] INFO mean_local_test_loss          1.2227
2026-04-10 13:29:10,569 __init__.py log_once [line:227] INFO std_local_test_loss           0.4374
2026-04-10 13:29:10,569 __init__.py log_once [line:227] INFO min_local_test_loss           0.6173
2026-04-10 13:29:10,569 __init__.py log_once [line:227] INFO max_local_test_loss           1.8489
2026-04-10 13:29:10,569 fedbase.py run [line:316] INFO Eval Time Cost:               6.3240s
2026-04-10 13:31:20,886 fedbase.py run [line:311] INFO --------------Round 5--------------
2026-04-10 13:31:27,535 __init__.py log_once [line:227] INFO local_val_accuracy            0.6557
2026-04-10 13:31:27,535 __init__.py log_once [line:227] INFO mean_local_val_accuracy       0.6338
2026-04-10 13:31:27,535 __init__.py log_once [line:227] INFO std_local_val_accuracy        0.0999
2026-04-10 13:31:27,535 __init__.py log_once [line:227] INFO min_local_val_accuracy        0.4780
2026-04-10 13:31:27,536 __init__.py log_once [line:227] INFO max_local_val_accuracy        0.7354
2026-04-10 13:31:27,536 __init__.py log_once [line:227] INFO local_val_loss                1.0113
2026-04-10 13:31:27,536 __init__.py log_once [line:227] INFO mean_local_val_loss           1.0941
2026-04-10 13:31:27,536 __init__.py log_once [line:227] INFO std_local_val_loss            0.3393
2026-04-10 13:31:27,536 __init__.py log_once [line:227] INFO min_local_val_loss            0.6888
2026-04-10 13:31:27,536 __init__.py log_once [line:227] INFO max_local_val_loss            1.6127
2026-04-10 13:31:27,536 __init__.py log_once [line:227] INFO local_test_accuracy           0.6559
2026-04-10 13:31:27,536 __init__.py log_once [line:227] INFO mean_local_test_accuracy      0.6197
2026-04-10 13:31:27,536 __init__.py log_once [line:227] INFO std_local_test_accuracy       0.1454
2026-04-10 13:31:27,536 __init__.py log_once [line:227] INFO min_local_test_accuracy       0.4020
2026-04-10 13:31:27,536 __init__.py log_once [line:227] INFO max_local_test_accuracy       0.7934
2026-04-10 13:31:27,536 __init__.py log_once [line:227] INFO local_test_loss               1.0448
2026-04-10 13:31:27,536 __init__.py log_once [line:227] INFO mean_local_test_loss          1.1533
2026-04-10 13:31:27,536 __init__.py log_once [line:227] INFO std_local_test_loss           0.4229
2026-04-10 13:31:27,536 __init__.py log_once [line:227] INFO min_local_test_loss           0.6230
2026-04-10 13:31:27,536 __init__.py log_once [line:227] INFO max_local_test_loss           1.7810
2026-04-10 13:31:27,536 fedbase.py run [line:316] INFO Eval Time Cost:               6.6498s
2026-04-10 13:33:33,561 fedbase.py run [line:311] INFO --------------Round 6--------------
2026-04-10 13:33:39,880 __init__.py log_once [line:227] INFO local_val_accuracy            0.6647
2026-04-10 13:33:39,880 __init__.py log_once [line:227] INFO mean_local_val_accuracy       0.6397
2026-04-10 13:33:39,880 __init__.py log_once [line:227] INFO std_local_val_accuracy        0.1112
2026-04-10 13:33:39,880 __init__.py log_once [line:227] INFO min_local_val_accuracy        0.4683
2026-04-10 13:33:39,880 __init__.py log_once [line:227] INFO max_local_val_accuracy        0.7557
2026-04-10 13:33:39,880 __init__.py log_once [line:227] INFO local_val_loss                1.0085
2026-04-10 13:33:39,880 __init__.py log_once [line:227] INFO mean_local_val_loss           1.0955
2026-04-10 13:33:39,880 __init__.py log_once [line:227] INFO std_local_val_loss            0.3351
2026-04-10 13:33:39,880 __init__.py log_once [line:227] INFO min_local_val_loss            0.6657
2026-04-10 13:33:39,880 __init__.py log_once [line:227] INFO max_local_val_loss            1.5903
2026-04-10 13:33:39,881 __init__.py log_once [line:227] INFO local_test_accuracy           0.6509
2026-04-10 13:33:39,881 __init__.py log_once [line:227] INFO mean_local_test_accuracy      0.6163
2026-04-10 13:33:39,881 __init__.py log_once [line:227] INFO std_local_test_accuracy       0.1324
2026-04-10 13:33:39,881 __init__.py log_once [line:227] INFO min_local_test_accuracy       0.4216
2026-04-10 13:33:39,881 __init__.py log_once [line:227] INFO max_local_test_accuracy       0.7883
2026-04-10 13:33:39,881 __init__.py log_once [line:227] INFO local_test_loss               1.0441
2026-04-10 13:33:39,881 __init__.py log_once [line:227] INFO mean_local_test_loss          1.1531
2026-04-10 13:33:39,881 __init__.py log_once [line:227] INFO std_local_test_loss           0.4186
2026-04-10 13:33:39,881 __init__.py log_once [line:227] INFO min_local_test_loss           0.6110
2026-04-10 13:33:39,881 __init__.py log_once [line:227] INFO max_local_test_loss           1.7705
2026-04-10 13:33:39,881 fedbase.py run [line:316] INFO Eval Time Cost:               6.3197s
2026-04-10 13:35:51,815 fedbase.py run [line:311] INFO --------------Round 7--------------
2026-04-10 13:35:58,192 __init__.py log_once [line:227] INFO local_val_accuracy            0.6607
2026-04-10 13:35:58,193 __init__.py log_once [line:227] INFO mean_local_val_accuracy       0.6395
2026-04-10 13:35:58,193 __init__.py log_once [line:227] INFO std_local_val_accuracy        0.0888
2026-04-10 13:35:58,193 __init__.py log_once [line:227] INFO min_local_val_accuracy        0.5171
2026-04-10 13:35:58,193 __init__.py log_once [line:227] INFO max_local_val_accuracy        0.7303
2026-04-10 13:35:58,193 __init__.py log_once [line:227] INFO local_val_loss                0.9880
2026-04-10 13:35:58,193 __init__.py log_once [line:227] INFO mean_local_val_loss           1.0656
2026-04-10 13:35:58,193 __init__.py log_once [line:227] INFO std_local_val_loss            0.3111
2026-04-10 13:35:58,193 __init__.py log_once [line:227] INFO min_local_val_loss            0.6973
2026-04-10 13:35:58,193 __init__.py log_once [line:227] INFO max_local_val_loss            1.5285
2026-04-10 13:35:58,193 __init__.py log_once [line:227] INFO local_test_accuracy           0.6790
2026-04-10 13:35:58,193 __init__.py log_once [line:227] INFO mean_local_test_accuracy      0.6497
2026-04-10 13:35:58,193 __init__.py log_once [line:227] INFO std_local_test_accuracy       0.1304
2026-04-10 13:35:58,193 __init__.py log_once [line:227] INFO min_local_test_accuracy       0.4510
2026-04-10 13:35:58,193 __init__.py log_once [line:227] INFO max_local_test_accuracy       0.7832
2026-04-10 13:35:58,193 __init__.py log_once [line:227] INFO local_test_loss               0.9899
2026-04-10 13:35:58,193 __init__.py log_once [line:227] INFO mean_local_test_loss          1.0841
2026-04-10 13:35:58,193 __init__.py log_once [line:227] INFO std_local_test_loss           0.3725
2026-04-10 13:35:58,194 __init__.py log_once [line:227] INFO min_local_test_loss           0.6348
2026-04-10 13:35:58,194 __init__.py log_once [line:227] INFO max_local_test_loss           1.6354
2026-04-10 13:35:58,194 fedbase.py run [line:316] INFO Eval Time Cost:               6.3781s
2026-04-10 13:38:04,258 fedbase.py run [line:311] INFO --------------Round 8--------------
2026-04-10 13:38:10,542 __init__.py log_once [line:227] INFO local_val_accuracy            0.6647
2026-04-10 13:38:10,542 __init__.py log_once [line:227] INFO mean_local_val_accuracy       0.6473
2026-04-10 13:38:10,542 __init__.py log_once [line:227] INFO std_local_val_accuracy        0.0790
2026-04-10 13:38:10,542 __init__.py log_once [line:227] INFO min_local_val_accuracy        0.5317
2026-04-10 13:38:10,542 __init__.py log_once [line:227] INFO max_local_val_accuracy        0.7226
2026-04-10 13:38:10,542 __init__.py log_once [line:227] INFO local_val_loss                0.9800
2026-04-10 13:38:10,542 __init__.py log_once [line:227] INFO mean_local_val_loss           1.0454
2026-04-10 13:38:10,542 __init__.py log_once [line:227] INFO std_local_val_loss            0.2726
2026-04-10 13:38:10,542 __init__.py log_once [line:227] INFO min_local_val_loss            0.7331
2026-04-10 13:38:10,542 __init__.py log_once [line:227] INFO max_local_val_loss            1.4613
2026-04-10 13:38:10,543 __init__.py log_once [line:227] INFO local_test_accuracy           0.6820
2026-04-10 13:38:10,543 __init__.py log_once [line:227] INFO mean_local_test_accuracy      0.6541
2026-04-10 13:38:10,543 __init__.py log_once [line:227] INFO std_local_test_accuracy       0.1252
2026-04-10 13:38:10,543 __init__.py log_once [line:227] INFO min_local_test_accuracy       0.4608
2026-04-10 13:38:10,543 __init__.py log_once [line:227] INFO max_local_test_accuracy       0.7832
2026-04-10 13:38:10,543 __init__.py log_once [line:227] INFO local_test_loss               0.9694
2026-04-10 13:38:10,543 __init__.py log_once [line:227] INFO mean_local_test_loss          1.0467
2026-04-10 13:38:10,543 __init__.py log_once [line:227] INFO std_local_test_loss           0.3144
2026-04-10 13:38:10,543 __init__.py log_once [line:227] INFO min_local_test_loss           0.6725
2026-04-10 13:38:10,543 __init__.py log_once [line:227] INFO max_local_test_loss           1.5229
2026-04-10 13:38:10,543 fedbase.py run [line:316] INFO Eval Time Cost:               6.2844s
2026-04-10 13:40:15,092 fedbase.py run [line:311] INFO --------------Round 9--------------
2026-04-10 13:40:21,539 __init__.py log_once [line:227] INFO local_val_accuracy            0.6717
2026-04-10 13:40:21,540 __init__.py log_once [line:227] INFO mean_local_val_accuracy       0.6588
2026-04-10 13:40:21,540 __init__.py log_once [line:227] INFO std_local_val_accuracy        0.0687
2026-04-10 13:40:21,540 __init__.py log_once [line:227] INFO min_local_val_accuracy        0.5512
2026-04-10 13:40:21,540 __init__.py log_once [line:227] INFO max_local_val_accuracy        0.7222
2026-04-10 13:40:21,540 __init__.py log_once [line:227] INFO local_val_loss                1.0221
2026-04-10 13:40:21,540 __init__.py log_once [line:227] INFO mean_local_val_loss           1.0833
2026-04-10 13:40:21,540 __init__.py log_once [line:227] INFO std_local_val_loss            0.2622
2026-04-10 13:40:21,540 __init__.py log_once [line:227] INFO min_local_val_loss            0.7908
2026-04-10 13:40:21,540 __init__.py log_once [line:227] INFO max_local_val_loss            1.4881
2026-04-10 13:40:21,540 __init__.py log_once [line:227] INFO local_test_accuracy           0.6750
2026-04-10 13:40:21,540 __init__.py log_once [line:227] INFO mean_local_test_accuracy      0.6487
2026-04-10 13:40:21,540 __init__.py log_once [line:227] INFO std_local_test_accuracy       0.1216
2026-04-10 13:40:21,540 __init__.py log_once [line:227] INFO min_local_test_accuracy       0.4608
2026-04-10 13:40:21,540 __init__.py log_once [line:227] INFO max_local_test_accuracy       0.7679
2026-04-10 13:40:21,540 __init__.py log_once [line:227] INFO local_test_loss               0.9843
2026-04-10 13:40:21,540 __init__.py log_once [line:227] INFO mean_local_test_loss          1.0594
2026-04-10 13:40:21,540 __init__.py log_once [line:227] INFO std_local_test_loss           0.3041
2026-04-10 13:40:21,540 __init__.py log_once [line:227] INFO min_local_test_loss           0.6936
2026-04-10 13:40:21,540 __init__.py log_once [line:227] INFO max_local_test_loss           1.5203
2026-04-10 13:40:21,540 fedbase.py run [line:316] INFO Eval Time Cost:               6.4485s
2026-04-10 13:42:30,846 fedbase.py run [line:311] INFO --------------Round 10--------------
2026-04-10 13:42:36,992 __init__.py log_once [line:227] INFO local_val_accuracy            0.6667
2026-04-10 13:42:36,992 __init__.py log_once [line:227] INFO mean_local_val_accuracy       0.6511
2026-04-10 13:42:36,992 __init__.py log_once [line:227] INFO std_local_val_accuracy        0.0819
2026-04-10 13:42:36,992 __init__.py log_once [line:227] INFO min_local_val_accuracy        0.5171
2026-04-10 13:42:36,992 __init__.py log_once [line:227] INFO max_local_val_accuracy        0.7252
2026-04-10 13:42:36,992 __init__.py log_once [line:227] INFO local_val_loss                1.0481
2026-04-10 13:42:36,992 __init__.py log_once [line:227] INFO mean_local_val_loss           1.1145
2026-04-10 13:42:36,992 __init__.py log_once [line:227] INFO std_local_val_loss            0.2767
2026-04-10 13:42:36,992 __init__.py log_once [line:227] INFO min_local_val_loss            0.7722
2026-04-10 13:42:36,992 __init__.py log_once [line:227] INFO max_local_val_loss            1.5423
2026-04-10 13:42:36,992 __init__.py log_once [line:227] INFO local_test_accuracy           0.6870
2026-04-10 13:42:36,992 __init__.py log_once [line:227] INFO mean_local_test_accuracy      0.6595
2026-04-10 13:42:36,992 __init__.py log_once [line:227] INFO std_local_test_accuracy       0.1132
2026-04-10 13:42:36,992 __init__.py log_once [line:227] INFO min_local_test_accuracy       0.4902
2026-04-10 13:42:36,992 __init__.py log_once [line:227] INFO max_local_test_accuracy       0.7883
2026-04-10 13:42:36,992 __init__.py log_once [line:227] INFO local_test_loss               1.0062
2026-04-10 13:42:36,992 __init__.py log_once [line:227] INFO mean_local_test_loss          1.0799
2026-04-10 13:42:36,993 __init__.py log_once [line:227] INFO std_local_test_loss           0.2932
2026-04-10 13:42:36,993 __init__.py log_once [line:227] INFO min_local_test_loss           0.7038
2026-04-10 13:42:36,993 __init__.py log_once [line:227] INFO max_local_test_loss           1.5224
2026-04-10 13:42:36,993 fedbase.py run [line:316] INFO Eval Time Cost:               6.1462s
2026-04-10 13:44:46,164 fedbase.py run [line:311] INFO --------------Round 11--------------
2026-04-10 13:44:52,448 __init__.py log_once [line:227] INFO local_val_accuracy            0.6787
2026-04-10 13:44:52,449 __init__.py log_once [line:227] INFO mean_local_val_accuracy       0.6578
2026-04-10 13:44:52,449 __init__.py log_once [line:227] INFO std_local_val_accuracy        0.0964
2026-04-10 13:44:52,449 __init__.py log_once [line:227] INFO min_local_val_accuracy        0.5024
2026-04-10 13:44:52,449 __init__.py log_once [line:227] INFO max_local_val_accuracy        0.7634
2026-04-10 13:44:52,449 __init__.py log_once [line:227] INFO local_val_loss                1.0134
2026-04-10 13:44:52,449 __init__.py log_once [line:227] INFO mean_local_val_loss           1.0925
2026-04-10 13:44:52,449 __init__.py log_once [line:227] INFO std_local_val_loss            0.3140
2026-04-10 13:44:52,449 __init__.py log_once [line:227] INFO min_local_val_loss            0.6842
2026-04-10 13:44:52,449 __init__.py log_once [line:227] INFO max_local_val_loss            1.5647
2026-04-10 13:44:52,449 __init__.py log_once [line:227] INFO local_test_accuracy           0.7031
2026-04-10 13:44:52,449 __init__.py log_once [line:227] INFO mean_local_test_accuracy      0.6717
2026-04-10 13:44:52,449 __init__.py log_once [line:227] INFO std_local_test_accuracy       0.1252
2026-04-10 13:44:52,449 __init__.py log_once [line:227] INFO min_local_test_accuracy       0.4853
2026-04-10 13:44:52,449 __init__.py log_once [line:227] INFO max_local_test_accuracy       0.8214
2026-04-10 13:44:52,449 __init__.py log_once [line:227] INFO local_test_loss               0.9674
2026-04-10 13:44:52,449 __init__.py log_once [line:227] INFO mean_local_test_loss          1.0472
2026-04-10 13:44:52,449 __init__.py log_once [line:227] INFO std_local_test_loss           0.3098
2026-04-10 13:44:52,450 __init__.py log_once [line:227] INFO min_local_test_loss           0.6343
2026-04-10 13:44:52,450 __init__.py log_once [line:227] INFO max_local_test_loss           1.5057
2026-04-10 13:44:52,450 fedbase.py run [line:316] INFO Eval Time Cost:               6.2849s
2026-04-10 13:47:04,769 fedbase.py run [line:311] INFO --------------Round 12--------------
2026-04-10 13:47:10,885 __init__.py log_once [line:227] INFO local_val_accuracy            0.6777
2026-04-10 13:47:10,886 __init__.py log_once [line:227] INFO mean_local_val_accuracy       0.6549
2026-04-10 13:47:10,886 __init__.py log_once [line:227] INFO std_local_val_accuracy        0.1019
2026-04-10 13:47:10,886 __init__.py log_once [line:227] INFO min_local_val_accuracy        0.4976
2026-04-10 13:47:10,886 __init__.py log_once [line:227] INFO max_local_val_accuracy        0.7608
2026-04-10 13:47:10,886 __init__.py log_once [line:227] INFO local_val_loss                1.0351
2026-04-10 13:47:10,886 __init__.py log_once [line:227] INFO mean_local_val_loss           1.1256
2026-04-10 13:47:10,886 __init__.py log_once [line:227] INFO std_local_val_loss            0.3436
2026-04-10 13:47:10,886 __init__.py log_once [line:227] INFO min_local_val_loss            0.6801
2026-04-10 13:47:10,886 __init__.py log_once [line:227] INFO max_local_val_loss            1.6270
2026-04-10 13:47:10,886 __init__.py log_once [line:227] INFO local_test_accuracy           0.6981
2026-04-10 13:47:10,886 __init__.py log_once [line:227] INFO mean_local_test_accuracy      0.6667
2026-04-10 13:47:10,886 __init__.py log_once [line:227] INFO std_local_test_accuracy       0.1144
2026-04-10 13:47:10,886 __init__.py log_once [line:227] INFO min_local_test_accuracy       0.5098
2026-04-10 13:47:10,886 __init__.py log_once [line:227] INFO max_local_test_accuracy       0.8138
2026-04-10 13:47:10,886 __init__.py log_once [line:227] INFO local_test_loss               0.9926
2026-04-10 13:47:10,886 __init__.py log_once [line:227] INFO mean_local_test_loss          1.0828
2026-04-10 13:47:10,886 __init__.py log_once [line:227] INFO std_local_test_loss           0.3367
2026-04-10 13:47:10,886 __init__.py log_once [line:227] INFO min_local_test_loss           0.6373
2026-04-10 13:47:10,886 __init__.py log_once [line:227] INFO max_local_test_loss           1.5683
2026-04-10 13:47:10,887 fedbase.py run [line:316] INFO Eval Time Cost:               6.1172s
2026-04-10 13:49:20,068 fedbase.py run [line:311] INFO --------------Round 13--------------
2026-04-10 13:49:26,411 __init__.py log_once [line:227] INFO local_val_accuracy            0.6877
2026-04-10 13:49:26,412 __init__.py log_once [line:227] INFO mean_local_val_accuracy       0.6642
2026-04-10 13:49:26,412 __init__.py log_once [line:227] INFO std_local_val_accuracy        0.0974
2026-04-10 13:49:26,412 __init__.py log_once [line:227] INFO min_local_val_accuracy        0.5220
2026-04-10 13:49:26,412 __init__.py log_once [line:227] INFO max_local_val_accuracy        0.7710
2026-04-10 13:49:26,412 __init__.py log_once [line:227] INFO local_val_loss                1.0298
2026-04-10 13:49:26,412 __init__.py log_once [line:227] INFO mean_local_val_loss           1.1261
2026-04-10 13:49:26,412 __init__.py log_once [line:227] INFO std_local_val_loss            0.3561
2026-04-10 13:49:26,412 __init__.py log_once [line:227] INFO min_local_val_loss            0.6601
2026-04-10 13:49:26,412 __init__.py log_once [line:227] INFO max_local_val_loss            1.6319
2026-04-10 13:49:26,412 __init__.py log_once [line:227] INFO local_test_accuracy           0.6980
2026-04-10 13:49:26,412 __init__.py log_once [line:227] INFO mean_local_test_accuracy      0.6640
2026-04-10 13:49:26,412 __init__.py log_once [line:227] INFO std_local_test_accuracy       0.1290
2026-04-10 13:49:26,412 __init__.py log_once [line:227] INFO min_local_test_accuracy       0.4804
2026-04-10 13:49:26,412 __init__.py log_once [line:227] INFO max_local_test_accuracy       0.8240
2026-04-10 13:49:26,412 __init__.py log_once [line:227] INFO local_test_loss               0.9844
2026-04-10 13:49:26,412 __init__.py log_once [line:227] INFO mean_local_test_loss          1.0803
2026-04-10 13:49:26,413 __init__.py log_once [line:227] INFO std_local_test_loss           0.3545
2026-04-10 13:49:26,413 __init__.py log_once [line:227] INFO min_local_test_loss           0.6176
2026-04-10 13:49:26,413 __init__.py log_once [line:227] INFO max_local_test_loss           1.5832
2026-04-10 13:49:26,413 fedbase.py run [line:316] INFO Eval Time Cost:               6.3444s
2026-04-10 13:51:33,974 fedbase.py run [line:311] INFO --------------Round 14--------------
2026-04-10 13:51:40,304 __init__.py log_once [line:227] INFO local_val_accuracy            0.6867
2026-04-10 13:51:40,305 __init__.py log_once [line:227] INFO mean_local_val_accuracy       0.6620
2026-04-10 13:51:40,305 __init__.py log_once [line:227] INFO std_local_val_accuracy        0.1030
2026-04-10 13:51:40,305 __init__.py log_once [line:227] INFO min_local_val_accuracy        0.5122
2026-04-10 13:51:40,305 __init__.py log_once [line:227] INFO max_local_val_accuracy        0.7735
2026-04-10 13:51:40,305 __init__.py log_once [line:227] INFO local_val_loss                1.0239
2026-04-10 13:51:40,305 __init__.py log_once [line:227] INFO mean_local_val_loss           1.1227
2026-04-10 13:51:40,305 __init__.py log_once [line:227] INFO std_local_val_loss            0.3614
2026-04-10 13:51:40,305 __init__.py log_once [line:227] INFO min_local_val_loss            0.6473
2026-04-10 13:51:40,305 __init__.py log_once [line:227] INFO max_local_val_loss            1.6296
2026-04-10 13:51:40,305 __init__.py log_once [line:227] INFO local_test_accuracy           0.6960
2026-04-10 13:51:40,305 __init__.py log_once [line:227] INFO mean_local_test_accuracy      0.6626
2026-04-10 13:51:40,305 __init__.py log_once [line:227] INFO std_local_test_accuracy       0.1298
2026-04-10 13:51:40,305 __init__.py log_once [line:227] INFO min_local_test_accuracy       0.4755
2026-04-10 13:51:40,305 __init__.py log_once [line:227] INFO max_local_test_accuracy       0.8189
2026-04-10 13:51:40,305 __init__.py log_once [line:227] INFO local_test_loss               0.9773
2026-04-10 13:51:40,305 __init__.py log_once [line:227] INFO mean_local_test_loss          1.0752
2026-04-10 13:51:40,305 __init__.py log_once [line:227] INFO std_local_test_loss           0.3625
2026-04-10 13:51:40,305 __init__.py log_once [line:227] INFO min_local_test_loss           0.6055
2026-04-10 13:51:40,306 __init__.py log_once [line:227] INFO max_local_test_loss           1.5881
2026-04-10 13:51:40,306 fedbase.py run [line:316] INFO Eval Time Cost:               6.3317s
2026-04-10 13:53:45,534 fedbase.py run [line:311] INFO --------------Round 15--------------
2026-04-10 13:53:51,774 __init__.py log_once [line:227] INFO local_val_accuracy            0.6927
2026-04-10 13:53:51,774 __init__.py log_once [line:227] INFO mean_local_val_accuracy       0.6685
2026-04-10 13:53:51,774 __init__.py log_once [line:227] INFO std_local_val_accuracy        0.0960
2026-04-10 13:53:51,774 __init__.py log_once [line:227] INFO min_local_val_accuracy        0.5317
2026-04-10 13:53:51,774 __init__.py log_once [line:227] INFO max_local_val_accuracy        0.7786
2026-04-10 13:53:51,774 __init__.py log_once [line:227] INFO local_val_loss                1.0167
2026-04-10 13:53:51,774 __init__.py log_once [line:227] INFO mean_local_val_loss           1.1165
2026-04-10 13:53:51,774 __init__.py log_once [line:227] INFO std_local_val_loss            0.3633
2026-04-10 13:53:51,774 __init__.py log_once [line:227] INFO min_local_val_loss            0.6379
2026-04-10 13:53:51,774 __init__.py log_once [line:227] INFO max_local_val_loss            1.6231
2026-04-10 13:53:51,774 __init__.py log_once [line:227] INFO local_test_accuracy           0.6991
2026-04-10 13:53:51,774 __init__.py log_once [line:227] INFO mean_local_test_accuracy      0.6666
2026-04-10 13:53:51,775 __init__.py log_once [line:227] INFO std_local_test_accuracy       0.1269
2026-04-10 13:53:51,775 __init__.py log_once [line:227] INFO min_local_test_accuracy       0.4853
2026-04-10 13:53:51,775 __init__.py log_once [line:227] INFO max_local_test_accuracy       0.8163
2026-04-10 13:53:51,775 __init__.py log_once [line:227] INFO local_test_loss               0.9691
2026-04-10 13:53:51,775 __init__.py log_once [line:227] INFO mean_local_test_loss          1.0675
2026-04-10 13:53:51,775 __init__.py log_once [line:227] INFO std_local_test_loss           0.3653
2026-04-10 13:53:51,775 __init__.py log_once [line:227] INFO min_local_test_loss           0.5965
2026-04-10 13:53:51,775 __init__.py log_once [line:227] INFO max_local_test_loss           1.5850
2026-04-10 13:53:51,775 fedbase.py run [line:316] INFO Eval Time Cost:               6.2404s
2026-04-10 13:55:57,775 fedbase.py run [line:311] INFO --------------Round 16--------------
2026-04-10 13:56:03,858 __init__.py log_once [line:227] INFO local_val_accuracy            0.6957
2026-04-10 13:56:03,858 __init__.py log_once [line:227] INFO mean_local_val_accuracy       0.6687
2026-04-10 13:56:03,858 __init__.py log_once [line:227] INFO std_local_val_accuracy        0.1057
2026-04-10 13:56:03,858 __init__.py log_once [line:227] INFO min_local_val_accuracy        0.5171
2026-04-10 13:56:03,858 __init__.py log_once [line:227] INFO max_local_val_accuracy        0.7939
2026-04-10 13:56:03,858 __init__.py log_once [line:227] INFO local_val_loss                1.0091
2026-04-10 13:56:03,858 __init__.py log_once [line:227] INFO mean_local_val_loss           1.1093
2026-04-10 13:56:03,858 __init__.py log_once [line:227] INFO std_local_val_loss            0.3642
2026-04-10 13:56:03,858 __init__.py log_once [line:227] INFO min_local_val_loss            0.6297
2026-04-10 13:56:03,858 __init__.py log_once [line:227] INFO max_local_val_loss            1.6157
2026-04-10 13:56:03,858 __init__.py log_once [line:227] INFO local_test_accuracy           0.7021
2026-04-10 13:56:03,858 __init__.py log_once [line:227] INFO mean_local_test_accuracy      0.6688
2026-04-10 13:56:03,858 __init__.py log_once [line:227] INFO std_local_test_accuracy       0.1256
2026-04-10 13:56:03,859 __init__.py log_once [line:227] INFO min_local_test_accuracy       0.4951
2026-04-10 13:56:03,859 __init__.py log_once [line:227] INFO max_local_test_accuracy       0.8214
2026-04-10 13:56:03,859 __init__.py log_once [line:227] INFO local_test_loss               0.9609
2026-04-10 13:56:03,859 __init__.py log_once [line:227] INFO mean_local_test_loss          1.0594
2026-04-10 13:56:03,859 __init__.py log_once [line:227] INFO std_local_test_loss           0.3670
2026-04-10 13:56:03,859 __init__.py log_once [line:227] INFO min_local_test_loss           0.5883
2026-04-10 13:56:03,859 __init__.py log_once [line:227] INFO max_local_test_loss           1.5805
2026-04-10 13:56:03,859 fedbase.py run [line:316] INFO Eval Time Cost:               6.0837s
2026-04-10 13:58:11,680 fedbase.py run [line:311] INFO --------------Round 17--------------
2026-04-10 13:58:17,905 __init__.py log_once [line:227] INFO local_val_accuracy            0.6967
2026-04-10 13:58:17,905 __init__.py log_once [line:227] INFO mean_local_val_accuracy       0.6695
2026-04-10 13:58:17,905 __init__.py log_once [line:227] INFO std_local_val_accuracy        0.1040
2026-04-10 13:58:17,905 __init__.py log_once [line:227] INFO min_local_val_accuracy        0.5220
2026-04-10 13:58:17,905 __init__.py log_once [line:227] INFO max_local_val_accuracy        0.7964
2026-04-10 13:58:17,905 __init__.py log_once [line:227] INFO local_val_loss                1.0013
2026-04-10 13:58:17,905 __init__.py log_once [line:227] INFO mean_local_val_loss           1.1013
2026-04-10 13:58:17,906 __init__.py log_once [line:227] INFO std_local_val_loss            0.3637
2026-04-10 13:58:17,906 __init__.py log_once [line:227] INFO min_local_val_loss            0.6229
2026-04-10 13:58:17,906 __init__.py log_once [line:227] INFO max_local_val_loss            1.6065
2026-04-10 13:58:17,906 __init__.py log_once [line:227] INFO local_test_accuracy           0.7011
2026-04-10 13:58:17,906 __init__.py log_once [line:227] INFO mean_local_test_accuracy      0.6677
2026-04-10 13:58:17,906 __init__.py log_once [line:227] INFO std_local_test_accuracy       0.1262
2026-04-10 13:58:17,906 __init__.py log_once [line:227] INFO min_local_test_accuracy       0.4951
2026-04-10 13:58:17,906 __init__.py log_once [line:227] INFO max_local_test_accuracy       0.8189
2026-04-10 13:58:17,906 __init__.py log_once [line:227] INFO local_test_loss               0.9529
2026-04-10 13:58:17,906 __init__.py log_once [line:227] INFO mean_local_test_loss          1.0511
2026-04-10 13:58:17,906 __init__.py log_once [line:227] INFO std_local_test_loss           0.3672
2026-04-10 13:58:17,906 __init__.py log_once [line:227] INFO min_local_test_loss           0.5815
2026-04-10 13:58:17,906 __init__.py log_once [line:227] INFO max_local_test_loss           1.5737
2026-04-10 13:58:17,906 fedbase.py run [line:316] INFO Eval Time Cost:               6.2256s
2026-04-10 14:00:23,486 fedbase.py run [line:311] INFO --------------Round 18--------------
2026-04-10 14:00:29,215 __init__.py log_once [line:227] INFO local_val_accuracy            0.6987
2026-04-10 14:00:29,215 __init__.py log_once [line:227] INFO mean_local_val_accuracy       0.6703
2026-04-10 14:00:29,215 __init__.py log_once [line:227] INFO std_local_val_accuracy        0.1069
2026-04-10 14:00:29,215 __init__.py log_once [line:227] INFO min_local_val_accuracy        0.5220
2026-04-10 14:00:29,215 __init__.py log_once [line:227] INFO max_local_val_accuracy        0.8015
2026-04-10 14:00:29,215 __init__.py log_once [line:227] INFO local_val_loss                0.9934
2026-04-10 14:00:29,215 __init__.py log_once [line:227] INFO mean_local_val_loss           1.0931
2026-04-10 14:00:29,216 __init__.py log_once [line:227] INFO std_local_val_loss            0.3629
2026-04-10 14:00:29,216 __init__.py log_once [line:227] INFO min_local_val_loss            0.6167
2026-04-10 14:00:29,216 __init__.py log_once [line:227] INFO max_local_val_loss            1.5980
2026-04-10 14:00:29,216 __init__.py log_once [line:227] INFO local_test_accuracy           0.7071
2026-04-10 14:00:29,216 __init__.py log_once [line:227] INFO mean_local_test_accuracy      0.6742
2026-04-10 14:00:29,216 __init__.py log_once [line:227] INFO std_local_test_accuracy       0.1235
2026-04-10 14:00:29,216 __init__.py log_once [line:227] INFO min_local_test_accuracy       0.5098
2026-04-10 14:00:29,216 __init__.py log_once [line:227] INFO max_local_test_accuracy       0.8214
2026-04-10 14:00:29,216 __init__.py log_once [line:227] INFO local_test_loss               0.9450
2026-04-10 14:00:29,216 __init__.py log_once [line:227] INFO mean_local_test_loss          1.0428
2026-04-10 14:00:29,216 __init__.py log_once [line:227] INFO std_local_test_loss           0.3669
2026-04-10 14:00:29,216 __init__.py log_once [line:227] INFO min_local_test_loss           0.5751
2026-04-10 14:00:29,216 __init__.py log_once [line:227] INFO max_local_test_loss           1.5665
2026-04-10 14:00:29,216 fedbase.py run [line:316] INFO Eval Time Cost:               5.7296s
2026-04-10 14:02:34,835 fedbase.py run [line:311] INFO --------------Round 19--------------
2026-04-10 14:02:40,963 __init__.py log_once [line:227] INFO local_val_accuracy            0.7057
2026-04-10 14:02:40,963 __init__.py log_once [line:227] INFO mean_local_val_accuracy       0.6795
2026-04-10 14:02:40,963 __init__.py log_once [line:227] INFO std_local_val_accuracy        0.1056
2026-04-10 14:02:40,964 __init__.py log_once [line:227] INFO min_local_val_accuracy        0.5220
2026-04-10 14:02:40,964 __init__.py log_once [line:227] INFO max_local_val_accuracy        0.8041
2026-04-10 14:02:40,964 __init__.py log_once [line:227] INFO local_val_loss                0.9849
2026-04-10 14:02:40,964 __init__.py log_once [line:227] INFO mean_local_val_loss           1.0841
2026-04-10 14:02:40,964 __init__.py log_once [line:227] INFO std_local_val_loss            0.3619
2026-04-10 14:02:40,964 __init__.py log_once [line:227] INFO min_local_val_loss            0.6103
2026-04-10 14:02:40,964 __init__.py log_once [line:227] INFO max_local_val_loss            1.5881
2026-04-10 14:02:40,964 __init__.py log_once [line:227] INFO local_test_accuracy           0.7121
2026-04-10 14:02:40,964 __init__.py log_once [line:227] INFO mean_local_test_accuracy      0.6794
2026-04-10 14:02:40,964 __init__.py log_once [line:227] INFO std_local_test_accuracy       0.1209
2026-04-10 14:02:40,964 __init__.py log_once [line:227] INFO min_local_test_accuracy       0.5196
2026-04-10 14:02:40,964 __init__.py log_once [line:227] INFO max_local_test_accuracy       0.8265
2026-04-10 14:02:40,964 __init__.py log_once [line:227] INFO local_test_loss               0.9363
2026-04-10 14:02:40,964 __init__.py log_once [line:227] INFO mean_local_test_loss          1.0337
2026-04-10 14:02:40,965 __init__.py log_once [line:227] INFO std_local_test_loss           0.3665
2026-04-10 14:02:40,965 __init__.py log_once [line:227] INFO min_local_test_loss           0.5681
2026-04-10 14:02:40,965 __init__.py log_once [line:227] INFO max_local_test_loss           1.5583
2026-04-10 14:02:40,965 fedbase.py run [line:316] INFO Eval Time Cost:               6.1294s
2026-04-10 14:04:46,075 fedbase.py run [line:311] INFO --------------Round 20--------------
2026-04-10 14:04:51,832 __init__.py log_once [line:227] INFO local_val_accuracy            0.7067
2026-04-10 14:04:51,832 __init__.py log_once [line:227] INFO mean_local_val_accuracy       0.6805
2026-04-10 14:04:51,832 __init__.py log_once [line:227] INFO std_local_val_accuracy        0.1025
2026-04-10 14:04:51,832 __init__.py log_once [line:227] INFO min_local_val_accuracy        0.5317
2026-04-10 14:04:51,832 __init__.py log_once [line:227] INFO max_local_val_accuracy        0.8041
2026-04-10 14:04:51,832 __init__.py log_once [line:227] INFO local_val_loss                0.9764
2026-04-10 14:04:51,832 __init__.py log_once [line:227] INFO mean_local_val_loss           1.0750
2026-04-10 14:04:51,832 __init__.py log_once [line:227] INFO std_local_val_loss            0.3604
2026-04-10 14:04:51,832 __init__.py log_once [line:227] INFO min_local_val_loss            0.6041
2026-04-10 14:04:51,832 __init__.py log_once [line:227] INFO max_local_val_loss            1.5781
2026-04-10 14:04:51,832 __init__.py log_once [line:227] INFO local_test_accuracy           0.7171
2026-04-10 14:04:51,832 __init__.py log_once [line:227] INFO mean_local_test_accuracy      0.6854
2026-04-10 14:04:51,832 __init__.py log_once [line:227] INFO std_local_test_accuracy       0.1138
2026-04-10 14:04:51,832 __init__.py log_once [line:227] INFO min_local_test_accuracy       0.5392
2026-04-10 14:04:51,832 __init__.py log_once [line:227] INFO max_local_test_accuracy       0.8291
2026-04-10 14:04:51,832 __init__.py log_once [line:227] INFO local_test_loss               0.9280
2026-04-10 14:04:51,833 __init__.py log_once [line:227] INFO mean_local_test_loss          1.0249
2026-04-10 14:04:51,833 __init__.py log_once [line:227] INFO std_local_test_loss           0.3657
2026-04-10 14:04:51,833 __init__.py log_once [line:227] INFO min_local_test_loss           0.5616
2026-04-10 14:04:51,833 __init__.py log_once [line:227] INFO max_local_test_loss           1.5499
2026-04-10 14:04:51,833 fedbase.py run [line:316] INFO Eval Time Cost:               5.7575s
2026-04-10 14:06:48,803 fedbase.py run [line:311] INFO --------------Round 21--------------
2026-04-10 14:06:54,591 __init__.py log_once [line:227] INFO local_val_accuracy            0.7027
2026-04-10 14:06:54,592 __init__.py log_once [line:227] INFO mean_local_val_accuracy       0.6765
2026-04-10 14:06:54,592 __init__.py log_once [line:227] INFO std_local_val_accuracy        0.1032
2026-04-10 14:06:54,592 __init__.py log_once [line:227] INFO min_local_val_accuracy        0.5268
2026-04-10 14:06:54,592 __init__.py log_once [line:227] INFO max_local_val_accuracy        0.7990
2026-04-10 14:06:54,592 __init__.py log_once [line:227] INFO local_val_loss                0.9686
2026-04-10 14:06:54,592 __init__.py log_once [line:227] INFO mean_local_val_loss           1.0665
2026-04-10 14:06:54,592 __init__.py log_once [line:227] INFO std_local_val_loss            0.3588
2026-04-10 14:06:54,592 __init__.py log_once [line:227] INFO min_local_val_loss            0.5990
2026-04-10 14:06:54,592 __init__.py log_once [line:227] INFO max_local_val_loss            1.5688
2026-04-10 14:06:54,592 __init__.py log_once [line:227] INFO local_test_accuracy           0.7161
2026-04-10 14:06:54,592 __init__.py log_once [line:227] INFO mean_local_test_accuracy      0.6838
2026-04-10 14:06:54,592 __init__.py log_once [line:227] INFO std_local_test_accuracy       0.1186
2026-04-10 14:06:54,592 __init__.py log_once [line:227] INFO min_local_test_accuracy       0.5245
2026-04-10 14:06:54,592 __init__.py log_once [line:227] INFO max_local_test_accuracy       0.8316
2026-04-10 14:06:54,592 __init__.py log_once [line:227] INFO local_test_loss               0.9206
2026-04-10 14:06:54,592 __init__.py log_once [line:227] INFO mean_local_test_loss          1.0169
2026-04-10 14:06:54,592 __init__.py log_once [line:227] INFO std_local_test_loss           0.3652
2026-04-10 14:06:54,592 __init__.py log_once [line:227] INFO min_local_test_loss           0.5558
2026-04-10 14:06:54,593 __init__.py log_once [line:227] INFO max_local_test_loss           1.5430
2026-04-10 14:06:54,593 fedbase.py run [line:316] INFO Eval Time Cost:               5.7889s
2026-04-10 14:08:52,342 fedbase.py run [line:311] INFO --------------Round 22--------------
2026-04-10 14:08:58,236 __init__.py log_once [line:227] INFO local_val_accuracy            0.7027
2026-04-10 14:08:58,237 __init__.py log_once [line:227] INFO mean_local_val_accuracy       0.6759
2026-04-10 14:08:58,237 __init__.py log_once [line:227] INFO std_local_val_accuracy        0.1058
2026-04-10 14:08:58,237 __init__.py log_once [line:227] INFO min_local_val_accuracy        0.5220
2026-04-10 14:08:58,237 __init__.py log_once [line:227] INFO max_local_val_accuracy        0.8015
2026-04-10 14:08:58,237 __init__.py log_once [line:227] INFO local_val_loss                0.9610
2026-04-10 14:08:58,237 __init__.py log_once [line:227] INFO mean_local_val_loss           1.0581
2026-04-10 14:08:58,237 __init__.py log_once [line:227] INFO std_local_val_loss            0.3574
2026-04-10 14:08:58,237 __init__.py log_once [line:227] INFO min_local_val_loss            0.5941
2026-04-10 14:08:58,237 __init__.py log_once [line:227] INFO max_local_val_loss            1.5597
2026-04-10 14:08:58,237 __init__.py log_once [line:227] INFO local_test_accuracy           0.7171
2026-04-10 14:08:58,237 __init__.py log_once [line:227] INFO mean_local_test_accuracy      0.6853
2026-04-10 14:08:58,237 __init__.py log_once [line:227] INFO std_local_test_accuracy       0.1178
2026-04-10 14:08:58,237 __init__.py log_once [line:227] INFO min_local_test_accuracy       0.5245
2026-04-10 14:08:58,237 __init__.py log_once [line:227] INFO max_local_test_accuracy       0.8316
2026-04-10 14:08:58,237 __init__.py log_once [line:227] INFO local_test_loss               0.9134
2026-04-10 14:08:58,237 __init__.py log_once [line:227] INFO mean_local_test_loss          1.0092
2026-04-10 14:08:58,237 __init__.py log_once [line:227] INFO std_local_test_loss           0.3647
2026-04-10 14:08:58,237 __init__.py log_once [line:227] INFO min_local_test_loss           0.5503
2026-04-10 14:08:58,237 __init__.py log_once [line:227] INFO max_local_test_loss           1.5361
2026-04-10 14:08:58,237 fedbase.py run [line:316] INFO Eval Time Cost:               5.8949s
2026-04-10 14:10:55,052 fedbase.py run [line:311] INFO --------------Round 23--------------
2026-04-10 14:11:00,819 __init__.py log_once [line:227] INFO local_val_accuracy            0.7068
2026-04-10 14:11:00,819 __init__.py log_once [line:227] INFO mean_local_val_accuracy       0.6806
2026-04-10 14:11:00,819 __init__.py log_once [line:227] INFO std_local_val_accuracy        0.1073
2026-04-10 14:11:00,819 __init__.py log_once [line:227] INFO min_local_val_accuracy        0.5220
2026-04-10 14:11:00,819 __init__.py log_once [line:227] INFO max_local_val_accuracy        0.8015
2026-04-10 14:11:00,819 __init__.py log_once [line:227] INFO local_val_loss                0.9532
2026-04-10 14:11:00,819 __init__.py log_once [line:227] INFO mean_local_val_loss           1.0497
2026-04-10 14:11:00,819 __init__.py log_once [line:227] INFO std_local_val_loss            0.3562
2026-04-10 14:11:00,819 __init__.py log_once [line:227] INFO min_local_val_loss            0.5885
2026-04-10 14:11:00,819 __init__.py log_once [line:227] INFO max_local_val_loss            1.5509
2026-04-10 14:11:00,820 __init__.py log_once [line:227] INFO local_test_accuracy           0.7191
2026-04-10 14:11:00,820 __init__.py log_once [line:227] INFO mean_local_test_accuracy      0.6872
2026-04-10 14:11:00,820 __init__.py log_once [line:227] INFO std_local_test_accuracy       0.1169
2026-04-10 14:11:00,820 __init__.py log_once [line:227] INFO min_local_test_accuracy       0.5294
2026-04-10 14:11:00,820 __init__.py log_once [line:227] INFO max_local_test_accuracy       0.8342
2026-04-10 14:11:00,820 __init__.py log_once [line:227] INFO local_test_loss               0.9063
2026-04-10 14:11:00,820 __init__.py log_once [line:227] INFO mean_local_test_loss          1.0018
2026-04-10 14:11:00,820 __init__.py log_once [line:227] INFO std_local_test_loss           0.3643
2026-04-10 14:11:00,820 __init__.py log_once [line:227] INFO min_local_test_loss           0.5443
2026-04-10 14:11:00,820 __init__.py log_once [line:227] INFO max_local_test_loss           1.5293
2026-04-10 14:11:00,820 fedbase.py run [line:316] INFO Eval Time Cost:               5.7673s
2026-04-10 14:12:57,270 fedbase.py run [line:311] INFO --------------Round 24--------------
2026-04-10 14:13:03,332 __init__.py log_once [line:227] INFO local_val_accuracy            0.7058
2026-04-10 14:13:03,333 __init__.py log_once [line:227] INFO mean_local_val_accuracy       0.6785
2026-04-10 14:13:03,333 __init__.py log_once [line:227] INFO std_local_val_accuracy        0.1103
2026-04-10 14:13:03,333 __init__.py log_once [line:227] INFO min_local_val_accuracy        0.5171
2026-04-10 14:13:03,333 __init__.py log_once [line:227] INFO max_local_val_accuracy        0.8041
2026-04-10 14:13:03,333 __init__.py log_once [line:227] INFO local_val_loss                0.9457
2026-04-10 14:13:03,333 __init__.py log_once [line:227] INFO mean_local_val_loss           1.0416
2026-04-10 14:13:03,333 __init__.py log_once [line:227] INFO std_local_val_loss            0.3551
2026-04-10 14:13:03,333 __init__.py log_once [line:227] INFO min_local_val_loss            0.5830
2026-04-10 14:13:03,333 __init__.py log_once [line:227] INFO max_local_val_loss            1.5428
2026-04-10 14:13:03,333 __init__.py log_once [line:227] INFO local_test_accuracy           0.7211
2026-04-10 14:13:03,333 __init__.py log_once [line:227] INFO mean_local_test_accuracy      0.6902
2026-04-10 14:13:03,333 __init__.py log_once [line:227] INFO std_local_test_accuracy       0.1156
2026-04-10 14:13:03,333 __init__.py log_once [line:227] INFO min_local_test_accuracy       0.5294
2026-04-10 14:13:03,333 __init__.py log_once [line:227] INFO max_local_test_accuracy       0.8342
2026-04-10 14:13:03,333 __init__.py log_once [line:227] INFO local_test_loss               0.8996
2026-04-10 14:13:03,333 __init__.py log_once [line:227] INFO mean_local_test_loss          0.9948
2026-04-10 14:13:03,333 __init__.py log_once [line:227] INFO std_local_test_loss           0.3639
2026-04-10 14:13:03,334 __init__.py log_once [line:227] INFO min_local_test_loss           0.5386
2026-04-10 14:13:03,334 __init__.py log_once [line:227] INFO max_local_test_loss           1.5231
2026-04-10 14:13:03,334 fedbase.py run [line:316] INFO Eval Time Cost:               6.0631s
