2026-04-10 13:19:43,991 fflow.py init [line:848] INFO PROCESS ID:	38683
2026-04-10 13:19:43,991 fflow.py init [line:849] INFO Initializing devices: cuda:0 will be used for this running.
2026-04-10 13:19:43,991 fflow.py init [line:852] INFO BENCHMARK:	task.PACS_c4
2026-04-10 13:19:43,991 fflow.py init [line:853] INFO TASK:			task/PACS_c4
2026-04-10 13:19:43,991 fflow.py init [line:854] INFO MODEL:		task.PACS_c4.model.default_model
2026-04-10 13:19:43,991 fflow.py init [line:855] INFO ALGORITHM:	fedavg
2026-04-10 13:19:43,994 fflow.py init [line:901] INFO SCENE:		horizontal FL with 1 <class 'flgo.algorithm.fedbase.BasicServer'>, 4 <class 'flgo.algorithm.fedbase.BasicClient'>
2026-04-10 13:19:44,382 fflow.py init [line:918] INFO SIMULATOR:	<class 'flgo.simulator.default_simulator.Simulator'>
2026-04-10 13:19:44,383 fflow.py init [line:931] INFO Ready to start.
2026-04-10 13:19:44,383 fedbase.py run [line:300] INFO --------------Initial Evaluation--------------
2026-04-10 13:19:52,112 __init__.py log_once [line:227] INFO local_val_accuracy            0.1652
2026-04-10 13:19:52,112 __init__.py log_once [line:227] INFO mean_local_val_accuracy       0.1538
2026-04-10 13:19:52,112 __init__.py log_once [line:227] INFO std_local_val_accuracy        0.0360
2026-04-10 13:19:52,112 __init__.py log_once [line:227] INFO min_local_val_accuracy        0.1018
2026-04-10 13:19:52,112 __init__.py log_once [line:227] INFO max_local_val_accuracy        0.2036
2026-04-10 13:19:52,112 __init__.py log_once [line:227] INFO local_val_loss                1.9440
2026-04-10 13:19:52,113 __init__.py log_once [line:227] INFO mean_local_val_loss           1.9442
2026-04-10 13:19:52,113 __init__.py log_once [line:227] INFO std_local_val_loss            0.0011
2026-04-10 13:19:52,113 __init__.py log_once [line:227] INFO min_local_val_loss            1.9426
2026-04-10 13:19:52,113 __init__.py log_once [line:227] INFO max_local_val_loss            1.9457
2026-04-10 13:19:52,113 __init__.py log_once [line:227] INFO local_test_accuracy           0.1445
2026-04-10 13:19:52,113 __init__.py log_once [line:227] INFO mean_local_test_accuracy      0.1353
2026-04-10 13:19:52,113 __init__.py log_once [line:227] INFO std_local_test_accuracy       0.0350
2026-04-10 13:19:52,113 __init__.py log_once [line:227] INFO min_local_test_accuracy       0.0940
2026-04-10 13:19:52,113 __init__.py log_once [line:227] INFO max_local_test_accuracy       0.1862
2026-04-10 13:19:52,113 __init__.py log_once [line:227] INFO local_test_loss               1.9450
2026-04-10 13:19:52,113 __init__.py log_once [line:227] INFO mean_local_test_loss          1.9455
2026-04-10 13:19:52,113 __init__.py log_once [line:227] INFO std_local_test_loss           0.0023
2026-04-10 13:19:52,113 __init__.py log_once [line:227] INFO min_local_test_loss           1.9429
2026-04-10 13:19:52,113 __init__.py log_once [line:227] INFO max_local_test_loss           1.9479
2026-04-10 13:19:52,113 fedbase.py run [line:303] INFO Eval Time Cost:               7.7300s
2026-04-10 13:22:15,002 fedbase.py run [line:311] INFO --------------Round 1--------------
2026-04-10 13:22:22,015 __init__.py log_once [line:227] INFO local_val_accuracy            0.1872
2026-04-10 13:22:22,016 __init__.py log_once [line:227] INFO mean_local_val_accuracy       0.1826
2026-04-10 13:22:22,016 __init__.py log_once [line:227] INFO std_local_val_accuracy        0.0411
2026-04-10 13:22:22,016 __init__.py log_once [line:227] INFO min_local_val_accuracy        0.1138
2026-04-10 13:22:22,016 __init__.py log_once [line:227] INFO max_local_val_accuracy        0.2146
2026-04-10 13:22:22,016 __init__.py log_once [line:227] INFO local_val_loss                1.9852
2026-04-10 13:22:22,016 __init__.py log_once [line:227] INFO mean_local_val_loss           1.9744
2026-04-10 13:22:22,016 __init__.py log_once [line:227] INFO std_local_val_loss            0.0547
2026-04-10 13:22:22,016 __init__.py log_once [line:227] INFO min_local_val_loss            1.9135
2026-04-10 13:22:22,016 __init__.py log_once [line:227] INFO max_local_val_loss            2.0475
2026-04-10 13:22:22,016 __init__.py log_once [line:227] INFO local_test_accuracy           0.1886
2026-04-10 13:22:22,016 __init__.py log_once [line:227] INFO mean_local_test_accuracy      0.1756
2026-04-10 13:22:22,016 __init__.py log_once [line:227] INFO std_local_test_accuracy       0.0476
2026-04-10 13:22:22,016 __init__.py log_once [line:227] INFO min_local_test_accuracy       0.1018
2026-04-10 13:22:22,016 __init__.py log_once [line:227] INFO max_local_test_accuracy       0.2245
2026-04-10 13:22:22,016 __init__.py log_once [line:227] INFO local_test_loss               1.9836
2026-04-10 13:22:22,016 __init__.py log_once [line:227] INFO mean_local_test_loss          1.9866
2026-04-10 13:22:22,016 __init__.py log_once [line:227] INFO std_local_test_loss           0.0344
2026-04-10 13:22:22,016 __init__.py log_once [line:227] INFO min_local_test_loss           1.9573
2026-04-10 13:22:22,016 __init__.py log_once [line:227] INFO max_local_test_loss           2.0427
2026-04-10 13:22:22,016 fedbase.py run [line:316] INFO Eval Time Cost:               7.0143s
2026-04-10 13:24:43,842 fedbase.py run [line:311] INFO --------------Round 2--------------
2026-04-10 13:24:50,717 __init__.py log_once [line:227] INFO local_val_accuracy            0.4194
2026-04-10 13:24:50,718 __init__.py log_once [line:227] INFO mean_local_val_accuracy       0.4102
2026-04-10 13:24:50,718 __init__.py log_once [line:227] INFO std_local_val_accuracy        0.0299
2026-04-10 13:24:50,718 __init__.py log_once [line:227] INFO min_local_val_accuracy        0.3756
2026-04-10 13:24:50,718 __init__.py log_once [line:227] INFO max_local_val_accuracy        0.4580
2026-04-10 13:24:50,718 __init__.py log_once [line:227] INFO local_val_loss                1.5824
2026-04-10 13:24:50,718 __init__.py log_once [line:227] INFO mean_local_val_loss           1.6144
2026-04-10 13:24:50,718 __init__.py log_once [line:227] INFO std_local_val_loss            0.1109
2026-04-10 13:24:50,718 __init__.py log_once [line:227] INFO min_local_val_loss            1.4594
2026-04-10 13:24:50,718 __init__.py log_once [line:227] INFO max_local_val_loss            1.7613
2026-04-10 13:24:50,718 __init__.py log_once [line:227] INFO local_test_accuracy           0.4253
2026-04-10 13:24:50,718 __init__.py log_once [line:227] INFO mean_local_test_accuracy      0.4103
2026-04-10 13:24:50,718 __init__.py log_once [line:227] INFO std_local_test_accuracy       0.0594
2026-04-10 13:24:50,718 __init__.py log_once [line:227] INFO min_local_test_accuracy       0.3382
2026-04-10 13:24:50,718 __init__.py log_once [line:227] INFO max_local_test_accuracy       0.4719
2026-04-10 13:24:50,718 __init__.py log_once [line:227] INFO local_test_loss               1.5774
2026-04-10 13:24:50,718 __init__.py log_once [line:227] INFO mean_local_test_loss          1.6145
2026-04-10 13:24:50,718 __init__.py log_once [line:227] INFO std_local_test_loss           0.1445
2026-04-10 13:24:50,718 __init__.py log_once [line:227] INFO min_local_test_loss           1.4471
2026-04-10 13:24:50,718 __init__.py log_once [line:227] INFO max_local_test_loss           1.8149
2026-04-10 13:24:50,718 fedbase.py run [line:316] INFO Eval Time Cost:               6.8757s
2026-04-10 13:27:12,848 fedbase.py run [line:311] INFO --------------Round 3--------------
2026-04-10 13:27:19,642 __init__.py log_once [line:227] INFO local_val_accuracy            0.6066
2026-04-10 13:27:19,642 __init__.py log_once [line:227] INFO mean_local_val_accuracy       0.5751
2026-04-10 13:27:19,642 __init__.py log_once [line:227] INFO std_local_val_accuracy        0.1081
2026-04-10 13:27:19,642 __init__.py log_once [line:227] INFO min_local_val_accuracy        0.4537
2026-04-10 13:27:19,642 __init__.py log_once [line:227] INFO max_local_val_accuracy        0.7481
2026-04-10 13:27:19,642 __init__.py log_once [line:227] INFO local_val_loss                1.1579
2026-04-10 13:27:19,642 __init__.py log_once [line:227] INFO mean_local_val_loss           1.2581
2026-04-10 13:27:19,642 __init__.py log_once [line:227] INFO std_local_val_loss            0.3497
2026-04-10 13:27:19,642 __init__.py log_once [line:227] INFO min_local_val_loss            0.7191
2026-04-10 13:27:19,642 __init__.py log_once [line:227] INFO max_local_val_loss            1.6967
2026-04-10 13:27:19,642 __init__.py log_once [line:227] INFO local_test_accuracy           0.5797
2026-04-10 13:27:19,643 __init__.py log_once [line:227] INFO mean_local_test_accuracy      0.5471
2026-04-10 13:27:19,643 __init__.py log_once [line:227] INFO std_local_test_accuracy       0.1375
2026-04-10 13:27:19,643 __init__.py log_once [line:227] INFO min_local_test_accuracy       0.3333
2026-04-10 13:27:19,643 __init__.py log_once [line:227] INFO max_local_test_accuracy       0.7092
2026-04-10 13:27:19,643 __init__.py log_once [line:227] INFO local_test_loss               1.1698
2026-04-10 13:27:19,643 __init__.py log_once [line:227] INFO mean_local_test_loss          1.2581
2026-04-10 13:27:19,643 __init__.py log_once [line:227] INFO std_local_test_loss           0.3202
2026-04-10 13:27:19,643 __init__.py log_once [line:227] INFO min_local_test_loss           0.8298
2026-04-10 13:27:19,643 __init__.py log_once [line:227] INFO max_local_test_loss           1.7056
2026-04-10 13:27:19,643 fedbase.py run [line:316] INFO Eval Time Cost:               6.7942s
2026-04-10 13:29:41,282 fedbase.py run [line:311] INFO --------------Round 4--------------
2026-04-10 13:29:47,849 __init__.py log_once [line:227] INFO local_val_accuracy            0.6296
2026-04-10 13:29:47,849 __init__.py log_once [line:227] INFO mean_local_val_accuracy       0.6030
2026-04-10 13:29:47,849 __init__.py log_once [line:227] INFO std_local_val_accuracy        0.1143
2026-04-10 13:29:47,849 __init__.py log_once [line:227] INFO min_local_val_accuracy        0.4341
2026-04-10 13:29:47,849 __init__.py log_once [line:227] INFO max_local_val_accuracy        0.7532
2026-04-10 13:29:47,849 __init__.py log_once [line:227] INFO local_val_loss                1.0803
2026-04-10 13:29:47,849 __init__.py log_once [line:227] INFO mean_local_val_loss           1.1689
2026-04-10 13:29:47,850 __init__.py log_once [line:227] INFO std_local_val_loss            0.3504
2026-04-10 13:29:47,850 __init__.py log_once [line:227] INFO min_local_val_loss            0.6672
2026-04-10 13:29:47,850 __init__.py log_once [line:227] INFO max_local_val_loss            1.6413
2026-04-10 13:29:47,850 __init__.py log_once [line:227] INFO local_test_accuracy           0.6098
2026-04-10 13:29:47,850 __init__.py log_once [line:227] INFO mean_local_test_accuracy      0.5821
2026-04-10 13:29:47,850 __init__.py log_once [line:227] INFO std_local_test_accuracy       0.1239
2026-04-10 13:29:47,850 __init__.py log_once [line:227] INFO min_local_test_accuracy       0.3873
2026-04-10 13:29:47,850 __init__.py log_once [line:227] INFO max_local_test_accuracy       0.7143
2026-04-10 13:29:47,850 __init__.py log_once [line:227] INFO local_test_loss               1.1242
2026-04-10 13:29:47,850 __init__.py log_once [line:227] INFO mean_local_test_loss          1.1927
2026-04-10 13:29:47,850 __init__.py log_once [line:227] INFO std_local_test_loss           0.2983
2026-04-10 13:29:47,850 __init__.py log_once [line:227] INFO min_local_test_loss           0.8726
2026-04-10 13:29:47,850 __init__.py log_once [line:227] INFO max_local_test_loss           1.6514
2026-04-10 13:29:47,850 fedbase.py run [line:316] INFO Eval Time Cost:               6.5682s
2026-04-10 13:32:08,736 fedbase.py run [line:311] INFO --------------Round 5--------------
2026-04-10 13:32:15,628 __init__.py log_once [line:227] INFO local_val_accuracy            0.6607
2026-04-10 13:32:15,628 __init__.py log_once [line:227] INFO mean_local_val_accuracy       0.6377
2026-04-10 13:32:15,628 __init__.py log_once [line:227] INFO std_local_val_accuracy        0.0908
2026-04-10 13:32:15,628 __init__.py log_once [line:227] INFO min_local_val_accuracy        0.5024
2026-04-10 13:32:15,628 __init__.py log_once [line:227] INFO max_local_val_accuracy        0.7583
2026-04-10 13:32:15,628 __init__.py log_once [line:227] INFO local_val_loss                1.0732
2026-04-10 13:32:15,628 __init__.py log_once [line:227] INFO mean_local_val_loss           1.1599
2026-04-10 13:32:15,628 __init__.py log_once [line:227] INFO std_local_val_loss            0.3486
2026-04-10 13:32:15,628 __init__.py log_once [line:227] INFO min_local_val_loss            0.6800
2026-04-10 13:32:15,628 __init__.py log_once [line:227] INFO max_local_val_loss            1.6600
2026-04-10 13:32:15,629 __init__.py log_once [line:227] INFO local_test_accuracy           0.6459
2026-04-10 13:32:15,629 __init__.py log_once [line:227] INFO mean_local_test_accuracy      0.6221
2026-04-10 13:32:15,629 __init__.py log_once [line:227] INFO std_local_test_accuracy       0.1032
2026-04-10 13:32:15,629 __init__.py log_once [line:227] INFO min_local_test_accuracy       0.4755
2026-04-10 13:32:15,629 __init__.py log_once [line:227] INFO max_local_test_accuracy       0.7245
2026-04-10 13:32:15,629 __init__.py log_once [line:227] INFO local_test_loss               1.0856
2026-04-10 13:32:15,629 __init__.py log_once [line:227] INFO mean_local_test_loss          1.1420
2026-04-10 13:32:15,629 __init__.py log_once [line:227] INFO std_local_test_loss           0.3009
2026-04-10 13:32:15,629 __init__.py log_once [line:227] INFO min_local_test_loss           0.8289
2026-04-10 13:32:15,629 __init__.py log_once [line:227] INFO max_local_test_loss           1.5912
2026-04-10 13:32:15,629 fedbase.py run [line:316] INFO Eval Time Cost:               6.8924s
2026-04-10 13:34:36,136 fedbase.py run [line:311] INFO --------------Round 6--------------
2026-04-10 13:34:43,145 __init__.py log_once [line:227] INFO local_val_accuracy            0.6567
2026-04-10 13:34:43,145 __init__.py log_once [line:227] INFO mean_local_val_accuracy       0.6391
2026-04-10 13:34:43,145 __init__.py log_once [line:227] INFO std_local_val_accuracy        0.0926
2026-04-10 13:34:43,145 __init__.py log_once [line:227] INFO min_local_val_accuracy        0.4878
2026-04-10 13:34:43,145 __init__.py log_once [line:227] INFO max_local_val_accuracy        0.7379
2026-04-10 13:34:43,145 __init__.py log_once [line:227] INFO local_val_loss                1.1321
2026-04-10 13:34:43,145 __init__.py log_once [line:227] INFO mean_local_val_loss           1.2093
2026-04-10 13:34:43,145 __init__.py log_once [line:227] INFO std_local_val_loss            0.3405
2026-04-10 13:34:43,145 __init__.py log_once [line:227] INFO min_local_val_loss            0.7625
2026-04-10 13:34:43,145 __init__.py log_once [line:227] INFO max_local_val_loss            1.7026
2026-04-10 13:34:43,145 __init__.py log_once [line:227] INFO local_test_accuracy           0.6599
2026-04-10 13:34:43,145 __init__.py log_once [line:227] INFO mean_local_test_accuracy      0.6381
2026-04-10 13:34:43,145 __init__.py log_once [line:227] INFO std_local_test_accuracy       0.0965
2026-04-10 13:34:43,145 __init__.py log_once [line:227] INFO min_local_test_accuracy       0.4951
2026-04-10 13:34:43,146 __init__.py log_once [line:227] INFO max_local_test_accuracy       0.7347
2026-04-10 13:34:43,146 __init__.py log_once [line:227] INFO local_test_loss               1.0962
2026-04-10 13:34:43,146 __init__.py log_once [line:227] INFO mean_local_test_loss          1.1447
2026-04-10 13:34:43,146 __init__.py log_once [line:227] INFO std_local_test_loss           0.2711
2026-04-10 13:34:43,146 __init__.py log_once [line:227] INFO min_local_test_loss           0.8385
2026-04-10 13:34:43,146 __init__.py log_once [line:227] INFO max_local_test_loss           1.5376
2026-04-10 13:34:43,146 fedbase.py run [line:316] INFO Eval Time Cost:               7.0093s
2026-04-10 13:37:04,778 fedbase.py run [line:311] INFO --------------Round 7--------------
2026-04-10 13:37:11,673 __init__.py log_once [line:227] INFO local_val_accuracy            0.6607
2026-04-10 13:37:11,674 __init__.py log_once [line:227] INFO mean_local_val_accuracy       0.6448
2026-04-10 13:37:11,674 __init__.py log_once [line:227] INFO std_local_val_accuracy        0.0830
2026-04-10 13:37:11,674 __init__.py log_once [line:227] INFO min_local_val_accuracy        0.5073
2026-04-10 13:37:11,674 __init__.py log_once [line:227] INFO max_local_val_accuracy        0.7303
2026-04-10 13:37:11,674 __init__.py log_once [line:227] INFO local_val_loss                1.1160
2026-04-10 13:37:11,674 __init__.py log_once [line:227] INFO mean_local_val_loss           1.1822
2026-04-10 13:37:11,674 __init__.py log_once [line:227] INFO std_local_val_loss            0.3159
2026-04-10 13:37:11,674 __init__.py log_once [line:227] INFO min_local_val_loss            0.8034
2026-04-10 13:37:11,674 __init__.py log_once [line:227] INFO max_local_val_loss            1.6723
2026-04-10 13:37:11,674 __init__.py log_once [line:227] INFO local_test_accuracy           0.6609
2026-04-10 13:37:11,674 __init__.py log_once [line:227] INFO mean_local_test_accuracy      0.6446
2026-04-10 13:37:11,674 __init__.py log_once [line:227] INFO std_local_test_accuracy       0.0871
2026-04-10 13:37:11,674 __init__.py log_once [line:227] INFO min_local_test_accuracy       0.5147
2026-04-10 13:37:11,674 __init__.py log_once [line:227] INFO max_local_test_accuracy       0.7350
2026-04-10 13:37:11,674 __init__.py log_once [line:227] INFO local_test_loss               1.0635
2026-04-10 13:37:11,674 __init__.py log_once [line:227] INFO mean_local_test_loss          1.1079
2026-04-10 13:37:11,674 __init__.py log_once [line:227] INFO std_local_test_loss           0.2781
2026-04-10 13:37:11,674 __init__.py log_once [line:227] INFO min_local_test_loss           0.7668
2026-04-10 13:37:11,675 __init__.py log_once [line:227] INFO max_local_test_loss           1.5024
2026-04-10 13:37:11,675 fedbase.py run [line:316] INFO Eval Time Cost:               6.8967s
2026-04-10 13:39:33,166 fedbase.py run [line:311] INFO --------------Round 8--------------
2026-04-10 13:39:40,027 __init__.py log_once [line:227] INFO local_val_accuracy            0.6807
2026-04-10 13:39:40,027 __init__.py log_once [line:227] INFO mean_local_val_accuracy       0.6536
2026-04-10 13:39:40,027 __init__.py log_once [line:227] INFO std_local_val_accuracy        0.1154
2026-04-10 13:39:40,027 __init__.py log_once [line:227] INFO min_local_val_accuracy        0.4780
2026-04-10 13:39:40,027 __init__.py log_once [line:227] INFO max_local_val_accuracy        0.8015
2026-04-10 13:39:40,027 __init__.py log_once [line:227] INFO local_val_loss                1.0066
2026-04-10 13:39:40,027 __init__.py log_once [line:227] INFO mean_local_val_loss           1.1063
2026-04-10 13:39:40,027 __init__.py log_once [line:227] INFO std_local_val_loss            0.4089
2026-04-10 13:39:40,028 __init__.py log_once [line:227] INFO min_local_val_loss            0.5490
2026-04-10 13:39:40,028 __init__.py log_once [line:227] INFO max_local_val_loss            1.6950
2026-04-10 13:39:40,028 __init__.py log_once [line:227] INFO local_test_accuracy           0.6790
2026-04-10 13:39:40,028 __init__.py log_once [line:227] INFO mean_local_test_accuracy      0.6507
2026-04-10 13:39:40,028 __init__.py log_once [line:227] INFO std_local_test_accuracy       0.1240
2026-04-10 13:39:40,028 __init__.py log_once [line:227] INFO min_local_test_accuracy       0.4559
2026-04-10 13:39:40,028 __init__.py log_once [line:227] INFO max_local_test_accuracy       0.7883
2026-04-10 13:39:40,028 __init__.py log_once [line:227] INFO local_test_loss               1.0120
2026-04-10 13:39:40,028 __init__.py log_once [line:227] INFO mean_local_test_loss          1.0955
2026-04-10 13:39:40,028 __init__.py log_once [line:227] INFO std_local_test_loss           0.3385
2026-04-10 13:39:40,028 __init__.py log_once [line:227] INFO min_local_test_loss           0.7087
2026-04-10 13:39:40,028 __init__.py log_once [line:227] INFO max_local_test_loss           1.5932
2026-04-10 13:39:40,028 fedbase.py run [line:316] INFO Eval Time Cost:               6.8620s
2026-04-10 13:42:01,029 fedbase.py run [line:311] INFO --------------Round 9--------------
2026-04-10 13:42:08,067 __init__.py log_once [line:227] INFO local_val_accuracy            0.6807
2026-04-10 13:42:08,067 __init__.py log_once [line:227] INFO mean_local_val_accuracy       0.6639
2026-04-10 13:42:08,068 __init__.py log_once [line:227] INFO std_local_val_accuracy        0.0818
2026-04-10 13:42:08,068 __init__.py log_once [line:227] INFO min_local_val_accuracy        0.5317
2026-04-10 13:42:08,068 __init__.py log_once [line:227] INFO max_local_val_accuracy        0.7557
2026-04-10 13:42:08,068 __init__.py log_once [line:227] INFO local_val_loss                1.0577
2026-04-10 13:42:08,068 __init__.py log_once [line:227] INFO mean_local_val_loss           1.1357
2026-04-10 13:42:08,068 __init__.py log_once [line:227] INFO std_local_val_loss            0.3447
2026-04-10 13:42:08,068 __init__.py log_once [line:227] INFO min_local_val_loss            0.6946
2026-04-10 13:42:08,068 __init__.py log_once [line:227] INFO max_local_val_loss            1.6534
2026-04-10 13:42:08,068 __init__.py log_once [line:227] INFO local_test_accuracy           0.6820
2026-04-10 13:42:08,068 __init__.py log_once [line:227] INFO mean_local_test_accuracy      0.6640
2026-04-10 13:42:08,068 __init__.py log_once [line:227] INFO std_local_test_accuracy       0.0926
2026-04-10 13:42:08,068 __init__.py log_once [line:227] INFO min_local_test_accuracy       0.5147
2026-04-10 13:42:08,068 __init__.py log_once [line:227] INFO max_local_test_accuracy       0.7474
2026-04-10 13:42:08,068 __init__.py log_once [line:227] INFO local_test_loss               1.0205
2026-04-10 13:42:08,068 __init__.py log_once [line:227] INFO mean_local_test_loss          1.0789
2026-04-10 13:42:08,068 __init__.py log_once [line:227] INFO std_local_test_loss           0.2917
2026-04-10 13:42:08,068 __init__.py log_once [line:227] INFO min_local_test_loss           0.7883
2026-04-10 13:42:08,068 __init__.py log_once [line:227] INFO max_local_test_loss           1.5100
2026-04-10 13:42:08,068 fedbase.py run [line:316] INFO Eval Time Cost:               7.0390s
2026-04-10 13:44:28,838 fedbase.py run [line:311] INFO --------------Round 10--------------
2026-04-10 13:44:35,819 __init__.py log_once [line:227] INFO local_val_accuracy            0.6737
2026-04-10 13:44:35,819 __init__.py log_once [line:227] INFO mean_local_val_accuracy       0.6580
2026-04-10 13:44:35,819 __init__.py log_once [line:227] INFO std_local_val_accuracy        0.0753
2026-04-10 13:44:35,819 __init__.py log_once [line:227] INFO min_local_val_accuracy        0.5415
2026-04-10 13:44:35,819 __init__.py log_once [line:227] INFO max_local_val_accuracy        0.7481
2026-04-10 13:44:35,819 __init__.py log_once [line:227] INFO local_val_loss                1.1353
2026-04-10 13:44:35,819 __init__.py log_once [line:227] INFO mean_local_val_loss           1.2036
2026-04-10 13:44:35,819 __init__.py log_once [line:227] INFO std_local_val_loss            0.3463
2026-04-10 13:44:35,819 __init__.py log_once [line:227] INFO min_local_val_loss            0.7956
2026-04-10 13:44:35,819 __init__.py log_once [line:227] INFO max_local_val_loss            1.7305
2026-04-10 13:44:35,819 __init__.py log_once [line:227] INFO local_test_accuracy           0.6710
2026-04-10 13:44:35,820 __init__.py log_once [line:227] INFO mean_local_test_accuracy      0.6609
2026-04-10 13:44:35,820 __init__.py log_once [line:227] INFO std_local_test_accuracy       0.0772
2026-04-10 13:44:35,820 __init__.py log_once [line:227] INFO min_local_test_accuracy       0.5294
2026-04-10 13:44:35,820 __init__.py log_once [line:227] INFO max_local_test_accuracy       0.7222
2026-04-10 13:44:35,820 __init__.py log_once [line:227] INFO local_test_loss               1.0533
2026-04-10 13:44:35,820 __init__.py log_once [line:227] INFO mean_local_test_loss          1.1033
2026-04-10 13:44:35,820 __init__.py log_once [line:227] INFO std_local_test_loss           0.2650
2026-04-10 13:44:35,820 __init__.py log_once [line:227] INFO min_local_test_loss           0.8338
2026-04-10 13:44:35,820 __init__.py log_once [line:227] INFO max_local_test_loss           1.5022
2026-04-10 13:44:35,820 fedbase.py run [line:316] INFO Eval Time Cost:               6.9819s
2026-04-10 13:46:56,535 fedbase.py run [line:311] INFO --------------Round 11--------------
2026-04-10 13:47:03,570 __init__.py log_once [line:227] INFO local_val_accuracy            0.6757
2026-04-10 13:47:03,571 __init__.py log_once [line:227] INFO mean_local_val_accuracy       0.6514
2026-04-10 13:47:03,571 __init__.py log_once [line:227] INFO std_local_val_accuracy        0.1103
2026-04-10 13:47:03,571 __init__.py log_once [line:227] INFO min_local_val_accuracy        0.4829
2026-04-10 13:47:03,571 __init__.py log_once [line:227] INFO max_local_val_accuracy        0.7888
2026-04-10 13:47:03,571 __init__.py log_once [line:227] INFO local_val_loss                1.1365
2026-04-10 13:47:03,571 __init__.py log_once [line:227] INFO mean_local_val_loss           1.2308
2026-04-10 13:47:03,571 __init__.py log_once [line:227] INFO std_local_val_loss            0.4348
2026-04-10 13:47:03,571 __init__.py log_once [line:227] INFO min_local_val_loss            0.6685
2026-04-10 13:47:03,571 __init__.py log_once [line:227] INFO max_local_val_loss            1.8490
2026-04-10 13:47:03,571 __init__.py log_once [line:227] INFO local_test_accuracy           0.6980
2026-04-10 13:47:03,571 __init__.py log_once [line:227] INFO mean_local_test_accuracy      0.6814
2026-04-10 13:47:03,571 __init__.py log_once [line:227] INFO std_local_test_accuracy       0.0857
2026-04-10 13:47:03,571 __init__.py log_once [line:227] INFO min_local_test_accuracy       0.5392
2026-04-10 13:47:03,571 __init__.py log_once [line:227] INFO max_local_test_accuracy       0.7679
2026-04-10 13:47:03,571 __init__.py log_once [line:227] INFO local_test_loss               1.0443
2026-04-10 13:47:03,571 __init__.py log_once [line:227] INFO mean_local_test_loss          1.1138
2026-04-10 13:47:03,571 __init__.py log_once [line:227] INFO std_local_test_loss           0.3259
2026-04-10 13:47:03,572 __init__.py log_once [line:227] INFO min_local_test_loss           0.7970
2026-04-10 13:47:03,572 __init__.py log_once [line:227] INFO max_local_test_loss           1.6207
2026-04-10 13:47:03,572 fedbase.py run [line:316] INFO Eval Time Cost:               7.0361s
2026-04-10 13:49:25,429 fedbase.py run [line:311] INFO --------------Round 12--------------
2026-04-10 13:49:32,372 __init__.py log_once [line:227] INFO local_val_accuracy            0.6857
2026-04-10 13:49:32,372 __init__.py log_once [line:227] INFO mean_local_val_accuracy       0.6585
2026-04-10 13:49:32,372 __init__.py log_once [line:227] INFO std_local_val_accuracy        0.1246
2026-04-10 13:49:32,372 __init__.py log_once [line:227] INFO min_local_val_accuracy        0.4634
2026-04-10 13:49:32,373 __init__.py log_once [line:227] INFO max_local_val_accuracy        0.8092
2026-04-10 13:49:32,373 __init__.py log_once [line:227] INFO local_val_loss                1.1541
2026-04-10 13:49:32,373 __init__.py log_once [line:227] INFO mean_local_val_loss           1.2623
2026-04-10 13:49:32,373 __init__.py log_once [line:227] INFO std_local_val_loss            0.4691
2026-04-10 13:49:32,373 __init__.py log_once [line:227] INFO min_local_val_loss            0.6357
2026-04-10 13:49:32,373 __init__.py log_once [line:227] INFO max_local_val_loss            1.9310
2026-04-10 13:49:32,373 __init__.py log_once [line:227] INFO local_test_accuracy           0.7111
2026-04-10 13:49:32,373 __init__.py log_once [line:227] INFO mean_local_test_accuracy      0.6918
2026-04-10 13:49:32,373 __init__.py log_once [line:227] INFO std_local_test_accuracy       0.1006
2026-04-10 13:49:32,373 __init__.py log_once [line:227] INFO min_local_test_accuracy       0.5245
2026-04-10 13:49:32,373 __init__.py log_once [line:227] INFO max_local_test_accuracy       0.7908
2026-04-10 13:49:32,373 __init__.py log_once [line:227] INFO local_test_loss               1.0568
2026-04-10 13:49:32,373 __init__.py log_once [line:227] INFO mean_local_test_loss          1.1452
2026-04-10 13:49:32,373 __init__.py log_once [line:227] INFO std_local_test_loss           0.3766
2026-04-10 13:49:32,373 __init__.py log_once [line:227] INFO min_local_test_loss           0.7464
2026-04-10 13:49:32,373 __init__.py log_once [line:227] INFO max_local_test_loss           1.7021
2026-04-10 13:49:32,373 fedbase.py run [line:316] INFO Eval Time Cost:               6.9440s
2026-04-10 13:51:54,304 fedbase.py run [line:311] INFO --------------Round 13--------------
2026-04-10 13:52:01,413 __init__.py log_once [line:227] INFO local_val_accuracy            0.6837
2026-04-10 13:52:01,413 __init__.py log_once [line:227] INFO mean_local_val_accuracy       0.6555
2026-04-10 13:52:01,414 __init__.py log_once [line:227] INFO std_local_val_accuracy        0.1239
2026-04-10 13:52:01,414 __init__.py log_once [line:227] INFO min_local_val_accuracy        0.4634
2026-04-10 13:52:01,414 __init__.py log_once [line:227] INFO max_local_val_accuracy        0.8092
2026-04-10 13:52:01,414 __init__.py log_once [line:227] INFO local_val_loss                1.1566
2026-04-10 13:52:01,414 __init__.py log_once [line:227] INFO mean_local_val_loss           1.2648
2026-04-10 13:52:01,414 __init__.py log_once [line:227] INFO std_local_val_loss            0.4684
2026-04-10 13:52:01,414 __init__.py log_once [line:227] INFO min_local_val_loss            0.6432
2026-04-10 13:52:01,414 __init__.py log_once [line:227] INFO max_local_val_loss            1.9411
2026-04-10 13:52:01,414 __init__.py log_once [line:227] INFO local_test_accuracy           0.7081
2026-04-10 13:52:01,414 __init__.py log_once [line:227] INFO mean_local_test_accuracy      0.6906
2026-04-10 13:52:01,414 __init__.py log_once [line:227] INFO std_local_test_accuracy       0.0937
2026-04-10 13:52:01,414 __init__.py log_once [line:227] INFO min_local_test_accuracy       0.5343
2026-04-10 13:52:01,415 __init__.py log_once [line:227] INFO max_local_test_accuracy       0.7781
2026-04-10 13:52:01,415 __init__.py log_once [line:227] INFO local_test_loss               1.0592
2026-04-10 13:52:01,415 __init__.py log_once [line:227] INFO mean_local_test_loss          1.1506
2026-04-10 13:52:01,415 __init__.py log_once [line:227] INFO std_local_test_loss           0.3836
2026-04-10 13:52:01,415 __init__.py log_once [line:227] INFO min_local_test_loss           0.7396
2026-04-10 13:52:01,415 __init__.py log_once [line:227] INFO max_local_test_loss           1.7111
2026-04-10 13:52:01,415 fedbase.py run [line:316] INFO Eval Time Cost:               7.1109s
2026-04-10 13:54:21,214 fedbase.py run [line:311] INFO --------------Round 14--------------
2026-04-10 13:54:28,194 __init__.py log_once [line:227] INFO local_val_accuracy            0.6917
2026-04-10 13:54:28,194 __init__.py log_once [line:227] INFO mean_local_val_accuracy       0.6626
2026-04-10 13:54:28,194 __init__.py log_once [line:227] INFO std_local_val_accuracy        0.1235
2026-04-10 13:54:28,194 __init__.py log_once [line:227] INFO min_local_val_accuracy        0.4732
2026-04-10 13:54:28,194 __init__.py log_once [line:227] INFO max_local_val_accuracy        0.8193
2026-04-10 13:54:28,194 __init__.py log_once [line:227] INFO local_val_loss                1.1489
2026-04-10 13:54:28,194 __init__.py log_once [line:227] INFO mean_local_val_loss           1.2592
2026-04-10 13:54:28,194 __init__.py log_once [line:227] INFO std_local_val_loss            0.4722
2026-04-10 13:54:28,194 __init__.py log_once [line:227] INFO min_local_val_loss            0.6311
2026-04-10 13:54:28,194 __init__.py log_once [line:227] INFO max_local_val_loss            1.9447
2026-04-10 13:54:28,194 __init__.py log_once [line:227] INFO local_test_accuracy           0.7050
2026-04-10 13:54:28,194 __init__.py log_once [line:227] INFO mean_local_test_accuracy      0.6836
2026-04-10 13:54:28,194 __init__.py log_once [line:227] INFO std_local_test_accuracy       0.1060
2026-04-10 13:54:28,194 __init__.py log_once [line:227] INFO min_local_test_accuracy       0.5098
2026-04-10 13:54:28,194 __init__.py log_once [line:227] INFO max_local_test_accuracy       0.7908
2026-04-10 13:54:28,195 __init__.py log_once [line:227] INFO local_test_loss               1.0528
2026-04-10 13:54:28,195 __init__.py log_once [line:227] INFO mean_local_test_loss          1.1473
2026-04-10 13:54:28,195 __init__.py log_once [line:227] INFO std_local_test_loss           0.3934
2026-04-10 13:54:28,195 __init__.py log_once [line:227] INFO min_local_test_loss           0.7234
2026-04-10 13:54:28,195 __init__.py log_once [line:227] INFO max_local_test_loss           1.7188
2026-04-10 13:54:28,195 fedbase.py run [line:316] INFO Eval Time Cost:               6.9799s
2026-04-10 13:56:49,029 fedbase.py run [line:311] INFO --------------Round 15--------------
2026-04-10 13:56:55,999 __init__.py log_once [line:227] INFO local_val_accuracy            0.6947
2026-04-10 13:56:55,999 __init__.py log_once [line:227] INFO mean_local_val_accuracy       0.6664
2026-04-10 13:56:55,999 __init__.py log_once [line:227] INFO std_local_val_accuracy        0.1220
2026-04-10 13:56:55,999 __init__.py log_once [line:227] INFO min_local_val_accuracy        0.4780
2026-04-10 13:56:56,000 __init__.py log_once [line:227] INFO max_local_val_accuracy        0.8193
2026-04-10 13:56:56,000 __init__.py log_once [line:227] INFO local_val_loss                1.1397
2026-04-10 13:56:56,000 __init__.py log_once [line:227] INFO mean_local_val_loss           1.2507
2026-04-10 13:56:56,000 __init__.py log_once [line:227] INFO std_local_val_loss            0.4727
2026-04-10 13:56:56,000 __init__.py log_once [line:227] INFO min_local_val_loss            0.6226
2026-04-10 13:56:56,000 __init__.py log_once [line:227] INFO max_local_val_loss            1.9404
2026-04-10 13:56:56,000 __init__.py log_once [line:227] INFO local_test_accuracy           0.7061
2026-04-10 13:56:56,000 __init__.py log_once [line:227] INFO mean_local_test_accuracy      0.6838
2026-04-10 13:56:56,000 __init__.py log_once [line:227] INFO std_local_test_accuracy       0.1068
2026-04-10 13:56:56,000 __init__.py log_once [line:227] INFO min_local_test_accuracy       0.5098
2026-04-10 13:56:56,000 __init__.py log_once [line:227] INFO max_local_test_accuracy       0.7959
2026-04-10 13:56:56,000 __init__.py log_once [line:227] INFO local_test_loss               1.0446
2026-04-10 13:56:56,000 __init__.py log_once [line:227] INFO mean_local_test_loss          1.1408
2026-04-10 13:56:56,000 __init__.py log_once [line:227] INFO std_local_test_loss           0.3989
2026-04-10 13:56:56,000 __init__.py log_once [line:227] INFO min_local_test_loss           0.7094
2026-04-10 13:56:56,000 __init__.py log_once [line:227] INFO max_local_test_loss           1.7186
2026-04-10 13:56:56,000 fedbase.py run [line:316] INFO Eval Time Cost:               6.9711s
2026-04-10 13:59:16,688 fedbase.py run [line:311] INFO --------------Round 16--------------
2026-04-10 13:59:23,443 __init__.py log_once [line:227] INFO local_val_accuracy            0.6977
2026-04-10 13:59:23,443 __init__.py log_once [line:227] INFO mean_local_val_accuracy       0.6693
2026-04-10 13:59:23,443 __init__.py log_once [line:227] INFO std_local_val_accuracy        0.1204
2026-04-10 13:59:23,443 __init__.py log_once [line:227] INFO min_local_val_accuracy        0.4829
2026-04-10 13:59:23,443 __init__.py log_once [line:227] INFO max_local_val_accuracy        0.8193
2026-04-10 13:59:23,443 __init__.py log_once [line:227] INFO local_val_loss                1.1310
2026-04-10 13:59:23,443 __init__.py log_once [line:227] INFO mean_local_val_loss           1.2421
2026-04-10 13:59:23,443 __init__.py log_once [line:227] INFO std_local_val_loss            0.4717
2026-04-10 13:59:23,443 __init__.py log_once [line:227] INFO min_local_val_loss            0.6159
2026-04-10 13:59:23,443 __init__.py log_once [line:227] INFO max_local_val_loss            1.9327
2026-04-10 13:59:23,443 __init__.py log_once [line:227] INFO local_test_accuracy           0.7061
2026-04-10 13:59:23,443 __init__.py log_once [line:227] INFO mean_local_test_accuracy      0.6809
2026-04-10 13:59:23,443 __init__.py log_once [line:227] INFO std_local_test_accuracy       0.1133
2026-04-10 13:59:23,443 __init__.py log_once [line:227] INFO min_local_test_accuracy       0.5000
2026-04-10 13:59:23,443 __init__.py log_once [line:227] INFO max_local_test_accuracy       0.8061
2026-04-10 13:59:23,443 __init__.py log_once [line:227] INFO local_test_loss               1.0359
2026-04-10 13:59:23,444 __init__.py log_once [line:227] INFO mean_local_test_loss          1.1330
2026-04-10 13:59:23,444 __init__.py log_once [line:227] INFO std_local_test_loss           0.4014
2026-04-10 13:59:23,444 __init__.py log_once [line:227] INFO min_local_test_loss           0.6971
2026-04-10 13:59:23,444 __init__.py log_once [line:227] INFO max_local_test_loss           1.7135
2026-04-10 13:59:23,444 fedbase.py run [line:316] INFO Eval Time Cost:               6.7559s
2026-04-10 14:01:42,383 fedbase.py run [line:311] INFO --------------Round 17--------------
2026-04-10 14:01:49,094 __init__.py log_once [line:227] INFO local_val_accuracy            0.6957
2026-04-10 14:01:49,094 __init__.py log_once [line:227] INFO mean_local_val_accuracy       0.6669
2026-04-10 14:01:49,094 __init__.py log_once [line:227] INFO std_local_val_accuracy        0.1242
2026-04-10 14:01:49,094 __init__.py log_once [line:227] INFO min_local_val_accuracy        0.4732
2026-04-10 14:01:49,094 __init__.py log_once [line:227] INFO max_local_val_accuracy        0.8193
2026-04-10 14:01:49,094 __init__.py log_once [line:227] INFO local_val_loss                1.1220
2026-04-10 14:01:49,095 __init__.py log_once [line:227] INFO mean_local_val_loss           1.2331
2026-04-10 14:01:49,095 __init__.py log_once [line:227] INFO std_local_val_loss            0.4699
2026-04-10 14:01:49,095 __init__.py log_once [line:227] INFO min_local_val_loss            0.6090
2026-04-10 14:01:49,095 __init__.py log_once [line:227] INFO max_local_val_loss            1.9225
2026-04-10 14:01:49,095 __init__.py log_once [line:227] INFO local_test_accuracy           0.7081
2026-04-10 14:01:49,095 __init__.py log_once [line:227] INFO mean_local_test_accuracy      0.6828
2026-04-10 14:01:49,095 __init__.py log_once [line:227] INFO std_local_test_accuracy       0.1121
2026-04-10 14:01:49,095 __init__.py log_once [line:227] INFO min_local_test_accuracy       0.5049
2026-04-10 14:01:49,095 __init__.py log_once [line:227] INFO max_local_test_accuracy       0.8087
2026-04-10 14:01:49,095 __init__.py log_once [line:227] INFO local_test_loss               1.0271
2026-04-10 14:01:49,095 __init__.py log_once [line:227] INFO mean_local_test_loss          1.1246
2026-04-10 14:01:49,095 __init__.py log_once [line:227] INFO std_local_test_loss           0.4025
2026-04-10 14:01:49,095 __init__.py log_once [line:227] INFO min_local_test_loss           0.6861
2026-04-10 14:01:49,095 __init__.py log_once [line:227] INFO max_local_test_loss           1.7070
2026-04-10 14:01:49,095 fedbase.py run [line:316] INFO Eval Time Cost:               6.7115s
2026-04-10 14:04:05,919 fedbase.py run [line:311] INFO --------------Round 18--------------
2026-04-10 14:04:12,446 __init__.py log_once [line:227] INFO local_val_accuracy            0.6957
2026-04-10 14:04:12,446 __init__.py log_once [line:227] INFO mean_local_val_accuracy       0.6670
2026-04-10 14:04:12,446 __init__.py log_once [line:227] INFO std_local_val_accuracy        0.1216
2026-04-10 14:04:12,446 __init__.py log_once [line:227] INFO min_local_val_accuracy        0.4780
2026-04-10 14:04:12,446 __init__.py log_once [line:227] INFO max_local_val_accuracy        0.8168
2026-04-10 14:04:12,447 __init__.py log_once [line:227] INFO local_val_loss                1.1136
2026-04-10 14:04:12,447 __init__.py log_once [line:227] INFO mean_local_val_loss           1.2246
2026-04-10 14:04:12,447 __init__.py log_once [line:227] INFO std_local_val_loss            0.4677
2026-04-10 14:04:12,447 __init__.py log_once [line:227] INFO min_local_val_loss            0.6030
2026-04-10 14:04:12,447 __init__.py log_once [line:227] INFO max_local_val_loss            1.9116
2026-04-10 14:04:12,447 __init__.py log_once [line:227] INFO local_test_accuracy           0.7071
2026-04-10 14:04:12,447 __init__.py log_once [line:227] INFO mean_local_test_accuracy      0.6812
2026-04-10 14:04:12,447 __init__.py log_once [line:227] INFO std_local_test_accuracy       0.1142
2026-04-10 14:04:12,447 __init__.py log_once [line:227] INFO min_local_test_accuracy       0.5000
2026-04-10 14:04:12,447 __init__.py log_once [line:227] INFO max_local_test_accuracy       0.8112
2026-04-10 14:04:12,447 __init__.py log_once [line:227] INFO local_test_loss               1.0194
2026-04-10 14:04:12,447 __init__.py log_once [line:227] INFO mean_local_test_loss          1.1171
2026-04-10 14:04:12,447 __init__.py log_once [line:227] INFO std_local_test_loss           0.4031
2026-04-10 14:04:12,447 __init__.py log_once [line:227] INFO min_local_test_loss           0.6772
2026-04-10 14:04:12,447 __init__.py log_once [line:227] INFO max_local_test_loss           1.7008
2026-04-10 14:04:12,447 fedbase.py run [line:316] INFO Eval Time Cost:               6.5275s
2026-04-10 14:06:24,983 fedbase.py run [line:311] INFO --------------Round 19--------------
2026-04-10 14:06:31,564 __init__.py log_once [line:227] INFO local_val_accuracy            0.6967
2026-04-10 14:06:31,564 __init__.py log_once [line:227] INFO mean_local_val_accuracy       0.6666
2026-04-10 14:06:31,564 __init__.py log_once [line:227] INFO std_local_val_accuracy        0.1256
2026-04-10 14:06:31,564 __init__.py log_once [line:227] INFO min_local_val_accuracy        0.4732
2026-04-10 14:06:31,564 __init__.py log_once [line:227] INFO max_local_val_accuracy        0.8244
2026-04-10 14:06:31,564 __init__.py log_once [line:227] INFO local_val_loss                1.1057
2026-04-10 14:06:31,564 __init__.py log_once [line:227] INFO mean_local_val_loss           1.2164
2026-04-10 14:06:31,564 __init__.py log_once [line:227] INFO std_local_val_loss            0.4655
2026-04-10 14:06:31,564 __init__.py log_once [line:227] INFO min_local_val_loss            0.5977
2026-04-10 14:06:31,564 __init__.py log_once [line:227] INFO max_local_val_loss            1.9010
2026-04-10 14:06:31,564 __init__.py log_once [line:227] INFO local_test_accuracy           0.7050
2026-04-10 14:06:31,564 __init__.py log_once [line:227] INFO mean_local_test_accuracy      0.6793
2026-04-10 14:06:31,564 __init__.py log_once [line:227] INFO std_local_test_accuracy       0.1155
2026-04-10 14:06:31,564 __init__.py log_once [line:227] INFO min_local_test_accuracy       0.4951
2026-04-10 14:06:31,565 __init__.py log_once [line:227] INFO max_local_test_accuracy       0.8087
2026-04-10 14:06:31,565 __init__.py log_once [line:227] INFO local_test_loss               1.0120
2026-04-10 14:06:31,565 __init__.py log_once [line:227] INFO mean_local_test_loss          1.1096
2026-04-10 14:06:31,565 __init__.py log_once [line:227] INFO std_local_test_loss           0.4031
2026-04-10 14:06:31,565 __init__.py log_once [line:227] INFO min_local_test_loss           0.6693
2026-04-10 14:06:31,565 __init__.py log_once [line:227] INFO max_local_test_loss           1.6945
2026-04-10 14:06:31,565 fedbase.py run [line:316] INFO Eval Time Cost:               6.5819s
2026-04-10 14:08:44,458 fedbase.py run [line:311] INFO --------------Round 20--------------
2026-04-10 14:08:51,113 __init__.py log_once [line:227] INFO local_val_accuracy            0.6967
2026-04-10 14:08:51,113 __init__.py log_once [line:227] INFO mean_local_val_accuracy       0.6655
2026-04-10 14:08:51,113 __init__.py log_once [line:227] INFO std_local_val_accuracy        0.1244
2026-04-10 14:08:51,114 __init__.py log_once [line:227] INFO min_local_val_accuracy        0.4780
2026-04-10 14:08:51,114 __init__.py log_once [line:227] INFO max_local_val_accuracy        0.8270
2026-04-10 14:08:51,114 __init__.py log_once [line:227] INFO local_val_loss                1.0980
2026-04-10 14:08:51,114 __init__.py log_once [line:227] INFO mean_local_val_loss           1.2083
2026-04-10 14:08:51,114 __init__.py log_once [line:227] INFO std_local_val_loss            0.4629
2026-04-10 14:08:51,114 __init__.py log_once [line:227] INFO min_local_val_loss            0.5932
2026-04-10 14:08:51,114 __init__.py log_once [line:227] INFO max_local_val_loss            1.8899
2026-04-10 14:08:51,114 __init__.py log_once [line:227] INFO local_test_accuracy           0.7061
2026-04-10 14:08:51,114 __init__.py log_once [line:227] INFO mean_local_test_accuracy      0.6807
2026-04-10 14:08:51,114 __init__.py log_once [line:227] INFO std_local_test_accuracy       0.1114
2026-04-10 14:08:51,114 __init__.py log_once [line:227] INFO min_local_test_accuracy       0.5049
2026-04-10 14:08:51,114 __init__.py log_once [line:227] INFO max_local_test_accuracy       0.8061
2026-04-10 14:08:51,114 __init__.py log_once [line:227] INFO local_test_loss               1.0045
2026-04-10 14:08:51,114 __init__.py log_once [line:227] INFO mean_local_test_loss          1.1019
2026-04-10 14:08:51,114 __init__.py log_once [line:227] INFO std_local_test_loss           0.4027
2026-04-10 14:08:51,114 __init__.py log_once [line:227] INFO min_local_test_loss           0.6621
2026-04-10 14:08:51,114 __init__.py log_once [line:227] INFO max_local_test_loss           1.6878
2026-04-10 14:08:51,114 fedbase.py run [line:316] INFO Eval Time Cost:               6.6555s
2026-04-10 14:11:04,311 fedbase.py run [line:311] INFO --------------Round 21--------------
2026-04-10 14:11:10,815 __init__.py log_once [line:227] INFO local_val_accuracy            0.6977
2026-04-10 14:11:10,815 __init__.py log_once [line:227] INFO mean_local_val_accuracy       0.6667
2026-04-10 14:11:10,815 __init__.py log_once [line:227] INFO std_local_val_accuracy        0.1226
2026-04-10 14:11:10,815 __init__.py log_once [line:227] INFO min_local_val_accuracy        0.4829
2026-04-10 14:11:10,815 __init__.py log_once [line:227] INFO max_local_val_accuracy        0.8270
2026-04-10 14:11:10,815 __init__.py log_once [line:227] INFO local_val_loss                1.0907
2026-04-10 14:11:10,815 __init__.py log_once [line:227] INFO mean_local_val_loss           1.2006
2026-04-10 14:11:10,815 __init__.py log_once [line:227] INFO std_local_val_loss            0.4598
2026-04-10 14:11:10,815 __init__.py log_once [line:227] INFO min_local_val_loss            0.5895
2026-04-10 14:11:10,815 __init__.py log_once [line:227] INFO max_local_val_loss            1.8785
2026-04-10 14:11:10,815 __init__.py log_once [line:227] INFO local_test_accuracy           0.7081
2026-04-10 14:11:10,815 __init__.py log_once [line:227] INFO mean_local_test_accuracy      0.6822
2026-04-10 14:11:10,815 __init__.py log_once [line:227] INFO std_local_test_accuracy       0.1151
2026-04-10 14:11:10,815 __init__.py log_once [line:227] INFO min_local_test_accuracy       0.5000
2026-04-10 14:11:10,815 __init__.py log_once [line:227] INFO max_local_test_accuracy       0.8087
2026-04-10 14:11:10,815 __init__.py log_once [line:227] INFO local_test_loss               0.9975
2026-04-10 14:11:10,816 __init__.py log_once [line:227] INFO mean_local_test_loss          1.0946
2026-04-10 14:11:10,816 __init__.py log_once [line:227] INFO std_local_test_loss           0.4019
2026-04-10 14:11:10,816 __init__.py log_once [line:227] INFO min_local_test_loss           0.6557
2026-04-10 14:11:10,816 __init__.py log_once [line:227] INFO max_local_test_loss           1.6808
2026-04-10 14:11:10,816 fedbase.py run [line:316] INFO Eval Time Cost:               6.5041s
