2026-04-10 02:17:36,963 fflow.py init [line:848] INFO PROCESS ID:	1176
2026-04-10 02:17:36,963 fflow.py init [line:849] INFO Initializing devices: cuda:0 will be used for this running.
2026-04-10 02:17:36,963 fflow.py init [line:852] INFO BENCHMARK:	task.PACS_c4
2026-04-10 02:17:36,963 fflow.py init [line:853] INFO TASK:			task/PACS_c4
2026-04-10 02:17:36,963 fflow.py init [line:854] INFO MODEL:		algorithm.fdse
2026-04-10 02:17:36,963 fflow.py init [line:855] INFO ALGORITHM:	fdse
2026-04-10 02:17:36,965 fflow.py init [line:901] INFO SCENE:		horizontal FL with 1 <class 'algorithm.fdse.Server'>, 4 <class 'algorithm.fdse.Client'>
2026-04-10 02:17:37,319 fflow.py init [line:918] INFO SIMULATOR:	<class 'flgo.simulator.default_simulator.Simulator'>
2026-04-10 02:17:37,476 fflow.py init [line:931] INFO Ready to start.
2026-04-10 02:17:37,476 fedbase.py run [line:300] INFO --------------Initial Evaluation--------------
2026-04-10 02:17:45,137 __init__.py log_once [line:227] INFO local_val_accuracy            0.1401
2026-04-10 02:17:45,137 __init__.py log_once [line:227] INFO mean_local_val_accuracy       0.1237
2026-04-10 02:17:45,137 __init__.py log_once [line:227] INFO std_local_val_accuracy        0.0482
2026-04-10 02:17:45,137 __init__.py log_once [line:227] INFO min_local_val_accuracy        0.0838
2026-04-10 02:17:45,137 __init__.py log_once [line:227] INFO max_local_val_accuracy        0.2061
2026-04-10 02:17:45,137 __init__.py log_once [line:227] INFO local_val_loss                1.9461
2026-04-10 02:17:45,137 __init__.py log_once [line:227] INFO mean_local_val_loss           1.9464
2026-04-10 02:17:45,137 __init__.py log_once [line:227] INFO std_local_val_loss            0.0011
2026-04-10 02:17:45,137 __init__.py log_once [line:227] INFO min_local_val_loss            1.9449
2026-04-10 02:17:45,137 __init__.py log_once [line:227] INFO max_local_val_loss            1.9478
2026-04-10 02:17:45,138 __init__.py log_once [line:227] INFO local_test_accuracy           0.1354
2026-04-10 02:17:45,138 __init__.py log_once [line:227] INFO mean_local_test_accuracy      0.1295
2026-04-10 02:17:45,138 __init__.py log_once [line:227] INFO std_local_test_accuracy       0.0315
2026-04-10 02:17:45,138 __init__.py log_once [line:227] INFO min_local_test_accuracy       0.0784
2026-04-10 02:17:45,138 __init__.py log_once [line:227] INFO max_local_test_accuracy       0.1633
2026-04-10 02:17:45,138 __init__.py log_once [line:227] INFO local_test_loss               1.9469
2026-04-10 02:17:45,138 __init__.py log_once [line:227] INFO mean_local_test_loss          1.9469
2026-04-10 02:17:45,138 __init__.py log_once [line:227] INFO std_local_test_loss           0.0011
2026-04-10 02:17:45,138 __init__.py log_once [line:227] INFO min_local_test_loss           1.9454
2026-04-10 02:17:45,138 __init__.py log_once [line:227] INFO max_local_test_loss           1.9484
2026-04-10 02:17:45,138 fedbase.py run [line:303] INFO Eval Time Cost:               7.6621s
2026-04-10 02:20:07,849 fedbase.py run [line:311] INFO --------------Round 1--------------
2026-04-10 02:20:14,537 __init__.py log_once [line:227] INFO local_val_accuracy            0.6787
2026-04-10 02:20:14,537 __init__.py log_once [line:227] INFO mean_local_val_accuracy       0.6587
2026-04-10 02:20:14,537 __init__.py log_once [line:227] INFO std_local_val_accuracy        0.1736
2026-04-10 02:20:14,537 __init__.py log_once [line:227] INFO min_local_val_accuracy        0.3659
2026-04-10 02:20:14,537 __init__.py log_once [line:227] INFO max_local_val_accuracy        0.7904
2026-04-10 02:20:14,537 __init__.py log_once [line:227] INFO local_val_loss                1.1182
2026-04-10 02:20:14,537 __init__.py log_once [line:227] INFO mean_local_val_loss           1.1907
2026-04-10 02:20:14,537 __init__.py log_once [line:227] INFO std_local_val_loss            0.7008
2026-04-10 02:20:14,537 __init__.py log_once [line:227] INFO min_local_val_loss            0.6144
2026-04-10 02:20:14,537 __init__.py log_once [line:227] INFO max_local_val_loss            2.3678
2026-04-10 02:20:14,537 __init__.py log_once [line:227] INFO local_test_accuracy           0.7000
2026-04-10 02:20:14,538 __init__.py log_once [line:227] INFO mean_local_test_accuracy      0.6837
2026-04-10 02:20:14,538 __init__.py log_once [line:227] INFO std_local_test_accuracy       0.1369
2026-04-10 02:20:14,538 __init__.py log_once [line:227] INFO min_local_test_accuracy       0.4510
2026-04-10 02:20:14,538 __init__.py log_once [line:227] INFO max_local_test_accuracy       0.7991
2026-04-10 02:20:14,538 __init__.py log_once [line:227] INFO local_test_loss               1.0731
2026-04-10 02:20:14,538 __init__.py log_once [line:227] INFO mean_local_test_loss          1.1278
2026-04-10 02:20:14,538 __init__.py log_once [line:227] INFO std_local_test_loss           0.5234
2026-04-10 02:20:14,538 __init__.py log_once [line:227] INFO min_local_test_loss           0.8081
2026-04-10 02:20:14,538 __init__.py log_once [line:227] INFO max_local_test_loss           2.0342
2026-04-10 02:20:14,538 fedbase.py run [line:316] INFO Eval Time Cost:               6.6887s
