2026-04-10 13:19:50,067 fflow.py init [line:848] INFO PROCESS ID:	38934
2026-04-10 13:19:50,067 fflow.py init [line:849] INFO Initializing devices: cuda:0 will be used for this running.
2026-04-10 13:19:50,067 fflow.py init [line:852] INFO BENCHMARK:	task.PACS_c4
2026-04-10 13:19:50,067 fflow.py init [line:853] INFO TASK:			task/PACS_c4
2026-04-10 13:19:50,067 fflow.py init [line:854] INFO MODEL:		task.PACS_c4.model.default_model
2026-04-10 13:19:50,067 fflow.py init [line:855] INFO ALGORITHM:	fedbn
2026-04-10 13:19:50,069 fflow.py init [line:901] INFO SCENE:		horizontal FL with 1 <class 'flgo.algorithm.fedbase.BasicServer'>, 4 <class 'algorithm.fedbn.Client'>
2026-04-10 13:19:50,478 fflow.py init [line:918] INFO SIMULATOR:	<class 'flgo.simulator.default_simulator.Simulator'>
2026-04-10 13:19:50,479 fflow.py init [line:931] INFO Ready to start.
2026-04-10 13:19:50,479 fedbase.py run [line:300] INFO --------------Initial Evaluation--------------
2026-04-10 13:19:58,538 __init__.py log_once [line:227] INFO local_val_accuracy            0.1652
2026-04-10 13:19:58,538 __init__.py log_once [line:227] INFO mean_local_val_accuracy       0.1538
2026-04-10 13:19:58,538 __init__.py log_once [line:227] INFO std_local_val_accuracy        0.0360
2026-04-10 13:19:58,538 __init__.py log_once [line:227] INFO min_local_val_accuracy        0.1018
2026-04-10 13:19:58,539 __init__.py log_once [line:227] INFO max_local_val_accuracy        0.2036
2026-04-10 13:19:58,539 __init__.py log_once [line:227] INFO local_val_loss                1.9440
2026-04-10 13:19:58,539 __init__.py log_once [line:227] INFO mean_local_val_loss           1.9442
2026-04-10 13:19:58,539 __init__.py log_once [line:227] INFO std_local_val_loss            0.0011
2026-04-10 13:19:58,539 __init__.py log_once [line:227] INFO min_local_val_loss            1.9426
2026-04-10 13:19:58,539 __init__.py log_once [line:227] INFO max_local_val_loss            1.9457
2026-04-10 13:19:58,539 __init__.py log_once [line:227] INFO local_test_accuracy           0.1445
2026-04-10 13:19:58,539 __init__.py log_once [line:227] INFO mean_local_test_accuracy      0.1353
2026-04-10 13:19:58,539 __init__.py log_once [line:227] INFO std_local_test_accuracy       0.0350
2026-04-10 13:19:58,539 __init__.py log_once [line:227] INFO min_local_test_accuracy       0.0940
2026-04-10 13:19:58,539 __init__.py log_once [line:227] INFO max_local_test_accuracy       0.1862
2026-04-10 13:19:58,539 __init__.py log_once [line:227] INFO local_test_loss               1.9450
2026-04-10 13:19:58,539 __init__.py log_once [line:227] INFO mean_local_test_loss          1.9455
2026-04-10 13:19:58,539 __init__.py log_once [line:227] INFO std_local_test_loss           0.0023
2026-04-10 13:19:58,539 __init__.py log_once [line:227] INFO min_local_test_loss           1.9429
2026-04-10 13:19:58,539 __init__.py log_once [line:227] INFO max_local_test_loss           1.9479
2026-04-10 13:19:58,539 fedbase.py run [line:303] INFO Eval Time Cost:               8.0605s
