2026-04-08 14:08:57,297 fflow.py init [line:848] INFO PROCESS ID:	114077
2026-04-08 14:08:57,297 fflow.py init [line:849] INFO Initializing devices: cuda:0 will be used for this running.
2026-04-08 14:08:57,297 fflow.py init [line:852] INFO BENCHMARK:	task.PACS_c4
2026-04-08 14:08:57,297 fflow.py init [line:853] INFO TASK:			task/PACS_c4
2026-04-08 14:08:57,297 fflow.py init [line:854] INFO MODEL:		algorithm.feddsa
2026-04-08 14:08:57,297 fflow.py init [line:855] INFO ALGORITHM:	feddsa
2026-04-08 14:08:57,299 fflow.py init [line:901] INFO SCENE:		horizontal FL with 1 <class 'algorithm.feddsa.Server'>, 4 <class 'algorithm.feddsa.Client'>
2026-04-08 14:08:57,897 fflow.py init [line:918] INFO SIMULATOR:	<class 'flgo.simulator.default_simulator.Simulator'>
2026-04-08 14:08:58,079 fflow.py init [line:931] INFO Ready to start.
2026-04-08 14:08:58,079 fedbase.py run [line:300] INFO --------------Initial Evaluation--------------
2026-04-08 14:09:05,362 __init__.py log_once [line:227] INFO local_val_accuracy            0.1692
2026-04-08 14:09:05,362 __init__.py log_once [line:227] INFO mean_local_val_accuracy       0.1617
2026-04-08 14:09:05,362 __init__.py log_once [line:227] INFO std_local_val_accuracy        0.0272
2026-04-08 14:09:05,362 __init__.py log_once [line:227] INFO min_local_val_accuracy        0.1198
2026-04-08 14:09:05,362 __init__.py log_once [line:227] INFO max_local_val_accuracy        0.1934
2026-04-08 14:09:05,362 __init__.py log_once [line:227] INFO local_val_loss                1.9416
2026-04-08 14:09:05,362 __init__.py log_once [line:227] INFO mean_local_val_loss           1.9405
2026-04-08 14:09:05,362 __init__.py log_once [line:227] INFO std_local_val_loss            0.0033
2026-04-08 14:09:05,362 __init__.py log_once [line:227] INFO min_local_val_loss            1.9376
2026-04-08 14:09:05,362 __init__.py log_once [line:227] INFO max_local_val_loss            1.9460
2026-04-08 14:09:05,362 __init__.py log_once [line:227] INFO local_test_accuracy           0.1956
2026-04-08 14:09:05,362 __init__.py log_once [line:227] INFO mean_local_test_accuracy      0.1837
2026-04-08 14:09:05,363 __init__.py log_once [line:227] INFO std_local_test_accuracy       0.0409
2026-04-08 14:09:05,363 __init__.py log_once [line:227] INFO min_local_test_accuracy       0.1257
2026-04-08 14:09:05,363 __init__.py log_once [line:227] INFO max_local_test_accuracy       0.2372
2026-04-08 14:09:05,363 __init__.py log_once [line:227] INFO local_test_loss               1.9397
2026-04-08 14:09:05,363 __init__.py log_once [line:227] INFO mean_local_test_loss          1.9402
2026-04-08 14:09:05,363 __init__.py log_once [line:227] INFO std_local_test_loss           0.0021
2026-04-08 14:09:05,363 __init__.py log_once [line:227] INFO min_local_test_loss           1.9381
2026-04-08 14:09:05,363 __init__.py log_once [line:227] INFO max_local_test_loss           1.9428
2026-04-08 14:09:05,363 fedbase.py run [line:303] INFO Eval Time Cost:               7.2833s
