2026-04-14 01:03:58,663 fflow.py init [line:848] INFO PROCESS ID:	2303253
2026-04-14 01:03:58,663 fflow.py init [line:849] INFO Initializing devices: cuda:0 will be used for this running.
2026-04-14 01:03:58,663 fflow.py init [line:852] INFO BENCHMARK:	task.PACS_c4
2026-04-14 01:03:58,663 fflow.py init [line:853] INFO TASK:			task/PACS_c4
2026-04-14 01:03:58,663 fflow.py init [line:854] INFO MODEL:		task.PACS_c4.model.default_model
2026-04-14 01:03:58,663 fflow.py init [line:855] INFO ALGORITHM:	fedavg
2026-04-14 01:03:58,665 fflow.py init [line:901] INFO SCENE:		horizontal FL with 1 <class 'flgo.algorithm.fedbase.BasicServer'>, 4 <class 'flgo.algorithm.fedbase.BasicClient'>
2026-04-14 01:03:59,195 fflow.py init [line:918] INFO SIMULATOR:	<class 'flgo.simulator.default_simulator.Simulator'>
2026-04-14 01:03:59,196 fflow.py init [line:931] INFO Ready to start.
2026-04-14 01:03:59,196 fedbase.py run [line:300] INFO --------------Initial Evaluation--------------
2026-04-14 01:04:04,713 __init__.py log_once [line:227] INFO local_val_accuracy            0.1652
2026-04-14 01:04:04,713 __init__.py log_once [line:227] INFO mean_local_val_accuracy       0.1538
2026-04-14 01:04:04,713 __init__.py log_once [line:227] INFO std_local_val_accuracy        0.0360
2026-04-14 01:04:04,713 __init__.py log_once [line:227] INFO min_local_val_accuracy        0.1018
2026-04-14 01:04:04,713 __init__.py log_once [line:227] INFO max_local_val_accuracy        0.2036
2026-04-14 01:04:04,713 __init__.py log_once [line:227] INFO local_val_loss                1.9440
2026-04-14 01:04:04,713 __init__.py log_once [line:227] INFO mean_local_val_loss           1.9442
2026-04-14 01:04:04,713 __init__.py log_once [line:227] INFO std_local_val_loss            0.0011
2026-04-14 01:04:04,713 __init__.py log_once [line:227] INFO min_local_val_loss            1.9426
2026-04-14 01:04:04,713 __init__.py log_once [line:227] INFO max_local_val_loss            1.9457
2026-04-14 01:04:04,713 __init__.py log_once [line:227] INFO local_test_accuracy           0.1445
2026-04-14 01:04:04,713 __init__.py log_once [line:227] INFO mean_local_test_accuracy      0.1353
2026-04-14 01:04:04,713 __init__.py log_once [line:227] INFO std_local_test_accuracy       0.0350
2026-04-14 01:04:04,713 __init__.py log_once [line:227] INFO min_local_test_accuracy       0.0940
2026-04-14 01:04:04,713 __init__.py log_once [line:227] INFO max_local_test_accuracy       0.1862
2026-04-14 01:04:04,713 __init__.py log_once [line:227] INFO local_test_loss               1.9450
2026-04-14 01:04:04,713 __init__.py log_once [line:227] INFO mean_local_test_loss          1.9455
2026-04-14 01:04:04,713 __init__.py log_once [line:227] INFO std_local_test_loss           0.0023
2026-04-14 01:04:04,713 __init__.py log_once [line:227] INFO min_local_test_loss           1.9429
2026-04-14 01:04:04,713 __init__.py log_once [line:227] INFO max_local_test_loss           1.9479
2026-04-14 01:04:04,713 fedbase.py run [line:303] INFO Eval Time Cost:               5.5177s
2026-04-14 01:05:37,845 fedbase.py run [line:311] INFO --------------Round 1--------------
2026-04-14 01:05:42,734 __init__.py log_once [line:227] INFO local_val_accuracy            0.1572
2026-04-14 01:05:42,734 __init__.py log_once [line:227] INFO mean_local_val_accuracy       0.1891
2026-04-14 01:05:42,734 __init__.py log_once [line:227] INFO std_local_val_accuracy        0.0938
2026-04-14 01:05:42,734 __init__.py log_once [line:227] INFO min_local_val_accuracy        0.0407
2026-04-14 01:05:42,734 __init__.py log_once [line:227] INFO max_local_val_accuracy        0.2994
2026-04-14 01:05:42,734 __init__.py log_once [line:227] INFO local_val_loss                1.9733
2026-04-14 01:05:42,734 __init__.py log_once [line:227] INFO mean_local_val_loss           1.9427
2026-04-14 01:05:42,734 __init__.py log_once [line:227] INFO std_local_val_loss            0.0919
2026-04-14 01:05:42,734 __init__.py log_once [line:227] INFO min_local_val_loss            1.8761
2026-04-14 01:05:42,734 __init__.py log_once [line:227] INFO max_local_val_loss            2.1007
2026-04-14 01:05:42,734 __init__.py log_once [line:227] INFO local_test_accuracy           0.1485
2026-04-14 01:05:42,734 __init__.py log_once [line:227] INFO mean_local_test_accuracy      0.1756
2026-04-14 01:05:42,734 __init__.py log_once [line:227] INFO std_local_test_accuracy       0.0840
2026-04-14 01:05:42,734 __init__.py log_once [line:227] INFO min_local_test_accuracy       0.0408
2026-04-14 01:05:42,734 __init__.py log_once [line:227] INFO max_local_test_accuracy       0.2647
2026-04-14 01:05:42,734 __init__.py log_once [line:227] INFO local_test_loss               1.9823
2026-04-14 01:05:42,734 __init__.py log_once [line:227] INFO mean_local_test_loss          1.9604
2026-04-14 01:05:42,734 __init__.py log_once [line:227] INFO std_local_test_loss           0.0681
2026-04-14 01:05:42,734 __init__.py log_once [line:227] INFO min_local_test_loss           1.8970
2026-04-14 01:05:42,734 __init__.py log_once [line:227] INFO max_local_test_loss           2.0754
2026-04-14 01:05:42,734 fedbase.py run [line:316] INFO Eval Time Cost:               4.8887s
2026-04-14 01:07:15,116 fedbase.py run [line:311] INFO --------------Round 2--------------
2026-04-14 01:07:19,988 __init__.py log_once [line:227] INFO local_val_accuracy            0.3744
2026-04-14 01:07:19,988 __init__.py log_once [line:227] INFO mean_local_val_accuracy       0.3668
2026-04-14 01:07:19,988 __init__.py log_once [line:227] INFO std_local_val_accuracy        0.0460
2026-04-14 01:07:19,988 __init__.py log_once [line:227] INFO min_local_val_accuracy        0.3024
2026-04-14 01:07:19,988 __init__.py log_once [line:227] INFO max_local_val_accuracy        0.4231
2026-04-14 01:07:19,988 __init__.py log_once [line:227] INFO local_val_loss                1.6205
2026-04-14 01:07:19,988 __init__.py log_once [line:227] INFO mean_local_val_loss           1.6500
2026-04-14 01:07:19,988 __init__.py log_once [line:227] INFO std_local_val_loss            0.1267
2026-04-14 01:07:19,988 __init__.py log_once [line:227] INFO min_local_val_loss            1.5141
2026-04-14 01:07:19,988 __init__.py log_once [line:227] INFO max_local_val_loss            1.7992
2026-04-14 01:07:19,988 __init__.py log_once [line:227] INFO local_test_accuracy           0.3580
2026-04-14 01:07:19,988 __init__.py log_once [line:227] INFO mean_local_test_accuracy      0.3464
2026-04-14 01:07:19,988 __init__.py log_once [line:227] INFO std_local_test_accuracy       0.0700
2026-04-14 01:07:19,988 __init__.py log_once [line:227] INFO min_local_test_accuracy       0.2402
2026-04-14 01:07:19,988 __init__.py log_once [line:227] INFO max_local_test_accuracy       0.4231
2026-04-14 01:07:19,988 __init__.py log_once [line:227] INFO local_test_loss               1.6422
2026-04-14 01:07:19,988 __init__.py log_once [line:227] INFO mean_local_test_loss          1.6716
2026-04-14 01:07:19,988 __init__.py log_once [line:227] INFO std_local_test_loss           0.1611
2026-04-14 01:07:19,988 __init__.py log_once [line:227] INFO min_local_test_loss           1.4840
2026-04-14 01:07:19,988 __init__.py log_once [line:227] INFO max_local_test_loss           1.8967
2026-04-14 01:07:19,988 fedbase.py run [line:316] INFO Eval Time Cost:               4.8720s
2026-04-14 01:08:51,509 fedbase.py run [line:311] INFO --------------Round 3--------------
2026-04-14 01:08:56,455 __init__.py log_once [line:227] INFO local_val_accuracy            0.5926
2026-04-14 01:08:56,455 __init__.py log_once [line:227] INFO mean_local_val_accuracy       0.5677
2026-04-14 01:08:56,455 __init__.py log_once [line:227] INFO std_local_val_accuracy        0.1118
2026-04-14 01:08:56,455 __init__.py log_once [line:227] INFO min_local_val_accuracy        0.3902
2026-04-14 01:08:56,455 __init__.py log_once [line:227] INFO max_local_val_accuracy        0.6997
2026-04-14 01:08:56,455 __init__.py log_once [line:227] INFO local_val_loss                1.1641
2026-04-14 01:08:56,455 __init__.py log_once [line:227] INFO mean_local_val_loss           1.2507
2026-04-14 01:08:56,455 __init__.py log_once [line:227] INFO std_local_val_loss            0.3119
2026-04-14 01:08:56,455 __init__.py log_once [line:227] INFO min_local_val_loss            0.7991
2026-04-14 01:08:56,455 __init__.py log_once [line:227] INFO max_local_val_loss            1.6795
2026-04-14 01:08:56,455 __init__.py log_once [line:227] INFO local_test_accuracy           0.5807
2026-04-14 01:08:56,455 __init__.py log_once [line:227] INFO mean_local_test_accuracy      0.5422
2026-04-14 01:08:56,455 __init__.py log_once [line:227] INFO std_local_test_accuracy       0.1635
2026-04-14 01:08:56,455 __init__.py log_once [line:227] INFO min_local_test_accuracy       0.2941
2026-04-14 01:08:56,455 __init__.py log_once [line:227] INFO max_local_test_accuracy       0.7219
2026-04-14 01:08:56,455 __init__.py log_once [line:227] INFO local_test_loss               1.1880
2026-04-14 01:08:56,456 __init__.py log_once [line:227] INFO mean_local_test_loss          1.2943
2026-04-14 01:08:56,456 __init__.py log_once [line:227] INFO std_local_test_loss           0.3901
2026-04-14 01:08:56,456 __init__.py log_once [line:227] INFO min_local_test_loss           0.8060
2026-04-14 01:08:56,456 __init__.py log_once [line:227] INFO max_local_test_loss           1.8200
2026-04-14 01:08:56,456 fedbase.py run [line:316] INFO Eval Time Cost:               4.9461s
2026-04-14 01:10:28,688 fedbase.py run [line:311] INFO --------------Round 4--------------
2026-04-14 01:10:33,573 __init__.py log_once [line:227] INFO local_val_accuracy            0.6136
2026-04-14 01:10:33,573 __init__.py log_once [line:227] INFO mean_local_val_accuracy       0.5845
2026-04-14 01:10:33,573 __init__.py log_once [line:227] INFO std_local_val_accuracy        0.1033
2026-04-14 01:10:33,573 __init__.py log_once [line:227] INFO min_local_val_accuracy        0.4439
2026-04-14 01:10:33,573 __init__.py log_once [line:227] INFO max_local_val_accuracy        0.7252
2026-04-14 01:10:33,573 __init__.py log_once [line:227] INFO local_val_loss                1.1003
2026-04-14 01:10:33,573 __init__.py log_once [line:227] INFO mean_local_val_loss           1.1828
2026-04-14 01:10:33,573 __init__.py log_once [line:227] INFO std_local_val_loss            0.2941
2026-04-14 01:10:33,573 __init__.py log_once [line:227] INFO min_local_val_loss            0.7574
2026-04-14 01:10:33,573 __init__.py log_once [line:227] INFO max_local_val_loss            1.5857
2026-04-14 01:10:33,573 __init__.py log_once [line:227] INFO local_test_accuracy           0.6208
2026-04-14 01:10:33,573 __init__.py log_once [line:227] INFO mean_local_test_accuracy      0.5838
2026-04-14 01:10:33,573 __init__.py log_once [line:227] INFO std_local_test_accuracy       0.1402
2026-04-14 01:10:33,573 __init__.py log_once [line:227] INFO min_local_test_accuracy       0.3824
2026-04-14 01:10:33,573 __init__.py log_once [line:227] INFO max_local_test_accuracy       0.7602
2026-04-14 01:10:33,573 __init__.py log_once [line:227] INFO local_test_loss               1.1396
2026-04-14 01:10:33,573 __init__.py log_once [line:227] INFO mean_local_test_loss          1.2506
2026-04-14 01:10:33,573 __init__.py log_once [line:227] INFO std_local_test_loss           0.4048
2026-04-14 01:10:33,573 __init__.py log_once [line:227] INFO min_local_test_loss           0.7339
2026-04-14 01:10:33,573 __init__.py log_once [line:227] INFO max_local_test_loss           1.8011
2026-04-14 01:10:33,573 fedbase.py run [line:316] INFO Eval Time Cost:               4.8856s
2026-04-14 01:12:06,223 fedbase.py run [line:311] INFO --------------Round 5--------------
2026-04-14 01:12:11,178 __init__.py log_once [line:227] INFO local_val_accuracy            0.6367
2026-04-14 01:12:11,178 __init__.py log_once [line:227] INFO mean_local_val_accuracy       0.6115
2026-04-14 01:12:11,178 __init__.py log_once [line:227] INFO std_local_val_accuracy        0.0913
2026-04-14 01:12:11,178 __init__.py log_once [line:227] INFO min_local_val_accuracy        0.4829
2026-04-14 01:12:11,178 __init__.py log_once [line:227] INFO max_local_val_accuracy        0.7354
2026-04-14 01:12:11,178 __init__.py log_once [line:227] INFO local_val_loss                1.0668
2026-04-14 01:12:11,178 __init__.py log_once [line:227] INFO mean_local_val_loss           1.1341
2026-04-14 01:12:11,179 __init__.py log_once [line:227] INFO std_local_val_loss            0.2588
2026-04-14 01:12:11,179 __init__.py log_once [line:227] INFO min_local_val_loss            0.7760
2026-04-14 01:12:11,179 __init__.py log_once [line:227] INFO max_local_val_loss            1.5076
2026-04-14 01:12:11,179 __init__.py log_once [line:227] INFO local_test_accuracy           0.6449
2026-04-14 01:12:11,179 __init__.py log_once [line:227] INFO mean_local_test_accuracy      0.6218
2026-04-14 01:12:11,179 __init__.py log_once [line:227] INFO std_local_test_accuracy       0.1057
2026-04-14 01:12:11,179 __init__.py log_once [line:227] INFO min_local_test_accuracy       0.4706
2026-04-14 01:12:11,179 __init__.py log_once [line:227] INFO max_local_test_accuracy       0.7222
2026-04-14 01:12:11,179 __init__.py log_once [line:227] INFO local_test_loss               1.1131
2026-04-14 01:12:11,179 __init__.py log_once [line:227] INFO mean_local_test_loss          1.2027
2026-04-14 01:12:11,179 __init__.py log_once [line:227] INFO std_local_test_loss           0.3446
2026-04-14 01:12:11,179 __init__.py log_once [line:227] INFO min_local_test_loss           0.7892
2026-04-14 01:12:11,179 __init__.py log_once [line:227] INFO max_local_test_loss           1.6894
2026-04-14 01:12:11,179 fedbase.py run [line:316] INFO Eval Time Cost:               4.9558s
2026-04-14 01:13:44,010 fedbase.py run [line:311] INFO --------------Round 6--------------
2026-04-14 01:13:48,884 __init__.py log_once [line:227] INFO local_val_accuracy            0.6467
2026-04-14 01:13:48,884 __init__.py log_once [line:227] INFO mean_local_val_accuracy       0.6184
2026-04-14 01:13:48,884 __init__.py log_once [line:227] INFO std_local_val_accuracy        0.1084
2026-04-14 01:13:48,884 __init__.py log_once [line:227] INFO min_local_val_accuracy        0.4585
2026-04-14 01:13:48,884 __init__.py log_once [line:227] INFO max_local_val_accuracy        0.7608
2026-04-14 01:13:48,884 __init__.py log_once [line:227] INFO local_val_loss                1.0333
2026-04-14 01:13:48,884 __init__.py log_once [line:227] INFO mean_local_val_loss           1.1264
2026-04-14 01:13:48,884 __init__.py log_once [line:227] INFO std_local_val_loss            0.3163
2026-04-14 01:13:48,884 __init__.py log_once [line:227] INFO min_local_val_loss            0.6492
2026-04-14 01:13:48,884 __init__.py log_once [line:227] INFO max_local_val_loss            1.5340
2026-04-14 01:13:48,884 __init__.py log_once [line:227] INFO local_test_accuracy           0.6439
2026-04-14 01:13:48,884 __init__.py log_once [line:227] INFO mean_local_test_accuracy      0.6129
2026-04-14 01:13:48,884 __init__.py log_once [line:227] INFO std_local_test_accuracy       0.1223
2026-04-14 01:13:48,884 __init__.py log_once [line:227] INFO min_local_test_accuracy       0.4412
2026-04-14 01:13:48,884 __init__.py log_once [line:227] INFO max_local_test_accuracy       0.7526
2026-04-14 01:13:48,884 __init__.py log_once [line:227] INFO local_test_loss               1.0957
2026-04-14 01:13:48,884 __init__.py log_once [line:227] INFO mean_local_test_loss          1.2016
2026-04-14 01:13:48,884 __init__.py log_once [line:227] INFO std_local_test_loss           0.3711
2026-04-14 01:13:48,884 __init__.py log_once [line:227] INFO min_local_test_loss           0.7107
2026-04-14 01:13:48,884 __init__.py log_once [line:227] INFO max_local_test_loss           1.6823
2026-04-14 01:13:48,884 fedbase.py run [line:316] INFO Eval Time Cost:               4.8747s
2026-04-14 01:15:21,417 fedbase.py run [line:311] INFO --------------Round 7--------------
2026-04-14 01:15:26,306 __init__.py log_once [line:227] INFO local_val_accuracy            0.6637
2026-04-14 01:15:26,306 __init__.py log_once [line:227] INFO mean_local_val_accuracy       0.6371
2026-04-14 01:15:26,306 __init__.py log_once [line:227] INFO std_local_val_accuracy        0.0965
2026-04-14 01:15:26,306 __init__.py log_once [line:227] INFO min_local_val_accuracy        0.5024
2026-04-14 01:15:26,306 __init__.py log_once [line:227] INFO max_local_val_accuracy        0.7659
2026-04-14 01:15:26,306 __init__.py log_once [line:227] INFO local_val_loss                1.0057
2026-04-14 01:15:26,306 __init__.py log_once [line:227] INFO mean_local_val_loss           1.0859
2026-04-14 01:15:26,306 __init__.py log_once [line:227] INFO std_local_val_loss            0.2765
2026-04-14 01:15:26,306 __init__.py log_once [line:227] INFO min_local_val_loss            0.6636
2026-04-14 01:15:26,306 __init__.py log_once [line:227] INFO max_local_val_loss            1.4395
2026-04-14 01:15:26,306 __init__.py log_once [line:227] INFO local_test_accuracy           0.6569
2026-04-14 01:15:26,306 __init__.py log_once [line:227] INFO mean_local_test_accuracy      0.6343
2026-04-14 01:15:26,306 __init__.py log_once [line:227] INFO std_local_test_accuracy       0.1017
2026-04-14 01:15:26,306 __init__.py log_once [line:227] INFO min_local_test_accuracy       0.4902
2026-04-14 01:15:26,306 __init__.py log_once [line:227] INFO max_local_test_accuracy       0.7308
2026-04-14 01:15:26,306 __init__.py log_once [line:227] INFO local_test_loss               1.0718
2026-04-14 01:15:26,306 __init__.py log_once [line:227] INFO mean_local_test_loss          1.1612
2026-04-14 01:15:26,306 __init__.py log_once [line:227] INFO std_local_test_loss           0.3193
2026-04-14 01:15:26,306 __init__.py log_once [line:227] INFO min_local_test_loss           0.7445
2026-04-14 01:15:26,306 __init__.py log_once [line:227] INFO max_local_test_loss           1.5866
2026-04-14 01:15:26,306 fedbase.py run [line:316] INFO Eval Time Cost:               4.8897s
2026-04-14 01:16:59,880 fedbase.py run [line:311] INFO --------------Round 8--------------
2026-04-14 01:17:04,850 __init__.py log_once [line:227] INFO local_val_accuracy            0.6657
2026-04-14 01:17:04,850 __init__.py log_once [line:227] INFO mean_local_val_accuracy       0.6411
2026-04-14 01:17:04,850 __init__.py log_once [line:227] INFO std_local_val_accuracy        0.0923
2026-04-14 01:17:04,851 __init__.py log_once [line:227] INFO min_local_val_accuracy        0.5073
2026-04-14 01:17:04,851 __init__.py log_once [line:227] INFO max_local_val_accuracy        0.7634
2026-04-14 01:17:04,851 __init__.py log_once [line:227] INFO local_val_loss                1.0281
2026-04-14 01:17:04,851 __init__.py log_once [line:227] INFO mean_local_val_loss           1.1074
2026-04-14 01:17:04,851 __init__.py log_once [line:227] INFO std_local_val_loss            0.2831
2026-04-14 01:17:04,851 __init__.py log_once [line:227] INFO min_local_val_loss            0.6850
2026-04-14 01:17:04,851 __init__.py log_once [line:227] INFO max_local_val_loss            1.4828
2026-04-14 01:17:04,851 __init__.py log_once [line:227] INFO local_test_accuracy           0.6609
2026-04-14 01:17:04,851 __init__.py log_once [line:227] INFO mean_local_test_accuracy      0.6418
2026-04-14 01:17:04,851 __init__.py log_once [line:227] INFO std_local_test_accuracy       0.0910
2026-04-14 01:17:04,851 __init__.py log_once [line:227] INFO min_local_test_accuracy       0.5098
2026-04-14 01:17:04,851 __init__.py log_once [line:227] INFO max_local_test_accuracy       0.7308
2026-04-14 01:17:04,851 __init__.py log_once [line:227] INFO local_test_loss               1.0843
2026-04-14 01:17:04,851 __init__.py log_once [line:227] INFO mean_local_test_loss          1.1705
2026-04-14 01:17:04,851 __init__.py log_once [line:227] INFO std_local_test_loss           0.3078
2026-04-14 01:17:04,851 __init__.py log_once [line:227] INFO min_local_test_loss           0.7709
2026-04-14 01:17:04,851 __init__.py log_once [line:227] INFO max_local_test_loss           1.5782
2026-04-14 01:17:04,851 fedbase.py run [line:316] INFO Eval Time Cost:               4.9709s
2026-04-14 01:18:37,741 fedbase.py run [line:311] INFO --------------Round 9--------------
2026-04-14 01:18:42,622 __init__.py log_once [line:227] INFO local_val_accuracy            0.6747
2026-04-14 01:18:42,622 __init__.py log_once [line:227] INFO mean_local_val_accuracy       0.6537
2026-04-14 01:18:42,622 __init__.py log_once [line:227] INFO std_local_val_accuracy        0.0862
2026-04-14 01:18:42,622 __init__.py log_once [line:227] INFO min_local_val_accuracy        0.5220
2026-04-14 01:18:42,622 __init__.py log_once [line:227] INFO max_local_val_accuracy        0.7634
2026-04-14 01:18:42,622 __init__.py log_once [line:227] INFO local_val_loss                1.0271
2026-04-14 01:18:42,622 __init__.py log_once [line:227] INFO mean_local_val_loss           1.1089
2026-04-14 01:18:42,622 __init__.py log_once [line:227] INFO std_local_val_loss            0.2911
2026-04-14 01:18:42,622 __init__.py log_once [line:227] INFO min_local_val_loss            0.6651
2026-04-14 01:18:42,622 __init__.py log_once [line:227] INFO max_local_val_loss            1.4797
2026-04-14 01:18:42,622 __init__.py log_once [line:227] INFO local_test_accuracy           0.6639
2026-04-14 01:18:42,622 __init__.py log_once [line:227] INFO mean_local_test_accuracy      0.6408
2026-04-14 01:18:42,622 __init__.py log_once [line:227] INFO std_local_test_accuracy       0.1031
2026-04-14 01:18:42,622 __init__.py log_once [line:227] INFO min_local_test_accuracy       0.4853
2026-04-14 01:18:42,622 __init__.py log_once [line:227] INFO max_local_test_accuracy       0.7449
2026-04-14 01:18:42,622 __init__.py log_once [line:227] INFO local_test_loss               1.0890
2026-04-14 01:18:42,622 __init__.py log_once [line:227] INFO mean_local_test_loss          1.1734
2026-04-14 01:18:42,622 __init__.py log_once [line:227] INFO std_local_test_loss           0.3040
2026-04-14 01:18:42,622 __init__.py log_once [line:227] INFO min_local_test_loss           0.7703
2026-04-14 01:18:42,622 __init__.py log_once [line:227] INFO max_local_test_loss           1.5917
2026-04-14 01:18:42,622 fedbase.py run [line:316] INFO Eval Time Cost:               4.8814s
