2026-04-10 02:17:38,915 fflow.py init [line:848] INFO PROCESS ID:	1228
2026-04-10 02:17:38,915 fflow.py init [line:849] INFO Initializing devices: cuda:0 will be used for this running.
2026-04-10 02:17:38,915 fflow.py init [line:852] INFO BENCHMARK:	task.PACS_c4
2026-04-10 02:17:38,915 fflow.py init [line:853] INFO TASK:			task/PACS_c4
2026-04-10 02:17:38,915 fflow.py init [line:854] INFO MODEL:		algorithm.feddsa_fixbn
2026-04-10 02:17:38,915 fflow.py init [line:855] INFO ALGORITHM:	feddsa_fixbn
2026-04-10 02:17:38,917 fflow.py init [line:901] INFO SCENE:		horizontal FL with 1 <class 'algorithm.feddsa_fixbn.Server'>, 4 <class 'algorithm.feddsa_fixbn.Client'>
2026-04-10 02:17:39,233 fflow.py init [line:918] INFO SIMULATOR:	<class 'flgo.simulator.default_simulator.Simulator'>
2026-04-10 02:17:39,418 fflow.py init [line:931] INFO Ready to start.
2026-04-10 02:17:39,419 fedbase.py run [line:300] INFO --------------Initial Evaluation--------------
2026-04-10 02:17:47,352 __init__.py log_once [line:227] INFO local_val_accuracy            0.1692
2026-04-10 02:17:47,352 __init__.py log_once [line:227] INFO mean_local_val_accuracy       0.1617
2026-04-10 02:17:47,352 __init__.py log_once [line:227] INFO std_local_val_accuracy        0.0272
2026-04-10 02:17:47,352 __init__.py log_once [line:227] INFO min_local_val_accuracy        0.1198
2026-04-10 02:17:47,352 __init__.py log_once [line:227] INFO max_local_val_accuracy        0.1934
2026-04-10 02:17:47,352 __init__.py log_once [line:227] INFO local_val_loss                1.9416
2026-04-10 02:17:47,352 __init__.py log_once [line:227] INFO mean_local_val_loss           1.9405
2026-04-10 02:17:47,352 __init__.py log_once [line:227] INFO std_local_val_loss            0.0033
2026-04-10 02:17:47,352 __init__.py log_once [line:227] INFO min_local_val_loss            1.9376
2026-04-10 02:17:47,352 __init__.py log_once [line:227] INFO max_local_val_loss            1.9460
2026-04-10 02:17:47,353 __init__.py log_once [line:227] INFO local_test_accuracy           0.1956
2026-04-10 02:17:47,353 __init__.py log_once [line:227] INFO mean_local_test_accuracy      0.1837
2026-04-10 02:17:47,353 __init__.py log_once [line:227] INFO std_local_test_accuracy       0.0409
2026-04-10 02:17:47,353 __init__.py log_once [line:227] INFO min_local_test_accuracy       0.1257
2026-04-10 02:17:47,353 __init__.py log_once [line:227] INFO max_local_test_accuracy       0.2372
2026-04-10 02:17:47,353 __init__.py log_once [line:227] INFO local_test_loss               1.9397
2026-04-10 02:17:47,353 __init__.py log_once [line:227] INFO mean_local_test_loss          1.9402
2026-04-10 02:17:47,353 __init__.py log_once [line:227] INFO std_local_test_loss           0.0021
2026-04-10 02:17:47,353 __init__.py log_once [line:227] INFO min_local_test_loss           1.9381
2026-04-10 02:17:47,353 __init__.py log_once [line:227] INFO max_local_test_loss           1.9428
2026-04-10 02:17:47,353 fedbase.py run [line:303] INFO Eval Time Cost:               7.9345s
2026-04-10 02:20:17,869 fedbase.py run [line:311] INFO --------------Round 1--------------
2026-04-10 02:20:26,076 __init__.py log_once [line:227] INFO local_val_accuracy            0.5085
2026-04-10 02:20:26,076 __init__.py log_once [line:227] INFO mean_local_val_accuracy       0.5051
2026-04-10 02:20:26,076 __init__.py log_once [line:227] INFO std_local_val_accuracy        0.0716
2026-04-10 02:20:26,076 __init__.py log_once [line:227] INFO min_local_val_accuracy        0.3854
2026-04-10 02:20:26,077 __init__.py log_once [line:227] INFO max_local_val_accuracy        0.5749
2026-04-10 02:20:26,077 __init__.py log_once [line:227] INFO local_val_loss                1.9582
2026-04-10 02:20:26,077 __init__.py log_once [line:227] INFO mean_local_val_loss           1.8342
2026-04-10 02:20:26,077 __init__.py log_once [line:227] INFO std_local_val_loss            0.4567
2026-04-10 02:20:26,077 __init__.py log_once [line:227] INFO min_local_val_loss            1.1882
2026-04-10 02:20:26,077 __init__.py log_once [line:227] INFO max_local_val_loss            2.3912
2026-04-10 02:20:26,077 __init__.py log_once [line:227] INFO local_test_accuracy           0.4743
2026-04-10 02:20:26,077 __init__.py log_once [line:227] INFO mean_local_test_accuracy      0.4717
2026-04-10 02:20:26,077 __init__.py log_once [line:227] INFO std_local_test_accuracy       0.0992
2026-04-10 02:20:26,077 __init__.py log_once [line:227] INFO min_local_test_accuracy       0.3284
2026-04-10 02:20:26,077 __init__.py log_once [line:227] INFO max_local_test_accuracy       0.5988
2026-04-10 02:20:26,077 __init__.py log_once [line:227] INFO local_test_loss               2.0596
2026-04-10 02:20:26,077 __init__.py log_once [line:227] INFO mean_local_test_loss          1.9576
2026-04-10 02:20:26,077 __init__.py log_once [line:227] INFO std_local_test_loss           0.5057
2026-04-10 02:20:26,077 __init__.py log_once [line:227] INFO min_local_test_loss           1.1498
2026-04-10 02:20:26,077 __init__.py log_once [line:227] INFO max_local_test_loss           2.4253
2026-04-10 02:20:26,077 fedbase.py run [line:316] INFO Eval Time Cost:               8.2072s
