2026-04-10 00:40:01,006 fflow.py init [line:848] INFO PROCESS ID:	47566
2026-04-10 00:40:01,006 fflow.py init [line:849] INFO Initializing devices: cuda:0 will be used for this running.
2026-04-10 00:40:01,006 fflow.py init [line:852] INFO BENCHMARK:	task.PACS_c4
2026-04-10 00:40:01,006 fflow.py init [line:853] INFO TASK:			task/PACS_c4
2026-04-10 00:40:01,006 fflow.py init [line:854] INFO MODEL:		algorithm.feddsa_fixbn
2026-04-10 00:40:01,006 fflow.py init [line:855] INFO ALGORITHM:	feddsa_fixbn
2026-04-10 00:40:01,008 fflow.py init [line:901] INFO SCENE:		horizontal FL with 1 <class 'algorithm.feddsa_fixbn.Server'>, 4 <class 'algorithm.feddsa_fixbn.Client'>
2026-04-10 00:40:01,320 fflow.py init [line:918] INFO SIMULATOR:	<class 'flgo.simulator.default_simulator.Simulator'>
2026-04-10 00:40:01,507 fflow.py init [line:931] INFO Ready to start.
2026-04-10 00:40:01,508 fedbase.py run [line:300] INFO --------------Initial Evaluation--------------
2026-04-10 00:40:08,892 __init__.py log_once [line:227] INFO local_val_accuracy            0.1522
2026-04-10 00:40:08,893 __init__.py log_once [line:227] INFO mean_local_val_accuracy       0.1490
2026-04-10 00:40:08,893 __init__.py log_once [line:227] INFO std_local_val_accuracy        0.0212
2026-04-10 00:40:08,893 __init__.py log_once [line:227] INFO min_local_val_accuracy        0.1268
2026-04-10 00:40:08,893 __init__.py log_once [line:227] INFO max_local_val_accuracy        0.1795
2026-04-10 00:40:08,893 __init__.py log_once [line:227] INFO local_val_loss                1.9428
2026-04-10 00:40:08,893 __init__.py log_once [line:227] INFO mean_local_val_loss           1.9468
2026-04-10 00:40:08,893 __init__.py log_once [line:227] INFO std_local_val_loss            0.0126
2026-04-10 00:40:08,893 __init__.py log_once [line:227] INFO min_local_val_loss            1.9255
2026-04-10 00:40:08,893 __init__.py log_once [line:227] INFO max_local_val_loss            1.9581
2026-04-10 00:40:08,893 __init__.py log_once [line:227] INFO local_test_accuracy           0.1705
2026-04-10 00:40:08,893 __init__.py log_once [line:227] INFO mean_local_test_accuracy      0.1591
2026-04-10 00:40:08,893 __init__.py log_once [line:227] INFO std_local_test_accuracy       0.0546
2026-04-10 00:40:08,893 __init__.py log_once [line:227] INFO min_local_test_accuracy       0.1029
2026-04-10 00:40:08,893 __init__.py log_once [line:227] INFO max_local_test_accuracy       0.2265
2026-04-10 00:40:08,893 __init__.py log_once [line:227] INFO local_test_loss               1.9431
2026-04-10 00:40:08,893 __init__.py log_once [line:227] INFO mean_local_test_loss          1.9488
2026-04-10 00:40:08,893 __init__.py log_once [line:227] INFO std_local_test_loss           0.0177
2026-04-10 00:40:08,893 __init__.py log_once [line:227] INFO min_local_test_loss           1.9206
2026-04-10 00:40:08,893 __init__.py log_once [line:227] INFO max_local_test_loss           1.9674
2026-04-10 00:40:08,893 fedbase.py run [line:303] INFO Eval Time Cost:               7.3858s
2026-04-10 00:42:36,747 fedbase.py run [line:311] INFO --------------Round 1--------------
2026-04-10 00:42:44,026 __init__.py log_once [line:227] INFO local_val_accuracy            0.4775
2026-04-10 00:42:44,027 __init__.py log_once [line:227] INFO mean_local_val_accuracy       0.4230
2026-04-10 00:42:44,027 __init__.py log_once [line:227] INFO std_local_val_accuracy        0.1753
2026-04-10 00:42:44,027 __init__.py log_once [line:227] INFO min_local_val_accuracy        0.2244
2026-04-10 00:42:44,027 __init__.py log_once [line:227] INFO max_local_val_accuracy        0.7048
2026-04-10 00:42:44,027 __init__.py log_once [line:227] INFO local_val_loss                2.1898
2026-04-10 00:42:44,027 __init__.py log_once [line:227] INFO mean_local_val_loss           2.4943
2026-04-10 00:42:44,027 __init__.py log_once [line:227] INFO std_local_val_loss            1.0924
2026-04-10 00:42:44,027 __init__.py log_once [line:227] INFO min_local_val_loss            0.9043
2026-04-10 00:42:44,027 __init__.py log_once [line:227] INFO max_local_val_loss            3.9879
2026-04-10 00:42:44,027 __init__.py log_once [line:227] INFO local_test_accuracy           0.4704
2026-04-10 00:42:44,028 __init__.py log_once [line:227] INFO mean_local_test_accuracy      0.4207
2026-04-10 00:42:44,028 __init__.py log_once [line:227] INFO std_local_test_accuracy       0.1667
2026-04-10 00:42:44,028 __init__.py log_once [line:227] INFO min_local_test_accuracy       0.2108
2026-04-10 00:42:44,028 __init__.py log_once [line:227] INFO max_local_test_accuracy       0.6760
2026-04-10 00:42:44,028 __init__.py log_once [line:227] INFO local_test_loss               2.1014
2026-04-10 00:42:44,028 __init__.py log_once [line:227] INFO mean_local_test_loss          2.3818
2026-04-10 00:42:44,028 __init__.py log_once [line:227] INFO std_local_test_loss           1.0544
2026-04-10 00:42:44,028 __init__.py log_once [line:227] INFO min_local_test_loss           0.9248
2026-04-10 00:42:44,028 __init__.py log_once [line:227] INFO max_local_test_loss           3.8996
2026-04-10 00:42:44,028 fedbase.py run [line:316] INFO Eval Time Cost:               7.2811s
