2026-04-10 00:39:59,021 fflow.py init [line:848] INFO PROCESS ID:	47467
2026-04-10 00:39:59,021 fflow.py init [line:849] INFO Initializing devices: cuda:0 will be used for this running.
2026-04-10 00:39:59,022 fflow.py init [line:852] INFO BENCHMARK:	task.PACS_c4
2026-04-10 00:39:59,022 fflow.py init [line:853] INFO TASK:			task/PACS_c4
2026-04-10 00:39:59,022 fflow.py init [line:854] INFO MODEL:		algorithm.feddsa_fixbn
2026-04-10 00:39:59,022 fflow.py init [line:855] INFO ALGORITHM:	feddsa_fixbn
2026-04-10 00:39:59,024 fflow.py init [line:901] INFO SCENE:		horizontal FL with 1 <class 'algorithm.feddsa_fixbn.Server'>, 4 <class 'algorithm.feddsa_fixbn.Client'>
2026-04-10 00:39:59,328 fflow.py init [line:918] INFO SIMULATOR:	<class 'flgo.simulator.default_simulator.Simulator'>
2026-04-10 00:39:59,511 fflow.py init [line:931] INFO Ready to start.
2026-04-10 00:39:59,512 fedbase.py run [line:300] INFO --------------Initial Evaluation--------------
2026-04-10 00:40:07,392 __init__.py log_once [line:227] INFO local_val_accuracy            0.1692
2026-04-10 00:40:07,392 __init__.py log_once [line:227] INFO mean_local_val_accuracy       0.1617
2026-04-10 00:40:07,392 __init__.py log_once [line:227] INFO std_local_val_accuracy        0.0272
2026-04-10 00:40:07,392 __init__.py log_once [line:227] INFO min_local_val_accuracy        0.1198
2026-04-10 00:40:07,392 __init__.py log_once [line:227] INFO max_local_val_accuracy        0.1934
2026-04-10 00:40:07,392 __init__.py log_once [line:227] INFO local_val_loss                1.9416
2026-04-10 00:40:07,392 __init__.py log_once [line:227] INFO mean_local_val_loss           1.9405
2026-04-10 00:40:07,392 __init__.py log_once [line:227] INFO std_local_val_loss            0.0033
2026-04-10 00:40:07,392 __init__.py log_once [line:227] INFO min_local_val_loss            1.9376
2026-04-10 00:40:07,392 __init__.py log_once [line:227] INFO max_local_val_loss            1.9460
2026-04-10 00:40:07,392 __init__.py log_once [line:227] INFO local_test_accuracy           0.1956
2026-04-10 00:40:07,392 __init__.py log_once [line:227] INFO mean_local_test_accuracy      0.1837
2026-04-10 00:40:07,392 __init__.py log_once [line:227] INFO std_local_test_accuracy       0.0409
2026-04-10 00:40:07,392 __init__.py log_once [line:227] INFO min_local_test_accuracy       0.1257
2026-04-10 00:40:07,393 __init__.py log_once [line:227] INFO max_local_test_accuracy       0.2372
2026-04-10 00:40:07,393 __init__.py log_once [line:227] INFO local_test_loss               1.9397
2026-04-10 00:40:07,393 __init__.py log_once [line:227] INFO mean_local_test_loss          1.9402
2026-04-10 00:40:07,393 __init__.py log_once [line:227] INFO std_local_test_loss           0.0021
2026-04-10 00:40:07,393 __init__.py log_once [line:227] INFO min_local_test_loss           1.9381
2026-04-10 00:40:07,393 __init__.py log_once [line:227] INFO max_local_test_loss           1.9428
2026-04-10 00:40:07,393 fedbase.py run [line:303] INFO Eval Time Cost:               7.8813s
2026-04-10 00:42:36,027 fedbase.py run [line:311] INFO --------------Round 1--------------
2026-04-10 00:42:43,477 __init__.py log_once [line:227] INFO local_val_accuracy            0.4825
2026-04-10 00:42:43,477 __init__.py log_once [line:227] INFO mean_local_val_accuracy       0.4527
2026-04-10 00:42:43,477 __init__.py log_once [line:227] INFO std_local_val_accuracy        0.0899
2026-04-10 00:42:43,477 __init__.py log_once [line:227] INFO min_local_val_accuracy        0.3353
2026-04-10 00:42:43,477 __init__.py log_once [line:227] INFO max_local_val_accuracy        0.5852
2026-04-10 00:42:43,477 __init__.py log_once [line:227] INFO local_val_loss                1.7884
2026-04-10 00:42:43,477 __init__.py log_once [line:227] INFO mean_local_val_loss           1.9163
2026-04-10 00:42:43,477 __init__.py log_once [line:227] INFO std_local_val_loss            0.5077
2026-04-10 00:42:43,477 __init__.py log_once [line:227] INFO min_local_val_loss            1.2298
2026-04-10 00:42:43,477 __init__.py log_once [line:227] INFO max_local_val_loss            2.4794
2026-04-10 00:42:43,477 __init__.py log_once [line:227] INFO local_test_accuracy           0.4854
2026-04-10 00:42:43,477 __init__.py log_once [line:227] INFO mean_local_test_accuracy      0.4602
2026-04-10 00:42:43,477 __init__.py log_once [line:227] INFO std_local_test_accuracy       0.0876
2026-04-10 00:42:43,478 __init__.py log_once [line:227] INFO min_local_test_accuracy       0.3529
2026-04-10 00:42:43,478 __init__.py log_once [line:227] INFO max_local_test_accuracy       0.5740
2026-04-10 00:42:43,478 __init__.py log_once [line:227] INFO local_test_loss               1.8078
2026-04-10 00:42:43,478 __init__.py log_once [line:227] INFO mean_local_test_loss          1.9346
2026-04-10 00:42:43,478 __init__.py log_once [line:227] INFO std_local_test_loss           0.3987
2026-04-10 00:42:43,478 __init__.py log_once [line:227] INFO min_local_test_loss           1.2652
2026-04-10 00:42:43,478 __init__.py log_once [line:227] INFO max_local_test_loss           2.2612
2026-04-10 00:42:43,478 fedbase.py run [line:316] INFO Eval Time Cost:               7.4501s
