2026-04-09 00:40:51,315 fflow.py init [line:848] INFO PROCESS ID:	134040
2026-04-09 00:40:51,315 fflow.py init [line:849] INFO Initializing devices: cuda:0 will be used for this running.
2026-04-09 00:40:51,315 fflow.py init [line:852] INFO BENCHMARK:	task.PACS_c4
2026-04-09 00:40:51,315 fflow.py init [line:853] INFO TASK:			task/PACS_c4
2026-04-09 00:40:51,315 fflow.py init [line:854] INFO MODEL:		algorithm.fdse
2026-04-09 00:40:51,315 fflow.py init [line:855] INFO ALGORITHM:	fdse
2026-04-09 00:40:51,318 fflow.py init [line:901] INFO SCENE:		horizontal FL with 1 <class 'algorithm.fdse.Server'>, 4 <class 'algorithm.fdse.Client'>
2026-04-09 00:40:51,724 fflow.py init [line:918] INFO SIMULATOR:	<class 'flgo.simulator.default_simulator.Simulator'>
2026-04-09 00:40:51,893 fflow.py init [line:931] INFO Ready to start.
2026-04-09 00:40:51,893 fedbase.py run [line:300] INFO --------------Initial Evaluation--------------
2026-04-09 00:40:59,978 __init__.py log_once [line:227] INFO local_val_accuracy            0.0841
2026-04-09 00:40:59,978 __init__.py log_once [line:227] INFO mean_local_val_accuracy       0.1016
2026-04-09 00:40:59,979 __init__.py log_once [line:227] INFO std_local_val_accuracy        0.0515
2026-04-09 00:40:59,979 __init__.py log_once [line:227] INFO min_local_val_accuracy        0.0204
2026-04-09 00:40:59,979 __init__.py log_once [line:227] INFO max_local_val_accuracy        0.1617
2026-04-09 00:40:59,979 __init__.py log_once [line:227] INFO local_val_loss                1.9469
2026-04-09 00:40:59,979 __init__.py log_once [line:227] INFO mean_local_val_loss           1.9456
2026-04-09 00:40:59,979 __init__.py log_once [line:227] INFO std_local_val_loss            0.0038
2026-04-09 00:40:59,979 __init__.py log_once [line:227] INFO min_local_val_loss            1.9410
2026-04-09 00:40:59,979 __init__.py log_once [line:227] INFO max_local_val_loss            1.9516
2026-04-09 00:40:59,979 __init__.py log_once [line:227] INFO local_test_accuracy           0.0832
2026-04-09 00:40:59,979 __init__.py log_once [line:227] INFO mean_local_test_accuracy      0.1000
2026-04-09 00:40:59,979 __init__.py log_once [line:227] INFO std_local_test_accuracy       0.0488
2026-04-09 00:40:59,979 __init__.py log_once [line:227] INFO min_local_test_accuracy       0.0179
2026-04-09 00:40:59,979 __init__.py log_once [line:227] INFO max_local_test_accuracy       0.1437
2026-04-09 00:40:59,979 __init__.py log_once [line:227] INFO local_test_loss               1.9470
2026-04-09 00:40:59,979 __init__.py log_once [line:227] INFO mean_local_test_loss          1.9462
2026-04-09 00:40:59,979 __init__.py log_once [line:227] INFO std_local_test_loss           0.0027
2026-04-09 00:40:59,979 __init__.py log_once [line:227] INFO min_local_test_loss           1.9431
2026-04-09 00:40:59,979 __init__.py log_once [line:227] INFO max_local_test_loss           1.9503
2026-04-09 00:40:59,979 fedbase.py run [line:303] INFO Eval Time Cost:               8.0865s
2026-04-09 00:43:22,208 fedbase.py run [line:311] INFO --------------Round 1--------------
2026-04-09 00:43:28,883 __init__.py log_once [line:227] INFO local_val_accuracy            0.6727
2026-04-09 00:43:28,883 __init__.py log_once [line:227] INFO mean_local_val_accuracy       0.6583
2026-04-09 00:43:28,883 __init__.py log_once [line:227] INFO std_local_val_accuracy        0.1296
2026-04-09 00:43:28,883 __init__.py log_once [line:227] INFO min_local_val_accuracy        0.4341
2026-04-09 00:43:28,883 __init__.py log_once [line:227] INFO max_local_val_accuracy        0.7393
2026-04-09 00:43:28,883 __init__.py log_once [line:227] INFO local_val_loss                1.0355
2026-04-09 00:43:28,883 __init__.py log_once [line:227] INFO mean_local_val_loss           1.1013
2026-04-09 00:43:28,883 __init__.py log_once [line:227] INFO std_local_val_loss            0.4654
2026-04-09 00:43:28,883 __init__.py log_once [line:227] INFO min_local_val_loss            0.7163
2026-04-09 00:43:28,883 __init__.py log_once [line:227] INFO max_local_val_loss            1.8919
2026-04-09 00:43:28,883 __init__.py log_once [line:227] INFO local_test_accuracy           0.6759
2026-04-09 00:43:28,884 __init__.py log_once [line:227] INFO mean_local_test_accuracy      0.6575
2026-04-09 00:43:28,884 __init__.py log_once [line:227] INFO std_local_test_accuracy       0.1261
2026-04-09 00:43:28,884 __init__.py log_once [line:227] INFO min_local_test_accuracy       0.4461
2026-04-09 00:43:28,884 __init__.py log_once [line:227] INFO max_local_test_accuracy       0.7679
2026-04-09 00:43:28,884 __init__.py log_once [line:227] INFO local_test_loss               1.0889
2026-04-09 00:43:28,884 __init__.py log_once [line:227] INFO mean_local_test_loss          1.1669
2026-04-09 00:43:28,884 __init__.py log_once [line:227] INFO std_local_test_loss           0.4737
2026-04-09 00:43:28,884 __init__.py log_once [line:227] INFO min_local_test_loss           0.7225
2026-04-09 00:43:28,884 __init__.py log_once [line:227] INFO max_local_test_loss           1.9613
2026-04-09 00:43:28,884 fedbase.py run [line:316] INFO Eval Time Cost:               6.6755s
2026-04-09 00:45:56,973 fedbase.py run [line:311] INFO --------------Round 2--------------
2026-04-09 00:46:03,816 __init__.py log_once [line:227] INFO local_val_accuracy            0.7778
2026-04-09 00:46:03,816 __init__.py log_once [line:227] INFO mean_local_val_accuracy       0.7549
2026-04-09 00:46:03,816 __init__.py log_once [line:227] INFO std_local_val_accuracy        0.1067
2026-04-09 00:46:03,816 __init__.py log_once [line:227] INFO min_local_val_accuracy        0.5854
2026-04-09 00:46:03,816 __init__.py log_once [line:227] INFO max_local_val_accuracy        0.8804
2026-04-09 00:46:03,816 __init__.py log_once [line:227] INFO local_val_loss                0.7173
2026-04-09 00:46:03,816 __init__.py log_once [line:227] INFO mean_local_val_loss           0.7937
2026-04-09 00:46:03,816 __init__.py log_once [line:227] INFO std_local_val_loss            0.3669
2026-04-09 00:46:03,816 __init__.py log_once [line:227] INFO min_local_val_loss            0.3576
2026-04-09 00:46:03,816 __init__.py log_once [line:227] INFO max_local_val_loss            1.3658
2026-04-09 00:46:03,816 __init__.py log_once [line:227] INFO local_test_accuracy           0.7421
2026-04-09 00:46:03,816 __init__.py log_once [line:227] INFO mean_local_test_accuracy      0.7157
2026-04-09 00:46:03,816 __init__.py log_once [line:227] INFO std_local_test_accuracy       0.1293
2026-04-09 00:46:03,816 __init__.py log_once [line:227] INFO min_local_test_accuracy       0.5049
2026-04-09 00:46:03,817 __init__.py log_once [line:227] INFO max_local_test_accuracy       0.8571
2026-04-09 00:46:03,817 __init__.py log_once [line:227] INFO local_test_loss               0.8635
2026-04-09 00:46:03,817 __init__.py log_once [line:227] INFO mean_local_test_loss          0.9574
2026-04-09 00:46:03,817 __init__.py log_once [line:227] INFO std_local_test_loss           0.4111
2026-04-09 00:46:03,817 __init__.py log_once [line:227] INFO min_local_test_loss           0.4510
2026-04-09 00:46:03,817 __init__.py log_once [line:227] INFO max_local_test_loss           1.5978
2026-04-09 00:46:03,817 fedbase.py run [line:316] INFO Eval Time Cost:               6.8434s
2026-04-09 00:48:35,104 fedbase.py run [line:311] INFO --------------Round 3--------------
2026-04-09 00:48:42,080 __init__.py log_once [line:227] INFO local_val_accuracy            0.7968
2026-04-09 00:48:42,081 __init__.py log_once [line:227] INFO mean_local_val_accuracy       0.7758
2026-04-09 00:48:42,081 __init__.py log_once [line:227] INFO std_local_val_accuracy        0.0975
2026-04-09 00:48:42,081 __init__.py log_once [line:227] INFO min_local_val_accuracy        0.6195
2026-04-09 00:48:42,081 __init__.py log_once [line:227] INFO max_local_val_accuracy        0.8880
2026-04-09 00:48:42,081 __init__.py log_once [line:227] INFO local_val_loss                0.6612
2026-04-09 00:48:42,081 __init__.py log_once [line:227] INFO mean_local_val_loss           0.7376
2026-04-09 00:48:42,081 __init__.py log_once [line:227] INFO std_local_val_loss            0.3547
2026-04-09 00:48:42,081 __init__.py log_once [line:227] INFO min_local_val_loss            0.3135
2026-04-09 00:48:42,081 __init__.py log_once [line:227] INFO max_local_val_loss            1.2952
2026-04-09 00:48:42,081 __init__.py log_once [line:227] INFO local_test_accuracy           0.7592
2026-04-09 00:48:42,081 __init__.py log_once [line:227] INFO mean_local_test_accuracy      0.7300
2026-04-09 00:48:42,081 __init__.py log_once [line:227] INFO std_local_test_accuracy       0.1146
2026-04-09 00:48:42,081 __init__.py log_once [line:227] INFO min_local_test_accuracy       0.5588
2026-04-09 00:48:42,081 __init__.py log_once [line:227] INFO max_local_test_accuracy       0.8801
2026-04-09 00:48:42,081 __init__.py log_once [line:227] INFO local_test_loss               0.8002
2026-04-09 00:48:42,081 __init__.py log_once [line:227] INFO mean_local_test_loss          0.8961
2026-04-09 00:48:42,081 __init__.py log_once [line:227] INFO std_local_test_loss           0.4049
2026-04-09 00:48:42,081 __init__.py log_once [line:227] INFO min_local_test_loss           0.3961
2026-04-09 00:48:42,081 __init__.py log_once [line:227] INFO max_local_test_loss           1.5247
2026-04-09 00:48:42,081 fedbase.py run [line:316] INFO Eval Time Cost:               6.9773s
2026-04-09 00:51:12,362 fedbase.py run [line:311] INFO --------------Round 4--------------
2026-04-09 00:51:19,513 __init__.py log_once [line:227] INFO local_val_accuracy            0.7918
2026-04-09 00:51:19,513 __init__.py log_once [line:227] INFO mean_local_val_accuracy       0.7680
2026-04-09 00:51:19,513 __init__.py log_once [line:227] INFO std_local_val_accuracy        0.1079
2026-04-09 00:51:19,513 __init__.py log_once [line:227] INFO min_local_val_accuracy        0.5951
2026-04-09 00:51:19,514 __init__.py log_once [line:227] INFO max_local_val_accuracy        0.8906
2026-04-09 00:51:19,514 __init__.py log_once [line:227] INFO local_val_loss                0.6983
2026-04-09 00:51:19,514 __init__.py log_once [line:227] INFO mean_local_val_loss           0.7873
2026-04-09 00:51:19,514 __init__.py log_once [line:227] INFO std_local_val_loss            0.3812
2026-04-09 00:51:19,514 __init__.py log_once [line:227] INFO min_local_val_loss            0.3341
2026-04-09 00:51:19,514 __init__.py log_once [line:227] INFO max_local_val_loss            1.3851
2026-04-09 00:51:19,514 __init__.py log_once [line:227] INFO local_test_accuracy           0.7642
2026-04-09 00:51:19,514 __init__.py log_once [line:227] INFO mean_local_test_accuracy      0.7367
2026-04-09 00:51:19,514 __init__.py log_once [line:227] INFO std_local_test_accuracy       0.1192
2026-04-09 00:51:19,514 __init__.py log_once [line:227] INFO min_local_test_accuracy       0.5490
2026-04-09 00:51:19,514 __init__.py log_once [line:227] INFO max_local_test_accuracy       0.8750
2026-04-09 00:51:19,514 __init__.py log_once [line:227] INFO local_test_loss               0.8104
2026-04-09 00:51:19,514 __init__.py log_once [line:227] INFO mean_local_test_loss          0.9126
2026-04-09 00:51:19,514 __init__.py log_once [line:227] INFO std_local_test_loss           0.4296
2026-04-09 00:51:19,514 __init__.py log_once [line:227] INFO min_local_test_loss           0.3953
2026-04-09 00:51:19,514 __init__.py log_once [line:227] INFO max_local_test_loss           1.5805
2026-04-09 00:51:19,514 fedbase.py run [line:316] INFO Eval Time Cost:               7.1516s
2026-04-09 00:53:49,416 fedbase.py run [line:311] INFO --------------Round 5--------------
2026-04-09 00:53:56,630 __init__.py log_once [line:227] INFO local_val_accuracy            0.7908
2026-04-09 00:53:56,630 __init__.py log_once [line:227] INFO mean_local_val_accuracy       0.7695
2026-04-09 00:53:56,630 __init__.py log_once [line:227] INFO std_local_val_accuracy        0.1063
2026-04-09 00:53:56,630 __init__.py log_once [line:227] INFO min_local_val_accuracy        0.5951
2026-04-09 00:53:56,630 __init__.py log_once [line:227] INFO max_local_val_accuracy        0.8753
2026-04-09 00:53:56,630 __init__.py log_once [line:227] INFO local_val_loss                0.6887
2026-04-09 00:53:56,630 __init__.py log_once [line:227] INFO mean_local_val_loss           0.7768
2026-04-09 00:53:56,630 __init__.py log_once [line:227] INFO std_local_val_loss            0.3673
2026-04-09 00:53:56,631 __init__.py log_once [line:227] INFO min_local_val_loss            0.3294
2026-04-09 00:53:56,631 __init__.py log_once [line:227] INFO max_local_val_loss            1.3457
2026-04-09 00:53:56,631 __init__.py log_once [line:227] INFO local_test_accuracy           0.7923
2026-04-09 00:53:56,631 __init__.py log_once [line:227] INFO mean_local_test_accuracy      0.7673
2026-04-09 00:53:56,631 __init__.py log_once [line:227] INFO std_local_test_accuracy       0.0981
2026-04-09 00:53:56,631 __init__.py log_once [line:227] INFO min_local_test_accuracy       0.6225
2026-04-09 00:53:56,631 __init__.py log_once [line:227] INFO max_local_test_accuracy       0.8878
2026-04-09 00:53:56,631 __init__.py log_once [line:227] INFO local_test_loss               0.8186
2026-04-09 00:53:56,631 __init__.py log_once [line:227] INFO mean_local_test_loss          0.9198
2026-04-09 00:53:56,631 __init__.py log_once [line:227] INFO std_local_test_loss           0.3898
2026-04-09 00:53:56,631 __init__.py log_once [line:227] INFO min_local_test_loss           0.4209
2026-04-09 00:53:56,631 __init__.py log_once [line:227] INFO max_local_test_loss           1.4950
2026-04-09 00:53:56,631 fedbase.py run [line:316] INFO Eval Time Cost:               7.2147s
2026-04-09 00:56:28,709 fedbase.py run [line:311] INFO --------------Round 6--------------
2026-04-09 00:56:35,543 __init__.py log_once [line:227] INFO local_val_accuracy            0.8048
2026-04-09 00:56:35,544 __init__.py log_once [line:227] INFO mean_local_val_accuracy       0.7865
2026-04-09 00:56:35,544 __init__.py log_once [line:227] INFO std_local_val_accuracy        0.0795
2026-04-09 00:56:35,544 __init__.py log_once [line:227] INFO min_local_val_accuracy        0.6634
2026-04-09 00:56:35,544 __init__.py log_once [line:227] INFO max_local_val_accuracy        0.8855
2026-04-09 00:56:35,544 __init__.py log_once [line:227] INFO local_val_loss                0.6771
2026-04-09 00:56:35,544 __init__.py log_once [line:227] INFO mean_local_val_loss           0.7494
2026-04-09 00:56:35,544 __init__.py log_once [line:227] INFO std_local_val_loss            0.3090
2026-04-09 00:56:35,544 __init__.py log_once [line:227] INFO min_local_val_loss            0.3582
2026-04-09 00:56:35,545 __init__.py log_once [line:227] INFO max_local_val_loss            1.2239
2026-04-09 00:56:35,545 __init__.py log_once [line:227] INFO local_test_accuracy           0.7642
2026-04-09 00:56:35,545 __init__.py log_once [line:227] INFO mean_local_test_accuracy      0.7405
2026-04-09 00:56:35,545 __init__.py log_once [line:227] INFO std_local_test_accuracy       0.1051
2026-04-09 00:56:35,545 __init__.py log_once [line:227] INFO min_local_test_accuracy       0.5735
2026-04-09 00:56:35,545 __init__.py log_once [line:227] INFO max_local_test_accuracy       0.8597
2026-04-09 00:56:35,545 __init__.py log_once [line:227] INFO local_test_loss               0.8262
2026-04-09 00:56:35,545 __init__.py log_once [line:227] INFO mean_local_test_loss          0.9153
2026-04-09 00:56:35,545 __init__.py log_once [line:227] INFO std_local_test_loss           0.4007
2026-04-09 00:56:35,545 __init__.py log_once [line:227] INFO min_local_test_loss           0.4599
2026-04-09 00:56:35,545 __init__.py log_once [line:227] INFO max_local_test_loss           1.5559
2026-04-09 00:56:35,545 fedbase.py run [line:316] INFO Eval Time Cost:               6.8358s
2026-04-09 00:59:02,303 fedbase.py run [line:311] INFO --------------Round 7--------------
2026-04-09 00:59:09,092 __init__.py log_once [line:227] INFO local_val_accuracy            0.7998
2026-04-09 00:59:09,092 __init__.py log_once [line:227] INFO mean_local_val_accuracy       0.7863
2026-04-09 00:59:09,092 __init__.py log_once [line:227] INFO std_local_val_accuracy        0.0902
2026-04-09 00:59:09,092 __init__.py log_once [line:227] INFO min_local_val_accuracy        0.6341
2026-04-09 00:59:09,092 __init__.py log_once [line:227] INFO max_local_val_accuracy        0.8651
2026-04-09 00:59:09,092 __init__.py log_once [line:227] INFO local_val_loss                0.6936
2026-04-09 00:59:09,092 __init__.py log_once [line:227] INFO mean_local_val_loss           0.7622
2026-04-09 00:59:09,092 __init__.py log_once [line:227] INFO std_local_val_loss            0.3603
2026-04-09 00:59:09,092 __init__.py log_once [line:227] INFO min_local_val_loss            0.3681
2026-04-09 00:59:09,092 __init__.py log_once [line:227] INFO max_local_val_loss            1.3424
2026-04-09 00:59:09,093 __init__.py log_once [line:227] INFO local_test_accuracy           0.7733
2026-04-09 00:59:09,093 __init__.py log_once [line:227] INFO mean_local_test_accuracy      0.7495
2026-04-09 00:59:09,093 __init__.py log_once [line:227] INFO std_local_test_accuracy       0.0943
2026-04-09 00:59:09,093 __init__.py log_once [line:227] INFO min_local_test_accuracy       0.6078
2026-04-09 00:59:09,093 __init__.py log_once [line:227] INFO max_local_test_accuracy       0.8724
2026-04-09 00:59:09,093 __init__.py log_once [line:227] INFO local_test_loss               0.8804
2026-04-09 00:59:09,093 __init__.py log_once [line:227] INFO mean_local_test_loss          0.9849
2026-04-09 00:59:09,093 __init__.py log_once [line:227] INFO std_local_test_loss           0.4423
2026-04-09 00:59:09,093 __init__.py log_once [line:227] INFO min_local_test_loss           0.4552
2026-04-09 00:59:09,093 __init__.py log_once [line:227] INFO max_local_test_loss           1.6749
2026-04-09 00:59:09,093 fedbase.py run [line:316] INFO Eval Time Cost:               6.7897s
2026-04-09 01:01:38,624 fedbase.py run [line:311] INFO --------------Round 8--------------
2026-04-09 01:01:45,624 __init__.py log_once [line:227] INFO local_val_accuracy            0.7958
2026-04-09 01:01:45,624 __init__.py log_once [line:227] INFO mean_local_val_accuracy       0.7797
2026-04-09 01:01:45,624 __init__.py log_once [line:227] INFO std_local_val_accuracy        0.1139
2026-04-09 01:01:45,624 __init__.py log_once [line:227] INFO min_local_val_accuracy        0.5854
2026-04-09 01:01:45,624 __init__.py log_once [line:227] INFO max_local_val_accuracy        0.8728
2026-04-09 01:01:45,624 __init__.py log_once [line:227] INFO local_val_loss                0.7317
2026-04-09 01:01:45,625 __init__.py log_once [line:227] INFO mean_local_val_loss           0.8075
2026-04-09 01:01:45,625 __init__.py log_once [line:227] INFO std_local_val_loss            0.4208
2026-04-09 01:01:45,625 __init__.py log_once [line:227] INFO min_local_val_loss            0.3793
2026-04-09 01:01:45,625 __init__.py log_once [line:227] INFO max_local_val_loss            1.5027
2026-04-09 01:01:45,625 __init__.py log_once [line:227] INFO local_test_accuracy           0.7733
2026-04-09 01:01:45,625 __init__.py log_once [line:227] INFO mean_local_test_accuracy      0.7497
2026-04-09 01:01:45,625 __init__.py log_once [line:227] INFO std_local_test_accuracy       0.0920
2026-04-09 01:01:45,625 __init__.py log_once [line:227] INFO min_local_test_accuracy       0.6127
2026-04-09 01:01:45,625 __init__.py log_once [line:227] INFO max_local_test_accuracy       0.8699
2026-04-09 01:01:45,625 __init__.py log_once [line:227] INFO local_test_loss               0.8873
2026-04-09 01:01:45,625 __init__.py log_once [line:227] INFO mean_local_test_loss          0.9990
2026-04-09 01:01:45,625 __init__.py log_once [line:227] INFO std_local_test_loss           0.4731
2026-04-09 01:01:45,625 __init__.py log_once [line:227] INFO min_local_test_loss           0.4362
2026-04-09 01:01:45,625 __init__.py log_once [line:227] INFO max_local_test_loss           1.7370
2026-04-09 01:01:45,625 fedbase.py run [line:316] INFO Eval Time Cost:               7.0011s
2026-04-09 01:04:15,114 fedbase.py run [line:311] INFO --------------Round 9--------------
2026-04-09 01:04:22,029 __init__.py log_once [line:227] INFO local_val_accuracy            0.8058
2026-04-09 01:04:22,029 __init__.py log_once [line:227] INFO mean_local_val_accuracy       0.7903
2026-04-09 01:04:22,029 __init__.py log_once [line:227] INFO std_local_val_accuracy        0.0899
2026-04-09 01:04:22,029 __init__.py log_once [line:227] INFO min_local_val_accuracy        0.6390
2026-04-09 01:04:22,029 __init__.py log_once [line:227] INFO max_local_val_accuracy        0.8753
2026-04-09 01:04:22,029 __init__.py log_once [line:227] INFO local_val_loss                0.7159
2026-04-09 01:04:22,029 __init__.py log_once [line:227] INFO mean_local_val_loss           0.7851
2026-04-09 01:04:22,029 __init__.py log_once [line:227] INFO std_local_val_loss            0.3547
2026-04-09 01:04:22,029 __init__.py log_once [line:227] INFO min_local_val_loss            0.3938
2026-04-09 01:04:22,029 __init__.py log_once [line:227] INFO max_local_val_loss            1.3574
2026-04-09 01:04:22,030 __init__.py log_once [line:227] INFO local_test_accuracy           0.7713
2026-04-09 01:04:22,030 __init__.py log_once [line:227] INFO mean_local_test_accuracy      0.7441
2026-04-09 01:04:22,030 __init__.py log_once [line:227] INFO std_local_test_accuracy       0.1114
2026-04-09 01:04:22,030 __init__.py log_once [line:227] INFO min_local_test_accuracy       0.5735
2026-04-09 01:04:22,030 __init__.py log_once [line:227] INFO max_local_test_accuracy       0.8776
2026-04-09 01:04:22,030 __init__.py log_once [line:227] INFO local_test_loss               0.8708
2026-04-09 01:04:22,030 __init__.py log_once [line:227] INFO mean_local_test_loss          0.9719
2026-04-09 01:04:22,030 __init__.py log_once [line:227] INFO std_local_test_loss           0.4629
2026-04-09 01:04:22,030 __init__.py log_once [line:227] INFO min_local_test_loss           0.4677
2026-04-09 01:04:22,030 __init__.py log_once [line:227] INFO max_local_test_loss           1.7147
2026-04-09 01:04:22,030 fedbase.py run [line:316] INFO Eval Time Cost:               6.9152s
2026-04-09 01:06:52,118 fedbase.py run [line:311] INFO --------------Round 10--------------
2026-04-09 01:06:58,851 __init__.py log_once [line:227] INFO local_val_accuracy            0.8078
2026-04-09 01:06:58,852 __init__.py log_once [line:227] INFO mean_local_val_accuracy       0.7904
2026-04-09 01:06:58,852 __init__.py log_once [line:227] INFO std_local_val_accuracy        0.1044
2026-04-09 01:06:58,852 __init__.py log_once [line:227] INFO min_local_val_accuracy        0.6146
2026-04-09 01:06:58,852 __init__.py log_once [line:227] INFO max_local_val_accuracy        0.8880
2026-04-09 01:06:58,852 __init__.py log_once [line:227] INFO local_val_loss                0.6982
2026-04-09 01:06:58,852 __init__.py log_once [line:227] INFO mean_local_val_loss           0.7809
2026-04-09 01:06:58,852 __init__.py log_once [line:227] INFO std_local_val_loss            0.4008
2026-04-09 01:06:58,852 __init__.py log_once [line:227] INFO min_local_val_loss            0.3281
2026-04-09 01:06:58,852 __init__.py log_once [line:227] INFO max_local_val_loss            1.4271
2026-04-09 01:06:58,852 __init__.py log_once [line:227] INFO local_test_accuracy           0.7863
2026-04-09 01:06:58,852 __init__.py log_once [line:227] INFO mean_local_test_accuracy      0.7637
2026-04-09 01:06:58,852 __init__.py log_once [line:227] INFO std_local_test_accuracy       0.0945
2026-04-09 01:06:58,852 __init__.py log_once [line:227] INFO min_local_test_accuracy       0.6176
2026-04-09 01:06:58,852 __init__.py log_once [line:227] INFO max_local_test_accuracy       0.8750
2026-04-09 01:06:58,852 __init__.py log_once [line:227] INFO local_test_loss               0.8503
2026-04-09 01:06:58,852 __init__.py log_once [line:227] INFO mean_local_test_loss          0.9464
2026-04-09 01:06:58,852 __init__.py log_once [line:227] INFO std_local_test_loss           0.4032
2026-04-09 01:06:58,852 __init__.py log_once [line:227] INFO min_local_test_loss           0.4963
2026-04-09 01:06:58,852 __init__.py log_once [line:227] INFO max_local_test_loss           1.5562
2026-04-09 01:06:58,852 fedbase.py run [line:316] INFO Eval Time Cost:               6.7337s
2026-04-09 01:09:30,376 fedbase.py run [line:311] INFO --------------Round 11--------------
2026-04-09 01:09:37,645 __init__.py log_once [line:227] INFO local_val_accuracy            0.8008
2026-04-09 01:09:37,645 __init__.py log_once [line:227] INFO mean_local_val_accuracy       0.7807
2026-04-09 01:09:37,645 __init__.py log_once [line:227] INFO std_local_val_accuracy        0.1161
2026-04-09 01:09:37,645 __init__.py log_once [line:227] INFO min_local_val_accuracy        0.5854
2026-04-09 01:09:37,645 __init__.py log_once [line:227] INFO max_local_val_accuracy        0.8906
2026-04-09 01:09:37,645 __init__.py log_once [line:227] INFO local_val_loss                0.7058
2026-04-09 01:09:37,645 __init__.py log_once [line:227] INFO mean_local_val_loss           0.7873
2026-04-09 01:09:37,645 __init__.py log_once [line:227] INFO std_local_val_loss            0.3892
2026-04-09 01:09:37,645 __init__.py log_once [line:227] INFO min_local_val_loss            0.3367
2026-04-09 01:09:37,645 __init__.py log_once [line:227] INFO max_local_val_loss            1.4082
2026-04-09 01:09:37,646 __init__.py log_once [line:227] INFO local_test_accuracy           0.7853
2026-04-09 01:09:37,646 __init__.py log_once [line:227] INFO mean_local_test_accuracy      0.7631
2026-04-09 01:09:37,646 __init__.py log_once [line:227] INFO std_local_test_accuracy       0.0952
2026-04-09 01:09:37,646 __init__.py log_once [line:227] INFO min_local_test_accuracy       0.6176
2026-04-09 01:09:37,646 __init__.py log_once [line:227] INFO max_local_test_accuracy       0.8673
2026-04-09 01:09:37,646 __init__.py log_once [line:227] INFO local_test_loss               0.8451
2026-04-09 01:09:37,646 __init__.py log_once [line:227] INFO mean_local_test_loss          0.9417
2026-04-09 01:09:37,646 __init__.py log_once [line:227] INFO std_local_test_loss           0.4045
2026-04-09 01:09:37,646 __init__.py log_once [line:227] INFO min_local_test_loss           0.4952
2026-04-09 01:09:37,646 __init__.py log_once [line:227] INFO max_local_test_loss           1.5467
2026-04-09 01:09:37,646 fedbase.py run [line:316] INFO Eval Time Cost:               7.2695s
2026-04-09 01:12:07,212 fedbase.py run [line:311] INFO --------------Round 12--------------
2026-04-09 01:12:14,017 __init__.py log_once [line:227] INFO local_val_accuracy            0.8018
2026-04-09 01:12:14,018 __init__.py log_once [line:227] INFO mean_local_val_accuracy       0.7838
2026-04-09 01:12:14,018 __init__.py log_once [line:227] INFO std_local_val_accuracy        0.1053
2026-04-09 01:12:14,018 __init__.py log_once [line:227] INFO min_local_val_accuracy        0.6098
2026-04-09 01:12:14,018 __init__.py log_once [line:227] INFO max_local_val_accuracy        0.8880
2026-04-09 01:12:14,018 __init__.py log_once [line:227] INFO local_val_loss                0.7221
2026-04-09 01:12:14,018 __init__.py log_once [line:227] INFO mean_local_val_loss           0.8026
2026-04-09 01:12:14,018 __init__.py log_once [line:227] INFO std_local_val_loss            0.3987
2026-04-09 01:12:14,018 __init__.py log_once [line:227] INFO min_local_val_loss            0.3507
2026-04-09 01:12:14,018 __init__.py log_once [line:227] INFO max_local_val_loss            1.4412
2026-04-09 01:12:14,018 __init__.py log_once [line:227] INFO local_test_accuracy           0.7773
2026-04-09 01:12:14,018 __init__.py log_once [line:227] INFO mean_local_test_accuracy      0.7542
2026-04-09 01:12:14,018 __init__.py log_once [line:227] INFO std_local_test_accuracy       0.1027
2026-04-09 01:12:14,018 __init__.py log_once [line:227] INFO min_local_test_accuracy       0.5931
2026-04-09 01:12:14,018 __init__.py log_once [line:227] INFO max_local_test_accuracy       0.8648
2026-04-09 01:12:14,018 __init__.py log_once [line:227] INFO local_test_loss               0.8814
2026-04-09 01:12:14,018 __init__.py log_once [line:227] INFO mean_local_test_loss          0.9874
2026-04-09 01:12:14,018 __init__.py log_once [line:227] INFO std_local_test_loss           0.4363
2026-04-09 01:12:14,018 __init__.py log_once [line:227] INFO min_local_test_loss           0.5046
2026-04-09 01:12:14,018 __init__.py log_once [line:227] INFO max_local_test_loss           1.6258
2026-04-09 01:12:14,018 fedbase.py run [line:316] INFO Eval Time Cost:               6.8055s
