2026-04-10 13:19:47,957 fflow.py init [line:848] INFO PROCESS ID:	38833
2026-04-10 13:19:47,957 fflow.py init [line:849] INFO Initializing devices: cuda:0 will be used for this running.
2026-04-10 13:19:47,957 fflow.py init [line:852] INFO BENCHMARK:	task.PACS_c4
2026-04-10 13:19:47,957 fflow.py init [line:853] INFO TASK:			task/PACS_c4
2026-04-10 13:19:47,957 fflow.py init [line:854] INFO MODEL:		task.PACS_c4.model.default_model
2026-04-10 13:19:47,957 fflow.py init [line:855] INFO ALGORITHM:	fedavg
2026-04-10 13:19:47,959 fflow.py init [line:901] INFO SCENE:		horizontal FL with 1 <class 'flgo.algorithm.fedbase.BasicServer'>, 4 <class 'flgo.algorithm.fedbase.BasicClient'>
2026-04-10 13:19:48,335 fflow.py init [line:918] INFO SIMULATOR:	<class 'flgo.simulator.default_simulator.Simulator'>
2026-04-10 13:19:48,335 fflow.py init [line:931] INFO Ready to start.
2026-04-10 13:19:48,335 fedbase.py run [line:300] INFO --------------Initial Evaluation--------------
2026-04-10 13:19:56,539 __init__.py log_once [line:227] INFO local_val_accuracy            0.1602
2026-04-10 13:19:56,539 __init__.py log_once [line:227] INFO mean_local_val_accuracy       0.1467
2026-04-10 13:19:56,540 __init__.py log_once [line:227] INFO std_local_val_accuracy        0.0429
2026-04-10 13:19:56,540 __init__.py log_once [line:227] INFO min_local_val_accuracy        0.0976
2026-04-10 13:19:56,540 __init__.py log_once [line:227] INFO max_local_val_accuracy        0.2137
2026-04-10 13:19:56,540 __init__.py log_once [line:227] INFO local_val_loss                1.9458
2026-04-10 13:19:56,540 __init__.py log_once [line:227] INFO mean_local_val_loss           1.9471
2026-04-10 13:19:56,540 __init__.py log_once [line:227] INFO std_local_val_loss            0.0040
2026-04-10 13:19:56,540 __init__.py log_once [line:227] INFO min_local_val_loss            1.9404
2026-04-10 13:19:56,540 __init__.py log_once [line:227] INFO max_local_val_loss            1.9502
2026-04-10 13:19:56,540 __init__.py log_once [line:227] INFO local_test_accuracy           0.1615
2026-04-10 13:19:56,540 __init__.py log_once [line:227] INFO mean_local_test_accuracy      0.1480
2026-04-10 13:19:56,540 __init__.py log_once [line:227] INFO std_local_test_accuracy       0.0527
2026-04-10 13:19:56,540 __init__.py log_once [line:227] INFO min_local_test_accuracy       0.0735
2026-04-10 13:19:56,540 __init__.py log_once [line:227] INFO max_local_test_accuracy       0.2219
2026-04-10 13:19:56,540 __init__.py log_once [line:227] INFO local_test_loss               1.9446
2026-04-10 13:19:56,540 __init__.py log_once [line:227] INFO mean_local_test_loss          1.9465
2026-04-10 13:19:56,540 __init__.py log_once [line:227] INFO std_local_test_loss           0.0062
2026-04-10 13:19:56,540 __init__.py log_once [line:227] INFO min_local_test_loss           1.9371
2026-04-10 13:19:56,540 __init__.py log_once [line:227] INFO max_local_test_loss           1.9544
2026-04-10 13:19:56,540 fedbase.py run [line:303] INFO Eval Time Cost:               8.2049s
