2026-04-10 13:19:51,968 fflow.py init [line:848] INFO PROCESS ID:	39033
2026-04-10 13:19:51,968 fflow.py init [line:849] INFO Initializing devices: cuda:0 will be used for this running.
2026-04-10 13:19:51,968 fflow.py init [line:852] INFO BENCHMARK:	task.PACS_c4
2026-04-10 13:19:51,968 fflow.py init [line:853] INFO TASK:			task/PACS_c4
2026-04-10 13:19:51,968 fflow.py init [line:854] INFO MODEL:		task.PACS_c4.model.default_model
2026-04-10 13:19:51,969 fflow.py init [line:855] INFO ALGORITHM:	fedbn
2026-04-10 13:19:51,971 fflow.py init [line:901] INFO SCENE:		horizontal FL with 1 <class 'flgo.algorithm.fedbase.BasicServer'>, 4 <class 'algorithm.fedbn.Client'>
2026-04-10 13:19:52,348 fflow.py init [line:918] INFO SIMULATOR:	<class 'flgo.simulator.default_simulator.Simulator'>
2026-04-10 13:19:52,349 fflow.py init [line:931] INFO Ready to start.
2026-04-10 13:19:52,349 fedbase.py run [line:300] INFO --------------Initial Evaluation--------------
2026-04-10 13:20:00,364 __init__.py log_once [line:227] INFO local_val_accuracy            0.1511
2026-04-10 13:20:00,364 __init__.py log_once [line:227] INFO mean_local_val_accuracy       0.1795
2026-04-10 13:20:00,364 __init__.py log_once [line:227] INFO std_local_val_accuracy        0.0858
2026-04-10 13:20:00,364 __init__.py log_once [line:227] INFO min_local_val_accuracy        0.0509
2026-04-10 13:20:00,365 __init__.py log_once [line:227] INFO max_local_val_accuracy        0.2695
2026-04-10 13:20:00,365 __init__.py log_once [line:227] INFO local_val_loss                1.9473
2026-04-10 13:20:00,365 __init__.py log_once [line:227] INFO mean_local_val_loss           1.9467
2026-04-10 13:20:00,365 __init__.py log_once [line:227] INFO std_local_val_loss            0.0019
2026-04-10 13:20:00,365 __init__.py log_once [line:227] INFO min_local_val_loss            1.9449
2026-04-10 13:20:00,365 __init__.py log_once [line:227] INFO max_local_val_loss            1.9491
2026-04-10 13:20:00,365 __init__.py log_once [line:227] INFO local_test_accuracy           0.1354
2026-04-10 13:20:00,365 __init__.py log_once [line:227] INFO mean_local_test_accuracy      0.1617
2026-04-10 13:20:00,365 __init__.py log_once [line:227] INFO std_local_test_accuracy       0.0794
2026-04-10 13:20:00,365 __init__.py log_once [line:227] INFO min_local_test_accuracy       0.0306
2026-04-10 13:20:00,365 __init__.py log_once [line:227] INFO max_local_test_accuracy       0.2395
2026-04-10 13:20:00,365 __init__.py log_once [line:227] INFO local_test_loss               1.9472
2026-04-10 13:20:00,365 __init__.py log_once [line:227] INFO mean_local_test_loss          1.9465
2026-04-10 13:20:00,365 __init__.py log_once [line:227] INFO std_local_test_loss           0.0023
2026-04-10 13:20:00,365 __init__.py log_once [line:227] INFO min_local_test_loss           1.9446
2026-04-10 13:20:00,365 __init__.py log_once [line:227] INFO max_local_test_loss           1.9502
2026-04-10 13:20:00,365 fedbase.py run [line:303] INFO Eval Time Cost:               8.0166s
2026-04-10 13:22:20,174 fedbase.py run [line:311] INFO --------------Round 1--------------
2026-04-10 13:22:27,210 __init__.py log_once [line:227] INFO local_val_accuracy            0.6387
2026-04-10 13:22:27,211 __init__.py log_once [line:227] INFO mean_local_val_accuracy       0.6049
2026-04-10 13:22:27,211 __init__.py log_once [line:227] INFO std_local_val_accuracy        0.1453
2026-04-10 13:22:27,211 __init__.py log_once [line:227] INFO min_local_val_accuracy        0.3805
2026-04-10 13:22:27,211 __init__.py log_once [line:227] INFO max_local_val_accuracy        0.7659
2026-04-10 13:22:27,211 __init__.py log_once [line:227] INFO local_val_loss                1.1507
2026-04-10 13:22:27,211 __init__.py log_once [line:227] INFO mean_local_val_loss           1.2856
2026-04-10 13:22:27,211 __init__.py log_once [line:227] INFO std_local_val_loss            0.5058
2026-04-10 13:22:27,211 __init__.py log_once [line:227] INFO min_local_val_loss            0.6319
2026-04-10 13:22:27,211 __init__.py log_once [line:227] INFO max_local_val_loss            2.0126
2026-04-10 13:22:27,211 __init__.py log_once [line:227] INFO local_test_accuracy           0.6248
2026-04-10 13:22:27,211 __init__.py log_once [line:227] INFO mean_local_test_accuracy      0.5844
2026-04-10 13:22:27,211 __init__.py log_once [line:227] INFO std_local_test_accuracy       0.1749
2026-04-10 13:22:27,211 __init__.py log_once [line:227] INFO min_local_test_accuracy       0.3088
2026-04-10 13:22:27,211 __init__.py log_once [line:227] INFO max_local_test_accuracy       0.7908
2026-04-10 13:22:27,211 __init__.py log_once [line:227] INFO local_test_loss               1.3082
2026-04-10 13:22:27,211 __init__.py log_once [line:227] INFO mean_local_test_loss          1.4659
2026-04-10 13:22:27,211 __init__.py log_once [line:227] INFO std_local_test_loss           0.6514
2026-04-10 13:22:27,212 __init__.py log_once [line:227] INFO min_local_test_loss           0.6608
2026-04-10 13:22:27,212 __init__.py log_once [line:227] INFO max_local_test_loss           2.4700
2026-04-10 13:22:27,212 fedbase.py run [line:316] INFO Eval Time Cost:               7.0371s
2026-04-10 13:24:50,624 fedbase.py run [line:311] INFO --------------Round 2--------------
2026-04-10 13:24:57,607 __init__.py log_once [line:227] INFO local_val_accuracy            0.6897
2026-04-10 13:24:57,607 __init__.py log_once [line:227] INFO mean_local_val_accuracy       0.6473
2026-04-10 13:24:57,607 __init__.py log_once [line:227] INFO std_local_val_accuracy        0.1511
2026-04-10 13:24:57,607 __init__.py log_once [line:227] INFO min_local_val_accuracy        0.4390
2026-04-10 13:24:57,607 __init__.py log_once [line:227] INFO max_local_val_accuracy        0.8550
2026-04-10 13:24:57,607 __init__.py log_once [line:227] INFO local_val_loss                1.0893
2026-04-10 13:24:57,607 __init__.py log_once [line:227] INFO mean_local_val_loss           1.2437
2026-04-10 13:24:57,608 __init__.py log_once [line:227] INFO std_local_val_loss            0.5105
2026-04-10 13:24:57,608 __init__.py log_once [line:227] INFO min_local_val_loss            0.4730
2026-04-10 13:24:57,608 __init__.py log_once [line:227] INFO max_local_val_loss            1.8806
2026-04-10 13:24:57,608 __init__.py log_once [line:227] INFO local_test_accuracy           0.6399
2026-04-10 13:24:57,608 __init__.py log_once [line:227] INFO mean_local_test_accuracy      0.5909
2026-04-10 13:24:57,608 __init__.py log_once [line:227] INFO std_local_test_accuracy       0.1809
2026-04-10 13:24:57,608 __init__.py log_once [line:227] INFO min_local_test_accuracy       0.3333
2026-04-10 13:24:57,608 __init__.py log_once [line:227] INFO max_local_test_accuracy       0.8291
2026-04-10 13:24:57,608 __init__.py log_once [line:227] INFO local_test_loss               1.2474
2026-04-10 13:24:57,608 __init__.py log_once [line:227] INFO mean_local_test_loss          1.4007
2026-04-10 13:24:57,608 __init__.py log_once [line:227] INFO std_local_test_loss           0.5246
2026-04-10 13:24:57,608 __init__.py log_once [line:227] INFO min_local_test_loss           0.6534
2026-04-10 13:24:57,608 __init__.py log_once [line:227] INFO max_local_test_loss           2.0889
2026-04-10 13:24:57,608 fedbase.py run [line:316] INFO Eval Time Cost:               6.9833s
2026-04-10 13:27:22,616 fedbase.py run [line:311] INFO --------------Round 3--------------
2026-04-10 13:27:29,715 __init__.py log_once [line:227] INFO local_val_accuracy            0.7328
2026-04-10 13:27:29,715 __init__.py log_once [line:227] INFO mean_local_val_accuracy       0.6958
2026-04-10 13:27:29,715 __init__.py log_once [line:227] INFO std_local_val_accuracy        0.1649
2026-04-10 13:27:29,715 __init__.py log_once [line:227] INFO min_local_val_accuracy        0.4390
2026-04-10 13:27:29,715 __init__.py log_once [line:227] INFO max_local_val_accuracy        0.8982
2026-04-10 13:27:29,715 __init__.py log_once [line:227] INFO local_val_loss                1.0163
2026-04-10 13:27:29,715 __init__.py log_once [line:227] INFO mean_local_val_loss           1.1699
2026-04-10 13:27:29,715 __init__.py log_once [line:227] INFO std_local_val_loss            0.6809
2026-04-10 13:27:29,716 __init__.py log_once [line:227] INFO min_local_val_loss            0.3461
2026-04-10 13:27:29,716 __init__.py log_once [line:227] INFO max_local_val_loss            2.2401
2026-04-10 13:27:29,716 __init__.py log_once [line:227] INFO local_test_accuracy           0.7110
2026-04-10 13:27:29,716 __init__.py log_once [line:227] INFO mean_local_test_accuracy      0.6735
2026-04-10 13:27:29,716 __init__.py log_once [line:227] INFO std_local_test_accuracy       0.1798
2026-04-10 13:27:29,716 __init__.py log_once [line:227] INFO min_local_test_accuracy       0.3824
2026-04-10 13:27:29,716 __init__.py log_once [line:227] INFO max_local_test_accuracy       0.8750
2026-04-10 13:27:29,716 __init__.py log_once [line:227] INFO local_test_loss               1.0650
2026-04-10 13:27:29,716 __init__.py log_once [line:227] INFO mean_local_test_loss          1.2008
2026-04-10 13:27:29,716 __init__.py log_once [line:227] INFO std_local_test_loss           0.6374
2026-04-10 13:27:29,716 __init__.py log_once [line:227] INFO min_local_test_loss           0.4541
2026-04-10 13:27:29,716 __init__.py log_once [line:227] INFO max_local_test_loss           2.2138
2026-04-10 13:27:29,716 fedbase.py run [line:316] INFO Eval Time Cost:               7.1001s
2026-04-10 13:29:54,038 fedbase.py run [line:311] INFO --------------Round 4--------------
2026-04-10 13:30:01,051 __init__.py log_once [line:227] INFO local_val_accuracy            0.7758
2026-04-10 13:30:01,051 __init__.py log_once [line:227] INFO mean_local_val_accuracy       0.7464
2026-04-10 13:30:01,052 __init__.py log_once [line:227] INFO std_local_val_accuracy        0.1386
2026-04-10 13:30:01,052 __init__.py log_once [line:227] INFO min_local_val_accuracy        0.5220
2026-04-10 13:30:01,052 __init__.py log_once [line:227] INFO max_local_val_accuracy        0.9008
2026-04-10 13:30:01,052 __init__.py log_once [line:227] INFO local_val_loss                0.7655
2026-04-10 13:30:01,052 __init__.py log_once [line:227] INFO mean_local_val_loss           0.8648
2026-04-10 13:30:01,052 __init__.py log_once [line:227] INFO std_local_val_loss            0.4222
2026-04-10 13:30:01,052 __init__.py log_once [line:227] INFO min_local_val_loss            0.3302
2026-04-10 13:30:01,052 __init__.py log_once [line:227] INFO max_local_val_loss            1.5132
2026-04-10 13:30:01,052 __init__.py log_once [line:227] INFO local_test_accuracy           0.7602
2026-04-10 13:30:01,052 __init__.py log_once [line:227] INFO mean_local_test_accuracy      0.7296
2026-04-10 13:30:01,052 __init__.py log_once [line:227] INFO std_local_test_accuracy       0.1539
2026-04-10 13:30:01,052 __init__.py log_once [line:227] INFO min_local_test_accuracy       0.4755
2026-04-10 13:30:01,052 __init__.py log_once [line:227] INFO max_local_test_accuracy       0.8878
2026-04-10 13:30:01,052 __init__.py log_once [line:227] INFO local_test_loss               0.9097
2026-04-10 13:30:01,052 __init__.py log_once [line:227] INFO mean_local_test_loss          1.0305
2026-04-10 13:30:01,052 __init__.py log_once [line:227] INFO std_local_test_loss           0.5465
2026-04-10 13:30:01,052 __init__.py log_once [line:227] INFO min_local_test_loss           0.3907
2026-04-10 13:30:01,052 __init__.py log_once [line:227] INFO max_local_test_loss           1.9010
2026-04-10 13:30:01,052 fedbase.py run [line:316] INFO Eval Time Cost:               7.0145s
2026-04-10 13:32:26,425 fedbase.py run [line:311] INFO --------------Round 5--------------
2026-04-10 13:32:33,712 __init__.py log_once [line:227] INFO local_val_accuracy            0.7948
2026-04-10 13:32:33,712 __init__.py log_once [line:227] INFO mean_local_val_accuracy       0.7667
2026-04-10 13:32:33,712 __init__.py log_once [line:227] INFO std_local_val_accuracy        0.1151
2026-04-10 13:32:33,712 __init__.py log_once [line:227] INFO min_local_val_accuracy        0.5902
2026-04-10 13:32:33,712 __init__.py log_once [line:227] INFO max_local_val_accuracy        0.9109
2026-04-10 13:32:33,712 __init__.py log_once [line:227] INFO local_val_loss                0.7529
2026-04-10 13:32:33,712 __init__.py log_once [line:227] INFO mean_local_val_loss           0.8675
2026-04-10 13:32:33,712 __init__.py log_once [line:227] INFO std_local_val_loss            0.4235
2026-04-10 13:32:33,712 __init__.py log_once [line:227] INFO min_local_val_loss            0.2741
2026-04-10 13:32:33,712 __init__.py log_once [line:227] INFO max_local_val_loss            1.4686
2026-04-10 13:32:33,712 __init__.py log_once [line:227] INFO local_test_accuracy           0.7722
2026-04-10 13:32:33,712 __init__.py log_once [line:227] INFO mean_local_test_accuracy      0.7404
2026-04-10 13:32:33,712 __init__.py log_once [line:227] INFO std_local_test_accuracy       0.1478
2026-04-10 13:32:33,713 __init__.py log_once [line:227] INFO min_local_test_accuracy       0.5049
2026-04-10 13:32:33,713 __init__.py log_once [line:227] INFO max_local_test_accuracy       0.8929
2026-04-10 13:32:33,713 __init__.py log_once [line:227] INFO local_test_loss               0.8734
2026-04-10 13:32:33,713 __init__.py log_once [line:227] INFO mean_local_test_loss          0.9958
2026-04-10 13:32:33,713 __init__.py log_once [line:227] INFO std_local_test_loss           0.5197
2026-04-10 13:32:33,713 __init__.py log_once [line:227] INFO min_local_test_loss           0.4072
2026-04-10 13:32:33,713 __init__.py log_once [line:227] INFO max_local_test_loss           1.7975
2026-04-10 13:32:33,713 fedbase.py run [line:316] INFO Eval Time Cost:               7.2875s
2026-04-10 13:34:57,791 fedbase.py run [line:311] INFO --------------Round 6--------------
2026-04-10 13:35:04,859 __init__.py log_once [line:227] INFO local_val_accuracy            0.7938
2026-04-10 13:35:04,859 __init__.py log_once [line:227] INFO mean_local_val_accuracy       0.7643
2026-04-10 13:35:04,859 __init__.py log_once [line:227] INFO std_local_val_accuracy        0.1162
2026-04-10 13:35:04,859 __init__.py log_once [line:227] INFO min_local_val_accuracy        0.5902
2026-04-10 13:35:04,859 __init__.py log_once [line:227] INFO max_local_val_accuracy        0.9160
2026-04-10 13:35:04,859 __init__.py log_once [line:227] INFO local_val_loss                0.7266
2026-04-10 13:35:04,860 __init__.py log_once [line:227] INFO mean_local_val_loss           0.8350
2026-04-10 13:35:04,860 __init__.py log_once [line:227] INFO std_local_val_loss            0.4256
2026-04-10 13:35:04,860 __init__.py log_once [line:227] INFO min_local_val_loss            0.2649
2026-04-10 13:35:04,860 __init__.py log_once [line:227] INFO max_local_val_loss            1.4651
2026-04-10 13:35:04,860 __init__.py log_once [line:227] INFO local_test_accuracy           0.7732
2026-04-10 13:35:04,860 __init__.py log_once [line:227] INFO mean_local_test_accuracy      0.7439
2026-04-10 13:35:04,860 __init__.py log_once [line:227] INFO std_local_test_accuracy       0.1408
2026-04-10 13:35:04,860 __init__.py log_once [line:227] INFO min_local_test_accuracy       0.5147
2026-04-10 13:35:04,860 __init__.py log_once [line:227] INFO max_local_test_accuracy       0.8903
2026-04-10 13:35:04,860 __init__.py log_once [line:227] INFO local_test_loss               0.8766
2026-04-10 13:35:04,860 __init__.py log_once [line:227] INFO mean_local_test_loss          0.9931
2026-04-10 13:35:04,860 __init__.py log_once [line:227] INFO std_local_test_loss           0.4859
2026-04-10 13:35:04,860 __init__.py log_once [line:227] INFO min_local_test_loss           0.4120
2026-04-10 13:35:04,861 __init__.py log_once [line:227] INFO max_local_test_loss           1.7447
2026-04-10 13:35:04,861 fedbase.py run [line:316] INFO Eval Time Cost:               7.0689s
2026-04-10 13:37:30,077 fedbase.py run [line:311] INFO --------------Round 7--------------
2026-04-10 13:37:37,180 __init__.py log_once [line:227] INFO local_val_accuracy            0.7908
2026-04-10 13:37:37,181 __init__.py log_once [line:227] INFO mean_local_val_accuracy       0.7615
2026-04-10 13:37:37,181 __init__.py log_once [line:227] INFO std_local_val_accuracy        0.1207
2026-04-10 13:37:37,181 __init__.py log_once [line:227] INFO min_local_val_accuracy        0.5756
2026-04-10 13:37:37,181 __init__.py log_once [line:227] INFO max_local_val_accuracy        0.9109
2026-04-10 13:37:37,181 __init__.py log_once [line:227] INFO local_val_loss                0.7456
2026-04-10 13:37:37,181 __init__.py log_once [line:227] INFO mean_local_val_loss           0.8579
2026-04-10 13:37:37,181 __init__.py log_once [line:227] INFO std_local_val_loss            0.4358
2026-04-10 13:37:37,181 __init__.py log_once [line:227] INFO min_local_val_loss            0.2652
2026-04-10 13:37:37,181 __init__.py log_once [line:227] INFO max_local_val_loss            1.4959
2026-04-10 13:37:37,181 __init__.py log_once [line:227] INFO local_test_accuracy           0.7743
2026-04-10 13:37:37,181 __init__.py log_once [line:227] INFO mean_local_test_accuracy      0.7453
2026-04-10 13:37:37,181 __init__.py log_once [line:227] INFO std_local_test_accuracy       0.1192
2026-04-10 13:37:37,181 __init__.py log_once [line:227] INFO min_local_test_accuracy       0.5637
2026-04-10 13:37:37,181 __init__.py log_once [line:227] INFO max_local_test_accuracy       0.8852
2026-04-10 13:37:37,181 __init__.py log_once [line:227] INFO local_test_loss               0.8697
2026-04-10 13:37:37,182 __init__.py log_once [line:227] INFO mean_local_test_loss          0.9826
2026-04-10 13:37:37,182 __init__.py log_once [line:227] INFO std_local_test_loss           0.4757
2026-04-10 13:37:37,182 __init__.py log_once [line:227] INFO min_local_test_loss           0.4257
2026-04-10 13:37:37,182 __init__.py log_once [line:227] INFO max_local_test_loss           1.7209
2026-04-10 13:37:37,182 fedbase.py run [line:316] INFO Eval Time Cost:               7.1039s
2026-04-10 13:40:02,262 fedbase.py run [line:311] INFO --------------Round 8--------------
2026-04-10 13:40:09,276 __init__.py log_once [line:227] INFO local_val_accuracy            0.7948
2026-04-10 13:40:09,277 __init__.py log_once [line:227] INFO mean_local_val_accuracy       0.7665
2026-04-10 13:40:09,277 __init__.py log_once [line:227] INFO std_local_val_accuracy        0.1243
2026-04-10 13:40:09,277 __init__.py log_once [line:227] INFO min_local_val_accuracy        0.5707
2026-04-10 13:40:09,277 __init__.py log_once [line:227] INFO max_local_val_accuracy        0.9160
2026-04-10 13:40:09,277 __init__.py log_once [line:227] INFO local_val_loss                0.7294
2026-04-10 13:40:09,277 __init__.py log_once [line:227] INFO mean_local_val_loss           0.8348
2026-04-10 13:40:09,277 __init__.py log_once [line:227] INFO std_local_val_loss            0.4695
2026-04-10 13:40:09,277 __init__.py log_once [line:227] INFO min_local_val_loss            0.2681
2026-04-10 13:40:09,277 __init__.py log_once [line:227] INFO max_local_val_loss            1.5735
2026-04-10 13:40:09,277 __init__.py log_once [line:227] INFO local_test_accuracy           0.7813
2026-04-10 13:40:09,277 __init__.py log_once [line:227] INFO mean_local_test_accuracy      0.7534
2026-04-10 13:40:09,277 __init__.py log_once [line:227] INFO std_local_test_accuracy       0.1300
2026-04-10 13:40:09,277 __init__.py log_once [line:227] INFO min_local_test_accuracy       0.5441
2026-04-10 13:40:09,277 __init__.py log_once [line:227] INFO max_local_test_accuracy       0.8903
2026-04-10 13:40:09,277 __init__.py log_once [line:227] INFO local_test_loss               0.8246
2026-04-10 13:40:09,278 __init__.py log_once [line:227] INFO mean_local_test_loss          0.9235
2026-04-10 13:40:09,278 __init__.py log_once [line:227] INFO std_local_test_loss           0.4754
2026-04-10 13:40:09,278 __init__.py log_once [line:227] INFO min_local_test_loss           0.4345
2026-04-10 13:40:09,278 __init__.py log_once [line:227] INFO max_local_test_loss           1.6958
2026-04-10 13:40:09,278 fedbase.py run [line:316] INFO Eval Time Cost:               7.0150s
2026-04-10 13:42:33,183 fedbase.py run [line:311] INFO --------------Round 9--------------
2026-04-10 13:42:40,345 __init__.py log_once [line:227] INFO local_val_accuracy            0.7938
2026-04-10 13:42:40,345 __init__.py log_once [line:227] INFO mean_local_val_accuracy       0.7674
2026-04-10 13:42:40,345 __init__.py log_once [line:227] INFO std_local_val_accuracy        0.1014
2026-04-10 13:42:40,345 __init__.py log_once [line:227] INFO min_local_val_accuracy        0.6195
2026-04-10 13:42:40,345 __init__.py log_once [line:227] INFO max_local_val_accuracy        0.9059
2026-04-10 13:42:40,345 __init__.py log_once [line:227] INFO local_val_loss                0.7476
2026-04-10 13:42:40,345 __init__.py log_once [line:227] INFO mean_local_val_loss           0.8589
2026-04-10 13:42:40,345 __init__.py log_once [line:227] INFO std_local_val_loss            0.4352
2026-04-10 13:42:40,345 __init__.py log_once [line:227] INFO min_local_val_loss            0.2743
2026-04-10 13:42:40,345 __init__.py log_once [line:227] INFO max_local_val_loss            1.5017
2026-04-10 13:42:40,345 __init__.py log_once [line:227] INFO local_test_accuracy           0.7732
2026-04-10 13:42:40,345 __init__.py log_once [line:227] INFO mean_local_test_accuracy      0.7443
2026-04-10 13:42:40,345 __init__.py log_once [line:227] INFO std_local_test_accuracy       0.1366
2026-04-10 13:42:40,345 __init__.py log_once [line:227] INFO min_local_test_accuracy       0.5245
2026-04-10 13:42:40,345 __init__.py log_once [line:227] INFO max_local_test_accuracy       0.8852
2026-04-10 13:42:40,345 __init__.py log_once [line:227] INFO local_test_loss               0.8761
2026-04-10 13:42:40,346 __init__.py log_once [line:227] INFO mean_local_test_loss          0.9829
2026-04-10 13:42:40,346 __init__.py log_once [line:227] INFO std_local_test_loss           0.5025
2026-04-10 13:42:40,346 __init__.py log_once [line:227] INFO min_local_test_loss           0.4484
2026-04-10 13:42:40,346 __init__.py log_once [line:227] INFO max_local_test_loss           1.7962
2026-04-10 13:42:40,346 fedbase.py run [line:316] INFO Eval Time Cost:               7.1620s
2026-04-10 13:45:04,504 fedbase.py run [line:311] INFO --------------Round 10--------------
2026-04-10 13:45:11,698 __init__.py log_once [line:227] INFO local_val_accuracy            0.7958
2026-04-10 13:45:11,698 __init__.py log_once [line:227] INFO mean_local_val_accuracy       0.7672
2026-04-10 13:45:11,698 __init__.py log_once [line:227] INFO std_local_val_accuracy        0.1181
2026-04-10 13:45:11,698 __init__.py log_once [line:227] INFO min_local_val_accuracy        0.5854
2026-04-10 13:45:11,698 __init__.py log_once [line:227] INFO max_local_val_accuracy        0.9109
2026-04-10 13:45:11,698 __init__.py log_once [line:227] INFO local_val_loss                0.7296
2026-04-10 13:45:11,699 __init__.py log_once [line:227] INFO mean_local_val_loss           0.8400
2026-04-10 13:45:11,699 __init__.py log_once [line:227] INFO std_local_val_loss            0.4381
2026-04-10 13:45:11,699 __init__.py log_once [line:227] INFO min_local_val_loss            0.2727
2026-04-10 13:45:11,699 __init__.py log_once [line:227] INFO max_local_val_loss            1.4993
2026-04-10 13:45:11,699 __init__.py log_once [line:227] INFO local_test_accuracy           0.7893
2026-04-10 13:45:11,699 __init__.py log_once [line:227] INFO mean_local_test_accuracy      0.7637
2026-04-10 13:45:11,699 __init__.py log_once [line:227] INFO std_local_test_accuracy       0.1138
2026-04-10 13:45:11,699 __init__.py log_once [line:227] INFO min_local_test_accuracy       0.5833
2026-04-10 13:45:11,699 __init__.py log_once [line:227] INFO max_local_test_accuracy       0.8903
2026-04-10 13:45:11,699 __init__.py log_once [line:227] INFO local_test_loss               0.8434
2026-04-10 13:45:11,699 __init__.py log_once [line:227] INFO mean_local_test_loss          0.9514
2026-04-10 13:45:11,699 __init__.py log_once [line:227] INFO std_local_test_loss           0.4773
2026-04-10 13:45:11,699 __init__.py log_once [line:227] INFO min_local_test_loss           0.4451
2026-04-10 13:45:11,699 __init__.py log_once [line:227] INFO max_local_test_loss           1.6898
2026-04-10 13:45:11,699 fedbase.py run [line:316] INFO Eval Time Cost:               7.1944s
2026-04-10 13:47:36,567 fedbase.py run [line:311] INFO --------------Round 11--------------
2026-04-10 13:47:43,597 __init__.py log_once [line:227] INFO local_val_accuracy            0.8058
2026-04-10 13:47:43,597 __init__.py log_once [line:227] INFO mean_local_val_accuracy       0.7809
2026-04-10 13:47:43,597 __init__.py log_once [line:227] INFO std_local_val_accuracy        0.1063
2026-04-10 13:47:43,597 __init__.py log_once [line:227] INFO min_local_val_accuracy        0.6146
2026-04-10 13:47:43,597 __init__.py log_once [line:227] INFO max_local_val_accuracy        0.9084
2026-04-10 13:47:43,598 __init__.py log_once [line:227] INFO local_val_loss                0.7093
2026-04-10 13:47:43,598 __init__.py log_once [line:227] INFO mean_local_val_loss           0.8125
2026-04-10 13:47:43,598 __init__.py log_once [line:227] INFO std_local_val_loss            0.3969
2026-04-10 13:47:43,598 __init__.py log_once [line:227] INFO min_local_val_loss            0.2790
2026-04-10 13:47:43,598 __init__.py log_once [line:227] INFO max_local_val_loss            1.3961
2026-04-10 13:47:43,598 __init__.py log_once [line:227] INFO local_test_accuracy           0.7793
2026-04-10 13:47:43,598 __init__.py log_once [line:227] INFO mean_local_test_accuracy      0.7532
2026-04-10 13:47:43,598 __init__.py log_once [line:227] INFO std_local_test_accuracy       0.1268
2026-04-10 13:47:43,598 __init__.py log_once [line:227] INFO min_local_test_accuracy       0.5490
2026-04-10 13:47:43,598 __init__.py log_once [line:227] INFO max_local_test_accuracy       0.8776
2026-04-10 13:47:43,598 __init__.py log_once [line:227] INFO local_test_loss               0.8612
2026-04-10 13:47:43,598 __init__.py log_once [line:227] INFO mean_local_test_loss          0.9721
2026-04-10 13:47:43,598 __init__.py log_once [line:227] INFO std_local_test_loss           0.5015
2026-04-10 13:47:43,598 __init__.py log_once [line:227] INFO min_local_test_loss           0.4463
2026-04-10 13:47:43,598 __init__.py log_once [line:227] INFO max_local_test_loss           1.7601
2026-04-10 13:47:43,598 fedbase.py run [line:316] INFO Eval Time Cost:               7.0305s
2026-04-10 13:50:08,413 fedbase.py run [line:311] INFO --------------Round 12--------------
2026-04-10 13:50:15,575 __init__.py log_once [line:227] INFO local_val_accuracy            0.8048
2026-04-10 13:50:15,575 __init__.py log_once [line:227] INFO mean_local_val_accuracy       0.7806
2026-04-10 13:50:15,575 __init__.py log_once [line:227] INFO std_local_val_accuracy        0.1075
2026-04-10 13:50:15,576 __init__.py log_once [line:227] INFO min_local_val_accuracy        0.6098
2026-04-10 13:50:15,576 __init__.py log_once [line:227] INFO max_local_val_accuracy        0.9033
2026-04-10 13:50:15,576 __init__.py log_once [line:227] INFO local_val_loss                0.7206
2026-04-10 13:50:15,576 __init__.py log_once [line:227] INFO mean_local_val_loss           0.8289
2026-04-10 13:50:15,576 __init__.py log_once [line:227] INFO std_local_val_loss            0.4069
2026-04-10 13:50:15,576 __init__.py log_once [line:227] INFO min_local_val_loss            0.2771
2026-04-10 13:50:15,576 __init__.py log_once [line:227] INFO max_local_val_loss            1.4184
2026-04-10 13:50:15,576 __init__.py log_once [line:227] INFO local_test_accuracy           0.7813
2026-04-10 13:50:15,576 __init__.py log_once [line:227] INFO mean_local_test_accuracy      0.7575
2026-04-10 13:50:15,576 __init__.py log_once [line:227] INFO std_local_test_accuracy       0.1124
2026-04-10 13:50:15,576 __init__.py log_once [line:227] INFO min_local_test_accuracy       0.5784
2026-04-10 13:50:15,576 __init__.py log_once [line:227] INFO max_local_test_accuracy       0.8699
2026-04-10 13:50:15,576 __init__.py log_once [line:227] INFO local_test_loss               0.8442
2026-04-10 13:50:15,576 __init__.py log_once [line:227] INFO mean_local_test_loss          0.9505
2026-04-10 13:50:15,576 __init__.py log_once [line:227] INFO std_local_test_loss           0.4944
2026-04-10 13:50:15,576 __init__.py log_once [line:227] INFO min_local_test_loss           0.4402
2026-04-10 13:50:15,576 __init__.py log_once [line:227] INFO max_local_test_loss           1.7390
2026-04-10 13:50:15,576 fedbase.py run [line:316] INFO Eval Time Cost:               7.1635s
2026-04-10 13:52:40,247 fedbase.py run [line:311] INFO --------------Round 13--------------
2026-04-10 13:52:47,322 __init__.py log_once [line:227] INFO local_val_accuracy            0.7988
2026-04-10 13:52:47,322 __init__.py log_once [line:227] INFO mean_local_val_accuracy       0.7724
2026-04-10 13:52:47,322 __init__.py log_once [line:227] INFO std_local_val_accuracy        0.1068
2026-04-10 13:52:47,322 __init__.py log_once [line:227] INFO min_local_val_accuracy        0.6098
2026-04-10 13:52:47,322 __init__.py log_once [line:227] INFO max_local_val_accuracy        0.9033
2026-04-10 13:52:47,322 __init__.py log_once [line:227] INFO local_val_loss                0.7120
2026-04-10 13:52:47,322 __init__.py log_once [line:227] INFO mean_local_val_loss           0.8195
2026-04-10 13:52:47,322 __init__.py log_once [line:227] INFO std_local_val_loss            0.4039
2026-04-10 13:52:47,322 __init__.py log_once [line:227] INFO min_local_val_loss            0.2743
2026-04-10 13:52:47,322 __init__.py log_once [line:227] INFO max_local_val_loss            1.4054
2026-04-10 13:52:47,322 __init__.py log_once [line:227] INFO local_test_accuracy           0.7823
2026-04-10 13:52:47,322 __init__.py log_once [line:227] INFO mean_local_test_accuracy      0.7597
2026-04-10 13:52:47,322 __init__.py log_once [line:227] INFO std_local_test_accuracy       0.1136
2026-04-10 13:52:47,323 __init__.py log_once [line:227] INFO min_local_test_accuracy       0.5735
2026-04-10 13:52:47,323 __init__.py log_once [line:227] INFO max_local_test_accuracy       0.8699
2026-04-10 13:52:47,323 __init__.py log_once [line:227] INFO local_test_loss               0.8368
2026-04-10 13:52:47,323 __init__.py log_once [line:227] INFO mean_local_test_loss          0.9423
2026-04-10 13:52:47,323 __init__.py log_once [line:227] INFO std_local_test_loss           0.4974
2026-04-10 13:52:47,323 __init__.py log_once [line:227] INFO min_local_test_loss           0.4371
2026-04-10 13:52:47,323 __init__.py log_once [line:227] INFO max_local_test_loss           1.7383
2026-04-10 13:52:47,323 fedbase.py run [line:316] INFO Eval Time Cost:               7.0757s
2026-04-10 13:54:55,851 fedbase.py run [line:311] INFO --------------Round 14--------------
2026-04-10 13:55:02,987 __init__.py log_once [line:227] INFO local_val_accuracy            0.7978
2026-04-10 13:55:02,987 __init__.py log_once [line:227] INFO mean_local_val_accuracy       0.7719
2026-04-10 13:55:02,987 __init__.py log_once [line:227] INFO std_local_val_accuracy        0.1100
2026-04-10 13:55:02,987 __init__.py log_once [line:227] INFO min_local_val_accuracy        0.6000
2026-04-10 13:55:02,987 __init__.py log_once [line:227] INFO max_local_val_accuracy        0.9033
2026-04-10 13:55:02,987 __init__.py log_once [line:227] INFO local_val_loss                0.7108
2026-04-10 13:55:02,988 __init__.py log_once [line:227] INFO mean_local_val_loss           0.8188
2026-04-10 13:55:02,988 __init__.py log_once [line:227] INFO std_local_val_loss            0.4096
2026-04-10 13:55:02,988 __init__.py log_once [line:227] INFO min_local_val_loss            0.2700
2026-04-10 13:55:02,988 __init__.py log_once [line:227] INFO max_local_val_loss            1.4174
2026-04-10 13:55:02,988 __init__.py log_once [line:227] INFO local_test_accuracy           0.7833
2026-04-10 13:55:02,988 __init__.py log_once [line:227] INFO mean_local_test_accuracy      0.7610
2026-04-10 13:55:02,988 __init__.py log_once [line:227] INFO std_local_test_accuracy       0.1116
2026-04-10 13:55:02,988 __init__.py log_once [line:227] INFO min_local_test_accuracy       0.5784
2026-04-10 13:55:02,988 __init__.py log_once [line:227] INFO max_local_test_accuracy       0.8699
2026-04-10 13:55:02,988 __init__.py log_once [line:227] INFO local_test_loss               0.8344
2026-04-10 13:55:02,988 __init__.py log_once [line:227] INFO mean_local_test_loss          0.9396
2026-04-10 13:55:02,988 __init__.py log_once [line:227] INFO std_local_test_loss           0.4941
2026-04-10 13:55:02,988 __init__.py log_once [line:227] INFO min_local_test_loss           0.4367
2026-04-10 13:55:02,988 __init__.py log_once [line:227] INFO max_local_test_loss           1.7287
2026-04-10 13:55:02,988 fedbase.py run [line:316] INFO Eval Time Cost:               7.1368s
2026-04-10 13:57:11,994 fedbase.py run [line:311] INFO --------------Round 15--------------
2026-04-10 13:57:19,203 __init__.py log_once [line:227] INFO local_val_accuracy            0.8028
2026-04-10 13:57:19,203 __init__.py log_once [line:227] INFO mean_local_val_accuracy       0.7767
2026-04-10 13:57:19,203 __init__.py log_once [line:227] INFO std_local_val_accuracy        0.1082
2026-04-10 13:57:19,203 __init__.py log_once [line:227] INFO min_local_val_accuracy        0.6098
2026-04-10 13:57:19,203 __init__.py log_once [line:227] INFO max_local_val_accuracy        0.9084
2026-04-10 13:57:19,203 __init__.py log_once [line:227] INFO local_val_loss                0.7101
2026-04-10 13:57:19,203 __init__.py log_once [line:227] INFO mean_local_val_loss           0.8190
2026-04-10 13:57:19,203 __init__.py log_once [line:227] INFO std_local_val_loss            0.4106
2026-04-10 13:57:19,203 __init__.py log_once [line:227] INFO min_local_val_loss            0.2676
2026-04-10 13:57:19,203 __init__.py log_once [line:227] INFO max_local_val_loss            1.4167
2026-04-10 13:57:19,203 __init__.py log_once [line:227] INFO local_test_accuracy           0.7883
2026-04-10 13:57:19,203 __init__.py log_once [line:227] INFO mean_local_test_accuracy      0.7675
2026-04-10 13:57:19,204 __init__.py log_once [line:227] INFO std_local_test_accuracy       0.1085
2026-04-10 13:57:19,204 __init__.py log_once [line:227] INFO min_local_test_accuracy       0.5882
2026-04-10 13:57:19,204 __init__.py log_once [line:227] INFO max_local_test_accuracy       0.8699
2026-04-10 13:57:19,204 __init__.py log_once [line:227] INFO local_test_loss               0.8321
2026-04-10 13:57:19,204 __init__.py log_once [line:227] INFO mean_local_test_loss          0.9372
2026-04-10 13:57:19,204 __init__.py log_once [line:227] INFO std_local_test_loss           0.4931
2026-04-10 13:57:19,204 __init__.py log_once [line:227] INFO min_local_test_loss           0.4362
2026-04-10 13:57:19,204 __init__.py log_once [line:227] INFO max_local_test_loss           1.7232
2026-04-10 13:57:19,204 fedbase.py run [line:316] INFO Eval Time Cost:               7.2090s
2026-04-10 13:59:25,894 fedbase.py run [line:311] INFO --------------Round 16--------------
2026-04-10 13:59:32,979 __init__.py log_once [line:227] INFO local_val_accuracy            0.8038
2026-04-10 13:59:32,979 __init__.py log_once [line:227] INFO mean_local_val_accuracy       0.7778
2026-04-10 13:59:32,979 __init__.py log_once [line:227] INFO std_local_val_accuracy        0.1086
2026-04-10 13:59:32,979 __init__.py log_once [line:227] INFO min_local_val_accuracy        0.6098
2026-04-10 13:59:32,979 __init__.py log_once [line:227] INFO max_local_val_accuracy        0.9084
2026-04-10 13:59:32,979 __init__.py log_once [line:227] INFO local_val_loss                0.7069
2026-04-10 13:59:32,979 __init__.py log_once [line:227] INFO mean_local_val_loss           0.8157
2026-04-10 13:59:32,979 __init__.py log_once [line:227] INFO std_local_val_loss            0.4090
2026-04-10 13:59:32,980 __init__.py log_once [line:227] INFO min_local_val_loss            0.2655
2026-04-10 13:59:32,980 __init__.py log_once [line:227] INFO max_local_val_loss            1.4093
2026-04-10 13:59:32,980 __init__.py log_once [line:227] INFO local_test_accuracy           0.7903
2026-04-10 13:59:32,980 __init__.py log_once [line:227] INFO mean_local_test_accuracy      0.7692
2026-04-10 13:59:32,980 __init__.py log_once [line:227] INFO std_local_test_accuracy       0.1097
2026-04-10 13:59:32,980 __init__.py log_once [line:227] INFO min_local_test_accuracy       0.5882
2026-04-10 13:59:32,980 __init__.py log_once [line:227] INFO max_local_test_accuracy       0.8724
2026-04-10 13:59:32,980 __init__.py log_once [line:227] INFO local_test_loss               0.8279
2026-04-10 13:59:32,980 __init__.py log_once [line:227] INFO mean_local_test_loss          0.9327
2026-04-10 13:59:32,980 __init__.py log_once [line:227] INFO std_local_test_loss           0.4916
2026-04-10 13:59:32,980 __init__.py log_once [line:227] INFO min_local_test_loss           0.4342
2026-04-10 13:59:32,980 __init__.py log_once [line:227] INFO max_local_test_loss           1.7154
2026-04-10 13:59:32,980 fedbase.py run [line:316] INFO Eval Time Cost:               7.0855s
2026-04-10 14:01:50,028 fedbase.py run [line:311] INFO --------------Round 17--------------
2026-04-10 14:01:57,368 __init__.py log_once [line:227] INFO local_val_accuracy            0.8068
2026-04-10 14:01:57,368 __init__.py log_once [line:227] INFO mean_local_val_accuracy       0.7820
2026-04-10 14:01:57,368 __init__.py log_once [line:227] INFO std_local_val_accuracy        0.1066
2026-04-10 14:01:57,368 __init__.py log_once [line:227] INFO min_local_val_accuracy        0.6146
2026-04-10 14:01:57,368 __init__.py log_once [line:227] INFO max_local_val_accuracy        0.9084
2026-04-10 14:01:57,368 __init__.py log_once [line:227] INFO local_val_loss                0.7030
2026-04-10 14:01:57,368 __init__.py log_once [line:227] INFO mean_local_val_loss           0.8115
2026-04-10 14:01:57,368 __init__.py log_once [line:227] INFO std_local_val_loss            0.4070
2026-04-10 14:01:57,368 __init__.py log_once [line:227] INFO min_local_val_loss            0.2636
2026-04-10 14:01:57,368 __init__.py log_once [line:227] INFO max_local_val_loss            1.4013
2026-04-10 14:01:57,368 __init__.py log_once [line:227] INFO local_test_accuracy           0.7903
2026-04-10 14:01:57,368 __init__.py log_once [line:227] INFO mean_local_test_accuracy      0.7688
2026-04-10 14:01:57,368 __init__.py log_once [line:227] INFO std_local_test_accuracy       0.1097
2026-04-10 14:01:57,368 __init__.py log_once [line:227] INFO min_local_test_accuracy       0.5882
2026-04-10 14:01:57,369 __init__.py log_once [line:227] INFO max_local_test_accuracy       0.8750
2026-04-10 14:01:57,369 __init__.py log_once [line:227] INFO local_test_loss               0.8241
2026-04-10 14:01:57,369 __init__.py log_once [line:227] INFO mean_local_test_loss          0.9289
2026-04-10 14:01:57,369 __init__.py log_once [line:227] INFO std_local_test_loss           0.4904
2026-04-10 14:01:57,369 __init__.py log_once [line:227] INFO min_local_test_loss           0.4322
2026-04-10 14:01:57,369 __init__.py log_once [line:227] INFO max_local_test_loss           1.7085
2026-04-10 14:01:57,369 fedbase.py run [line:316] INFO Eval Time Cost:               7.3401s
2026-04-10 14:04:08,719 fedbase.py run [line:311] INFO --------------Round 18--------------
2026-04-10 14:04:15,316 __init__.py log_once [line:227] INFO local_val_accuracy            0.8088
2026-04-10 14:04:15,316 __init__.py log_once [line:227] INFO mean_local_val_accuracy       0.7844
2026-04-10 14:04:15,316 __init__.py log_once [line:227] INFO std_local_val_accuracy        0.1028
2026-04-10 14:04:15,316 __init__.py log_once [line:227] INFO min_local_val_accuracy        0.6244
2026-04-10 14:04:15,316 __init__.py log_once [line:227] INFO max_local_val_accuracy        0.9084
2026-04-10 14:04:15,316 __init__.py log_once [line:227] INFO local_val_loss                0.6993
2026-04-10 14:04:15,316 __init__.py log_once [line:227] INFO mean_local_val_loss           0.8076
2026-04-10 14:04:15,316 __init__.py log_once [line:227] INFO std_local_val_loss            0.4049
2026-04-10 14:04:15,316 __init__.py log_once [line:227] INFO min_local_val_loss            0.2617
2026-04-10 14:04:15,317 __init__.py log_once [line:227] INFO max_local_val_loss            1.3931
2026-04-10 14:04:15,317 __init__.py log_once [line:227] INFO local_test_accuracy           0.7903
2026-04-10 14:04:15,317 __init__.py log_once [line:227] INFO mean_local_test_accuracy      0.7688
2026-04-10 14:04:15,317 __init__.py log_once [line:227] INFO std_local_test_accuracy       0.1097
2026-04-10 14:04:15,317 __init__.py log_once [line:227] INFO min_local_test_accuracy       0.5882
2026-04-10 14:04:15,317 __init__.py log_once [line:227] INFO max_local_test_accuracy       0.8750
2026-04-10 14:04:15,317 __init__.py log_once [line:227] INFO local_test_loss               0.8205
2026-04-10 14:04:15,317 __init__.py log_once [line:227] INFO mean_local_test_loss          0.9252
2026-04-10 14:04:15,317 __init__.py log_once [line:227] INFO std_local_test_loss           0.4891
2026-04-10 14:04:15,317 __init__.py log_once [line:227] INFO min_local_test_loss           0.4298
2026-04-10 14:04:15,317 __init__.py log_once [line:227] INFO max_local_test_loss           1.7010
2026-04-10 14:04:15,317 fedbase.py run [line:316] INFO Eval Time Cost:               6.5973s
2026-04-10 14:06:22,730 fedbase.py run [line:311] INFO --------------Round 19--------------
2026-04-10 14:06:29,321 __init__.py log_once [line:227] INFO local_val_accuracy            0.8108
2026-04-10 14:06:29,322 __init__.py log_once [line:227] INFO mean_local_val_accuracy       0.7864
2026-04-10 14:06:29,322 __init__.py log_once [line:227] INFO std_local_val_accuracy        0.1059
2026-04-10 14:06:29,322 __init__.py log_once [line:227] INFO min_local_val_accuracy        0.6195
2026-04-10 14:06:29,322 __init__.py log_once [line:227] INFO max_local_val_accuracy        0.9109
2026-04-10 14:06:29,322 __init__.py log_once [line:227] INFO local_val_loss                0.6953
2026-04-10 14:06:29,322 __init__.py log_once [line:227] INFO mean_local_val_loss           0.8031
2026-04-10 14:06:29,322 __init__.py log_once [line:227] INFO std_local_val_loss            0.4021
2026-04-10 14:06:29,322 __init__.py log_once [line:227] INFO min_local_val_loss            0.2600
2026-04-10 14:06:29,322 __init__.py log_once [line:227] INFO max_local_val_loss            1.3835
2026-04-10 14:06:29,322 __init__.py log_once [line:227] INFO local_test_accuracy           0.7913
2026-04-10 14:06:29,322 __init__.py log_once [line:227] INFO mean_local_test_accuracy      0.7700
2026-04-10 14:06:29,322 __init__.py log_once [line:227] INFO std_local_test_accuracy       0.1077
2026-04-10 14:06:29,322 __init__.py log_once [line:227] INFO min_local_test_accuracy       0.5931
2026-04-10 14:06:29,322 __init__.py log_once [line:227] INFO max_local_test_accuracy       0.8750
2026-04-10 14:06:29,322 __init__.py log_once [line:227] INFO local_test_loss               0.8168
2026-04-10 14:06:29,322 __init__.py log_once [line:227] INFO mean_local_test_loss          0.9218
2026-04-10 14:06:29,323 __init__.py log_once [line:227] INFO std_local_test_loss           0.4884
2026-04-10 14:06:29,323 __init__.py log_once [line:227] INFO min_local_test_loss           0.4265
2026-04-10 14:06:29,323 __init__.py log_once [line:227] INFO max_local_test_loss           1.6946
2026-04-10 14:06:29,323 fedbase.py run [line:316] INFO Eval Time Cost:               6.5924s
2026-04-10 14:08:35,485 fedbase.py run [line:311] INFO --------------Round 20--------------
2026-04-10 14:08:42,212 __init__.py log_once [line:227] INFO local_val_accuracy            0.8108
2026-04-10 14:08:42,212 __init__.py log_once [line:227] INFO mean_local_val_accuracy       0.7863
2026-04-10 14:08:42,212 __init__.py log_once [line:227] INFO std_local_val_accuracy        0.1082
2026-04-10 14:08:42,212 __init__.py log_once [line:227] INFO min_local_val_accuracy        0.6146
2026-04-10 14:08:42,212 __init__.py log_once [line:227] INFO max_local_val_accuracy        0.9109
2026-04-10 14:08:42,212 __init__.py log_once [line:227] INFO local_val_loss                0.6909
2026-04-10 14:08:42,212 __init__.py log_once [line:227] INFO mean_local_val_loss           0.7980
2026-04-10 14:08:42,212 __init__.py log_once [line:227] INFO std_local_val_loss            0.3983
2026-04-10 14:08:42,212 __init__.py log_once [line:227] INFO min_local_val_loss            0.2586
2026-04-10 14:08:42,212 __init__.py log_once [line:227] INFO max_local_val_loss            1.3711
2026-04-10 14:08:42,212 __init__.py log_once [line:227] INFO local_test_accuracy           0.7923
2026-04-10 14:08:42,212 __init__.py log_once [line:227] INFO mean_local_test_accuracy      0.7710
2026-04-10 14:08:42,213 __init__.py log_once [line:227] INFO std_local_test_accuracy       0.1083
2026-04-10 14:08:42,213 __init__.py log_once [line:227] INFO min_local_test_accuracy       0.5931
2026-04-10 14:08:42,213 __init__.py log_once [line:227] INFO max_local_test_accuracy       0.8750
2026-04-10 14:08:42,213 __init__.py log_once [line:227] INFO local_test_loss               0.8133
2026-04-10 14:08:42,213 __init__.py log_once [line:227] INFO mean_local_test_loss          0.9186
2026-04-10 14:08:42,213 __init__.py log_once [line:227] INFO std_local_test_loss           0.4881
2026-04-10 14:08:42,213 __init__.py log_once [line:227] INFO min_local_test_loss           0.4230
2026-04-10 14:08:42,213 __init__.py log_once [line:227] INFO max_local_test_loss           1.6891
2026-04-10 14:08:42,213 fedbase.py run [line:316] INFO Eval Time Cost:               6.7281s
2026-04-10 14:10:48,865 fedbase.py run [line:311] INFO --------------Round 21--------------
2026-04-10 14:10:55,449 __init__.py log_once [line:227] INFO local_val_accuracy            0.8118
2026-04-10 14:10:55,449 __init__.py log_once [line:227] INFO mean_local_val_accuracy       0.7869
2026-04-10 14:10:55,449 __init__.py log_once [line:227] INFO std_local_val_accuracy        0.1090
2026-04-10 14:10:55,449 __init__.py log_once [line:227] INFO min_local_val_accuracy        0.6146
2026-04-10 14:10:55,449 __init__.py log_once [line:227] INFO max_local_val_accuracy        0.9135
2026-04-10 14:10:55,449 __init__.py log_once [line:227] INFO local_val_loss                0.6868
2026-04-10 14:10:55,449 __init__.py log_once [line:227] INFO mean_local_val_loss           0.7934
2026-04-10 14:10:55,449 __init__.py log_once [line:227] INFO std_local_val_loss            0.3951
2026-04-10 14:10:55,449 __init__.py log_once [line:227] INFO min_local_val_loss            0.2573
2026-04-10 14:10:55,449 __init__.py log_once [line:227] INFO max_local_val_loss            1.3602
2026-04-10 14:10:55,449 __init__.py log_once [line:227] INFO local_test_accuracy           0.7933
2026-04-10 14:10:55,449 __init__.py log_once [line:227] INFO mean_local_test_accuracy      0.7724
2026-04-10 14:10:55,449 __init__.py log_once [line:227] INFO std_local_test_accuracy       0.1111
2026-04-10 14:10:55,449 __init__.py log_once [line:227] INFO min_local_test_accuracy       0.5882
2026-04-10 14:10:55,449 __init__.py log_once [line:227] INFO max_local_test_accuracy       0.8750
2026-04-10 14:10:55,449 __init__.py log_once [line:227] INFO local_test_loss               0.8095
2026-04-10 14:10:55,449 __init__.py log_once [line:227] INFO mean_local_test_loss          0.9151
2026-04-10 14:10:55,449 __init__.py log_once [line:227] INFO std_local_test_loss           0.4875
2026-04-10 14:10:55,450 __init__.py log_once [line:227] INFO min_local_test_loss           0.4194
2026-04-10 14:10:55,450 __init__.py log_once [line:227] INFO max_local_test_loss           1.6829
2026-04-10 14:10:55,450 fedbase.py run [line:316] INFO Eval Time Cost:               6.5844s
2026-04-10 14:13:02,393 fedbase.py run [line:311] INFO --------------Round 22--------------
2026-04-10 14:13:09,094 __init__.py log_once [line:227] INFO local_val_accuracy            0.8118
2026-04-10 14:13:09,094 __init__.py log_once [line:227] INFO mean_local_val_accuracy       0.7869
2026-04-10 14:13:09,094 __init__.py log_once [line:227] INFO std_local_val_accuracy        0.1090
2026-04-10 14:13:09,094 __init__.py log_once [line:227] INFO min_local_val_accuracy        0.6146
2026-04-10 14:13:09,095 __init__.py log_once [line:227] INFO max_local_val_accuracy        0.9135
2026-04-10 14:13:09,095 __init__.py log_once [line:227] INFO local_val_loss                0.6829
2026-04-10 14:13:09,095 __init__.py log_once [line:227] INFO mean_local_val_loss           0.7890
2026-04-10 14:13:09,095 __init__.py log_once [line:227] INFO std_local_val_loss            0.3914
2026-04-10 14:13:09,095 __init__.py log_once [line:227] INFO min_local_val_loss            0.2565
2026-04-10 14:13:09,095 __init__.py log_once [line:227] INFO max_local_val_loss            1.3490
2026-04-10 14:13:09,095 __init__.py log_once [line:227] INFO local_test_accuracy           0.7933
2026-04-10 14:13:09,095 __init__.py log_once [line:227] INFO mean_local_test_accuracy      0.7724
2026-04-10 14:13:09,095 __init__.py log_once [line:227] INFO std_local_test_accuracy       0.1111
2026-04-10 14:13:09,095 __init__.py log_once [line:227] INFO min_local_test_accuracy       0.5882
2026-04-10 14:13:09,095 __init__.py log_once [line:227] INFO max_local_test_accuracy       0.8750
2026-04-10 14:13:09,095 __init__.py log_once [line:227] INFO local_test_loss               0.8058
2026-04-10 14:13:09,095 __init__.py log_once [line:227] INFO mean_local_test_loss          0.9117
2026-04-10 14:13:09,095 __init__.py log_once [line:227] INFO std_local_test_loss           0.4871
2026-04-10 14:13:09,095 __init__.py log_once [line:227] INFO min_local_test_loss           0.4155
2026-04-10 14:13:09,095 __init__.py log_once [line:227] INFO max_local_test_loss           1.6767
2026-04-10 14:13:09,095 fedbase.py run [line:316] INFO Eval Time Cost:               6.7019s
