2026-04-06 09:24:54,313 fflow.py init [line:848] INFO PROCESS ID:	20074
2026-04-06 09:24:54,314 fflow.py init [line:849] INFO Initializing devices: cuda:0 will be used for this running.
2026-04-06 09:24:54,314 fflow.py init [line:852] INFO BENCHMARK:	task.PACS_c4
2026-04-06 09:24:54,314 fflow.py init [line:853] INFO TASK:			task/PACS_c4
2026-04-06 09:24:54,314 fflow.py init [line:854] INFO MODEL:		algorithm.feddsa
2026-04-06 09:24:54,314 fflow.py init [line:855] INFO ALGORITHM:	feddsa
2026-04-06 09:24:54,320 fflow.py init [line:901] INFO SCENE:		horizontal FL with 1 <class 'algorithm.feddsa.Server'>, 4 <class 'algorithm.feddsa.Client'>
2026-04-06 09:24:54,764 fflow.py init [line:918] INFO SIMULATOR:	<class 'flgo.simulator.default_simulator.Simulator'>
2026-04-06 09:24:54,938 fflow.py init [line:931] INFO Ready to start.
2026-04-06 09:24:54,938 fedbase.py run [line:300] INFO --------------Initial Evaluation--------------
2026-04-06 09:25:02,368 __init__.py log_once [line:227] INFO local_val_accuracy            0.1562
2026-04-06 09:25:02,368 __init__.py log_once [line:227] INFO mean_local_val_accuracy       0.1470
2026-04-06 09:25:02,369 __init__.py log_once [line:227] INFO std_local_val_accuracy        0.0395
2026-04-06 09:25:02,369 __init__.py log_once [line:227] INFO min_local_val_accuracy        0.0927
2026-04-06 09:25:02,369 __init__.py log_once [line:227] INFO max_local_val_accuracy        0.1858
2026-04-06 09:25:02,369 __init__.py log_once [line:227] INFO local_val_loss                1.9463
2026-04-06 09:25:02,369 __init__.py log_once [line:227] INFO mean_local_val_loss           1.9463
2026-04-06 09:25:02,369 __init__.py log_once [line:227] INFO std_local_val_loss            0.0023
2026-04-06 09:25:02,369 __init__.py log_once [line:227] INFO min_local_val_loss            1.9439
2026-04-06 09:25:02,369 __init__.py log_once [line:227] INFO max_local_val_loss            1.9500
2026-04-06 09:25:02,369 __init__.py log_once [line:227] INFO local_test_accuracy           0.1695
2026-04-06 09:25:02,369 __init__.py log_once [line:227] INFO mean_local_test_accuracy      0.1601
2026-04-06 09:25:02,369 __init__.py log_once [line:227] INFO std_local_test_accuracy       0.0437
2026-04-06 09:25:02,369 __init__.py log_once [line:227] INFO min_local_test_accuracy       0.1078
2026-04-06 09:25:02,369 __init__.py log_once [line:227] INFO max_local_test_accuracy       0.2137
2026-04-06 09:25:02,369 __init__.py log_once [line:227] INFO local_test_loss               1.9464
2026-04-06 09:25:02,369 __init__.py log_once [line:227] INFO mean_local_test_loss          1.9462
2026-04-06 09:25:02,369 __init__.py log_once [line:227] INFO std_local_test_loss           0.0010
2026-04-06 09:25:02,369 __init__.py log_once [line:227] INFO min_local_test_loss           1.9447
2026-04-06 09:25:02,369 __init__.py log_once [line:227] INFO max_local_test_loss           1.9476
2026-04-06 09:25:02,369 fedbase.py run [line:303] INFO Eval Time Cost:               7.4310s
2026-04-06 09:27:23,854 fedbase.py run [line:311] INFO --------------Round 1--------------
2026-04-06 09:27:30,814 __init__.py log_once [line:227] INFO local_val_accuracy            0.5165
2026-04-06 09:27:30,815 __init__.py log_once [line:227] INFO mean_local_val_accuracy       0.4903
2026-04-06 09:27:30,815 __init__.py log_once [line:227] INFO std_local_val_accuracy        0.1180
2026-04-06 09:27:30,815 __init__.py log_once [line:227] INFO min_local_val_accuracy        0.3024
2026-04-06 09:27:30,815 __init__.py log_once [line:227] INFO max_local_val_accuracy        0.6285
2026-04-06 09:27:30,815 __init__.py log_once [line:227] INFO local_val_loss                1.5286
2026-04-06 09:27:30,815 __init__.py log_once [line:227] INFO mean_local_val_loss           1.6229
2026-04-06 09:27:30,815 __init__.py log_once [line:227] INFO std_local_val_loss            0.4705
2026-04-06 09:27:30,815 __init__.py log_once [line:227] INFO min_local_val_loss            1.0814
2026-04-06 09:27:30,815 __init__.py log_once [line:227] INFO max_local_val_loss            2.3658
2026-04-06 09:27:30,815 __init__.py log_once [line:227] INFO local_test_accuracy           0.5506
2026-04-06 09:27:30,815 __init__.py log_once [line:227] INFO mean_local_test_accuracy      0.5254
2026-04-06 09:27:30,815 __init__.py log_once [line:227] INFO std_local_test_accuracy       0.1216
2026-04-06 09:27:30,815 __init__.py log_once [line:227] INFO min_local_test_accuracy       0.3284
2026-04-06 09:27:30,815 __init__.py log_once [line:227] INFO max_local_test_accuracy       0.6480
2026-04-06 09:27:30,815 __init__.py log_once [line:227] INFO local_test_loss               1.4077
2026-04-06 09:27:30,815 __init__.py log_once [line:227] INFO mean_local_test_loss          1.4972
2026-04-06 09:27:30,815 __init__.py log_once [line:227] INFO std_local_test_loss           0.4062
2026-04-06 09:27:30,815 __init__.py log_once [line:227] INFO min_local_test_loss           1.0501
2026-04-06 09:27:30,815 __init__.py log_once [line:227] INFO max_local_test_loss           2.1472
2026-04-06 09:27:30,815 fedbase.py run [line:316] INFO Eval Time Cost:               6.9611s
2026-04-06 09:29:52,280 fedbase.py run [line:311] INFO --------------Round 2--------------
2026-04-06 09:29:59,294 __init__.py log_once [line:227] INFO local_val_accuracy            0.4464
2026-04-06 09:29:59,294 __init__.py log_once [line:227] INFO mean_local_val_accuracy       0.4610
2026-04-06 09:29:59,294 __init__.py log_once [line:227] INFO std_local_val_accuracy        0.1433
2026-04-06 09:29:59,294 __init__.py log_once [line:227] INFO min_local_val_accuracy        0.3073
2026-04-06 09:29:59,294 __init__.py log_once [line:227] INFO max_local_val_accuracy        0.6946
2026-04-06 09:29:59,295 __init__.py log_once [line:227] INFO local_val_loss                2.1729
2026-04-06 09:29:59,295 __init__.py log_once [line:227] INFO mean_local_val_loss           2.0260
2026-04-06 09:29:59,295 __init__.py log_once [line:227] INFO std_local_val_loss            0.7144
2026-04-06 09:29:59,295 __init__.py log_once [line:227] INFO min_local_val_loss            0.9248
2026-04-06 09:29:59,295 __init__.py log_once [line:227] INFO max_local_val_loss            2.7053
2026-04-06 09:29:59,295 __init__.py log_once [line:227] INFO local_test_accuracy           0.4573
2026-04-06 09:29:59,295 __init__.py log_once [line:227] INFO mean_local_test_accuracy      0.4719
2026-04-06 09:29:59,295 __init__.py log_once [line:227] INFO std_local_test_accuracy       0.1031
2026-04-06 09:29:59,295 __init__.py log_once [line:227] INFO min_local_test_accuracy       0.3480
2026-04-06 09:29:59,295 __init__.py log_once [line:227] INFO max_local_test_accuracy       0.6287
2026-04-06 09:29:59,295 __init__.py log_once [line:227] INFO local_test_loss               2.1226
2026-04-06 09:29:59,295 __init__.py log_once [line:227] INFO mean_local_test_loss          2.0049
2026-04-06 09:29:59,295 __init__.py log_once [line:227] INFO std_local_test_loss           0.6501
2026-04-06 09:29:59,295 __init__.py log_once [line:227] INFO min_local_test_loss           1.1703
2026-04-06 09:29:59,295 __init__.py log_once [line:227] INFO max_local_test_loss           2.7393
2026-04-06 09:29:59,295 fedbase.py run [line:316] INFO Eval Time Cost:               7.0151s
2026-04-06 09:32:17,673 fedbase.py run [line:311] INFO --------------Round 3--------------
2026-04-06 09:32:24,471 __init__.py log_once [line:227] INFO local_val_accuracy            0.6476
2026-04-06 09:32:24,471 __init__.py log_once [line:227] INFO mean_local_val_accuracy       0.6038
2026-04-06 09:32:24,471 __init__.py log_once [line:227] INFO std_local_val_accuracy        0.1946
2026-04-06 09:32:24,471 __init__.py log_once [line:227] INFO min_local_val_accuracy        0.3317
2026-04-06 09:32:24,471 __init__.py log_once [line:227] INFO max_local_val_accuracy        0.8626
2026-04-06 09:32:24,471 __init__.py log_once [line:227] INFO local_val_loss                1.4087
2026-04-06 09:32:24,471 __init__.py log_once [line:227] INFO mean_local_val_loss           1.5700
2026-04-06 09:32:24,471 __init__.py log_once [line:227] INFO std_local_val_loss            0.8099
2026-04-06 09:32:24,471 __init__.py log_once [line:227] INFO min_local_val_loss            0.5066
2026-04-06 09:32:24,471 __init__.py log_once [line:227] INFO max_local_val_loss            2.4602
2026-04-06 09:32:24,471 __init__.py log_once [line:227] INFO local_test_accuracy           0.6629
2026-04-06 09:32:24,471 __init__.py log_once [line:227] INFO mean_local_test_accuracy      0.6230
2026-04-06 09:32:24,471 __init__.py log_once [line:227] INFO std_local_test_accuracy       0.1504
2026-04-06 09:32:24,471 __init__.py log_once [line:227] INFO min_local_test_accuracy       0.4069
2026-04-06 09:32:24,471 __init__.py log_once [line:227] INFO max_local_test_accuracy       0.8316
2026-04-06 09:32:24,472 __init__.py log_once [line:227] INFO local_test_loss               1.3780
2026-04-06 09:32:24,472 __init__.py log_once [line:227] INFO mean_local_test_loss          1.4973
2026-04-06 09:32:24,472 __init__.py log_once [line:227] INFO std_local_test_loss           0.5138
2026-04-06 09:32:24,472 __init__.py log_once [line:227] INFO min_local_test_loss           0.8022
2026-04-06 09:32:24,472 __init__.py log_once [line:227] INFO max_local_test_loss           2.2152
2026-04-06 09:32:24,472 fedbase.py run [line:316] INFO Eval Time Cost:               6.7981s
2026-04-06 09:34:49,423 fedbase.py run [line:311] INFO --------------Round 4--------------
2026-04-06 09:34:56,669 __init__.py log_once [line:227] INFO local_val_accuracy            0.7078
2026-04-06 09:34:56,669 __init__.py log_once [line:227] INFO mean_local_val_accuracy       0.6702
2026-04-06 09:34:56,669 __init__.py log_once [line:227] INFO std_local_val_accuracy        0.2447
2026-04-06 09:34:56,669 __init__.py log_once [line:227] INFO min_local_val_accuracy        0.2537
2026-04-06 09:34:56,669 __init__.py log_once [line:227] INFO max_local_val_accuracy        0.8804
2026-04-06 09:34:56,669 __init__.py log_once [line:227] INFO local_val_loss                1.6994
2026-04-06 09:34:56,669 __init__.py log_once [line:227] INFO mean_local_val_loss           1.9627
2026-04-06 09:34:56,669 __init__.py log_once [line:227] INFO std_local_val_loss            2.0226
2026-04-06 09:34:56,669 __init__.py log_once [line:227] INFO min_local_val_loss            0.4608
2026-04-06 09:34:56,670 __init__.py log_once [line:227] INFO max_local_val_loss            5.4412
2026-04-06 09:34:56,670 __init__.py log_once [line:227] INFO local_test_accuracy           0.6879
2026-04-06 09:34:56,670 __init__.py log_once [line:227] INFO mean_local_test_accuracy      0.6596
2026-04-06 09:34:56,670 __init__.py log_once [line:227] INFO std_local_test_accuracy       0.2312
2026-04-06 09:34:56,670 __init__.py log_once [line:227] INFO min_local_test_accuracy       0.2598
2026-04-06 09:34:56,670 __init__.py log_once [line:227] INFO max_local_test_accuracy       0.8112
2026-04-06 09:34:56,670 __init__.py log_once [line:227] INFO local_test_loss               1.8244
2026-04-06 09:34:56,670 __init__.py log_once [line:227] INFO mean_local_test_loss          2.0730
2026-04-06 09:34:56,670 __init__.py log_once [line:227] INFO std_local_test_loss           2.0890
2026-04-06 09:34:56,670 __init__.py log_once [line:227] INFO min_local_test_loss           0.7025
2026-04-06 09:34:56,670 __init__.py log_once [line:227] INFO max_local_test_loss           5.6870
2026-04-06 09:34:56,670 fedbase.py run [line:316] INFO Eval Time Cost:               7.2471s
2026-04-06 09:37:19,976 fedbase.py run [line:311] INFO --------------Round 5--------------
2026-04-06 09:37:27,038 __init__.py log_once [line:227] INFO local_val_accuracy            0.7368
2026-04-06 09:37:27,038 __init__.py log_once [line:227] INFO mean_local_val_accuracy       0.7060
2026-04-06 09:37:27,038 __init__.py log_once [line:227] INFO std_local_val_accuracy        0.1836
2026-04-06 09:37:27,038 __init__.py log_once [line:227] INFO min_local_val_accuracy        0.3951
2026-04-06 09:37:27,038 __init__.py log_once [line:227] INFO max_local_val_accuracy        0.8728
2026-04-06 09:37:27,038 __init__.py log_once [line:227] INFO local_val_loss                1.0696
2026-04-06 09:37:27,038 __init__.py log_once [line:227] INFO mean_local_val_loss           1.2040
2026-04-06 09:37:27,038 __init__.py log_once [line:227] INFO std_local_val_loss            0.8860
2026-04-06 09:37:27,038 __init__.py log_once [line:227] INFO min_local_val_loss            0.4762
2026-04-06 09:37:27,038 __init__.py log_once [line:227] INFO max_local_val_loss            2.7203
2026-04-06 09:37:27,038 __init__.py log_once [line:227] INFO local_test_accuracy           0.7401
2026-04-06 09:37:27,038 __init__.py log_once [line:227] INFO mean_local_test_accuracy      0.7178
2026-04-06 09:37:27,039 __init__.py log_once [line:227] INFO std_local_test_accuracy       0.1281
2026-04-06 09:37:27,039 __init__.py log_once [line:227] INFO min_local_test_accuracy       0.5049
2026-04-06 09:37:27,039 __init__.py log_once [line:227] INFO max_local_test_accuracy       0.8240
2026-04-06 09:37:27,039 __init__.py log_once [line:227] INFO local_test_loss               1.0649
2026-04-06 09:37:27,039 __init__.py log_once [line:227] INFO mean_local_test_loss          1.1751
2026-04-06 09:37:27,039 __init__.py log_once [line:227] INFO std_local_test_loss           0.5707
2026-04-06 09:37:27,039 __init__.py log_once [line:227] INFO min_local_test_loss           0.6449
2026-04-06 09:37:27,039 __init__.py log_once [line:227] INFO max_local_test_loss           2.1108
2026-04-06 09:37:27,039 fedbase.py run [line:316] INFO Eval Time Cost:               7.0626s
2026-04-06 09:39:44,265 fedbase.py run [line:311] INFO --------------Round 6--------------
2026-04-06 09:39:50,893 __init__.py log_once [line:227] INFO local_val_accuracy            0.7468
2026-04-06 09:39:50,893 __init__.py log_once [line:227] INFO mean_local_val_accuracy       0.7293
2026-04-06 09:39:50,893 __init__.py log_once [line:227] INFO std_local_val_accuracy        0.1228
2026-04-06 09:39:50,893 __init__.py log_once [line:227] INFO min_local_val_accuracy        0.5366
2026-04-06 09:39:50,893 __init__.py log_once [line:227] INFO max_local_val_accuracy        0.8448
2026-04-06 09:39:50,893 __init__.py log_once [line:227] INFO local_val_loss                1.0582
2026-04-06 09:39:50,893 __init__.py log_once [line:227] INFO mean_local_val_loss           1.1371
2026-04-06 09:39:50,893 __init__.py log_once [line:227] INFO std_local_val_loss            0.6154
2026-04-06 09:39:50,893 __init__.py log_once [line:227] INFO min_local_val_loss            0.6160
2026-04-06 09:39:50,893 __init__.py log_once [line:227] INFO max_local_val_loss            2.1369
2026-04-06 09:39:50,893 __init__.py log_once [line:227] INFO local_test_accuracy           0.7221
2026-04-06 09:39:50,893 __init__.py log_once [line:227] INFO mean_local_test_accuracy      0.7061
2026-04-06 09:39:50,893 __init__.py log_once [line:227] INFO std_local_test_accuracy       0.1144
2026-04-06 09:39:50,893 __init__.py log_once [line:227] INFO min_local_test_accuracy       0.5098
2026-04-06 09:39:50,893 __init__.py log_once [line:227] INFO max_local_test_accuracy       0.7959
2026-04-06 09:39:50,894 __init__.py log_once [line:227] INFO local_test_loss               1.0973
2026-04-06 09:39:50,894 __init__.py log_once [line:227] INFO mean_local_test_loss          1.1518
2026-04-06 09:39:50,894 __init__.py log_once [line:227] INFO std_local_test_loss           0.5058
2026-04-06 09:39:50,894 __init__.py log_once [line:227] INFO min_local_test_loss           0.7842
2026-04-06 09:39:50,894 __init__.py log_once [line:227] INFO max_local_test_loss           2.0169
2026-04-06 09:39:50,894 fedbase.py run [line:316] INFO Eval Time Cost:               6.6277s
2026-04-06 09:42:04,342 fedbase.py run [line:311] INFO --------------Round 7--------------
2026-04-06 09:42:11,120 __init__.py log_once [line:227] INFO local_val_accuracy            0.7498
2026-04-06 09:42:11,120 __init__.py log_once [line:227] INFO mean_local_val_accuracy       0.7304
2026-04-06 09:42:11,120 __init__.py log_once [line:227] INFO std_local_val_accuracy        0.1299
2026-04-06 09:42:11,120 __init__.py log_once [line:227] INFO min_local_val_accuracy        0.5122
2026-04-06 09:42:11,120 __init__.py log_once [line:227] INFO max_local_val_accuracy        0.8448
2026-04-06 09:42:11,120 __init__.py log_once [line:227] INFO local_val_loss                1.0751
2026-04-06 09:42:11,120 __init__.py log_once [line:227] INFO mean_local_val_loss           1.1381
2026-04-06 09:42:11,120 __init__.py log_once [line:227] INFO std_local_val_loss            0.5933
2026-04-06 09:42:11,121 __init__.py log_once [line:227] INFO min_local_val_loss            0.7109
2026-04-06 09:42:11,121 __init__.py log_once [line:227] INFO max_local_val_loss            2.1549
2026-04-06 09:42:11,121 __init__.py log_once [line:227] INFO local_test_accuracy           0.7572
2026-04-06 09:42:11,121 __init__.py log_once [line:227] INFO mean_local_test_accuracy      0.7461
2026-04-06 09:42:11,121 __init__.py log_once [line:227] INFO std_local_test_accuracy       0.0971
2026-04-06 09:42:11,121 __init__.py log_once [line:227] INFO min_local_test_accuracy       0.5784
2026-04-06 09:42:11,121 __init__.py log_once [line:227] INFO max_local_test_accuracy       0.8120
2026-04-06 09:42:11,121 __init__.py log_once [line:227] INFO local_test_loss               1.0661
2026-04-06 09:42:11,121 __init__.py log_once [line:227] INFO mean_local_test_loss          1.0986
2026-04-06 09:42:11,121 __init__.py log_once [line:227] INFO std_local_test_loss           0.4178
2026-04-06 09:42:11,121 __init__.py log_once [line:227] INFO min_local_test_loss           0.7720
2026-04-06 09:42:11,121 __init__.py log_once [line:227] INFO max_local_test_loss           1.8153
2026-04-06 09:42:11,121 fedbase.py run [line:316] INFO Eval Time Cost:               6.7789s
2026-04-06 09:44:30,281 fedbase.py run [line:311] INFO --------------Round 8--------------
2026-04-06 09:44:37,076 __init__.py log_once [line:227] INFO local_val_accuracy            0.7758
2026-04-06 09:44:37,076 __init__.py log_once [line:227] INFO mean_local_val_accuracy       0.7486
2026-04-06 09:44:37,076 __init__.py log_once [line:227] INFO std_local_val_accuracy        0.1340
2026-04-06 09:44:37,076 __init__.py log_once [line:227] INFO min_local_val_accuracy        0.5366
2026-04-06 09:44:37,076 __init__.py log_once [line:227] INFO max_local_val_accuracy        0.9033
2026-04-06 09:44:37,076 __init__.py log_once [line:227] INFO local_val_loss                0.9013
2026-04-06 09:44:37,076 __init__.py log_once [line:227] INFO mean_local_val_loss           1.0115
2026-04-06 09:44:37,076 __init__.py log_once [line:227] INFO std_local_val_loss            0.6105
2026-04-06 09:44:37,076 __init__.py log_once [line:227] INFO min_local_val_loss            0.3906
2026-04-06 09:44:37,077 __init__.py log_once [line:227] INFO max_local_val_loss            2.0207
2026-04-06 09:44:37,077 __init__.py log_once [line:227] INFO local_test_accuracy           0.7793
2026-04-06 09:44:37,077 __init__.py log_once [line:227] INFO mean_local_test_accuracy      0.7586
2026-04-06 09:44:37,077 __init__.py log_once [line:227] INFO std_local_test_accuracy       0.1058
2026-04-06 09:44:37,077 __init__.py log_once [line:227] INFO min_local_test_accuracy       0.5833
2026-04-06 09:44:37,077 __init__.py log_once [line:227] INFO max_local_test_accuracy       0.8648
2026-04-06 09:44:37,077 __init__.py log_once [line:227] INFO local_test_loss               0.9650
2026-04-06 09:44:37,077 __init__.py log_once [line:227] INFO mean_local_test_loss          1.0612
2026-04-06 09:44:37,077 __init__.py log_once [line:227] INFO std_local_test_loss           0.4963
2026-04-06 09:44:37,077 __init__.py log_once [line:227] INFO min_local_test_loss           0.5894
2026-04-06 09:44:37,077 __init__.py log_once [line:227] INFO max_local_test_loss           1.8789
2026-04-06 09:44:37,077 fedbase.py run [line:316] INFO Eval Time Cost:               6.7962s
