2026-04-06 09:32:49,660 fflow.py init [line:848] INFO PROCESS ID:	20565
2026-04-06 09:32:49,660 fflow.py init [line:849] INFO Initializing devices: cuda:0 will be used for this running.
2026-04-06 09:32:49,660 fflow.py init [line:852] INFO BENCHMARK:	task.PACS_c4
2026-04-06 09:32:49,660 fflow.py init [line:853] INFO TASK:			task/PACS_c4
2026-04-06 09:32:49,660 fflow.py init [line:854] INFO MODEL:		task.PACS_c4.model.default_model
2026-04-06 09:32:49,660 fflow.py init [line:855] INFO ALGORITHM:	fedavg
2026-04-06 09:32:49,662 fflow.py init [line:901] INFO SCENE:		horizontal FL with 1 <class 'flgo.algorithm.fedbase.BasicServer'>, 4 <class 'flgo.algorithm.fedbase.BasicClient'>
2026-04-06 09:32:49,997 fflow.py init [line:918] INFO SIMULATOR:	<class 'flgo.simulator.default_simulator.Simulator'>
2026-04-06 09:32:49,997 fflow.py init [line:931] INFO Ready to start.
2026-04-06 09:32:49,997 fedbase.py run [line:300] INFO --------------Initial Evaluation--------------
2026-04-06 09:32:56,790 __init__.py log_once [line:227] INFO local_val_accuracy            0.1652
2026-04-06 09:32:56,791 __init__.py log_once [line:227] INFO mean_local_val_accuracy       0.1538
2026-04-06 09:32:56,791 __init__.py log_once [line:227] INFO std_local_val_accuracy        0.0360
2026-04-06 09:32:56,791 __init__.py log_once [line:227] INFO min_local_val_accuracy        0.1018
2026-04-06 09:32:56,791 __init__.py log_once [line:227] INFO max_local_val_accuracy        0.2036
2026-04-06 09:32:56,791 __init__.py log_once [line:227] INFO local_val_loss                1.9440
2026-04-06 09:32:56,791 __init__.py log_once [line:227] INFO mean_local_val_loss           1.9442
2026-04-06 09:32:56,791 __init__.py log_once [line:227] INFO std_local_val_loss            0.0011
2026-04-06 09:32:56,791 __init__.py log_once [line:227] INFO min_local_val_loss            1.9426
2026-04-06 09:32:56,791 __init__.py log_once [line:227] INFO max_local_val_loss            1.9457
2026-04-06 09:32:56,791 __init__.py log_once [line:227] INFO local_test_accuracy           0.1445
2026-04-06 09:32:56,791 __init__.py log_once [line:227] INFO mean_local_test_accuracy      0.1353
2026-04-06 09:32:56,791 __init__.py log_once [line:227] INFO std_local_test_accuracy       0.0350
2026-04-06 09:32:56,791 __init__.py log_once [line:227] INFO min_local_test_accuracy       0.0940
2026-04-06 09:32:56,791 __init__.py log_once [line:227] INFO max_local_test_accuracy       0.1862
2026-04-06 09:32:56,791 __init__.py log_once [line:227] INFO local_test_loss               1.9450
2026-04-06 09:32:56,791 __init__.py log_once [line:227] INFO mean_local_test_loss          1.9455
2026-04-06 09:32:56,791 __init__.py log_once [line:227] INFO std_local_test_loss           0.0023
2026-04-06 09:32:56,791 __init__.py log_once [line:227] INFO min_local_test_loss           1.9429
2026-04-06 09:32:56,791 __init__.py log_once [line:227] INFO max_local_test_loss           1.9479
2026-04-06 09:32:56,792 fedbase.py run [line:303] INFO Eval Time Cost:               6.7941s
2026-04-06 09:35:08,437 fedbase.py run [line:311] INFO --------------Round 1--------------
2026-04-06 09:35:14,968 __init__.py log_once [line:227] INFO local_val_accuracy            0.1882
2026-04-06 09:35:14,968 __init__.py log_once [line:227] INFO mean_local_val_accuracy       0.1853
2026-04-06 09:35:14,968 __init__.py log_once [line:227] INFO std_local_val_accuracy        0.0407
2026-04-06 09:35:14,968 __init__.py log_once [line:227] INFO min_local_val_accuracy        0.1198
2026-04-06 09:35:14,968 __init__.py log_once [line:227] INFO max_local_val_accuracy        0.2244
2026-04-06 09:35:14,968 __init__.py log_once [line:227] INFO local_val_loss                1.9802
2026-04-06 09:35:14,968 __init__.py log_once [line:227] INFO mean_local_val_loss           1.9687
2026-04-06 09:35:14,968 __init__.py log_once [line:227] INFO std_local_val_loss            0.0563
2026-04-06 09:35:14,968 __init__.py log_once [line:227] INFO min_local_val_loss            1.9106
2026-04-06 09:35:14,968 __init__.py log_once [line:227] INFO max_local_val_loss            2.0443
2026-04-06 09:35:14,968 __init__.py log_once [line:227] INFO local_test_accuracy           0.1916
2026-04-06 09:35:14,968 __init__.py log_once [line:227] INFO mean_local_test_accuracy      0.1788
2026-04-06 09:35:14,968 __init__.py log_once [line:227] INFO std_local_test_accuracy       0.0467
2026-04-06 09:35:14,968 __init__.py log_once [line:227] INFO min_local_test_accuracy       0.1078
2026-04-06 09:35:14,969 __init__.py log_once [line:227] INFO max_local_test_accuracy       0.2270
2026-04-06 09:35:14,969 __init__.py log_once [line:227] INFO local_test_loss               1.9754
2026-04-06 09:35:14,969 __init__.py log_once [line:227] INFO mean_local_test_loss          1.9742
2026-04-06 09:35:14,969 __init__.py log_once [line:227] INFO std_local_test_loss           0.0149
2026-04-06 09:35:14,969 __init__.py log_once [line:227] INFO min_local_test_loss           1.9512
2026-04-06 09:35:14,969 __init__.py log_once [line:227] INFO max_local_test_loss           1.9880
2026-04-06 09:35:14,969 fedbase.py run [line:316] INFO Eval Time Cost:               6.5319s
