2026-04-09 00:40:51,383 fflow.py init [line:848] INFO PROCESS ID:	134041
2026-04-09 00:40:51,383 fflow.py init [line:849] INFO Initializing devices: cuda:0 will be used for this running.
2026-04-09 00:40:51,383 fflow.py init [line:852] INFO BENCHMARK:	task.PACS_c4
2026-04-09 00:40:51,384 fflow.py init [line:853] INFO TASK:			task/PACS_c4
2026-04-09 00:40:51,384 fflow.py init [line:854] INFO MODEL:		algorithm.fdse
2026-04-09 00:40:51,384 fflow.py init [line:855] INFO ALGORITHM:	fdse
2026-04-09 00:40:51,386 fflow.py init [line:901] INFO SCENE:		horizontal FL with 1 <class 'algorithm.fdse.Server'>, 4 <class 'algorithm.fdse.Client'>
2026-04-09 00:40:51,905 fflow.py init [line:918] INFO SIMULATOR:	<class 'flgo.simulator.default_simulator.Simulator'>
2026-04-09 00:40:52,065 fflow.py init [line:931] INFO Ready to start.
2026-04-09 00:40:52,066 fedbase.py run [line:300] INFO --------------Initial Evaluation--------------
2026-04-09 00:41:00,628 __init__.py log_once [line:227] INFO local_val_accuracy            0.0981
2026-04-09 00:41:00,629 __init__.py log_once [line:227] INFO mean_local_val_accuracy       0.1138
2026-04-09 00:41:00,629 __init__.py log_once [line:227] INFO std_local_val_accuracy        0.0530
2026-04-09 00:41:00,629 __init__.py log_once [line:227] INFO min_local_val_accuracy        0.0254
2026-04-09 00:41:00,629 __init__.py log_once [line:227] INFO max_local_val_accuracy        0.1561
2026-04-09 00:41:00,629 __init__.py log_once [line:227] INFO local_val_loss                1.9459
2026-04-09 00:41:00,629 __init__.py log_once [line:227] INFO mean_local_val_loss           1.9454
2026-04-09 00:41:00,629 __init__.py log_once [line:227] INFO std_local_val_loss            0.0019
2026-04-09 00:41:00,629 __init__.py log_once [line:227] INFO min_local_val_loss            1.9433
2026-04-09 00:41:00,629 __init__.py log_once [line:227] INFO max_local_val_loss            1.9484
2026-04-09 00:41:00,629 __init__.py log_once [line:227] INFO local_test_accuracy           0.1193
2026-04-09 00:41:00,629 __init__.py log_once [line:227] INFO mean_local_test_accuracy      0.1421
2026-04-09 00:41:00,629 __init__.py log_once [line:227] INFO std_local_test_accuracy       0.0676
2026-04-09 00:41:00,629 __init__.py log_once [line:227] INFO min_local_test_accuracy       0.0255
2026-04-09 00:41:00,629 __init__.py log_once [line:227] INFO max_local_test_accuracy       0.1863
2026-04-09 00:41:00,629 __init__.py log_once [line:227] INFO local_test_loss               1.9452
2026-04-09 00:41:00,629 __init__.py log_once [line:227] INFO mean_local_test_loss          1.9448
2026-04-09 00:41:00,629 __init__.py log_once [line:227] INFO std_local_test_loss           0.0017
2026-04-09 00:41:00,629 __init__.py log_once [line:227] INFO min_local_test_loss           1.9431
2026-04-09 00:41:00,629 __init__.py log_once [line:227] INFO max_local_test_loss           1.9476
2026-04-09 00:41:00,630 fedbase.py run [line:303] INFO Eval Time Cost:               8.5638s
2026-04-09 00:43:24,924 fedbase.py run [line:311] INFO --------------Round 1--------------
2026-04-09 00:43:31,748 __init__.py log_once [line:227] INFO local_val_accuracy            0.6497
2026-04-09 00:43:31,748 __init__.py log_once [line:227] INFO mean_local_val_accuracy       0.6272
2026-04-09 00:43:31,748 __init__.py log_once [line:227] INFO std_local_val_accuracy        0.1638
2026-04-09 00:43:31,748 __init__.py log_once [line:227] INFO min_local_val_accuracy        0.3463
2026-04-09 00:43:31,748 __init__.py log_once [line:227] INFO max_local_val_accuracy        0.7405
2026-04-09 00:43:31,748 __init__.py log_once [line:227] INFO local_val_loss                1.1228
2026-04-09 00:43:31,748 __init__.py log_once [line:227] INFO mean_local_val_loss           1.1995
2026-04-09 00:43:31,748 __init__.py log_once [line:227] INFO std_local_val_loss            0.6038
2026-04-09 00:43:31,748 __init__.py log_once [line:227] INFO min_local_val_loss            0.7962
2026-04-09 00:43:31,748 __init__.py log_once [line:227] INFO max_local_val_loss            2.2417
2026-04-09 00:43:31,748 __init__.py log_once [line:227] INFO local_test_accuracy           0.6538
2026-04-09 00:43:31,748 __init__.py log_once [line:227] INFO mean_local_test_accuracy      0.6314
2026-04-09 00:43:31,749 __init__.py log_once [line:227] INFO std_local_test_accuracy       0.1635
2026-04-09 00:43:31,749 __init__.py log_once [line:227] INFO min_local_test_accuracy       0.3529
2026-04-09 00:43:31,749 __init__.py log_once [line:227] INFO max_local_test_accuracy       0.7564
2026-04-09 00:43:31,749 __init__.py log_once [line:227] INFO local_test_loss               1.1455
2026-04-09 00:43:31,749 __init__.py log_once [line:227] INFO mean_local_test_loss          1.2181
2026-04-09 00:43:31,749 __init__.py log_once [line:227] INFO std_local_test_loss           0.6094
2026-04-09 00:43:31,749 __init__.py log_once [line:227] INFO min_local_test_loss           0.8347
2026-04-09 00:43:31,749 __init__.py log_once [line:227] INFO max_local_test_loss           2.2715
2026-04-09 00:43:31,749 fedbase.py run [line:316] INFO Eval Time Cost:               6.8249s
2026-04-09 00:45:57,636 fedbase.py run [line:311] INFO --------------Round 2--------------
2026-04-09 00:46:04,092 __init__.py log_once [line:227] INFO local_val_accuracy            0.7368
2026-04-09 00:46:04,092 __init__.py log_once [line:227] INFO mean_local_val_accuracy       0.7204
2026-04-09 00:46:04,092 __init__.py log_once [line:227] INFO std_local_val_accuracy        0.1076
2026-04-09 00:46:04,092 __init__.py log_once [line:227] INFO min_local_val_accuracy        0.5366
2026-04-09 00:46:04,092 __init__.py log_once [line:227] INFO max_local_val_accuracy        0.8041
2026-04-09 00:46:04,092 __init__.py log_once [line:227] INFO local_val_loss                0.8652
2026-04-09 00:46:04,092 __init__.py log_once [line:227] INFO mean_local_val_loss           0.9225
2026-04-09 00:46:04,092 __init__.py log_once [line:227] INFO std_local_val_loss            0.4032
2026-04-09 00:46:04,092 __init__.py log_once [line:227] INFO min_local_val_loss            0.6238
2026-04-09 00:46:04,092 __init__.py log_once [line:227] INFO max_local_val_loss            1.6154
2026-04-09 00:46:04,092 __init__.py log_once [line:227] INFO local_test_accuracy           0.7361
2026-04-09 00:46:04,092 __init__.py log_once [line:227] INFO mean_local_test_accuracy      0.7122
2026-04-09 00:46:04,092 __init__.py log_once [line:227] INFO std_local_test_accuracy       0.1326
2026-04-09 00:46:04,092 __init__.py log_once [line:227] INFO min_local_test_accuracy       0.4902
2026-04-09 00:46:04,092 __init__.py log_once [line:227] INFO max_local_test_accuracy       0.8418
2026-04-09 00:46:04,093 __init__.py log_once [line:227] INFO local_test_loss               0.8233
2026-04-09 00:46:04,093 __init__.py log_once [line:227] INFO mean_local_test_loss          0.8916
2026-04-09 00:46:04,093 __init__.py log_once [line:227] INFO std_local_test_loss           0.3704
2026-04-09 00:46:04,093 __init__.py log_once [line:227] INFO min_local_test_loss           0.5318
2026-04-09 00:46:04,093 __init__.py log_once [line:227] INFO max_local_test_loss           1.5115
2026-04-09 00:46:04,093 fedbase.py run [line:316] INFO Eval Time Cost:               6.4558s
2026-04-09 00:48:30,610 fedbase.py run [line:311] INFO --------------Round 3--------------
2026-04-09 00:48:37,531 __init__.py log_once [line:227] INFO local_val_accuracy            0.7588
2026-04-09 00:48:37,531 __init__.py log_once [line:227] INFO mean_local_val_accuracy       0.7442
2026-04-09 00:48:37,531 __init__.py log_once [line:227] INFO std_local_val_accuracy        0.0983
2026-04-09 00:48:37,531 __init__.py log_once [line:227] INFO min_local_val_accuracy        0.5756
2026-04-09 00:48:37,531 __init__.py log_once [line:227] INFO max_local_val_accuracy        0.8219
2026-04-09 00:48:37,531 __init__.py log_once [line:227] INFO local_val_loss                0.7725
2026-04-09 00:48:37,531 __init__.py log_once [line:227] INFO mean_local_val_loss           0.8246
2026-04-09 00:48:37,531 __init__.py log_once [line:227] INFO std_local_val_loss            0.3557
2026-04-09 00:48:37,532 __init__.py log_once [line:227] INFO min_local_val_loss            0.5323
2026-04-09 00:48:37,532 __init__.py log_once [line:227] INFO max_local_val_loss            1.4324
2026-04-09 00:48:37,532 __init__.py log_once [line:227] INFO local_test_accuracy           0.7682
2026-04-09 00:48:37,532 __init__.py log_once [line:227] INFO mean_local_test_accuracy      0.7512
2026-04-09 00:48:37,532 __init__.py log_once [line:227] INFO std_local_test_accuracy       0.1061
2026-04-09 00:48:37,532 __init__.py log_once [line:227] INFO min_local_test_accuracy       0.5735
2026-04-09 00:48:37,532 __init__.py log_once [line:227] INFO max_local_test_accuracy       0.8495
2026-04-09 00:48:37,532 __init__.py log_once [line:227] INFO local_test_loss               0.7269
2026-04-09 00:48:37,532 __init__.py log_once [line:227] INFO mean_local_test_loss          0.7866
2026-04-09 00:48:37,532 __init__.py log_once [line:227] INFO std_local_test_loss           0.3043
2026-04-09 00:48:37,532 __init__.py log_once [line:227] INFO min_local_test_loss           0.4648
2026-04-09 00:48:37,532 __init__.py log_once [line:227] INFO max_local_test_loss           1.2874
2026-04-09 00:48:37,532 fedbase.py run [line:316] INFO Eval Time Cost:               6.9212s
2026-04-09 00:51:06,607 fedbase.py run [line:311] INFO --------------Round 4--------------
2026-04-09 00:51:13,737 __init__.py log_once [line:227] INFO local_val_accuracy            0.7728
2026-04-09 00:51:13,737 __init__.py log_once [line:227] INFO mean_local_val_accuracy       0.7574
2026-04-09 00:51:13,737 __init__.py log_once [line:227] INFO std_local_val_accuracy        0.1060
2026-04-09 00:51:13,737 __init__.py log_once [line:227] INFO min_local_val_accuracy        0.5756
2026-04-09 00:51:13,737 __init__.py log_once [line:227] INFO max_local_val_accuracy        0.8422
2026-04-09 00:51:13,737 __init__.py log_once [line:227] INFO local_val_loss                0.7575
2026-04-09 00:51:13,737 __init__.py log_once [line:227] INFO mean_local_val_loss           0.8193
2026-04-09 00:51:13,737 __init__.py log_once [line:227] INFO std_local_val_loss            0.3732
2026-04-09 00:51:13,737 __init__.py log_once [line:227] INFO min_local_val_loss            0.4844
2026-04-09 00:51:13,738 __init__.py log_once [line:227] INFO max_local_val_loss            1.4523
2026-04-09 00:51:13,738 __init__.py log_once [line:227] INFO local_test_accuracy           0.7783
2026-04-09 00:51:13,738 __init__.py log_once [line:227] INFO mean_local_test_accuracy      0.7591
2026-04-09 00:51:13,738 __init__.py log_once [line:227] INFO std_local_test_accuracy       0.1008
2026-04-09 00:51:13,738 __init__.py log_once [line:227] INFO min_local_test_accuracy       0.5931
2026-04-09 00:51:13,738 __init__.py log_once [line:227] INFO max_local_test_accuracy       0.8648
2026-04-09 00:51:13,738 __init__.py log_once [line:227] INFO local_test_loss               0.7274
2026-04-09 00:51:13,738 __init__.py log_once [line:227] INFO mean_local_test_loss          0.7898
2026-04-09 00:51:13,738 __init__.py log_once [line:227] INFO std_local_test_loss           0.3388
2026-04-09 00:51:13,738 __init__.py log_once [line:227] INFO min_local_test_loss           0.4437
2026-04-09 00:51:13,738 __init__.py log_once [line:227] INFO max_local_test_loss           1.3509
2026-04-09 00:51:13,738 fedbase.py run [line:316] INFO Eval Time Cost:               7.1302s
2026-04-09 00:53:42,697 fedbase.py run [line:311] INFO --------------Round 5--------------
2026-04-09 00:53:49,432 __init__.py log_once [line:227] INFO local_val_accuracy            0.7758
2026-04-09 00:53:49,432 __init__.py log_once [line:227] INFO mean_local_val_accuracy       0.7615
2026-04-09 00:53:49,432 __init__.py log_once [line:227] INFO std_local_val_accuracy        0.1078
2026-04-09 00:53:49,432 __init__.py log_once [line:227] INFO min_local_val_accuracy        0.5756
2026-04-09 00:53:49,433 __init__.py log_once [line:227] INFO max_local_val_accuracy        0.8397
2026-04-09 00:53:49,433 __init__.py log_once [line:227] INFO local_val_loss                0.7992
2026-04-09 00:53:49,433 __init__.py log_once [line:227] INFO mean_local_val_loss           0.8619
2026-04-09 00:53:49,433 __init__.py log_once [line:227] INFO std_local_val_loss            0.3847
2026-04-09 00:53:49,433 __init__.py log_once [line:227] INFO min_local_val_loss            0.5124
2026-04-09 00:53:49,433 __init__.py log_once [line:227] INFO max_local_val_loss            1.5123
2026-04-09 00:53:49,433 __init__.py log_once [line:227] INFO local_test_accuracy           0.7783
2026-04-09 00:53:49,433 __init__.py log_once [line:227] INFO mean_local_test_accuracy      0.7573
2026-04-09 00:53:49,433 __init__.py log_once [line:227] INFO std_local_test_accuracy       0.1083
2026-04-09 00:53:49,433 __init__.py log_once [line:227] INFO min_local_test_accuracy       0.5784
2026-04-09 00:53:49,433 __init__.py log_once [line:227] INFO max_local_test_accuracy       0.8699
2026-04-09 00:53:49,433 __init__.py log_once [line:227] INFO local_test_loss               0.7838
2026-04-09 00:53:49,433 __init__.py log_once [line:227] INFO mean_local_test_loss          0.8521
2026-04-09 00:53:49,433 __init__.py log_once [line:227] INFO std_local_test_loss           0.3792
2026-04-09 00:53:49,433 __init__.py log_once [line:227] INFO min_local_test_loss           0.4996
2026-04-09 00:53:49,433 __init__.py log_once [line:227] INFO max_local_test_loss           1.4893
2026-04-09 00:53:49,433 fedbase.py run [line:316] INFO Eval Time Cost:               6.7364s
2026-04-09 00:56:20,475 fedbase.py run [line:311] INFO --------------Round 6--------------
2026-04-09 00:56:27,773 __init__.py log_once [line:227] INFO local_val_accuracy            0.7688
2026-04-09 00:56:27,774 __init__.py log_once [line:227] INFO mean_local_val_accuracy       0.7540
2026-04-09 00:56:27,774 __init__.py log_once [line:227] INFO std_local_val_accuracy        0.0964
2026-04-09 00:56:27,774 __init__.py log_once [line:227] INFO min_local_val_accuracy        0.5902
2026-04-09 00:56:27,774 __init__.py log_once [line:227] INFO max_local_val_accuracy        0.8270
2026-04-09 00:56:27,774 __init__.py log_once [line:227] INFO local_val_loss                0.8353
2026-04-09 00:56:27,774 __init__.py log_once [line:227] INFO mean_local_val_loss           0.9025
2026-04-09 00:56:27,774 __init__.py log_once [line:227] INFO std_local_val_loss            0.4076
2026-04-09 00:56:27,774 __init__.py log_once [line:227] INFO min_local_val_loss            0.5402
2026-04-09 00:56:27,774 __init__.py log_once [line:227] INFO max_local_val_loss            1.5945
2026-04-09 00:56:27,774 __init__.py log_once [line:227] INFO local_test_accuracy           0.7773
2026-04-09 00:56:27,774 __init__.py log_once [line:227] INFO mean_local_test_accuracy      0.7614
2026-04-09 00:56:27,774 __init__.py log_once [line:227] INFO std_local_test_accuracy       0.0867
2026-04-09 00:56:27,774 __init__.py log_once [line:227] INFO min_local_test_accuracy       0.6176
2026-04-09 00:56:27,774 __init__.py log_once [line:227] INFO max_local_test_accuracy       0.8495
2026-04-09 00:56:27,774 __init__.py log_once [line:227] INFO local_test_loss               0.7570
2026-04-09 00:56:27,774 __init__.py log_once [line:227] INFO mean_local_test_loss          0.8247
2026-04-09 00:56:27,774 __init__.py log_once [line:227] INFO std_local_test_loss           0.3797
2026-04-09 00:56:27,775 __init__.py log_once [line:227] INFO min_local_test_loss           0.4477
2026-04-09 00:56:27,775 __init__.py log_once [line:227] INFO max_local_test_loss           1.4570
2026-04-09 00:56:27,775 fedbase.py run [line:316] INFO Eval Time Cost:               7.2992s
2026-04-09 00:58:57,851 fedbase.py run [line:311] INFO --------------Round 7--------------
2026-04-09 00:59:04,889 __init__.py log_once [line:227] INFO local_val_accuracy            0.7568
2026-04-09 00:59:04,889 __init__.py log_once [line:227] INFO mean_local_val_accuracy       0.7368
2026-04-09 00:59:04,889 __init__.py log_once [line:227] INFO std_local_val_accuracy        0.1133
2026-04-09 00:59:04,889 __init__.py log_once [line:227] INFO min_local_val_accuracy        0.5463
2026-04-09 00:59:04,889 __init__.py log_once [line:227] INFO max_local_val_accuracy        0.8448
2026-04-09 00:59:04,889 __init__.py log_once [line:227] INFO local_val_loss                0.8736
2026-04-09 00:59:04,889 __init__.py log_once [line:227] INFO mean_local_val_loss           0.9448
2026-04-09 00:59:04,890 __init__.py log_once [line:227] INFO std_local_val_loss            0.4603
2026-04-09 00:59:04,890 __init__.py log_once [line:227] INFO min_local_val_loss            0.5403
2026-04-09 00:59:04,890 __init__.py log_once [line:227] INFO max_local_val_loss            1.7249
2026-04-09 00:59:04,890 __init__.py log_once [line:227] INFO local_test_accuracy           0.7843
2026-04-09 00:59:04,890 __init__.py log_once [line:227] INFO mean_local_test_accuracy      0.7641
2026-04-09 00:59:04,890 __init__.py log_once [line:227] INFO std_local_test_accuracy       0.1060
2026-04-09 00:59:04,890 __init__.py log_once [line:227] INFO min_local_test_accuracy       0.5882
2026-04-09 00:59:04,890 __init__.py log_once [line:227] INFO max_local_test_accuracy       0.8724
2026-04-09 00:59:04,890 __init__.py log_once [line:227] INFO local_test_loss               0.7515
2026-04-09 00:59:04,890 __init__.py log_once [line:227] INFO mean_local_test_loss          0.8110
2026-04-09 00:59:04,890 __init__.py log_once [line:227] INFO std_local_test_loss           0.3585
2026-04-09 00:59:04,890 __init__.py log_once [line:227] INFO min_local_test_loss           0.4687
2026-04-09 00:59:04,890 __init__.py log_once [line:227] INFO max_local_test_loss           1.4093
2026-04-09 00:59:04,890 fedbase.py run [line:316] INFO Eval Time Cost:               7.0381s
2026-04-09 01:01:35,506 fedbase.py run [line:311] INFO --------------Round 8--------------
2026-04-09 01:01:42,525 __init__.py log_once [line:227] INFO local_val_accuracy            0.7658
2026-04-09 01:01:42,526 __init__.py log_once [line:227] INFO mean_local_val_accuracy       0.7539
2026-04-09 01:01:42,526 __init__.py log_once [line:227] INFO std_local_val_accuracy        0.0706
2026-04-09 01:01:42,526 __init__.py log_once [line:227] INFO min_local_val_accuracy        0.6341
2026-04-09 01:01:42,526 __init__.py log_once [line:227] INFO max_local_val_accuracy        0.8168
2026-04-09 01:01:42,526 __init__.py log_once [line:227] INFO local_val_loss                0.8773
2026-04-09 01:01:42,526 __init__.py log_once [line:227] INFO mean_local_val_loss           0.9404
2026-04-09 01:01:42,526 __init__.py log_once [line:227] INFO std_local_val_loss            0.3690
2026-04-09 01:01:42,526 __init__.py log_once [line:227] INFO min_local_val_loss            0.5873
2026-04-09 01:01:42,526 __init__.py log_once [line:227] INFO max_local_val_loss            1.5588
2026-04-09 01:01:42,526 __init__.py log_once [line:227] INFO local_test_accuracy           0.7732
2026-04-09 01:01:42,526 __init__.py log_once [line:227] INFO mean_local_test_accuracy      0.7560
2026-04-09 01:01:42,526 __init__.py log_once [line:227] INFO std_local_test_accuracy       0.1019
2026-04-09 01:01:42,526 __init__.py log_once [line:227] INFO min_local_test_accuracy       0.5833
2026-04-09 01:01:42,526 __init__.py log_once [line:227] INFO max_local_test_accuracy       0.8469
2026-04-09 01:01:42,526 __init__.py log_once [line:227] INFO local_test_loss               0.8133
2026-04-09 01:01:42,527 __init__.py log_once [line:227] INFO mean_local_test_loss          0.8781
2026-04-09 01:01:42,527 __init__.py log_once [line:227] INFO std_local_test_loss           0.3967
2026-04-09 01:01:42,527 __init__.py log_once [line:227] INFO min_local_test_loss           0.5147
2026-04-09 01:01:42,527 __init__.py log_once [line:227] INFO max_local_test_loss           1.5476
2026-04-09 01:01:42,527 fedbase.py run [line:316] INFO Eval Time Cost:               7.0206s
2026-04-09 01:04:07,748 fedbase.py run [line:311] INFO --------------Round 9--------------
2026-04-09 01:04:14,823 __init__.py log_once [line:227] INFO local_val_accuracy            0.7668
2026-04-09 01:04:14,823 __init__.py log_once [line:227] INFO mean_local_val_accuracy       0.7485
2026-04-09 01:04:14,823 __init__.py log_once [line:227] INFO std_local_val_accuracy        0.1157
2026-04-09 01:04:14,823 __init__.py log_once [line:227] INFO min_local_val_accuracy        0.5512
2026-04-09 01:04:14,823 __init__.py log_once [line:227] INFO max_local_val_accuracy        0.8473
2026-04-09 01:04:14,823 __init__.py log_once [line:227] INFO local_val_loss                0.9111
2026-04-09 01:04:14,823 __init__.py log_once [line:227] INFO mean_local_val_loss           0.9878
2026-04-09 01:04:14,823 __init__.py log_once [line:227] INFO std_local_val_loss            0.4517
2026-04-09 01:04:14,823 __init__.py log_once [line:227] INFO min_local_val_loss            0.5783
2026-04-09 01:04:14,823 __init__.py log_once [line:227] INFO max_local_val_loss            1.7526
2026-04-09 01:04:14,823 __init__.py log_once [line:227] INFO local_test_accuracy           0.7863
2026-04-09 01:04:14,823 __init__.py log_once [line:227] INFO mean_local_test_accuracy      0.7679
2026-04-09 01:04:14,824 __init__.py log_once [line:227] INFO std_local_test_accuracy       0.1141
2026-04-09 01:04:14,824 __init__.py log_once [line:227] INFO min_local_test_accuracy       0.5735
2026-04-09 01:04:14,824 __init__.py log_once [line:227] INFO max_local_test_accuracy       0.8648
2026-04-09 01:04:14,824 __init__.py log_once [line:227] INFO local_test_loss               0.8051
2026-04-09 01:04:14,824 __init__.py log_once [line:227] INFO mean_local_test_loss          0.8721
2026-04-09 01:04:14,824 __init__.py log_once [line:227] INFO std_local_test_loss           0.3736
2026-04-09 01:04:14,824 __init__.py log_once [line:227] INFO min_local_test_loss           0.5026
2026-04-09 01:04:14,824 __init__.py log_once [line:227] INFO max_local_test_loss           1.4953
2026-04-09 01:04:14,824 fedbase.py run [line:316] INFO Eval Time Cost:               7.0751s
2026-04-09 01:06:43,540 fedbase.py run [line:311] INFO --------------Round 10--------------
2026-04-09 01:06:50,463 __init__.py log_once [line:227] INFO local_val_accuracy            0.7548
2026-04-09 01:06:50,463 __init__.py log_once [line:227] INFO mean_local_val_accuracy       0.7398
2026-04-09 01:06:50,464 __init__.py log_once [line:227] INFO std_local_val_accuracy        0.1068
2026-04-09 01:06:50,464 __init__.py log_once [line:227] INFO min_local_val_accuracy        0.5561
2026-04-09 01:06:50,464 __init__.py log_once [line:227] INFO max_local_val_accuracy        0.8193
2026-04-09 01:06:50,464 __init__.py log_once [line:227] INFO local_val_loss                0.9355
2026-04-09 01:06:50,464 __init__.py log_once [line:227] INFO mean_local_val_loss           1.0139
2026-04-09 01:06:50,464 __init__.py log_once [line:227] INFO std_local_val_loss            0.4500
2026-04-09 01:06:50,464 __init__.py log_once [line:227] INFO min_local_val_loss            0.6054
2026-04-09 01:06:50,464 __init__.py log_once [line:227] INFO max_local_val_loss            1.7739
2026-04-09 01:06:50,464 __init__.py log_once [line:227] INFO local_test_accuracy           0.7853
2026-04-09 01:06:50,464 __init__.py log_once [line:227] INFO mean_local_test_accuracy      0.7668
2026-04-09 01:06:50,464 __init__.py log_once [line:227] INFO std_local_test_accuracy       0.1138
2026-04-09 01:06:50,464 __init__.py log_once [line:227] INFO min_local_test_accuracy       0.5735
2026-04-09 01:06:50,464 __init__.py log_once [line:227] INFO max_local_test_accuracy       0.8673
2026-04-09 01:06:50,464 __init__.py log_once [line:227] INFO local_test_loss               0.8618
2026-04-09 01:06:50,464 __init__.py log_once [line:227] INFO mean_local_test_loss          0.9342
2026-04-09 01:06:50,464 __init__.py log_once [line:227] INFO std_local_test_loss           0.4296
2026-04-09 01:06:50,464 __init__.py log_once [line:227] INFO min_local_test_loss           0.5331
2026-04-09 01:06:50,464 __init__.py log_once [line:227] INFO max_local_test_loss           1.6582
2026-04-09 01:06:50,464 fedbase.py run [line:316] INFO Eval Time Cost:               6.9236s
2026-04-09 01:09:23,194 fedbase.py run [line:311] INFO --------------Round 11--------------
2026-04-09 01:09:30,059 __init__.py log_once [line:227] INFO local_val_accuracy            0.7708
2026-04-09 01:09:30,059 __init__.py log_once [line:227] INFO mean_local_val_accuracy       0.7607
2026-04-09 01:09:30,059 __init__.py log_once [line:227] INFO std_local_val_accuracy        0.0793
2026-04-09 01:09:30,059 __init__.py log_once [line:227] INFO min_local_val_accuracy        0.6244
2026-04-09 01:09:30,059 __init__.py log_once [line:227] INFO max_local_val_accuracy        0.8162
2026-04-09 01:09:30,060 __init__.py log_once [line:227] INFO local_val_loss                0.9488
2026-04-09 01:09:30,060 __init__.py log_once [line:227] INFO mean_local_val_loss           1.0207
2026-04-09 01:09:30,060 __init__.py log_once [line:227] INFO std_local_val_loss            0.4165
2026-04-09 01:09:30,060 __init__.py log_once [line:227] INFO min_local_val_loss            0.6411
2026-04-09 01:09:30,060 __init__.py log_once [line:227] INFO max_local_val_loss            1.7247
2026-04-09 01:09:30,060 __init__.py log_once [line:227] INFO local_test_accuracy           0.7742
2026-04-09 01:09:30,060 __init__.py log_once [line:227] INFO mean_local_test_accuracy      0.7557
2026-04-09 01:09:30,060 __init__.py log_once [line:227] INFO std_local_test_accuracy       0.1266
2026-04-09 01:09:30,060 __init__.py log_once [line:227] INFO min_local_test_accuracy       0.5392
2026-04-09 01:09:30,060 __init__.py log_once [line:227] INFO max_local_test_accuracy       0.8597
2026-04-09 01:09:30,060 __init__.py log_once [line:227] INFO local_test_loss               0.8768
2026-04-09 01:09:30,060 __init__.py log_once [line:227] INFO mean_local_test_loss          0.9548
2026-04-09 01:09:30,060 __init__.py log_once [line:227] INFO std_local_test_loss           0.4448
2026-04-09 01:09:30,060 __init__.py log_once [line:227] INFO min_local_test_loss           0.5219
2026-04-09 01:09:30,060 __init__.py log_once [line:227] INFO max_local_test_loss           1.6988
2026-04-09 01:09:30,060 fedbase.py run [line:316] INFO Eval Time Cost:               6.8658s
2026-04-09 01:12:01,901 fedbase.py run [line:311] INFO --------------Round 12--------------
2026-04-09 01:12:08,707 __init__.py log_once [line:227] INFO local_val_accuracy            0.7678
2026-04-09 01:12:08,707 __init__.py log_once [line:227] INFO mean_local_val_accuracy       0.7586
2026-04-09 01:12:08,707 __init__.py log_once [line:227] INFO std_local_val_accuracy        0.0721
2026-04-09 01:12:08,707 __init__.py log_once [line:227] INFO min_local_val_accuracy        0.6341
2026-04-09 01:12:08,707 __init__.py log_once [line:227] INFO max_local_val_accuracy        0.8092
2026-04-09 01:12:08,707 __init__.py log_once [line:227] INFO local_val_loss                0.9280
2026-04-09 01:12:08,707 __init__.py log_once [line:227] INFO mean_local_val_loss           0.9915
2026-04-09 01:12:08,707 __init__.py log_once [line:227] INFO std_local_val_loss            0.3577
2026-04-09 01:12:08,707 __init__.py log_once [line:227] INFO min_local_val_loss            0.6510
2026-04-09 01:12:08,707 __init__.py log_once [line:227] INFO max_local_val_loss            1.5930
2026-04-09 01:12:08,707 __init__.py log_once [line:227] INFO local_test_accuracy           0.7803
2026-04-09 01:12:08,707 __init__.py log_once [line:227] INFO mean_local_test_accuracy      0.7615
2026-04-09 01:12:08,708 __init__.py log_once [line:227] INFO std_local_test_accuracy       0.1039
2026-04-09 01:12:08,708 __init__.py log_once [line:227] INFO min_local_test_accuracy       0.5882
2026-04-09 01:12:08,708 __init__.py log_once [line:227] INFO max_local_test_accuracy       0.8648
2026-04-09 01:12:08,708 __init__.py log_once [line:227] INFO local_test_loss               0.8707
2026-04-09 01:12:08,708 __init__.py log_once [line:227] INFO mean_local_test_loss          0.9439
2026-04-09 01:12:08,708 __init__.py log_once [line:227] INFO std_local_test_loss           0.4002
2026-04-09 01:12:08,708 __init__.py log_once [line:227] INFO min_local_test_loss           0.5326
2026-04-09 01:12:08,708 __init__.py log_once [line:227] INFO max_local_test_loss           1.6043
2026-04-09 01:12:08,708 fedbase.py run [line:316] INFO Eval Time Cost:               6.8061s
