2026-04-06 09:43:28,994 fflow.py init [line:848] INFO PROCESS ID:	21301
2026-04-06 09:43:28,994 fflow.py init [line:849] INFO Initializing devices: cuda:0 will be used for this running.
2026-04-06 09:43:28,994 fflow.py init [line:852] INFO BENCHMARK:	task.PACS_c4
2026-04-06 09:43:28,994 fflow.py init [line:853] INFO TASK:			task/PACS_c4
2026-04-06 09:43:28,994 fflow.py init [line:854] INFO MODEL:		task.PACS_c4.model.default_model
2026-04-06 09:43:28,994 fflow.py init [line:855] INFO ALGORITHM:	fedbn
2026-04-06 09:43:28,996 fflow.py init [line:901] INFO SCENE:		horizontal FL with 1 <class 'flgo.algorithm.fedbase.BasicServer'>, 4 <class 'algorithm.fedbn.Client'>
2026-04-06 09:43:29,313 fflow.py init [line:918] INFO SIMULATOR:	<class 'flgo.simulator.default_simulator.Simulator'>
2026-04-06 09:43:29,313 fflow.py init [line:931] INFO Ready to start.
2026-04-06 09:43:29,313 fedbase.py run [line:300] INFO --------------Initial Evaluation--------------
2026-04-06 09:43:36,059 __init__.py log_once [line:227] INFO local_val_accuracy            0.1652
2026-04-06 09:43:36,059 __init__.py log_once [line:227] INFO mean_local_val_accuracy       0.1538
2026-04-06 09:43:36,059 __init__.py log_once [line:227] INFO std_local_val_accuracy        0.0360
2026-04-06 09:43:36,059 __init__.py log_once [line:227] INFO min_local_val_accuracy        0.1018
2026-04-06 09:43:36,059 __init__.py log_once [line:227] INFO max_local_val_accuracy        0.2036
2026-04-06 09:43:36,060 __init__.py log_once [line:227] INFO local_val_loss                1.9440
2026-04-06 09:43:36,060 __init__.py log_once [line:227] INFO mean_local_val_loss           1.9442
2026-04-06 09:43:36,060 __init__.py log_once [line:227] INFO std_local_val_loss            0.0011
2026-04-06 09:43:36,060 __init__.py log_once [line:227] INFO min_local_val_loss            1.9426
2026-04-06 09:43:36,060 __init__.py log_once [line:227] INFO max_local_val_loss            1.9457
2026-04-06 09:43:36,060 __init__.py log_once [line:227] INFO local_test_accuracy           0.1445
2026-04-06 09:43:36,060 __init__.py log_once [line:227] INFO mean_local_test_accuracy      0.1353
2026-04-06 09:43:36,060 __init__.py log_once [line:227] INFO std_local_test_accuracy       0.0350
2026-04-06 09:43:36,060 __init__.py log_once [line:227] INFO min_local_test_accuracy       0.0940
2026-04-06 09:43:36,060 __init__.py log_once [line:227] INFO max_local_test_accuracy       0.1862
2026-04-06 09:43:36,060 __init__.py log_once [line:227] INFO local_test_loss               1.9450
2026-04-06 09:43:36,060 __init__.py log_once [line:227] INFO mean_local_test_loss          1.9455
2026-04-06 09:43:36,060 __init__.py log_once [line:227] INFO std_local_test_loss           0.0023
2026-04-06 09:43:36,060 __init__.py log_once [line:227] INFO min_local_test_loss           1.9429
2026-04-06 09:43:36,060 __init__.py log_once [line:227] INFO max_local_test_loss           1.9479
2026-04-06 09:43:36,060 fedbase.py run [line:303] INFO Eval Time Cost:               6.7470s
2026-04-06 09:45:33,296 fedbase.py run [line:311] INFO --------------Round 1--------------
2026-04-06 09:45:39,114 __init__.py log_once [line:227] INFO local_val_accuracy            0.5115
2026-04-06 09:45:39,114 __init__.py log_once [line:227] INFO mean_local_val_accuracy       0.4896
2026-04-06 09:45:39,114 __init__.py log_once [line:227] INFO std_local_val_accuracy        0.1464
2026-04-06 09:45:39,114 __init__.py log_once [line:227] INFO min_local_val_accuracy        0.2585
2026-04-06 09:45:39,114 __init__.py log_once [line:227] INFO max_local_val_accuracy        0.6310
2026-04-06 09:45:39,114 __init__.py log_once [line:227] INFO local_val_loss                1.9334
2026-04-06 09:45:39,114 __init__.py log_once [line:227] INFO mean_local_val_loss           2.0483
2026-04-06 09:45:39,114 __init__.py log_once [line:227] INFO std_local_val_loss            0.8648
2026-04-06 09:45:39,114 __init__.py log_once [line:227] INFO min_local_val_loss            1.3242
2026-04-06 09:45:39,114 __init__.py log_once [line:227] INFO max_local_val_loss            3.4850
2026-04-06 09:45:39,115 __init__.py log_once [line:227] INFO local_test_accuracy           0.5495
2026-04-06 09:45:39,115 __init__.py log_once [line:227] INFO mean_local_test_accuracy      0.5232
2026-04-06 09:45:39,115 __init__.py log_once [line:227] INFO std_local_test_accuracy       0.1421
2026-04-06 09:45:39,115 __init__.py log_once [line:227] INFO min_local_test_accuracy       0.2941
2026-04-06 09:45:39,115 __init__.py log_once [line:227] INFO max_local_test_accuracy       0.6760
2026-04-06 09:45:39,115 __init__.py log_once [line:227] INFO local_test_loss               1.7766
2026-04-06 09:45:39,115 __init__.py log_once [line:227] INFO mean_local_test_loss          1.9158
2026-04-06 09:45:39,115 __init__.py log_once [line:227] INFO std_local_test_loss           0.8234
2026-04-06 09:45:39,115 __init__.py log_once [line:227] INFO min_local_test_loss           1.1494
2026-04-06 09:45:39,115 __init__.py log_once [line:227] INFO max_local_test_loss           3.3044
2026-04-06 09:45:39,115 fedbase.py run [line:316] INFO Eval Time Cost:               5.8186s
2026-04-06 09:47:34,990 fedbase.py run [line:311] INFO --------------Round 2--------------
2026-04-06 09:47:40,916 __init__.py log_once [line:227] INFO local_val_accuracy            0.6677
2026-04-06 09:47:40,916 __init__.py log_once [line:227] INFO mean_local_val_accuracy       0.6304
2026-04-06 09:47:40,916 __init__.py log_once [line:227] INFO std_local_val_accuracy        0.1918
2026-04-06 09:47:40,916 __init__.py log_once [line:227] INFO min_local_val_accuracy        0.3171
2026-04-06 09:47:40,916 __init__.py log_once [line:227] INFO max_local_val_accuracy        0.8372
2026-04-06 09:47:40,916 __init__.py log_once [line:227] INFO local_val_loss                1.0643
2026-04-06 09:47:40,916 __init__.py log_once [line:227] INFO mean_local_val_loss           1.1879
2026-04-06 09:47:40,916 __init__.py log_once [line:227] INFO std_local_val_loss            0.5840
2026-04-06 09:47:40,917 __init__.py log_once [line:227] INFO min_local_val_loss            0.5032
2026-04-06 09:47:40,917 __init__.py log_once [line:227] INFO max_local_val_loss            2.1142
2026-04-06 09:47:40,917 __init__.py log_once [line:227] INFO local_test_accuracy           0.6839
2026-04-06 09:47:40,917 __init__.py log_once [line:227] INFO mean_local_test_accuracy      0.6544
2026-04-06 09:47:40,917 __init__.py log_once [line:227] INFO std_local_test_accuracy       0.1667
2026-04-06 09:47:40,917 __init__.py log_once [line:227] INFO min_local_test_accuracy       0.3775
2026-04-06 09:47:40,917 __init__.py log_once [line:227] INFO max_local_test_accuracy       0.7959
2026-04-06 09:47:40,917 __init__.py log_once [line:227] INFO local_test_loss               1.0689
2026-04-06 09:47:40,917 __init__.py log_once [line:227] INFO mean_local_test_loss          1.1635
2026-04-06 09:47:40,917 __init__.py log_once [line:227] INFO std_local_test_loss           0.4786
2026-04-06 09:47:40,917 __init__.py log_once [line:227] INFO min_local_test_loss           0.6897
2026-04-06 09:47:40,917 __init__.py log_once [line:227] INFO max_local_test_loss           1.9523
2026-04-06 09:47:40,917 fedbase.py run [line:316] INFO Eval Time Cost:               5.9271s
