2026-04-06 09:46:48,780 fflow.py init [line:848] INFO PROCESS ID:	21923
2026-04-06 09:46:48,780 fflow.py init [line:849] INFO Initializing devices: cuda:0 will be used for this running.
2026-04-06 09:46:48,780 fflow.py init [line:852] INFO BENCHMARK:	task.PACS_c4
2026-04-06 09:46:48,780 fflow.py init [line:853] INFO TASK:			task/PACS_c4
2026-04-06 09:46:48,780 fflow.py init [line:854] INFO MODEL:		algorithm.fdse
2026-04-06 09:46:48,780 fflow.py init [line:855] INFO ALGORITHM:	fdse
2026-04-06 09:46:48,783 fflow.py init [line:901] INFO SCENE:		horizontal FL with 1 <class 'algorithm.fdse.Server'>, 4 <class 'algorithm.fdse.Client'>
2026-04-06 09:46:49,045 fflow.py init [line:918] INFO SIMULATOR:	<class 'flgo.simulator.default_simulator.Simulator'>
2026-04-06 09:46:49,205 fflow.py init [line:931] INFO Ready to start.
2026-04-06 09:46:49,205 fedbase.py run [line:300] INFO --------------Initial Evaluation--------------
2026-04-06 09:46:56,737 __init__.py log_once [line:227] INFO local_val_accuracy            0.1401
2026-04-06 09:46:56,738 __init__.py log_once [line:227] INFO mean_local_val_accuracy       0.1237
2026-04-06 09:46:56,738 __init__.py log_once [line:227] INFO std_local_val_accuracy        0.0482
2026-04-06 09:46:56,738 __init__.py log_once [line:227] INFO min_local_val_accuracy        0.0838
2026-04-06 09:46:56,738 __init__.py log_once [line:227] INFO max_local_val_accuracy        0.2061
2026-04-06 09:46:56,738 __init__.py log_once [line:227] INFO local_val_loss                1.9461
2026-04-06 09:46:56,738 __init__.py log_once [line:227] INFO mean_local_val_loss           1.9464
2026-04-06 09:46:56,738 __init__.py log_once [line:227] INFO std_local_val_loss            0.0011
2026-04-06 09:46:56,738 __init__.py log_once [line:227] INFO min_local_val_loss            1.9449
2026-04-06 09:46:56,738 __init__.py log_once [line:227] INFO max_local_val_loss            1.9478
2026-04-06 09:46:56,738 __init__.py log_once [line:227] INFO local_test_accuracy           0.1354
2026-04-06 09:46:56,738 __init__.py log_once [line:227] INFO mean_local_test_accuracy      0.1295
2026-04-06 09:46:56,738 __init__.py log_once [line:227] INFO std_local_test_accuracy       0.0315
2026-04-06 09:46:56,738 __init__.py log_once [line:227] INFO min_local_test_accuracy       0.0784
2026-04-06 09:46:56,738 __init__.py log_once [line:227] INFO max_local_test_accuracy       0.1633
2026-04-06 09:46:56,738 __init__.py log_once [line:227] INFO local_test_loss               1.9469
2026-04-06 09:46:56,739 __init__.py log_once [line:227] INFO mean_local_test_loss          1.9469
2026-04-06 09:46:56,739 __init__.py log_once [line:227] INFO std_local_test_loss           0.0011
2026-04-06 09:46:56,739 __init__.py log_once [line:227] INFO min_local_test_loss           1.9454
2026-04-06 09:46:56,739 __init__.py log_once [line:227] INFO max_local_test_loss           1.9484
2026-04-06 09:46:56,739 fedbase.py run [line:303] INFO Eval Time Cost:               7.5335s
