2026-04-19 22:37:48,801 fflow.py init [line:848] INFO PROCESS ID:	189166
2026-04-19 22:37:48,802 fflow.py init [line:849] INFO Initializing devices: cuda:0 will be used for this running.
2026-04-19 22:37:48,802 fflow.py init [line:852] INFO BENCHMARK:	benchmark.office_caltech10_classification
2026-04-19 22:37:48,802 fflow.py init [line:853] INFO TASK:			task/office_caltech10_c4
2026-04-19 22:37:48,802 fflow.py init [line:854] INFO MODEL:		algorithm.feddsa_sgpa
2026-04-19 22:37:48,802 fflow.py init [line:855] INFO ALGORITHM:	feddsa_sgpa
2026-04-19 22:37:48,804 fflow.py init [line:901] INFO SCENE:		horizontal FL with 1 <class 'algorithm.feddsa_sgpa.Server'>, 4 <class 'algorithm.feddsa_sgpa.Client'>
2026-04-19 22:37:49,186 fflow.py init [line:918] INFO SIMULATOR:	<class 'flgo.simulator.default_simulator.Simulator'>
2026-04-19 22:37:49,334 fflow.py init [line:931] INFO Ready to start.
2026-04-19 22:37:49,334 fedbase.py run [line:300] INFO --------------Initial Evaluation--------------
2026-04-19 22:37:52,193 __init__.py log_once [line:227] INFO local_val_accuracy            0.1183
2026-04-19 22:37:52,193 __init__.py log_once [line:227] INFO mean_local_val_accuracy       0.1020
2026-04-19 22:37:52,193 __init__.py log_once [line:227] INFO std_local_val_accuracy        0.0321
2026-04-19 22:37:52,193 __init__.py log_once [line:227] INFO min_local_val_accuracy        0.0625
2026-04-19 22:37:52,193 __init__.py log_once [line:227] INFO max_local_val_accuracy        0.1518
2026-04-19 22:37:52,193 __init__.py log_once [line:227] INFO local_val_loss                2.5855
2026-04-19 22:37:52,193 __init__.py log_once [line:227] INFO mean_local_val_loss           2.6557
2026-04-19 22:37:52,193 __init__.py log_once [line:227] INFO std_local_val_loss            0.1681
2026-04-19 22:37:52,193 __init__.py log_once [line:227] INFO min_local_val_loss            2.5067
2026-04-19 22:37:52,193 __init__.py log_once [line:227] INFO max_local_val_loss            2.9379
2026-04-19 22:37:52,193 __init__.py log_once [line:227] INFO local_test_accuracy           0.0879
2026-04-19 22:37:52,193 __init__.py log_once [line:227] INFO mean_local_test_accuracy      0.1084
2026-04-19 22:37:52,193 __init__.py log_once [line:227] INFO std_local_test_accuracy       0.0532
2026-04-19 22:37:52,193 __init__.py log_once [line:227] INFO min_local_test_accuracy       0.0690
2026-04-19 22:37:52,193 __init__.py log_once [line:227] INFO max_local_test_accuracy       0.2000
2026-04-19 22:37:52,193 __init__.py log_once [line:227] INFO local_test_loss               2.5538
2026-04-19 22:37:52,194 __init__.py log_once [line:227] INFO mean_local_test_loss          2.5016
2026-04-19 22:37:52,194 __init__.py log_once [line:227] INFO std_local_test_loss           0.0824
2026-04-19 22:37:52,194 __init__.py log_once [line:227] INFO min_local_test_loss           2.4159
2026-04-19 22:37:52,194 __init__.py log_once [line:227] INFO max_local_test_loss           2.5943
2026-04-19 22:37:52,194 fedbase.py run [line:303] INFO Eval Time Cost:               2.8592s
2026-04-19 22:38:02,130 fedbase.py run [line:311] INFO --------------Round 1--------------
2026-04-19 22:38:05,012 __init__.py log_once [line:227] INFO local_val_accuracy            0.1497
2026-04-19 22:38:05,012 __init__.py log_once [line:227] INFO mean_local_val_accuracy       0.1393
2026-04-19 22:38:05,012 __init__.py log_once [line:227] INFO std_local_val_accuracy        0.0753
2026-04-19 22:38:05,012 __init__.py log_once [line:227] INFO min_local_val_accuracy        0.0333
2026-04-19 22:38:05,012 __init__.py log_once [line:227] INFO max_local_val_accuracy        0.2292
2026-04-19 22:38:05,012 __init__.py log_once [line:227] INFO local_val_loss                2.7355
2026-04-19 22:38:05,013 __init__.py log_once [line:227] INFO mean_local_val_loss           3.0806
2026-04-19 22:38:05,013 __init__.py log_once [line:227] INFO std_local_val_loss            0.6786
2026-04-19 22:38:05,013 __init__.py log_once [line:227] INFO min_local_val_loss            2.5574
2026-04-19 22:38:05,013 __init__.py log_once [line:227] INFO max_local_val_loss            4.2361
2026-04-19 22:38:05,013 __init__.py log_once [line:227] INFO local_test_accuracy           0.1318
2026-04-19 22:38:05,013 __init__.py log_once [line:227] INFO mean_local_test_accuracy      0.1549
2026-04-19 22:38:05,013 __init__.py log_once [line:227] INFO std_local_test_accuracy       0.0408
2026-04-19 22:38:05,013 __init__.py log_once [line:227] INFO min_local_test_accuracy       0.0893
2026-04-19 22:38:05,013 __init__.py log_once [line:227] INFO max_local_test_accuracy       0.2000
2026-04-19 22:38:05,013 __init__.py log_once [line:227] INFO local_test_loss               2.6690
2026-04-19 22:38:05,013 __init__.py log_once [line:227] INFO mean_local_test_loss          2.9903
2026-04-19 22:38:05,013 __init__.py log_once [line:227] INFO std_local_test_loss           0.6074
2026-04-19 22:38:05,013 __init__.py log_once [line:227] INFO min_local_test_loss           2.5163
2026-04-19 22:38:05,013 __init__.py log_once [line:227] INFO max_local_test_loss           4.0177
2026-04-19 22:38:05,013 fedbase.py run [line:316] INFO Eval Time Cost:               2.8825s
2026-04-19 22:38:14,906 fedbase.py run [line:311] INFO --------------Round 2--------------
2026-04-19 22:38:17,808 __init__.py log_once [line:227] INFO local_val_accuracy            0.2485
2026-04-19 22:38:17,808 __init__.py log_once [line:227] INFO mean_local_val_accuracy       0.2077
2026-04-19 22:38:17,808 __init__.py log_once [line:227] INFO std_local_val_accuracy        0.0745
2026-04-19 22:38:17,808 __init__.py log_once [line:227] INFO min_local_val_accuracy        0.1000
2026-04-19 22:38:17,808 __init__.py log_once [line:227] INFO max_local_val_accuracy        0.3036
2026-04-19 22:38:17,808 __init__.py log_once [line:227] INFO local_val_loss                2.2742
2026-04-19 22:38:17,808 __init__.py log_once [line:227] INFO mean_local_val_loss           2.5214
2026-04-19 22:38:17,808 __init__.py log_once [line:227] INFO std_local_val_loss            0.3824
2026-04-19 22:38:17,808 __init__.py log_once [line:227] INFO min_local_val_loss            2.0228
2026-04-19 22:38:17,808 __init__.py log_once [line:227] INFO max_local_val_loss            2.9958
2026-04-19 22:38:17,808 __init__.py log_once [line:227] INFO local_test_accuracy           0.1991
2026-04-19 22:38:17,808 __init__.py log_once [line:227] INFO mean_local_test_accuracy      0.1713
2026-04-19 22:38:17,808 __init__.py log_once [line:227] INFO std_local_test_accuracy       0.0840
2026-04-19 22:38:17,808 __init__.py log_once [line:227] INFO min_local_test_accuracy       0.0345
2026-04-19 22:38:17,808 __init__.py log_once [line:227] INFO max_local_test_accuracy       0.2632
2026-04-19 22:38:17,808 __init__.py log_once [line:227] INFO local_test_loss               2.3565
2026-04-19 22:38:17,808 __init__.py log_once [line:227] INFO mean_local_test_loss          2.6984
2026-04-19 22:38:17,808 __init__.py log_once [line:227] INFO std_local_test_loss           0.5617
2026-04-19 22:38:17,808 __init__.py log_once [line:227] INFO min_local_test_loss           2.1627
2026-04-19 22:38:17,808 __init__.py log_once [line:227] INFO max_local_test_loss           3.5641
2026-04-19 22:38:17,808 fedbase.py run [line:316] INFO Eval Time Cost:               2.9021s
2026-04-19 22:38:27,873 fedbase.py run [line:311] INFO --------------Round 3--------------
2026-04-19 22:38:30,766 __init__.py log_once [line:227] INFO local_val_accuracy            0.2760
2026-04-19 22:38:30,766 __init__.py log_once [line:227] INFO mean_local_val_accuracy       0.2278
2026-04-19 22:38:30,766 __init__.py log_once [line:227] INFO std_local_val_accuracy        0.0970
2026-04-19 22:38:30,766 __init__.py log_once [line:227] INFO min_local_val_accuracy        0.1000
2026-04-19 22:38:30,766 __init__.py log_once [line:227] INFO max_local_val_accuracy        0.3646
2026-04-19 22:38:30,766 __init__.py log_once [line:227] INFO local_val_loss                2.2798
2026-04-19 22:38:30,766 __init__.py log_once [line:227] INFO mean_local_val_loss           2.5968
2026-04-19 22:38:30,766 __init__.py log_once [line:227] INFO std_local_val_loss            0.5090
2026-04-19 22:38:30,766 __init__.py log_once [line:227] INFO min_local_val_loss            2.0137
2026-04-19 22:38:30,766 __init__.py log_once [line:227] INFO max_local_val_loss            3.2703
2026-04-19 22:38:30,766 __init__.py log_once [line:227] INFO local_test_accuracy           0.2705
2026-04-19 22:38:30,766 __init__.py log_once [line:227] INFO mean_local_test_accuracy      0.2151
2026-04-19 22:38:30,766 __init__.py log_once [line:227] INFO std_local_test_accuracy       0.1183
2026-04-19 22:38:30,766 __init__.py log_once [line:227] INFO min_local_test_accuracy       0.0345
2026-04-19 22:38:30,766 __init__.py log_once [line:227] INFO max_local_test_accuracy       0.3579
2026-04-19 22:38:30,766 __init__.py log_once [line:227] INFO local_test_loss               2.4632
2026-04-19 22:38:30,766 __init__.py log_once [line:227] INFO mean_local_test_loss          2.9415
2026-04-19 22:38:30,766 __init__.py log_once [line:227] INFO std_local_test_loss           0.7757
2026-04-19 22:38:30,766 __init__.py log_once [line:227] INFO min_local_test_loss           1.9854
2026-04-19 22:38:30,766 __init__.py log_once [line:227] INFO max_local_test_loss           3.8945
2026-04-19 22:38:30,767 fedbase.py run [line:316] INFO Eval Time Cost:               2.8928s
2026-04-19 22:38:40,472 fedbase.py run [line:311] INFO --------------Round 4--------------
2026-04-19 22:38:43,163 __init__.py log_once [line:227] INFO local_val_accuracy            0.2994
2026-04-19 22:38:43,164 __init__.py log_once [line:227] INFO mean_local_val_accuracy       0.2720
2026-04-19 22:38:43,164 __init__.py log_once [line:227] INFO std_local_val_accuracy        0.1413
2026-04-19 22:38:43,164 __init__.py log_once [line:227] INFO min_local_val_accuracy        0.1000
2026-04-19 22:38:43,164 __init__.py log_once [line:227] INFO max_local_val_accuracy        0.4792
2026-04-19 22:38:43,164 __init__.py log_once [line:227] INFO local_val_loss                2.3831
2026-04-19 22:38:43,164 __init__.py log_once [line:227] INFO mean_local_val_loss           2.5037
2026-04-19 22:38:43,164 __init__.py log_once [line:227] INFO std_local_val_loss            0.5375
2026-04-19 22:38:43,164 __init__.py log_once [line:227] INFO min_local_val_loss            1.6603
2026-04-19 22:38:43,164 __init__.py log_once [line:227] INFO max_local_val_loss            3.0978
2026-04-19 22:38:43,164 __init__.py log_once [line:227] INFO local_test_accuracy           0.2389
2026-04-19 22:38:43,164 __init__.py log_once [line:227] INFO mean_local_test_accuracy      0.1984
2026-04-19 22:38:43,164 __init__.py log_once [line:227] INFO std_local_test_accuracy       0.1267
2026-04-19 22:38:43,164 __init__.py log_once [line:227] INFO min_local_test_accuracy       0.0345
2026-04-19 22:38:43,164 __init__.py log_once [line:227] INFO max_local_test_accuracy       0.3895
2026-04-19 22:38:43,164 __init__.py log_once [line:227] INFO local_test_loss               2.5699
2026-04-19 22:38:43,164 __init__.py log_once [line:227] INFO mean_local_test_loss          2.8853
2026-04-19 22:38:43,164 __init__.py log_once [line:227] INFO std_local_test_loss           0.6948
2026-04-19 22:38:43,164 __init__.py log_once [line:227] INFO min_local_test_loss           1.7665
2026-04-19 22:38:43,164 __init__.py log_once [line:227] INFO max_local_test_loss           3.6052
2026-04-19 22:38:43,164 fedbase.py run [line:316] INFO Eval Time Cost:               2.6920s
2026-04-19 22:38:52,520 fedbase.py run [line:311] INFO --------------Round 5--------------
2026-04-19 22:38:55,348 __init__.py log_once [line:227] INFO local_val_accuracy            0.2679
2026-04-19 22:38:55,348 __init__.py log_once [line:227] INFO mean_local_val_accuracy       0.2309
2026-04-19 22:38:55,348 __init__.py log_once [line:227] INFO std_local_val_accuracy        0.1041
2026-04-19 22:38:55,348 __init__.py log_once [line:227] INFO min_local_val_accuracy        0.1333
2026-04-19 22:38:55,348 __init__.py log_once [line:227] INFO max_local_val_accuracy        0.4062
2026-04-19 22:38:55,348 __init__.py log_once [line:227] INFO local_val_loss                2.4309
2026-04-19 22:38:55,348 __init__.py log_once [line:227] INFO mean_local_val_loss           2.4645
2026-04-19 22:38:55,348 __init__.py log_once [line:227] INFO std_local_val_loss            0.1904
2026-04-19 22:38:55,349 __init__.py log_once [line:227] INFO min_local_val_loss            2.1410
2026-04-19 22:38:55,349 __init__.py log_once [line:227] INFO max_local_val_loss            2.6325
2026-04-19 22:38:55,349 __init__.py log_once [line:227] INFO local_test_accuracy           0.1988
2026-04-19 22:38:55,349 __init__.py log_once [line:227] INFO mean_local_test_accuracy      0.1440
2026-04-19 22:38:55,349 __init__.py log_once [line:227] INFO std_local_test_accuracy       0.1056
2026-04-19 22:38:55,349 __init__.py log_once [line:227] INFO min_local_test_accuracy       0.0345
2026-04-19 22:38:55,349 __init__.py log_once [line:227] INFO max_local_test_accuracy       0.3053
2026-04-19 22:38:55,349 __init__.py log_once [line:227] INFO local_test_loss               2.6915
2026-04-19 22:38:55,349 __init__.py log_once [line:227] INFO mean_local_test_loss          2.8704
2026-04-19 22:38:55,349 __init__.py log_once [line:227] INFO std_local_test_loss           0.3300
2026-04-19 22:38:55,349 __init__.py log_once [line:227] INFO min_local_test_loss           2.4864
2026-04-19 22:38:55,349 __init__.py log_once [line:227] INFO max_local_test_loss           3.3838
2026-04-19 22:38:55,349 fedbase.py run [line:316] INFO Eval Time Cost:               2.8283s
2026-04-19 22:39:04,926 fedbase.py run [line:311] INFO --------------Round 6--------------
2026-04-19 22:39:07,764 __init__.py log_once [line:227] INFO local_val_accuracy            0.4611
2026-04-19 22:39:07,765 __init__.py log_once [line:227] INFO mean_local_val_accuracy       0.3828
2026-04-19 22:39:07,765 __init__.py log_once [line:227] INFO std_local_val_accuracy        0.1412
2026-04-19 22:39:07,765 __init__.py log_once [line:227] INFO min_local_val_accuracy        0.1875
2026-04-19 22:39:07,765 __init__.py log_once [line:227] INFO max_local_val_accuracy        0.5729
2026-04-19 22:39:07,765 __init__.py log_once [line:227] INFO local_val_loss                1.6554
2026-04-19 22:39:07,765 __init__.py log_once [line:227] INFO mean_local_val_loss           1.8354
2026-04-19 22:39:07,765 __init__.py log_once [line:227] INFO std_local_val_loss            0.3909
2026-04-19 22:39:07,765 __init__.py log_once [line:227] INFO min_local_val_loss            1.2445
2026-04-19 22:39:07,765 __init__.py log_once [line:227] INFO max_local_val_loss            2.3413
2026-04-19 22:39:07,765 __init__.py log_once [line:227] INFO local_test_accuracy           0.4177
2026-04-19 22:39:07,765 __init__.py log_once [line:227] INFO mean_local_test_accuracy      0.3590
2026-04-19 22:39:07,765 __init__.py log_once [line:227] INFO std_local_test_accuracy       0.1848
2026-04-19 22:39:07,765 __init__.py log_once [line:227] INFO min_local_test_accuracy       0.0667
2026-04-19 22:39:07,765 __init__.py log_once [line:227] INFO max_local_test_accuracy       0.5474
2026-04-19 22:39:07,765 __init__.py log_once [line:227] INFO local_test_loss               1.8193
2026-04-19 22:39:07,765 __init__.py log_once [line:227] INFO mean_local_test_loss          2.0897
2026-04-19 22:39:07,765 __init__.py log_once [line:227] INFO std_local_test_loss           0.6216
2026-04-19 22:39:07,765 __init__.py log_once [line:227] INFO min_local_test_loss           1.2836
2026-04-19 22:39:07,765 __init__.py log_once [line:227] INFO max_local_test_loss           3.0296
2026-04-19 22:39:07,765 fedbase.py run [line:316] INFO Eval Time Cost:               2.8385s
2026-04-19 22:39:17,618 fedbase.py run [line:311] INFO --------------Round 7--------------
2026-04-19 22:39:20,541 __init__.py log_once [line:227] INFO local_val_accuracy            0.3858
2026-04-19 22:39:20,542 __init__.py log_once [line:227] INFO mean_local_val_accuracy       0.4068
2026-04-19 22:39:20,542 __init__.py log_once [line:227] INFO std_local_val_accuracy        0.0915
2026-04-19 22:39:20,542 __init__.py log_once [line:227] INFO min_local_val_accuracy        0.2500
2026-04-19 22:39:20,542 __init__.py log_once [line:227] INFO max_local_val_accuracy        0.4732
2026-04-19 22:39:20,542 __init__.py log_once [line:227] INFO local_val_loss                2.1215
2026-04-19 22:39:20,542 __init__.py log_once [line:227] INFO mean_local_val_loss           2.1959
2026-04-19 22:39:20,542 __init__.py log_once [line:227] INFO std_local_val_loss            0.3130
2026-04-19 22:39:20,542 __init__.py log_once [line:227] INFO min_local_val_loss            1.7033
2026-04-19 22:39:20,542 __init__.py log_once [line:227] INFO max_local_val_loss            2.5189
2026-04-19 22:39:20,542 __init__.py log_once [line:227] INFO local_test_accuracy           0.3345
2026-04-19 22:39:20,542 __init__.py log_once [line:227] INFO mean_local_test_accuracy      0.3223
2026-04-19 22:39:20,542 __init__.py log_once [line:227] INFO std_local_test_accuracy       0.0328
2026-04-19 22:39:20,542 __init__.py log_once [line:227] INFO min_local_test_accuracy       0.2667
2026-04-19 22:39:20,542 __init__.py log_once [line:227] INFO max_local_test_accuracy       0.3474
2026-04-19 22:39:20,542 __init__.py log_once [line:227] INFO local_test_loss               2.2696
2026-04-19 22:39:20,542 __init__.py log_once [line:227] INFO mean_local_test_loss          2.4638
2026-04-19 22:39:20,542 __init__.py log_once [line:227] INFO std_local_test_loss           0.3104
2026-04-19 22:39:20,542 __init__.py log_once [line:227] INFO min_local_test_loss           2.0954
2026-04-19 22:39:20,542 __init__.py log_once [line:227] INFO max_local_test_loss           2.8401
2026-04-19 22:39:20,542 fedbase.py run [line:316] INFO Eval Time Cost:               2.9237s
2026-04-19 22:39:30,620 fedbase.py run [line:311] INFO --------------Round 8--------------
2026-04-19 22:39:33,427 __init__.py log_once [line:227] INFO local_val_accuracy            0.4141
2026-04-19 22:39:33,427 __init__.py log_once [line:227] INFO mean_local_val_accuracy       0.3421
2026-04-19 22:39:33,427 __init__.py log_once [line:227] INFO std_local_val_accuracy        0.1350
2026-04-19 22:39:33,428 __init__.py log_once [line:227] INFO min_local_val_accuracy        0.1333
2026-04-19 22:39:33,428 __init__.py log_once [line:227] INFO max_local_val_accuracy        0.4643
2026-04-19 22:39:33,428 __init__.py log_once [line:227] INFO local_val_loss                2.1203
2026-04-19 22:39:33,428 __init__.py log_once [line:227] INFO mean_local_val_loss           2.2227
2026-04-19 22:39:33,428 __init__.py log_once [line:227] INFO std_local_val_loss            0.3864
2026-04-19 22:39:33,428 __init__.py log_once [line:227] INFO min_local_val_loss            1.7941
2026-04-19 22:39:33,428 __init__.py log_once [line:227] INFO max_local_val_loss            2.8081
2026-04-19 22:39:33,428 __init__.py log_once [line:227] INFO local_test_accuracy           0.3141
2026-04-19 22:39:33,428 __init__.py log_once [line:227] INFO mean_local_test_accuracy      0.2443
2026-04-19 22:39:33,428 __init__.py log_once [line:227] INFO std_local_test_accuracy       0.1088
2026-04-19 22:39:33,428 __init__.py log_once [line:227] INFO min_local_test_accuracy       0.1333
2026-04-19 22:39:33,428 __init__.py log_once [line:227] INFO max_local_test_accuracy       0.3579
2026-04-19 22:39:33,428 __init__.py log_once [line:227] INFO local_test_loss               2.4049
2026-04-19 22:39:33,428 __init__.py log_once [line:227] INFO mean_local_test_loss          2.5447
2026-04-19 22:39:33,428 __init__.py log_once [line:227] INFO std_local_test_loss           0.2227
2026-04-19 22:39:33,428 __init__.py log_once [line:227] INFO min_local_test_loss           2.2498
2026-04-19 22:39:33,428 __init__.py log_once [line:227] INFO max_local_test_loss           2.8481
2026-04-19 22:39:33,428 fedbase.py run [line:316] INFO Eval Time Cost:               2.8078s
2026-04-19 22:39:43,103 fedbase.py run [line:311] INFO --------------Round 9--------------
2026-04-19 22:39:45,889 __init__.py log_once [line:227] INFO local_val_accuracy            0.3969
2026-04-19 22:39:45,889 __init__.py log_once [line:227] INFO mean_local_val_accuracy       0.4595
2026-04-19 22:39:45,889 __init__.py log_once [line:227] INFO std_local_val_accuracy        0.1245
2026-04-19 22:39:45,889 __init__.py log_once [line:227] INFO min_local_val_accuracy        0.2589
2026-04-19 22:39:45,889 __init__.py log_once [line:227] INFO max_local_val_accuracy        0.6000
2026-04-19 22:39:45,889 __init__.py log_once [line:227] INFO local_val_loss                2.1966
2026-04-19 22:39:45,889 __init__.py log_once [line:227] INFO mean_local_val_loss           1.9232
2026-04-19 22:39:45,889 __init__.py log_once [line:227] INFO std_local_val_loss            0.5106
2026-04-19 22:39:45,890 __init__.py log_once [line:227] INFO min_local_val_loss            1.2765
2026-04-19 22:39:45,890 __init__.py log_once [line:227] INFO max_local_val_loss            2.6936
2026-04-19 22:39:45,890 __init__.py log_once [line:227] INFO local_test_accuracy           0.3867
2026-04-19 22:39:45,890 __init__.py log_once [line:227] INFO mean_local_test_accuracy      0.4137
2026-04-19 22:39:45,890 __init__.py log_once [line:227] INFO std_local_test_accuracy       0.1103
2026-04-19 22:39:45,890 __init__.py log_once [line:227] INFO min_local_test_accuracy       0.3036
2026-04-19 22:39:45,890 __init__.py log_once [line:227] INFO max_local_test_accuracy       0.5862
2026-04-19 22:39:45,890 __init__.py log_once [line:227] INFO local_test_loss               2.3176
2026-04-19 22:39:45,890 __init__.py log_once [line:227] INFO mean_local_test_loss          2.1818
2026-04-19 22:39:45,890 __init__.py log_once [line:227] INFO std_local_test_loss           0.5293
2026-04-19 22:39:45,890 __init__.py log_once [line:227] INFO min_local_test_loss           1.5503
2026-04-19 22:39:45,890 __init__.py log_once [line:227] INFO max_local_test_loss           2.9170
2026-04-19 22:39:45,890 fedbase.py run [line:316] INFO Eval Time Cost:               2.7866s
2026-04-19 22:39:55,544 fedbase.py run [line:311] INFO --------------Round 10--------------
2026-04-19 22:39:58,367 __init__.py log_once [line:227] INFO local_val_accuracy            0.4449
2026-04-19 22:39:58,367 __init__.py log_once [line:227] INFO mean_local_val_accuracy       0.4674
2026-04-19 22:39:58,367 __init__.py log_once [line:227] INFO std_local_val_accuracy        0.1028
2026-04-19 22:39:58,368 __init__.py log_once [line:227] INFO min_local_val_accuracy        0.2917
2026-04-19 22:39:58,368 __init__.py log_once [line:227] INFO max_local_val_accuracy        0.5446
2026-04-19 22:39:58,368 __init__.py log_once [line:227] INFO local_val_loss                2.1698
2026-04-19 22:39:58,368 __init__.py log_once [line:227] INFO mean_local_val_loss           2.0229
2026-04-19 22:39:58,368 __init__.py log_once [line:227] INFO std_local_val_loss            0.5176
2026-04-19 22:39:58,368 __init__.py log_once [line:227] INFO min_local_val_loss            1.6442
2026-04-19 22:39:58,368 __init__.py log_once [line:227] INFO max_local_val_loss            2.9137
2026-04-19 22:39:58,368 __init__.py log_once [line:227] INFO local_test_accuracy           0.3862
2026-04-19 22:39:58,368 __init__.py log_once [line:227] INFO mean_local_test_accuracy      0.3889
2026-04-19 22:39:58,368 __init__.py log_once [line:227] INFO std_local_test_accuracy       0.0826
2026-04-19 22:39:58,368 __init__.py log_once [line:227] INFO min_local_test_accuracy       0.2842
2026-04-19 22:39:58,368 __init__.py log_once [line:227] INFO max_local_test_accuracy       0.4828
2026-04-19 22:39:58,368 __init__.py log_once [line:227] INFO local_test_loss               2.4552
2026-04-19 22:39:58,368 __init__.py log_once [line:227] INFO mean_local_test_loss          2.2331
2026-04-19 22:39:58,368 __init__.py log_once [line:227] INFO std_local_test_loss           0.5570
2026-04-19 22:39:58,368 __init__.py log_once [line:227] INFO min_local_test_loss           1.7037
2026-04-19 22:39:58,368 __init__.py log_once [line:227] INFO max_local_test_loss           3.1682
2026-04-19 22:39:58,368 fedbase.py run [line:316] INFO Eval Time Cost:               2.8236s
2026-04-19 22:40:08,404 fedbase.py run [line:311] INFO --------------Round 11--------------
2026-04-19 22:40:11,303 __init__.py log_once [line:227] INFO local_val_accuracy            0.5469
2026-04-19 22:40:11,303 __init__.py log_once [line:227] INFO mean_local_val_accuracy       0.5576
2026-04-19 22:40:11,303 __init__.py log_once [line:227] INFO std_local_val_accuracy        0.1086
2026-04-19 22:40:11,303 __init__.py log_once [line:227] INFO min_local_val_accuracy        0.4375
2026-04-19 22:40:11,303 __init__.py log_once [line:227] INFO max_local_val_accuracy        0.7333
2026-04-19 22:40:11,303 __init__.py log_once [line:227] INFO local_val_loss                1.4511
2026-04-19 22:40:11,303 __init__.py log_once [line:227] INFO mean_local_val_loss           1.3671
2026-04-19 22:40:11,303 __init__.py log_once [line:227] INFO std_local_val_loss            0.3676
2026-04-19 22:40:11,303 __init__.py log_once [line:227] INFO min_local_val_loss            0.7619
2026-04-19 22:40:11,303 __init__.py log_once [line:227] INFO max_local_val_loss            1.6633
2026-04-19 22:40:11,303 __init__.py log_once [line:227] INFO local_test_accuracy           0.5539
2026-04-19 22:40:11,303 __init__.py log_once [line:227] INFO mean_local_test_accuracy      0.5557
2026-04-19 22:40:11,304 __init__.py log_once [line:227] INFO std_local_test_accuracy       0.1929
2026-04-19 22:40:11,304 __init__.py log_once [line:227] INFO min_local_test_accuracy       0.3333
2026-04-19 22:40:11,304 __init__.py log_once [line:227] INFO max_local_test_accuracy       0.7931
2026-04-19 22:40:11,304 __init__.py log_once [line:227] INFO local_test_loss               1.5775
2026-04-19 22:40:11,304 __init__.py log_once [line:227] INFO mean_local_test_loss          1.4458
2026-04-19 22:40:11,304 __init__.py log_once [line:227] INFO std_local_test_loss           0.6316
2026-04-19 22:40:11,304 __init__.py log_once [line:227] INFO min_local_test_loss           0.7041
2026-04-19 22:40:11,304 __init__.py log_once [line:227] INFO max_local_test_loss           2.2799
2026-04-19 22:40:11,304 fedbase.py run [line:316] INFO Eval Time Cost:               2.8992s
2026-04-19 22:40:21,491 fedbase.py run [line:311] INFO --------------Round 12--------------
2026-04-19 22:40:24,313 __init__.py log_once [line:227] INFO local_val_accuracy            0.5036
2026-04-19 22:40:24,313 __init__.py log_once [line:227] INFO mean_local_val_accuracy       0.5819
2026-04-19 22:40:24,313 __init__.py log_once [line:227] INFO std_local_val_accuracy        0.2032
2026-04-19 22:40:24,313 __init__.py log_once [line:227] INFO min_local_val_accuracy        0.2396
2026-04-19 22:40:24,313 __init__.py log_once [line:227] INFO max_local_val_accuracy        0.7667
2026-04-19 22:40:24,313 __init__.py log_once [line:227] INFO local_val_loss                1.8957
2026-04-19 22:40:24,313 __init__.py log_once [line:227] INFO mean_local_val_loss           1.5127
2026-04-19 22:40:24,313 __init__.py log_once [line:227] INFO std_local_val_loss            0.9590
2026-04-19 22:40:24,313 __init__.py log_once [line:227] INFO min_local_val_loss            0.6055
2026-04-19 22:40:24,313 __init__.py log_once [line:227] INFO max_local_val_loss            3.1151
2026-04-19 22:40:24,314 __init__.py log_once [line:227] INFO local_test_accuracy           0.4989
2026-04-19 22:40:24,314 __init__.py log_once [line:227] INFO mean_local_test_accuracy      0.5901
2026-04-19 22:40:24,314 __init__.py log_once [line:227] INFO std_local_test_accuracy       0.1746
2026-04-19 22:40:24,314 __init__.py log_once [line:227] INFO min_local_test_accuracy       0.3895
2026-04-19 22:40:24,314 __init__.py log_once [line:227] INFO max_local_test_accuracy       0.8667
2026-04-19 22:40:24,314 __init__.py log_once [line:227] INFO local_test_loss               1.9194
2026-04-19 22:40:24,314 __init__.py log_once [line:227] INFO mean_local_test_loss          1.5235
2026-04-19 22:40:24,314 __init__.py log_once [line:227] INFO std_local_test_loss           0.7679
2026-04-19 22:40:24,314 __init__.py log_once [line:227] INFO min_local_test_loss           0.4517
2026-04-19 22:40:24,314 __init__.py log_once [line:227] INFO max_local_test_loss           2.5951
2026-04-19 22:40:24,314 fedbase.py run [line:316] INFO Eval Time Cost:               2.8228s
2026-04-19 22:40:34,104 fedbase.py run [line:311] INFO --------------Round 13--------------
2026-04-19 22:40:36,868 __init__.py log_once [line:227] INFO local_val_accuracy            0.6178
2026-04-19 22:40:36,868 __init__.py log_once [line:227] INFO mean_local_val_accuracy       0.6198
2026-04-19 22:40:36,868 __init__.py log_once [line:227] INFO std_local_val_accuracy        0.0959
2026-04-19 22:40:36,868 __init__.py log_once [line:227] INFO min_local_val_accuracy        0.5000
2026-04-19 22:40:36,868 __init__.py log_once [line:227] INFO max_local_val_accuracy        0.7500
2026-04-19 22:40:36,868 __init__.py log_once [line:227] INFO local_val_loss                1.3031
2026-04-19 22:40:36,868 __init__.py log_once [line:227] INFO mean_local_val_loss           1.2839
2026-04-19 22:40:36,868 __init__.py log_once [line:227] INFO std_local_val_loss            0.4807
2026-04-19 22:40:36,868 __init__.py log_once [line:227] INFO min_local_val_loss            0.7469
2026-04-19 22:40:36,868 __init__.py log_once [line:227] INFO max_local_val_loss            1.8386
2026-04-19 22:40:36,868 __init__.py log_once [line:227] INFO local_test_accuracy           0.5781
2026-04-19 22:40:36,868 __init__.py log_once [line:227] INFO mean_local_test_accuracy      0.5782
2026-04-19 22:40:36,868 __init__.py log_once [line:227] INFO std_local_test_accuracy       0.1186
2026-04-19 22:40:36,868 __init__.py log_once [line:227] INFO min_local_test_accuracy       0.4375
2026-04-19 22:40:36,868 __init__.py log_once [line:227] INFO max_local_test_accuracy       0.7579
2026-04-19 22:40:36,868 __init__.py log_once [line:227] INFO local_test_loss               1.4991
2026-04-19 22:40:36,868 __init__.py log_once [line:227] INFO mean_local_test_loss          1.3610
2026-04-19 22:40:36,868 __init__.py log_once [line:227] INFO std_local_test_loss           0.3990
2026-04-19 22:40:36,868 __init__.py log_once [line:227] INFO min_local_test_loss           1.0053
2026-04-19 22:40:36,868 __init__.py log_once [line:227] INFO max_local_test_loss           2.0372
2026-04-19 22:40:36,869 fedbase.py run [line:316] INFO Eval Time Cost:               2.7642s
2026-04-19 22:40:46,710 fedbase.py run [line:311] INFO --------------Round 14--------------
2026-04-19 22:40:49,471 __init__.py log_once [line:227] INFO local_val_accuracy            0.6301
2026-04-19 22:40:49,472 __init__.py log_once [line:227] INFO mean_local_val_accuracy       0.6225
2026-04-19 22:40:49,472 __init__.py log_once [line:227] INFO std_local_val_accuracy        0.1225
2026-04-19 22:40:49,472 __init__.py log_once [line:227] INFO min_local_val_accuracy        0.4333
2026-04-19 22:40:49,472 __init__.py log_once [line:227] INFO max_local_val_accuracy        0.7500
2026-04-19 22:40:49,472 __init__.py log_once [line:227] INFO local_val_loss                1.2665
2026-04-19 22:40:49,472 __init__.py log_once [line:227] INFO mean_local_val_loss           1.2986
2026-04-19 22:40:49,472 __init__.py log_once [line:227] INFO std_local_val_loss            0.3267
2026-04-19 22:40:49,472 __init__.py log_once [line:227] INFO min_local_val_loss            0.9724
2026-04-19 22:40:49,472 __init__.py log_once [line:227] INFO max_local_val_loss            1.7804
2026-04-19 22:40:49,472 __init__.py log_once [line:227] INFO local_test_accuracy           0.6254
2026-04-19 22:40:49,472 __init__.py log_once [line:227] INFO mean_local_test_accuracy      0.5807
2026-04-19 22:40:49,472 __init__.py log_once [line:227] INFO std_local_test_accuracy       0.1986
2026-04-19 22:40:49,472 __init__.py log_once [line:227] INFO min_local_test_accuracy       0.2414
2026-04-19 22:40:49,472 __init__.py log_once [line:227] INFO max_local_test_accuracy       0.7333
2026-04-19 22:40:49,472 __init__.py log_once [line:227] INFO local_test_loss               1.3728
2026-04-19 22:40:49,472 __init__.py log_once [line:227] INFO mean_local_test_loss          1.3943
2026-04-19 22:40:49,472 __init__.py log_once [line:227] INFO std_local_test_loss           0.7208
2026-04-19 22:40:49,472 __init__.py log_once [line:227] INFO min_local_test_loss           0.5407
2026-04-19 22:40:49,472 __init__.py log_once [line:227] INFO max_local_test_loss           2.5156
2026-04-19 22:40:49,472 fedbase.py run [line:316] INFO Eval Time Cost:               2.7616s
2026-04-19 22:40:59,448 fedbase.py run [line:311] INFO --------------Round 15--------------
2026-04-19 22:41:02,169 __init__.py log_once [line:227] INFO local_val_accuracy            0.6304
2026-04-19 22:41:02,170 __init__.py log_once [line:227] INFO mean_local_val_accuracy       0.5938
2026-04-19 22:41:02,170 __init__.py log_once [line:227] INFO std_local_val_accuracy        0.1995
2026-04-19 22:41:02,170 __init__.py log_once [line:227] INFO min_local_val_accuracy        0.2667
2026-04-19 22:41:02,170 __init__.py log_once [line:227] INFO max_local_val_accuracy        0.7604
2026-04-19 22:41:02,170 __init__.py log_once [line:227] INFO local_val_loss                1.2443
2026-04-19 22:41:02,170 __init__.py log_once [line:227] INFO mean_local_val_loss           1.3280
2026-04-19 22:41:02,170 __init__.py log_once [line:227] INFO std_local_val_loss            0.7709
2026-04-19 22:41:02,170 __init__.py log_once [line:227] INFO min_local_val_loss            0.6149
2026-04-19 22:41:02,170 __init__.py log_once [line:227] INFO max_local_val_loss            2.5391
2026-04-19 22:41:02,170 __init__.py log_once [line:227] INFO local_test_accuracy           0.5941
2026-04-19 22:41:02,170 __init__.py log_once [line:227] INFO mean_local_test_accuracy      0.5916
2026-04-19 22:41:02,170 __init__.py log_once [line:227] INFO std_local_test_accuracy       0.1736
2026-04-19 22:41:02,170 __init__.py log_once [line:227] INFO min_local_test_accuracy       0.3793
2026-04-19 22:41:02,170 __init__.py log_once [line:227] INFO max_local_test_accuracy       0.7895
2026-04-19 22:41:02,170 __init__.py log_once [line:227] INFO local_test_loss               1.5554
2026-04-19 22:41:02,170 __init__.py log_once [line:227] INFO mean_local_test_loss          1.4924
2026-04-19 22:41:02,170 __init__.py log_once [line:227] INFO std_local_test_loss           0.7824
2026-04-19 22:41:02,170 __init__.py log_once [line:227] INFO min_local_test_loss           0.6133
2026-04-19 22:41:02,170 __init__.py log_once [line:227] INFO max_local_test_loss           2.4545
2026-04-19 22:41:02,170 fedbase.py run [line:316] INFO Eval Time Cost:               2.7218s
2026-04-19 22:41:11,879 fedbase.py run [line:311] INFO --------------Round 16--------------
2026-04-19 22:41:14,626 __init__.py log_once [line:227] INFO local_val_accuracy            0.7714
2026-04-19 22:41:14,627 __init__.py log_once [line:227] INFO mean_local_val_accuracy       0.7663
2026-04-19 22:41:14,627 __init__.py log_once [line:227] INFO std_local_val_accuracy        0.1104
2026-04-19 22:41:14,627 __init__.py log_once [line:227] INFO min_local_val_accuracy        0.6250
2026-04-19 22:41:14,627 __init__.py log_once [line:227] INFO max_local_val_accuracy        0.9000
2026-04-19 22:41:14,627 __init__.py log_once [line:227] INFO local_val_loss                0.8816
2026-04-19 22:41:14,627 __init__.py log_once [line:227] INFO mean_local_val_loss           0.7916
2026-04-19 22:41:14,627 __init__.py log_once [line:227] INFO std_local_val_loss            0.4017
2026-04-19 22:41:14,627 __init__.py log_once [line:227] INFO min_local_val_loss            0.2693
2026-04-19 22:41:14,627 __init__.py log_once [line:227] INFO max_local_val_loss            1.2961
2026-04-19 22:41:14,627 __init__.py log_once [line:227] INFO local_test_accuracy           0.7537
2026-04-19 22:41:14,627 __init__.py log_once [line:227] INFO mean_local_test_accuracy      0.8072
2026-04-19 22:41:14,627 __init__.py log_once [line:227] INFO std_local_test_accuracy       0.1026
2026-04-19 22:41:14,627 __init__.py log_once [line:227] INFO min_local_test_accuracy       0.6339
2026-04-19 22:41:14,627 __init__.py log_once [line:227] INFO max_local_test_accuracy       0.8966
2026-04-19 22:41:14,627 __init__.py log_once [line:227] INFO local_test_loss               1.0017
2026-04-19 22:41:14,627 __init__.py log_once [line:227] INFO mean_local_test_loss          0.7846
2026-04-19 22:41:14,627 __init__.py log_once [line:227] INFO std_local_test_loss           0.4155
2026-04-19 22:41:14,627 __init__.py log_once [line:227] INFO min_local_test_loss           0.3582
2026-04-19 22:41:14,627 __init__.py log_once [line:227] INFO max_local_test_loss           1.4683
2026-04-19 22:41:14,627 fedbase.py run [line:316] INFO Eval Time Cost:               2.7477s
2026-04-19 22:41:24,367 fedbase.py run [line:311] INFO --------------Round 17--------------
2026-04-19 22:41:27,027 __init__.py log_once [line:227] INFO local_val_accuracy            0.7713
2026-04-19 22:41:27,027 __init__.py log_once [line:227] INFO mean_local_val_accuracy       0.7939
2026-04-19 22:41:27,027 __init__.py log_once [line:227] INFO std_local_val_accuracy        0.0569
2026-04-19 22:41:27,028 __init__.py log_once [line:227] INFO min_local_val_accuracy        0.6964
2026-04-19 22:41:27,028 __init__.py log_once [line:227] INFO max_local_val_accuracy        0.8333
2026-04-19 22:41:27,028 __init__.py log_once [line:227] INFO local_val_loss                0.8135
2026-04-19 22:41:27,028 __init__.py log_once [line:227] INFO mean_local_val_loss           0.6922
2026-04-19 22:41:27,028 __init__.py log_once [line:227] INFO std_local_val_loss            0.2687
2026-04-19 22:41:27,028 __init__.py log_once [line:227] INFO min_local_val_loss            0.5009
2026-04-19 22:41:27,028 __init__.py log_once [line:227] INFO max_local_val_loss            1.1559
2026-04-19 22:41:27,028 __init__.py log_once [line:227] INFO local_test_accuracy           0.7300
2026-04-19 22:41:27,028 __init__.py log_once [line:227] INFO mean_local_test_accuracy      0.7942
2026-04-19 22:41:27,028 __init__.py log_once [line:227] INFO std_local_test_accuracy       0.1143
2026-04-19 22:41:27,028 __init__.py log_once [line:227] INFO min_local_test_accuracy       0.6161
2026-04-19 22:41:27,028 __init__.py log_once [line:227] INFO max_local_test_accuracy       0.9333
2026-04-19 22:41:27,028 __init__.py log_once [line:227] INFO local_test_loss               0.9986
2026-04-19 22:41:27,028 __init__.py log_once [line:227] INFO mean_local_test_loss          0.7542
2026-04-19 22:41:27,028 __init__.py log_once [line:227] INFO std_local_test_loss           0.4153
2026-04-19 22:41:27,028 __init__.py log_once [line:227] INFO min_local_test_loss           0.1902
2026-04-19 22:41:27,028 __init__.py log_once [line:227] INFO max_local_test_loss           1.3506
2026-04-19 22:41:27,028 fedbase.py run [line:316] INFO Eval Time Cost:               2.6606s
2026-04-19 22:41:36,596 fedbase.py run [line:311] INFO --------------Round 18--------------
2026-04-19 22:41:39,304 __init__.py log_once [line:227] INFO local_val_accuracy            0.7554
2026-04-19 22:41:39,305 __init__.py log_once [line:227] INFO mean_local_val_accuracy       0.7884
2026-04-19 22:41:39,305 __init__.py log_once [line:227] INFO std_local_val_accuracy        0.0929
2026-04-19 22:41:39,305 __init__.py log_once [line:227] INFO min_local_val_accuracy        0.6786
2026-04-19 22:41:39,305 __init__.py log_once [line:227] INFO max_local_val_accuracy        0.9333
2026-04-19 22:41:39,305 __init__.py log_once [line:227] INFO local_val_loss                0.8456
2026-04-19 22:41:39,305 __init__.py log_once [line:227] INFO mean_local_val_loss           0.6527
2026-04-19 22:41:39,305 __init__.py log_once [line:227] INFO std_local_val_loss            0.3623
2026-04-19 22:41:39,305 __init__.py log_once [line:227] INFO min_local_val_loss            0.1609
2026-04-19 22:41:39,305 __init__.py log_once [line:227] INFO max_local_val_loss            1.1716
2026-04-19 22:41:39,305 __init__.py log_once [line:227] INFO local_test_accuracy           0.7379
2026-04-19 22:41:39,305 __init__.py log_once [line:227] INFO mean_local_test_accuracy      0.8103
2026-04-19 22:41:39,305 __init__.py log_once [line:227] INFO std_local_test_accuracy       0.1144
2026-04-19 22:41:39,305 __init__.py log_once [line:227] INFO min_local_test_accuracy       0.6429
2026-04-19 22:41:39,305 __init__.py log_once [line:227] INFO max_local_test_accuracy       0.9333
2026-04-19 22:41:39,305 __init__.py log_once [line:227] INFO local_test_loss               0.9889
2026-04-19 22:41:39,305 __init__.py log_once [line:227] INFO mean_local_test_loss          0.6804
2026-04-19 22:41:39,305 __init__.py log_once [line:227] INFO std_local_test_loss           0.4809
2026-04-19 22:41:39,305 __init__.py log_once [line:227] INFO min_local_test_loss           0.1944
2026-04-19 22:41:39,305 __init__.py log_once [line:227] INFO max_local_test_loss           1.3531
2026-04-19 22:41:39,305 fedbase.py run [line:316] INFO Eval Time Cost:               2.7086s
2026-04-19 22:41:48,957 fedbase.py run [line:311] INFO --------------Round 19--------------
2026-04-19 22:41:51,576 __init__.py log_once [line:227] INFO local_val_accuracy            0.7200
2026-04-19 22:41:51,576 __init__.py log_once [line:227] INFO mean_local_val_accuracy       0.7711
2026-04-19 22:41:51,576 __init__.py log_once [line:227] INFO std_local_val_accuracy        0.0916
2026-04-19 22:41:51,576 __init__.py log_once [line:227] INFO min_local_val_accuracy        0.6667
2026-04-19 22:41:51,576 __init__.py log_once [line:227] INFO max_local_val_accuracy        0.9000
2026-04-19 22:41:51,576 __init__.py log_once [line:227] INFO local_val_loss                1.0310
2026-04-19 22:41:51,576 __init__.py log_once [line:227] INFO mean_local_val_loss           0.8016
2026-04-19 22:41:51,576 __init__.py log_once [line:227] INFO std_local_val_loss            0.4094
2026-04-19 22:41:51,576 __init__.py log_once [line:227] INFO min_local_val_loss            0.2209
2026-04-19 22:41:51,576 __init__.py log_once [line:227] INFO max_local_val_loss            1.2545
2026-04-19 22:41:51,576 __init__.py log_once [line:227] INFO local_test_accuracy           0.6782
2026-04-19 22:41:51,576 __init__.py log_once [line:227] INFO mean_local_test_accuracy      0.7604
2026-04-19 22:41:51,576 __init__.py log_once [line:227] INFO std_local_test_accuracy       0.1279
2026-04-19 22:41:51,576 __init__.py log_once [line:227] INFO min_local_test_accuracy       0.6071
2026-04-19 22:41:51,576 __init__.py log_once [line:227] INFO max_local_test_accuracy       0.9333
2026-04-19 22:41:51,576 __init__.py log_once [line:227] INFO local_test_loss               1.1480
2026-04-19 22:41:51,577 __init__.py log_once [line:227] INFO mean_local_test_loss          0.8422
2026-04-19 22:41:51,577 __init__.py log_once [line:227] INFO std_local_test_loss           0.4685
2026-04-19 22:41:51,577 __init__.py log_once [line:227] INFO min_local_test_loss           0.2889
2026-04-19 22:41:51,577 __init__.py log_once [line:227] INFO max_local_test_loss           1.3542
2026-04-19 22:41:51,577 fedbase.py run [line:316] INFO Eval Time Cost:               2.6196s
2026-04-19 22:42:01,081 fedbase.py run [line:311] INFO --------------Round 20--------------
2026-04-19 22:42:03,769 __init__.py log_once [line:227] INFO local_val_accuracy            0.5832
2026-04-19 22:42:03,769 __init__.py log_once [line:227] INFO mean_local_val_accuracy       0.5431
2026-04-19 22:42:03,769 __init__.py log_once [line:227] INFO std_local_val_accuracy        0.0992
2026-04-19 22:42:03,769 __init__.py log_once [line:227] INFO min_local_val_accuracy        0.4000
2026-04-19 22:42:03,769 __init__.py log_once [line:227] INFO max_local_val_accuracy        0.6786
2026-04-19 22:42:03,769 __init__.py log_once [line:227] INFO local_val_loss                1.7027
2026-04-19 22:42:03,769 __init__.py log_once [line:227] INFO mean_local_val_loss           1.9934
2026-04-19 22:42:03,769 __init__.py log_once [line:227] INFO std_local_val_loss            0.6926
2026-04-19 22:42:03,770 __init__.py log_once [line:227] INFO min_local_val_loss            1.1497
2026-04-19 22:42:03,770 __init__.py log_once [line:227] INFO max_local_val_loss            3.0778
2026-04-19 22:42:03,770 __init__.py log_once [line:227] INFO local_test_accuracy           0.5495
2026-04-19 22:42:03,770 __init__.py log_once [line:227] INFO mean_local_test_accuracy      0.5214
2026-04-19 22:42:03,770 __init__.py log_once [line:227] INFO std_local_test_accuracy       0.1097
2026-04-19 22:42:03,770 __init__.py log_once [line:227] INFO min_local_test_accuracy       0.3448
2026-04-19 22:42:03,770 __init__.py log_once [line:227] INFO max_local_test_accuracy       0.6250
2026-04-19 22:42:03,770 __init__.py log_once [line:227] INFO local_test_loss               1.8318
2026-04-19 22:42:03,770 __init__.py log_once [line:227] INFO mean_local_test_loss          1.8209
2026-04-19 22:42:03,770 __init__.py log_once [line:227] INFO std_local_test_loss           0.6893
2026-04-19 22:42:03,770 __init__.py log_once [line:227] INFO min_local_test_loss           0.9277
2026-04-19 22:42:03,770 __init__.py log_once [line:227] INFO max_local_test_loss           2.7724
2026-04-19 22:42:03,770 fedbase.py run [line:316] INFO Eval Time Cost:               2.6891s
2026-04-19 22:42:13,823 fedbase.py run [line:311] INFO --------------Round 21--------------
2026-04-19 22:42:16,667 __init__.py log_once [line:227] INFO local_val_accuracy            0.7281
2026-04-19 22:42:16,667 __init__.py log_once [line:227] INFO mean_local_val_accuracy       0.7065
2026-04-19 22:42:16,667 __init__.py log_once [line:227] INFO std_local_val_accuracy        0.1865
2026-04-19 22:42:16,667 __init__.py log_once [line:227] INFO min_local_val_accuracy        0.4375
2026-04-19 22:42:16,667 __init__.py log_once [line:227] INFO max_local_val_accuracy        0.9333
2026-04-19 22:42:16,667 __init__.py log_once [line:227] INFO local_val_loss                1.1473
2026-04-19 22:42:16,667 __init__.py log_once [line:227] INFO mean_local_val_loss           1.2725
2026-04-19 22:42:16,667 __init__.py log_once [line:227] INFO std_local_val_loss            0.8888
2026-04-19 22:42:16,667 __init__.py log_once [line:227] INFO min_local_val_loss            0.1740
2026-04-19 22:42:16,667 __init__.py log_once [line:227] INFO max_local_val_loss            2.6086
2026-04-19 22:42:16,667 __init__.py log_once [line:227] INFO local_test_accuracy           0.7013
2026-04-19 22:42:16,668 __init__.py log_once [line:227] INFO mean_local_test_accuracy      0.7048
2026-04-19 22:42:16,668 __init__.py log_once [line:227] INFO std_local_test_accuracy       0.1488
2026-04-19 22:42:16,668 __init__.py log_once [line:227] INFO min_local_test_accuracy       0.5333
2026-04-19 22:42:16,668 __init__.py log_once [line:227] INFO max_local_test_accuracy       0.8966
2026-04-19 22:42:16,668 __init__.py log_once [line:227] INFO local_test_loss               1.2323
2026-04-19 22:42:16,668 __init__.py log_once [line:227] INFO mean_local_test_loss          1.4079
2026-04-19 22:42:16,668 __init__.py log_once [line:227] INFO std_local_test_loss           1.0028
2026-04-19 22:42:16,668 __init__.py log_once [line:227] INFO min_local_test_loss           0.2780
2026-04-19 22:42:16,668 __init__.py log_once [line:227] INFO max_local_test_loss           2.9399
2026-04-19 22:42:16,668 fedbase.py run [line:316] INFO Eval Time Cost:               2.8450s
2026-04-19 22:42:27,125 fedbase.py run [line:311] INFO --------------Round 22--------------
2026-04-19 22:42:30,067 __init__.py log_once [line:227] INFO local_val_accuracy            0.7282
2026-04-19 22:42:30,067 __init__.py log_once [line:227] INFO mean_local_val_accuracy       0.6951
2026-04-19 22:42:30,067 __init__.py log_once [line:227] INFO std_local_val_accuracy        0.1715
2026-04-19 22:42:30,067 __init__.py log_once [line:227] INFO min_local_val_accuracy        0.4375
2026-04-19 22:42:30,067 __init__.py log_once [line:227] INFO max_local_val_accuracy        0.8667
2026-04-19 22:42:30,067 __init__.py log_once [line:227] INFO local_val_loss                0.9658
2026-04-19 22:42:30,067 __init__.py log_once [line:227] INFO mean_local_val_loss           1.1216
2026-04-19 22:42:30,067 __init__.py log_once [line:227] INFO std_local_val_loss            0.6563
2026-04-19 22:42:30,067 __init__.py log_once [line:227] INFO min_local_val_loss            0.5352
2026-04-19 22:42:30,067 __init__.py log_once [line:227] INFO max_local_val_loss            2.1293
2026-04-19 22:42:30,067 __init__.py log_once [line:227] INFO local_test_accuracy           0.6969
2026-04-19 22:42:30,067 __init__.py log_once [line:227] INFO mean_local_test_accuracy      0.6570
2026-04-19 22:42:30,067 __init__.py log_once [line:227] INFO std_local_test_accuracy       0.1316
2026-04-19 22:42:30,067 __init__.py log_once [line:227] INFO min_local_test_accuracy       0.4667
2026-04-19 22:42:30,067 __init__.py log_once [line:227] INFO max_local_test_accuracy       0.8211
2026-04-19 22:42:30,067 __init__.py log_once [line:227] INFO local_test_loss               1.1477
2026-04-19 22:42:30,067 __init__.py log_once [line:227] INFO mean_local_test_loss          1.2512
2026-04-19 22:42:30,067 __init__.py log_once [line:227] INFO std_local_test_loss           0.5247
2026-04-19 22:42:30,067 __init__.py log_once [line:227] INFO min_local_test_loss           0.7232
2026-04-19 22:42:30,067 __init__.py log_once [line:227] INFO max_local_test_loss           2.0019
2026-04-19 22:42:30,067 fedbase.py run [line:316] INFO Eval Time Cost:               2.9422s
2026-04-19 22:42:40,220 fedbase.py run [line:311] INFO --------------Round 23--------------
2026-04-19 22:42:42,944 __init__.py log_once [line:227] INFO local_val_accuracy            0.7713
2026-04-19 22:42:42,944 __init__.py log_once [line:227] INFO mean_local_val_accuracy       0.7854
2026-04-19 22:42:42,944 __init__.py log_once [line:227] INFO std_local_val_accuracy        0.1041
2026-04-19 22:42:42,944 __init__.py log_once [line:227] INFO min_local_val_accuracy        0.6875
2026-04-19 22:42:42,944 __init__.py log_once [line:227] INFO max_local_val_accuracy        0.9333
2026-04-19 22:42:42,944 __init__.py log_once [line:227] INFO local_val_loss                0.8568
2026-04-19 22:42:42,944 __init__.py log_once [line:227] INFO mean_local_val_loss           0.7809
2026-04-19 22:42:42,944 __init__.py log_once [line:227] INFO std_local_val_loss            0.4272
2026-04-19 22:42:42,944 __init__.py log_once [line:227] INFO min_local_val_loss            0.1526
2026-04-19 22:42:42,944 __init__.py log_once [line:227] INFO max_local_val_loss            1.2003
2026-04-19 22:42:42,944 __init__.py log_once [line:227] INFO local_test_accuracy           0.7372
2026-04-19 22:42:42,944 __init__.py log_once [line:227] INFO mean_local_test_accuracy      0.7409
2026-04-19 22:42:42,944 __init__.py log_once [line:227] INFO std_local_test_accuracy       0.1301
2026-04-19 22:42:42,944 __init__.py log_once [line:227] INFO min_local_test_accuracy       0.6000
2026-04-19 22:42:42,944 __init__.py log_once [line:227] INFO max_local_test_accuracy       0.8966
2026-04-19 22:42:42,944 __init__.py log_once [line:227] INFO local_test_loss               0.9855
2026-04-19 22:42:42,944 __init__.py log_once [line:227] INFO mean_local_test_loss          0.9038
2026-04-19 22:42:42,944 __init__.py log_once [line:227] INFO std_local_test_loss           0.4249
2026-04-19 22:42:42,944 __init__.py log_once [line:227] INFO min_local_test_loss           0.2743
2026-04-19 22:42:42,945 __init__.py log_once [line:227] INFO max_local_test_loss           1.3296
2026-04-19 22:42:42,945 fedbase.py run [line:316] INFO Eval Time Cost:               2.7246s
2026-04-19 22:42:52,914 fedbase.py run [line:311] INFO --------------Round 24--------------
2026-04-19 22:42:55,589 __init__.py log_once [line:227] INFO local_val_accuracy            0.7401
2026-04-19 22:42:55,590 __init__.py log_once [line:227] INFO mean_local_val_accuracy       0.6742
2026-04-19 22:42:55,590 __init__.py log_once [line:227] INFO std_local_val_accuracy        0.2626
2026-04-19 22:42:55,590 __init__.py log_once [line:227] INFO min_local_val_accuracy        0.2500
2026-04-19 22:42:55,590 __init__.py log_once [line:227] INFO max_local_val_accuracy        0.9333
2026-04-19 22:42:55,590 __init__.py log_once [line:227] INFO local_val_loss                0.9680
2026-04-19 22:42:55,590 __init__.py log_once [line:227] INFO mean_local_val_loss           1.3498
2026-04-19 22:42:55,590 __init__.py log_once [line:227] INFO std_local_val_loss            1.2810
2026-04-19 22:42:55,590 __init__.py log_once [line:227] INFO min_local_val_loss            0.1930
2026-04-19 22:42:55,590 __init__.py log_once [line:227] INFO max_local_val_loss            3.4817
2026-04-19 22:42:55,590 __init__.py log_once [line:227] INFO local_test_accuracy           0.7044
2026-04-19 22:42:55,590 __init__.py log_once [line:227] INFO mean_local_test_accuracy      0.6424
2026-04-19 22:42:55,590 __init__.py log_once [line:227] INFO std_local_test_accuracy       0.2811
2026-04-19 22:42:55,590 __init__.py log_once [line:227] INFO min_local_test_accuracy       0.2000
2026-04-19 22:42:55,590 __init__.py log_once [line:227] INFO max_local_test_accuracy       0.9310
2026-04-19 22:42:55,590 __init__.py log_once [line:227] INFO local_test_loss               1.1176
2026-04-19 22:42:55,590 __init__.py log_once [line:227] INFO mean_local_test_loss          1.3677
2026-04-19 22:42:55,590 __init__.py log_once [line:227] INFO std_local_test_loss           1.0861
2026-04-19 22:42:55,590 __init__.py log_once [line:227] INFO min_local_test_loss           0.2210
2026-04-19 22:42:55,590 __init__.py log_once [line:227] INFO max_local_test_loss           3.1106
2026-04-19 22:42:55,590 fedbase.py run [line:316] INFO Eval Time Cost:               2.6761s
2026-04-19 22:43:05,345 fedbase.py run [line:311] INFO --------------Round 25--------------
2026-04-19 22:43:08,076 __init__.py log_once [line:227] INFO local_val_accuracy            0.7633
2026-04-19 22:43:08,076 __init__.py log_once [line:227] INFO mean_local_val_accuracy       0.8066
2026-04-19 22:43:08,076 __init__.py log_once [line:227] INFO std_local_val_accuracy        0.0901
2026-04-19 22:43:08,076 __init__.py log_once [line:227] INFO min_local_val_accuracy        0.6786
2026-04-19 22:43:08,076 __init__.py log_once [line:227] INFO max_local_val_accuracy        0.9333
2026-04-19 22:43:08,076 __init__.py log_once [line:227] INFO local_val_loss                0.8451
2026-04-19 22:43:08,076 __init__.py log_once [line:227] INFO mean_local_val_loss           0.6684
2026-04-19 22:43:08,076 __init__.py log_once [line:227] INFO std_local_val_loss            0.3536
2026-04-19 22:43:08,076 __init__.py log_once [line:227] INFO min_local_val_loss            0.2056
2026-04-19 22:43:08,076 __init__.py log_once [line:227] INFO max_local_val_loss            1.1991
2026-04-19 22:43:08,076 __init__.py log_once [line:227] INFO local_test_accuracy           0.7420
2026-04-19 22:43:08,076 __init__.py log_once [line:227] INFO mean_local_test_accuracy      0.8205
2026-04-19 22:43:08,076 __init__.py log_once [line:227] INFO std_local_test_accuracy       0.1328
2026-04-19 22:43:08,076 __init__.py log_once [line:227] INFO min_local_test_accuracy       0.6071
2026-04-19 22:43:08,076 __init__.py log_once [line:227] INFO max_local_test_accuracy       0.9333
2026-04-19 22:43:08,076 __init__.py log_once [line:227] INFO local_test_loss               0.9195
2026-04-19 22:43:08,076 __init__.py log_once [line:227] INFO mean_local_test_loss          0.6213
2026-04-19 22:43:08,076 __init__.py log_once [line:227] INFO std_local_test_loss           0.4888
2026-04-19 22:43:08,076 __init__.py log_once [line:227] INFO min_local_test_loss           0.1232
2026-04-19 22:43:08,076 __init__.py log_once [line:227] INFO max_local_test_loss           1.3821
2026-04-19 22:43:08,076 fedbase.py run [line:316] INFO Eval Time Cost:               2.7310s
2026-04-19 22:43:17,711 fedbase.py run [line:311] INFO --------------Round 26--------------
2026-04-19 22:43:20,370 __init__.py log_once [line:227] INFO local_val_accuracy            0.7790
2026-04-19 22:43:20,370 __init__.py log_once [line:227] INFO mean_local_val_accuracy       0.8178
2026-04-19 22:43:20,370 __init__.py log_once [line:227] INFO std_local_val_accuracy        0.1003
2026-04-19 22:43:20,370 __init__.py log_once [line:227] INFO min_local_val_accuracy        0.6607
2026-04-19 22:43:20,370 __init__.py log_once [line:227] INFO max_local_val_accuracy        0.9333
2026-04-19 22:43:20,370 __init__.py log_once [line:227] INFO local_val_loss                0.8406
2026-04-19 22:43:20,370 __init__.py log_once [line:227] INFO mean_local_val_loss           0.6407
2026-04-19 22:43:20,370 __init__.py log_once [line:227] INFO std_local_val_loss            0.4099
2026-04-19 22:43:20,370 __init__.py log_once [line:227] INFO min_local_val_loss            0.1914
2026-04-19 22:43:20,371 __init__.py log_once [line:227] INFO max_local_val_loss            1.3084
2026-04-19 22:43:20,371 __init__.py log_once [line:227] INFO local_test_accuracy           0.7541
2026-04-19 22:43:20,371 __init__.py log_once [line:227] INFO mean_local_test_accuracy      0.8420
2026-04-19 22:43:20,371 __init__.py log_once [line:227] INFO std_local_test_accuracy       0.1452
2026-04-19 22:43:20,371 __init__.py log_once [line:227] INFO min_local_test_accuracy       0.6161
2026-04-19 22:43:20,371 __init__.py log_once [line:227] INFO max_local_test_accuracy       1.0000
2026-04-19 22:43:20,371 __init__.py log_once [line:227] INFO local_test_loss               0.9269
2026-04-19 22:43:20,371 __init__.py log_once [line:227] INFO mean_local_test_loss          0.5964
2026-04-19 22:43:20,371 __init__.py log_once [line:227] INFO std_local_test_loss           0.5320
2026-04-19 22:43:20,371 __init__.py log_once [line:227] INFO min_local_test_loss           0.0954
2026-04-19 22:43:20,371 __init__.py log_once [line:227] INFO max_local_test_loss           1.4016
2026-04-19 22:43:20,371 fedbase.py run [line:316] INFO Eval Time Cost:               2.6600s
2026-04-19 22:43:29,807 fedbase.py run [line:311] INFO --------------Round 27--------------
2026-04-19 22:43:32,500 __init__.py log_once [line:227] INFO local_val_accuracy            0.7829
2026-04-19 22:43:32,500 __init__.py log_once [line:227] INFO mean_local_val_accuracy       0.8327
2026-04-19 22:43:32,500 __init__.py log_once [line:227] INFO std_local_val_accuracy        0.0946
2026-04-19 22:43:32,500 __init__.py log_once [line:227] INFO min_local_val_accuracy        0.6786
2026-04-19 22:43:32,500 __init__.py log_once [line:227] INFO max_local_val_accuracy        0.9333
2026-04-19 22:43:32,501 __init__.py log_once [line:227] INFO local_val_loss                0.8315
2026-04-19 22:43:32,501 __init__.py log_once [line:227] INFO mean_local_val_loss           0.6660
2026-04-19 22:43:32,501 __init__.py log_once [line:227] INFO std_local_val_loss            0.3714
2026-04-19 22:43:32,501 __init__.py log_once [line:227] INFO min_local_val_loss            0.2427
2026-04-19 22:43:32,501 __init__.py log_once [line:227] INFO max_local_val_loss            1.2619
2026-04-19 22:43:32,501 __init__.py log_once [line:227] INFO local_test_accuracy           0.7539
2026-04-19 22:43:32,501 __init__.py log_once [line:227] INFO mean_local_test_accuracy      0.8276
2026-04-19 22:43:32,501 __init__.py log_once [line:227] INFO std_local_test_accuracy       0.1255
2026-04-19 22:43:32,501 __init__.py log_once [line:227] INFO min_local_test_accuracy       0.6250
2026-04-19 22:43:32,501 __init__.py log_once [line:227] INFO max_local_test_accuracy       0.9333
2026-04-19 22:43:32,501 __init__.py log_once [line:227] INFO local_test_loss               0.9446
2026-04-19 22:43:32,501 __init__.py log_once [line:227] INFO mean_local_test_loss          0.6328
2026-04-19 22:43:32,501 __init__.py log_once [line:227] INFO std_local_test_loss           0.4941
2026-04-19 22:43:32,501 __init__.py log_once [line:227] INFO min_local_test_loss           0.1222
2026-04-19 22:43:32,501 __init__.py log_once [line:227] INFO max_local_test_loss           1.3608
2026-04-19 22:43:32,501 fedbase.py run [line:316] INFO Eval Time Cost:               2.6934s
2026-04-19 22:43:41,643 fedbase.py run [line:311] INFO --------------Round 28--------------
2026-04-19 22:43:44,297 __init__.py log_once [line:227] INFO local_val_accuracy            0.7711
2026-04-19 22:43:44,297 __init__.py log_once [line:227] INFO mean_local_val_accuracy       0.8118
2026-04-19 22:43:44,297 __init__.py log_once [line:227] INFO std_local_val_accuracy        0.0903
2026-04-19 22:43:44,297 __init__.py log_once [line:227] INFO min_local_val_accuracy        0.6786
2026-04-19 22:43:44,297 __init__.py log_once [line:227] INFO max_local_val_accuracy        0.9333
2026-04-19 22:43:44,297 __init__.py log_once [line:227] INFO local_val_loss                0.8935
2026-04-19 22:43:44,297 __init__.py log_once [line:227] INFO mean_local_val_loss           0.7012
2026-04-19 22:43:44,297 __init__.py log_once [line:227] INFO std_local_val_loss            0.3629
2026-04-19 22:43:44,297 __init__.py log_once [line:227] INFO min_local_val_loss            0.2458
2026-04-19 22:43:44,297 __init__.py log_once [line:227] INFO max_local_val_loss            1.2538
2026-04-19 22:43:44,297 __init__.py log_once [line:227] INFO local_test_accuracy           0.7580
2026-04-19 22:43:44,297 __init__.py log_once [line:227] INFO mean_local_test_accuracy      0.8439
2026-04-19 22:43:44,297 __init__.py log_once [line:227] INFO std_local_test_accuracy       0.1389
2026-04-19 22:43:44,297 __init__.py log_once [line:227] INFO min_local_test_accuracy       0.6339
2026-04-19 22:43:44,297 __init__.py log_once [line:227] INFO max_local_test_accuracy       1.0000
2026-04-19 22:43:44,297 __init__.py log_once [line:227] INFO local_test_loss               0.9362
2026-04-19 22:43:44,297 __init__.py log_once [line:227] INFO mean_local_test_loss          0.6103
2026-04-19 22:43:44,297 __init__.py log_once [line:227] INFO std_local_test_loss           0.5188
2026-04-19 22:43:44,297 __init__.py log_once [line:227] INFO min_local_test_loss           0.0470
2026-04-19 22:43:44,298 __init__.py log_once [line:227] INFO max_local_test_loss           1.3798
2026-04-19 22:43:44,298 fedbase.py run [line:316] INFO Eval Time Cost:               2.6543s
2026-04-19 22:43:53,550 fedbase.py run [line:311] INFO --------------Round 29--------------
