[Tee] 日志同步写入: /home/lry/code/federated-learning/experiments/sanity/EXP-002_pacs_feddsa_bugfix_verify/terminal.log
==================================================
Start time: 2026-04-05 14:53:25
goal = test
device = cuda
device_id = 1
dataset = PACS
num_classes = 7
model = ResNet18
batch_size = 32
local_learning_rate = 0.005
learning_rate_decay = False
learning_rate_decay_gamma = 0.99
global_rounds = 50
top_cnt = 100
local_epochs = 5
algorithm = FedDSA
join_ratio = 1.0
random_join_ratio = False
num_clients = 4
prev = 0
times = 1
eval_gap = 5
save_folder_name = items
auto_break = False
dlg_eval = False
dlg_gap = 100
batch_num_per_client = 2
num_new_clients = 0
fine_tuning_epoch_new = 0
feature_dim = 512
vocab_size = 80
max_len = 200
few_shot = 0
client_drop_rate = 0.0
train_slow_rate = 0.0
send_slow_rate = 0.0
time_select = False
time_threthold = 10000
beta = 0.0
lamda = 1.0
mu = 0.0
K = 5
p_learning_rate = 0.01
M = 5
itk = 4000
alphaK = 1.0
sigma = 1.0
alpha = 1.0
plocal_epochs = 1
tau = 0.1
fine_tuning_epochs = 10
dr_learning_rate = 0.0
L = 1.0
noise_dim = 512
generator_learning_rate = 0.005
hidden_dim = 512
server_epochs = 1000
localize_feature_extractor = False
server_learning_rate = 1.0
eta = 1.0
rand_percent = 80
layer_idx = 2
mentee_learning_rate = 0.005
T_start = 0.95
T_end = 0.98
momentum = 0.1
kl_weight = 0.0
first_stage_bound = 0
fedcross_alpha = 0.99
collaberative_model_select_strategy = 1
feat_dim = 512
proj_dim = 128
lambda_orth = 1.0
lambda_hsic = 0.1
lambda_sem = 1.0
warmup_rounds = 10
style_dispatch_num = 5
style_dedup = 0.95
style_bank_max = 50
exp_dir = /home/lry/code/federated-learning/experiments/sanity/EXP-002_pacs_feddsa_bugfix_verify
pretrained = True
==================================================

============= Running time: 0th =============
Creating server and clients ...
[Model] ResNet18 pretrained=True, fc replaced: 512 -> 7
ResNet(
  (conv1): Conv2d(3, 64, kernel_size=(7, 7), stride=(2, 2), padding=(3, 3), bias=False)
  (bn1): BatchNorm2d(64, eps=1e-05, momentum=0.1, affine=True, track_running_stats=True)
  (relu): ReLU(inplace=True)
  (maxpool): MaxPool2d(kernel_size=3, stride=2, padding=1, dilation=1, ceil_mode=False)
  (layer1): Sequential(
    (0): BasicBlock(
      (conv1): Conv2d(64, 64, kernel_size=(3, 3), stride=(1, 1), padding=(1, 1), bias=False)
      (bn1): BatchNorm2d(64, eps=1e-05, momentum=0.1, affine=True, track_running_stats=True)
      (relu): ReLU(inplace=True)
      (conv2): Conv2d(64, 64, kernel_size=(3, 3), stride=(1, 1), padding=(1, 1), bias=False)
      (bn2): BatchNorm2d(64, eps=1e-05, momentum=0.1, affine=True, track_running_stats=True)
    )
    (1): BasicBlock(
      (conv1): Conv2d(64, 64, kernel_size=(3, 3), stride=(1, 1), padding=(1, 1), bias=False)
      (bn1): BatchNorm2d(64, eps=1e-05, momentum=0.1, affine=True, track_running_stats=True)
      (relu): ReLU(inplace=True)
      (conv2): Conv2d(64, 64, kernel_size=(3, 3), stride=(1, 1), padding=(1, 1), bias=False)
      (bn2): BatchNorm2d(64, eps=1e-05, momentum=0.1, affine=True, track_running_stats=True)
    )
  )
  (layer2): Sequential(
    (0): BasicBlock(
      (conv1): Conv2d(64, 128, kernel_size=(3, 3), stride=(2, 2), padding=(1, 1), bias=False)
      (bn1): BatchNorm2d(128, eps=1e-05, momentum=0.1, affine=True, track_running_stats=True)
      (relu): ReLU(inplace=True)
      (conv2): Conv2d(128, 128, kernel_size=(3, 3), stride=(1, 1), padding=(1, 1), bias=False)
      (bn2): BatchNorm2d(128, eps=1e-05, momentum=0.1, affine=True, track_running_stats=True)
      (downsample): Sequential(
        (0): Conv2d(64, 128, kernel_size=(1, 1), stride=(2, 2), bias=False)
        (1): BatchNorm2d(128, eps=1e-05, momentum=0.1, affine=True, track_running_stats=True)
      )
    )
    (1): BasicBlock(
      (conv1): Conv2d(128, 128, kernel_size=(3, 3), stride=(1, 1), padding=(1, 1), bias=False)
      (bn1): BatchNorm2d(128, eps=1e-05, momentum=0.1, affine=True, track_running_stats=True)
      (relu): ReLU(inplace=True)
      (conv2): Conv2d(128, 128, kernel_size=(3, 3), stride=(1, 1), padding=(1, 1), bias=False)
      (bn2): BatchNorm2d(128, eps=1e-05, momentum=0.1, affine=True, track_running_stats=True)
    )
  )
  (layer3): Sequential(
    (0): BasicBlock(
      (conv1): Conv2d(128, 256, kernel_size=(3, 3), stride=(2, 2), padding=(1, 1), bias=False)
      (bn1): BatchNorm2d(256, eps=1e-05, momentum=0.1, affine=True, track_running_stats=True)
      (relu): ReLU(inplace=True)
      (conv2): Conv2d(256, 256, kernel_size=(3, 3), stride=(1, 1), padding=(1, 1), bias=False)
      (bn2): BatchNorm2d(256, eps=1e-05, momentum=0.1, affine=True, track_running_stats=True)
      (downsample): Sequential(
        (0): Conv2d(128, 256, kernel_size=(1, 1), stride=(2, 2), bias=False)
        (1): BatchNorm2d(256, eps=1e-05, momentum=0.1, affine=True, track_running_stats=True)
      )
    )
    (1): BasicBlock(
      (conv1): Conv2d(256, 256, kernel_size=(3, 3), stride=(1, 1), padding=(1, 1), bias=False)
      (bn1): BatchNorm2d(256, eps=1e-05, momentum=0.1, affine=True, track_running_stats=True)
      (relu): ReLU(inplace=True)
      (conv2): Conv2d(256, 256, kernel_size=(3, 3), stride=(1, 1), padding=(1, 1), bias=False)
      (bn2): BatchNorm2d(256, eps=1e-05, momentum=0.1, affine=True, track_running_stats=True)
    )
  )
  (layer4): Sequential(
    (0): BasicBlock(
      (conv1): Conv2d(256, 512, kernel_size=(3, 3), stride=(2, 2), padding=(1, 1), bias=False)
      (bn1): BatchNorm2d(512, eps=1e-05, momentum=0.1, affine=True, track_running_stats=True)
      (relu): ReLU(inplace=True)
      (conv2): Conv2d(512, 512, kernel_size=(3, 3), stride=(1, 1), padding=(1, 1), bias=False)
      (bn2): BatchNorm2d(512, eps=1e-05, momentum=0.1, affine=True, track_running_stats=True)
      (downsample): Sequential(
        (0): Conv2d(256, 512, kernel_size=(1, 1), stride=(2, 2), bias=False)
        (1): BatchNorm2d(512, eps=1e-05, momentum=0.1, affine=True, track_running_stats=True)
      )
    )
    (1): BasicBlock(
      (conv1): Conv2d(512, 512, kernel_size=(3, 3), stride=(1, 1), padding=(1, 1), bias=False)
      (bn1): BatchNorm2d(512, eps=1e-05, momentum=0.1, affine=True, track_running_stats=True)
      (relu): ReLU(inplace=True)
      (conv2): Conv2d(512, 512, kernel_size=(3, 3), stride=(1, 1), padding=(1, 1), bias=False)
      (bn2): BatchNorm2d(512, eps=1e-05, momentum=0.1, affine=True, track_running_stats=True)
    )
  )
  (avgpool): AdaptiveAvgPool2d(output_size=(1, 1))
  (fc): Linear(in_features=512, out_features=7, bias=True)
)

==================================================
FedDSA: Decouple-Share-Align
Join ratio / total clients: 1.0 / 4
Style bank max size: 50
Style dispatch per client: 5
Warmup rounds: 10
==================================================


--- Round 0 ---
Style bank size: 0
  Train Loss: 1.9587 | Avg Acc: 0.1481 | Std: 0.0820
    [art_painting] 0.1152
    [cartoon] 0.1570
    [photo] 0.3038
    [sketch] 0.0936
  Round 0 time: 82.2s
  Round 1 time: 57.7s
  Round 2 time: 58.2s
  Round 3 time: 58.6s
  Round 4 time: 58.3s

--- Round 5 ---
Style bank size: 4
  Train Loss: 0.0187 | Avg Acc: 0.9248 | Std: 0.0352
    [art_painting] 0.8945
    [cartoon] 0.8959
    [photo] 0.9809
    [sketch] 0.9339
  Round 5 time: 83.1s
  Round 6 time: 57.1s
  Round 7 time: 57.2s
  Round 8 time: 56.6s
  Round 9 time: 57.7s

--- Round 10 ---
Style bank size: 4
  Train Loss: 0.1223 | Avg Acc: 0.8964 | Std: 0.0566
    [art_painting] 0.7969
    [cartoon] 0.9454
    [photo] 0.8876
    [sketch] 0.9227
  Round 10 time: 85.4s
  Round 11 time: 58.7s
  Round 12 time: 59.4s
  Round 13 time: 59.0s
  Round 14 time: 59.1s

--- Round 15 ---
Style bank size: 4
  Train Loss: 0.0002 | Avg Acc: 0.9480 | Std: 0.0301
    [art_painting] 0.9043
    [cartoon] 0.9693
    [photo] 0.9833
    [sketch] 0.9430
  Round 15 time: 86.3s
  Round 16 time: 60.6s
  Round 17 time: 59.2s
  Round 18 time: 58.4s
  Round 19 time: 58.9s

--- Round 20 ---
Style bank size: 4
  Train Loss: 0.0003 | Avg Acc: 0.9464 | Std: 0.0201
    [art_painting] 0.9219
    [cartoon] 0.9471
    [photo] 0.9785
    [sketch] 0.9451
  Round 20 time: 86.7s
  Round 21 time: 59.6s
  Round 22 time: 58.0s
  Round 23 time: 58.6s
  Round 24 time: 59.4s

--- Round 25 ---
Style bank size: 4
  Train Loss: 0.0000 | Avg Acc: 0.9580 | Std: 0.0173
    [art_painting] 0.9316
    [cartoon] 0.9676
    [photo] 0.9785
    [sketch] 0.9573
  Round 25 time: 84.2s
  Round 26 time: 58.6s
  Round 27 time: 59.6s
  Round 28 time: 59.8s
  Round 29 time: 60.1s

--- Round 30 ---
Style bank size: 4
  Train Loss: 0.0000 | Avg Acc: 0.9576 | Std: 0.0183
    [art_painting] 0.9277
    [cartoon] 0.9676
    [photo] 0.9761
    [sketch] 0.9593
  Round 30 time: 85.1s
  Round 31 time: 59.6s
  Round 32 time: 57.8s
  Round 33 time: 58.2s
  Round 34 time: 59.3s

--- Round 35 ---
Style bank size: 4
  Train Loss: 0.0000 | Avg Acc: 0.9568 | Std: 0.0220
    [art_painting] 0.9199
    [cartoon] 0.9710
    [photo] 0.9761
    [sketch] 0.9593
  Round 35 time: 85.6s
  Round 36 time: 58.8s
  Round 37 time: 60.2s
  Round 38 time: 60.5s
  Round 39 time: 59.2s

--- Round 40 ---
Style bank size: 4
  Train Loss: 0.0000 | Avg Acc: 0.9580 | Std: 0.0204
    [art_painting] 0.9258
    [cartoon] 0.9727
    [photo] 0.9785
    [sketch] 0.9573
  Round 40 time: 85.9s
  Round 41 time: 59.6s
  Round 42 time: 59.3s
  Round 43 time: 59.0s
  Round 44 time: 60.3s

--- Round 45 ---
Style bank size: 4
  Train Loss: 0.0000 | Avg Acc: 0.9564 | Std: 0.0203
    [art_painting] 0.9238
    [cartoon] 0.9659
    [photo] 0.9785
    [sketch] 0.9583
  Round 45 time: 86.6s
  Round 46 time: 58.6s
  Round 47 time: 59.4s
  Round 48 time: 60.4s
  Round 49 time: 58.5s

--- Round 50 ---
Style bank size: 4
  Train Loss: 0.0000 | Avg Acc: 0.9576 | Std: 0.0216
    [art_painting] 0.9238
    [cartoon] 0.9744
    [photo] 0.9785
    [sketch] 0.9563
  Round 50 time: 85.6s

==================================================
[RESULT] Best Avg Accuracy: 0.9580 (eval #5)
[RESULT] Final Avg Accuracy: 0.9576
[RESULT]   art_painting: 0.9316
[RESULT]   cartoon: 0.9676
[RESULT]   photo: 0.9785
[RESULT]   sketch: 0.9573
[RESULT] Domain Std: 0.0173
[RESULT] Avg time/round: 64.2s
[RESULT] Total time: 3294.0s
==================================================
File path: ../results/PACS_FedDSA_test_0.h5
[Metrics] 结构化指标已保存: /home/lry/code/federated-learning/experiments/sanity/EXP-002_pacs_feddsa_bugfix_verify/results/metrics.json

Average time cost: 3317.27s.
Length:  11
std for best accuracy: 0.0
mean for best accuracy: 0.957983193277311
All done!

Storage on cuda:0
-------------------------------------------------------------------------------
Total Tensors: 203900562 	Used Memory: 604.88M
The allocated memory on cuda:0: 641.63M
Memory differs due to the matrix alignment or invisible gradient buffer tensors
-------------------------------------------------------------------------------

Storage on cpu
-------------------------------------------------------------------------------
Total Tensors: 20352 	Used Memory: 63.50K
-------------------------------------------------------------------------------

Total time cost: 3317.45s.
